#
# A fatal error has been detected by the Java Runtime Environment:
#
#  SIGSEGV (0xb) at pc=0x00007f13760964b1, pid=46849, tid=46991
#
# JRE version: OpenJDK Runtime Environment (14.0.1+7) (build 14.0.1+7-Ubuntu-1ubuntu1)
# Java VM: OpenJDK 64-Bit Server VM (14.0.1+7-Ubuntu-1ubuntu1, mixed mode, sharing, tiered, compressed oops, parallel gc, linux-amd64)
# Problematic frame:
# V  [libjvm.so+0xb384b1]
#
# Core dump will be written. Default location: Core dumps may be processed with "/usr/share/apport/apport %p %s %c %d %P %E" (or dumping to /home/wei/code/java/core.46849)
#
# If you would like to submit a bug report, please visit:
#   Unknown
#

---------------  S U M M A R Y ------------

Command Line: --add-modules=ALL-SYSTEM --add-opens=java.base/java.util=ALL-UNNAMED --add-opens=java.base/java.lang=ALL-UNNAMED -Declipse.application=org.eclipse.jdt.ls.core.id1 -Dosgi.bundles.defaultStartLevel=4 -Declipse.product=org.eclipse.jdt.ls.core.product -Dfile.encoding=UTF-8 -XX:+UseParallelGC -XX:GCTimeRatio=4 -XX:AdaptiveSizePolicyWeight=90 -Dsun.zip.disableMemoryMapping=true -Xmx1G -Xms100m /home/wei/.local/share/code-server/extensions/redhat.java-0.61.0/server/plugins/org.eclipse.equinox.launcher_1.5.700.v20200207-2156.jar -configuration /home/wei/.local/share/code-server/User/globalStorage/redhat.java/0.61.0/config_linux -data /home/wei/.local/share/code-server/User/workspaceStorage/57d28c00/redhat.java/jdt_ws

Host: Intel(R) Celeron(R) CPU  J1900  @ 1.99GHz, 4 cores, 3G, Ubuntu 20.04.1 LTS
Time: Fri Sep 25 09:34:13 2020 CST elapsed time: 15 seconds (0d 0h 0m 15s)

---------------  T H R E A D  ---------------

Current thread (0x00007f12e8134800):  JavaThread "ForkJoinPool.commonPool-worker-3" daemon [_thread_in_vm, id=46991, stack(0x00007f13440d0000,0x00007f13441d1000)]

Stack: [0x00007f13440d0000,0x00007f13441d1000],  sp=0x00007f13441ccc50,  free space=1011k
Native frames: (J=compiled Java code, A=aot compiled Java code, j=interpreted, Vv=VM code, C=native code)
V  [libjvm.so+0xb384b1]
V  [libjvm.so+0xc1c1c2]
V  [libjvm.so+0xa031cb]
V  [libjvm.so+0x5a58e9]
V  [libjvm.so+0xa030ea]
V  [libjvm.so+0xa0961e]
V  [libjvm.so+0x7b5892]
V  [libjvm.so+0x7b5e7b]
j  java.time.LocalTime$1.<clinit>()V+116
[error occurred during error reporting (printing native stack), id 0xb, SIGSEGV (0xb) at pc=0x0000000800b97360]

Java frames: (J=compiled Java code, j=interpreted, Vv=VM code)
j  java.time.LocalTime$1.<clinit>()V+116
[error occurred during error reporting (printing Java stack), id 0xb, SIGSEGV (0xb) at pc=0x0000000800b97360]


siginfo: si_signo: 11 (SIGSEGV), si_code: 1 (SEGV_MAPERR), si_addr: 0x0000000000000010

Register to memory mapping:

RAX=0x00007f137007cc30 points into unknown readable memory: c3 f9 44 5d 00 00 00 00
RBX=0x00007f137007cc30 points into unknown readable memory: c3 f9 44 5d 00 00 00 00
RCX=0x00007f12e8134800 is a thread
RDX=0x00007f137016e500 points into unknown readable memory: a3 74 0e 67 00 00 00 00
RSP=0x00007f13441ccc50 is pointing into the stack for thread: 0x00007f12e8134800
RBP=0x00007f13441ccc70 is pointing into the stack for thread: 0x00007f12e8134800
RSI=0x00007f137007cc30 points into unknown readable memory: c3 f9 44 5d 00 00 00 00
RDI=0x0 is NULL
R8 =0x0000000800102e98 is a pointer to class: 
java.time.temporal.ChronoField {0x0000000800102e98}
R9 =0x00007f12e8134800 is a thread
R10=0x00007f13750b3000 points into unknown readable memory: 00 01 02 03 04 05 00 01
R11=0x00007f135f7595e0 is at entry_point+64 in (nmethod*)0x00007f135f759410
R12=0x0000000000000001 is an unknown value
R13=0x0000000800102e98 is a pointer to class: 
java.time.temporal.ChronoField {0x0000000800102e98}
R14=0x0 is NULL
R15=0x0000000800102e98 is a pointer to class: 
java.time.temporal.ChronoField {0x0000000800102e98}


Registers:
RAX=0x00007f137007cc30, RBX=0x00007f137007cc30, RCX=0x00007f12e8134800, RDX=0x00007f137016e500
RSP=0x00007f13441ccc50, RBP=0x00007f13441ccc70, RSI=0x00007f137007cc30, RDI=0x0000000000000000
R8 =0x0000000800102e98, R9 =0x00007f12e8134800, R10=0x00007f13750b3000, R11=0x00007f135f7595e0
R12=0x0000000000000001, R13=0x0000000800102e98, R14=0x0000000000000000, R15=0x0000000800102e98
RIP=0x00007f13760964b1, EFLAGS=0x0000000000010206, CSGSFS=0x002b000000000033, ERR=0x0000000000000004
  TRAPNO=0x000000000000000e

Top of Stack: (sp=0x00007f13441ccc50)
0x00007f13441ccc50:   0000000000000001 00007f137007cc30
0x00007f13441ccc60:   0000000000000001 0000000800102e98
0x00007f13441ccc70:   00007f13441cccb0 00007f137617a1c2
0x00007f13441ccc80:   000000080043c5c0 00007f12e8134800 

Instructions: (pc=0x00007f13760964b1)
0x00007f13760963b1:   45 c0 41 0f 11 46 10 eb a6 66 0f 1f 44 00 00 31
0x00007f13760963c1:   c0 c3 0f 1f 44 00 00 48 83 c4 28 31 c0 5b 41 5c
0x00007f13760963d1:   41 5d 41 5e 41 5f 5d c3 0f 1f 80 00 00 00 00 4c
0x00007f13760963e1:   89 cf 4c 89 45 c8 e8 d4 7d a0 ff 84 c0 0f 84 3b
0x00007f13760963f1:   ff ff ff 4c 8b 45 c8 b9 09 00 00 00 48 8d 3d 97
0x00007f1376096401:   61 48 00 4c 89 c6 f3 a6 0f 97 c0 1c 00 84 c0 0f
0x00007f1376096411:   85 19 ff ff ff e9 6f ff ff ff 90 0f 1f 40 00 f3
0x00007f1376096421:   0f 1e fa 55 48 89 e5 41 54 49 89 f4 53 48 89 fb
0x00007f1376096431:   48 8b 7f 38 48 85 ff 74 05 e8 21 13 2d 00 4c 89
0x00007f1376096441:   63 38 4d 85 e4 74 10 5b 4c 89 e7 41 5c 5d e9 dc
0x00007f1376096451:   12 2d 00 0f 1f 40 00 5b 41 5c 5d c3 90 66 90 f3
0x00007f1376096461:   0f 1e fa 48 8b 7f 20 48 85 ff 74 0b ff 25 9d a3
0x00007f1376096471:   71 00 0f 1f 44 00 00 31 c0 c3 90 0f 1f 40 00 f3
0x00007f1376096481:   0f 1e fa 49 89 f8 48 89 f7 49 8d 70 20 e9 7d 80
0x00007f1376096491:   a0 ff 90 66 66 2e 0f 1f 84 00 00 00 00 00 90 f3
0x00007f13760964a1:   0f 1e fa 55 48 89 e5 41 55 41 54 53 48 83 ec 08
0x00007f13760964b1:   48 83 7f 10 00 0f 84 94 00 00 00 48 39 35 9d 7d
0x00007f13760964c1:   79 00 48 89 f3 0f 84 84 00 00 00 48 8d 05 cd 81
0x00007f13760964d1:   79 00 49 89 fc 4c 8b 28 4d 85 ed 74 08 4c 89 ef
0x00007f13760964e1:   e8 fa f7 00 00 41 80 7c 24 49 00 74 07 48 83 7b
0x00007f13760964f1:   10 00 74 73 49 8b 44 24 30 48 85 c0 74 31 8b 10
0x00007f1376096501:   85 d2 7e 2b 48 8b 40 18 83 ea 01 48 8d 54 d0 08
0x00007f1376096511:   eb 0e 0f 1f 44 00 00 48 83 c0 08 48 39 d0 74 0f
0x00007f1376096521:   48 39 18 75 f2 41 bc 01 00 00 00 eb 05 66 90 45
0x00007f1376096531:   31 e4 4d 85 ed 74 08 4c 89 ef e8 d0 f8 00 00 48
0x00007f1376096541:   83 c4 08 44 89 e0 5b 41 5c 41 5d 5d c3 66 90 48
0x00007f1376096551:   83 c4 08 41 bc 01 00 00 00 5b 44 89 e0 41 5c 41
0x00007f1376096561:   5d 5d c3 0f 1f 40 00 48 8d 05 81 df 75 00 48 8b
0x00007f1376096571:   7b 28 48 39 38 74 ae e8 73 7b a0 ff 84 c0 0f 84
0x00007f1376096581:   70 ff ff ff eb 9f 90 0f 1f 84 00 00 00 00 00 f3
0x00007f1376096591:   0f 1e fa 40 88 77 4b c3 90 66 0f 1f 44 00 00 f3
0x00007f13760965a1:   0f 1e fa 48 8b 57 30 31 c0 48 85 d2 74 07 8b 02 


Stack slot to memory mapping:
stack at sp + 0 slots: 0x0000000000000001 is an unknown value
stack at sp + 1 slots: 0x00007f137007cc30 points into unknown readable memory: c3 f9 44 5d 00 00 00 00
stack at sp + 2 slots: 0x0000000000000001 is an unknown value
stack at sp + 3 slots: 0x0000000800102e98 is a pointer to class: 
java.time.temporal.ChronoField {0x0000000800102e98}
stack at sp + 4 slots: 0x00007f13441cccb0 is pointing into the stack for thread: 0x00007f12e8134800
stack at sp + 5 slots: 0x00007f137617a1c2: <offset 0x0000000000c1c1c2> in /usr/lib/jvm/java-14-openjdk-amd64/lib/server/libjvm.so at 0x00007f137555e000
stack at sp + 6 slots: 0x000000080043c5c0 is pointing into metadata
stack at sp + 7 slots: 0x00007f12e8134800 is a thread


---------------  P R O C E S S  ---------------

Threads class SMR info:
_java_thread_list=0x00007f12e40010e0, length=29, elements={
0x00007f1370017000, 0x00007f1370136000, 0x00007f1370138000, 0x00007f137013f800,
0x00007f1370141800, 0x00007f1370143800, 0x00007f1370145800, 0x00007f1370147000,
0x00007f1370177800, 0x00007f13701bf000, 0x00007f1370276800, 0x00007f1370393000,
0x00007f13703d0000, 0x00007f13703df800, 0x00007f130c11e000, 0x00007f130c1e6800,
0x00007f1300009800, 0x00007f130000f800, 0x00007f130c477800, 0x00007f1370453000,
0x00007f1370475000, 0x00007f12f8002800, 0x00007f12dc001000, 0x00007f12e0001000,
0x00007f12dc004000, 0x00007f132c629000, 0x00007f12e8134800, 0x00007f12e813a000,
0x00007f12e000d000
}

Java Threads: ( => current thread )
  0x00007f1370017000 JavaThread "main" [_thread_blocked, id=46851, stack(0x00007f1375112000,0x00007f1375213000)]
  0x00007f1370136000 JavaThread "Reference Handler" daemon [_thread_blocked, id=46862, stack(0x00007f1354aa2000,0x00007f1354ba3000)]
  0x00007f1370138000 JavaThread "Finalizer" daemon [_thread_blocked, id=46863, stack(0x00007f13549a1000,0x00007f1354aa2000)]
  0x00007f137013f800 JavaThread "Signal Dispatcher" daemon [_thread_blocked, id=46865, stack(0x00007f13548a0000,0x00007f13549a1000)]
  0x00007f1370141800 JavaThread "Service Thread" daemon [_thread_blocked, id=46866, stack(0x00007f135479f000,0x00007f13548a0000)]
  0x00007f1370143800 JavaThread "C2 CompilerThread0" daemon [_thread_in_native, id=46867, stack(0x00007f135469e000,0x00007f135479f000)]
  0x00007f1370145800 JavaThread "C1 CompilerThread0" daemon [_thread_blocked, id=46868, stack(0x00007f135459d000,0x00007f135469e000)]
  0x00007f1370147000 JavaThread "Sweeper thread" daemon [_thread_blocked, id=46869, stack(0x00007f135449c000,0x00007f135459d000)]
  0x00007f1370177800 JavaThread "Common-Cleaner" daemon [_thread_blocked, id=46875, stack(0x00007f135439b000,0x00007f135449c000)]
  0x00007f13701bf000 JavaThread "Notification Thread" daemon [_thread_blocked, id=46880, stack(0x00007f135429a000,0x00007f135439b000)]
  0x00007f1370276800 JavaThread "process reaper" daemon [_thread_blocked, id=46890, stack(0x00007f135404e000,0x00007f1354070000)]
  0x00007f1370393000 JavaThread "Active Thread: Equinox Container: 7f24e385-d674-4724-8894-cced47661caa" [_thread_blocked, id=46894, stack(0x00007f134747f000,0x00007f1347580000)]
  0x00007f13703d0000 JavaThread "Framework Event Dispatcher: Equinox Container: 7f24e385-d674-4724-8894-cced47661caa" daemon [_thread_blocked, id=46900, stack(0x00007f1354097000,0x00007f1354198000)]
  0x00007f13703df800 JavaThread "Start Level: Equinox Container: 7f24e385-d674-4724-8894-cced47661caa" daemon [_thread_blocked, id=46901, stack(0x00007f134737e000,0x00007f134747f000)]
  0x00007f130c11e000 JavaThread "Worker-JM" [_thread_blocked, id=46908, stack(0x00007f1346b66000,0x00007f1346c67000)]
  0x00007f130c1e6800 JavaThread "Worker-0: Validate documents" [_thread_in_Java, id=46913, stack(0x00007f1346865000,0x00007f1346966000)]
  0x00007f1300009800 JavaThread "Worker-1" [_thread_blocked, id=46914, stack(0x00007f1346564000,0x00007f1346665000)]
  0x00007f130000f800 JavaThread "Worker-2" [_thread_blocked, id=46916, stack(0x00007f1346463000,0x00007f1346564000)]
  0x00007f130c477800 JavaThread "Java indexing" daemon [_thread_blocked, id=46919, stack(0x00007f1345e61000,0x00007f1345f62000)]
  0x00007f1370453000 JavaThread "pool-2-thread-1" [_thread_blocked, id=46967, stack(0x00007f1345360000,0x00007f1345461000)]
  0x00007f1370475000 JavaThread "pool-1-thread-1" [_thread_in_native, id=46968, stack(0x00007f1344dd5000,0x00007f1344ed6000)]
  0x00007f12f8002800 JavaThread "Worker-3: Initialize workspace" [_thread_blocked, id=46969, stack(0x00007f1344ad4000,0x00007f1344bd5000)]
  0x00007f12dc001000 JavaThread "Worker-4" [_thread_blocked, id=46970, stack(0x00007f13449d3000,0x00007f1344ad4000)]
  0x00007f12e0001000 JavaThread "Worker-5" [_thread_blocked, id=46971, stack(0x00007f13448d2000,0x00007f13449d3000)]
  0x00007f12dc004000 JavaThread "Bundle File Closer" daemon [_thread_blocked, id=46972, stack(0x00007f13447d1000,0x00007f13448d2000)]
  0x00007f132c629000 JavaThread "C2 CompilerThread1" daemon [_thread_in_native, id=46988, stack(0x00007f1345f62000,0x00007f1346063000)]
=>0x00007f12e8134800 JavaThread "ForkJoinPool.commonPool-worker-3" daemon [_thread_in_vm, id=46991, stack(0x00007f13440d0000,0x00007f13441d1000)]
  0x00007f12e813a000 JavaThread "ForkJoinPool.commonPool-worker-5" daemon [_thread_blocked, id=46992, stack(0x00007f12dbaff000,0x00007f12dbc00000)]
  0x00007f12e000d000 JavaThread "ForkJoinPool.commonPool-worker-7" daemon [_thread_blocked, id=46993, stack(0x00007f12db9fe000,0x00007f12dbaff000)]

Other Threads:
  0x00007f1370133000 VMThread "VM Thread" [stack: 0x00007f1354ba5000,0x00007f1354ca5000] [id=46860]
  0x00007f13701c1000 WatcherThread [stack: 0x00007f135419a000,0x00007f135429a000] [id=46881]
  0x00007f137002e800 GCTaskThread "GC Thread#0" [stack: 0x00007f1374872000,0x00007f1374972000] [id=46854]
  0x00007f1348005000 GCTaskThread "GC Thread#1" [stack: 0x00007f134706d000,0x00007f134716d000] [id=46902]
  0x00007f1348006800 GCTaskThread "GC Thread#2" [stack: 0x00007f1346f6b000,0x00007f134706b000] [id=46903]
  0x00007f1348007800 GCTaskThread "GC Thread#3" [stack: 0x00007f1346e69000,0x00007f1346f69000] [id=46904]

Threads with active compile tasks:
C2 CompilerThread0    15561 4853       4       java.nio.file.Files::readAttributes (11 bytes)
C2 CompilerThread1    15561 4939       4       java.util.concurrent.locks.ReentrantReadWriteLock$Sync::tryAcquireShared (177 bytes)

VM state:not at safepoint (normal execution)

VM Mutex/Monitor currently owned by a thread: None

Heap address: 0x00000000c0000000, size: 1024 MB, Compressed Oops mode: 32-bit
Narrow klass base: 0x0000000800000000, Narrow klass shift: 3
Compressed class space size: 1073741824 Address: 0x0000000800b18000

Heap:
 PSYoungGen      total 22528K, used 19628K [0x00000000eab00000, 0x00000000ec480000, 0x0000000100000000)
  eden space 20992K, 87% used [0x00000000eab00000,0x00000000ebcfd6a8,0x00000000ebf80000)
  from space 1536K, 78% used [0x00000000ec300000,0x00000000ec42dd30,0x00000000ec480000)
  to   space 2048K, 0% used [0x00000000ec080000,0x00000000ec080000,0x00000000ec280000)
 ParOldGen       total 68608K, used 34569K [0x00000000c0000000, 0x00000000c4300000, 0x00000000eab00000)
  object space 68608K, 50% used [0x00000000c0000000,0x00000000c21c27d0,0x00000000c4300000)
 Metaspace       used 48977K, capacity 51418K, committed 51672K, reserved 1095680K
  class space    used 5247K, capacity 6090K, committed 6144K, reserved 1048576K

Card table byte_map: [0x00007f1374cdc000,0x00007f1374edd000] _byte_map_base: 0x00007f13746dc000

Marking Bits: (ParMarkBitMap*) 0x00007f1376834ba0
 Begin Bits: [0x00007f1355c90000, 0x00007f1356c90000)
 End Bits:   [0x00007f1356c90000, 0x00007f1357c90000)

Polling page: 0x00007f1376aa5000

Metaspace:

Usage:
  Non-class:     44.27 MB capacity,    42.70 MB ( 96%) used,     1.47 MB (  3%) free+waste,    91.38 KB ( <1%) overhead. 
      Class:      5.95 MB capacity,     5.12 MB ( 86%) used,   798.20 KB ( 13%) free+waste,    43.81 KB ( <1%) overhead. 
       Both:     50.21 MB capacity,    47.83 MB ( 95%) used,     2.25 MB (  4%) free+waste,   135.19 KB ( <1%) overhead. 

Virtual space:
  Non-class space:       46.00 MB reserved,      44.46 MB ( 97%) committed 
      Class space:        1.00 GB reserved,       6.00 MB ( <1%) committed 
             Both:        1.04 GB reserved,      50.46 MB (  5%) committed 

Chunk freelists:
   Non-Class:  16.00 KB
       Class:  0 bytes
        Both:  16.00 KB

MaxMetaspaceSize: unlimited
CompressedClassSpaceSize: 1.00 GB

CodeHeap 'non-profiled nmethods': size=120032Kb used=2005Kb max_used=2350Kb free=118026Kb
 bounds [0x00007f135f758000, 0x00007f135f9c8000, 0x00007f1366c90000]
CodeHeap 'profiled nmethods': size=120028Kb used=9023Kb max_used=10689Kb free=111005Kb
 bounds [0x00007f1358221000, 0x00007f1358ca1000, 0x00007f135f758000]
CodeHeap 'non-nmethods': size=5700Kb used=1338Kb max_used=1379Kb free=4361Kb
 bounds [0x00007f1357c90000, 0x00007f1357f00000, 0x00007f1358221000]
 total_blobs=6933 nmethods=4217 adapters=555
 compilation: enabled
              stopped_count=0, restarted_count=0
 full_count=0

Compilation events (20 events):
Event: 15.534 Thread 0x00007f1370145800 5025       3       java.util.Locale::getLanguage (8 bytes)
Event: 15.534 Thread 0x00007f1370145800 nmethod 5025 0x00007f1358722990 code [0x00007f1358722b20, 0x00007f1358722c50]
Event: 15.534 Thread 0x00007f1370145800 5021       3       org.eclipse.core.internal.resources.Workspace::getWorkManager (36 bytes)
Event: 15.535 Thread 0x00007f1370145800 nmethod 5021 0x00007f1358a64c90 code [0x00007f1358a64e60, 0x00007f1358a652d0]
Event: 15.535 Thread 0x00007f1370145800 5023       1       org.eclipse.core.internal.dtree.DeltaDataTree::getRootNode (5 bytes)
Event: 15.536 Thread 0x00007f1370145800 nmethod 5023 0x00007f135f7f1990 code [0x00007f135f7f1b20, 0x00007f135f7f1bf0]
Event: 15.536 Thread 0x00007f1370145800 5024       1       org.eclipse.jdt.ls.core.internal.preferences.PreferenceManager::getClientPreferences (5 bytes)
Event: 15.536 Thread 0x00007f1370145800 nmethod 5024 0x00007f135f7f1690 code [0x00007f135f7f1820, 0x00007f135f7f18f0]
Event: 15.536 Thread 0x00007f1370145800 5026       3       org.eclipse.core.internal.dtree.NodeComparison::isUnchanged (11 bytes)
Event: 15.536 Thread 0x00007f1370145800 nmethod 5026 0x00007f135891ba10 code [0x00007f135891bba0, 0x00007f135891bd10]
Event: 15.536 Thread 0x00007f132c629000 nmethod 4940% 0x00007f135f809790 code [0x00007f135f809b20, 0x00007f135f80aec8]
Event: 15.537 Thread 0x00007f132c629000 5014       4       org.eclipse.jdt.internal.compiler.classfmt.ClassFileStruct::utf8At (171 bytes)
Event: 15.537 Thread 0x00007f1370145800 5027       3       java.util.regex.Pattern$BranchConn::match (11 bytes)
Event: 15.538 Thread 0x00007f1370145800 nmethod 5027 0x00007f1358752810 code [0x00007f13587529a0, 0x00007f1358752b80]
Event: 15.538 Thread 0x00007f1370145800 5028       1       org.eclipse.core.internal.jobs.InternalJob::getStartTime (5 bytes)
Event: 15.539 Thread 0x00007f1370145800 nmethod 5028 0x00007f135f7bc790 code [0x00007f135f7bc920, 0x00007f135f7bc9f0]
Event: 15.539 Thread 0x00007f1370145800 5029       1       org.eclipse.core.internal.jobs.InternalJob::setStartTime (6 bytes)
Event: 15.539 Thread 0x00007f1370145800 nmethod 5029 0x00007f135f7bc490 code [0x00007f135f7bc620, 0x00007f135f7bc6f0]
Event: 15.539 Thread 0x00007f1370145800 5030       1       org.eclipse.core.internal.jobs.JobManager::isActive (5 bytes)
Event: 15.539 Thread 0x00007f1370145800 nmethod 5030 0x00007f135f7bc190 code [0x00007f135f7bc320, 0x00007f135f7bc3f0]

GC Heap History (20 events):
Event: 10.015 GC heap before
{Heap before GC invocations=9 (full 2):
 PSYoungGen      total 29696K, used 5604K [0x00000000eab00000, 0x00000000ed500000, 0x0000000100000000)
  eden space 24064K, 0% used [0x00000000eab00000,0x00000000eab00000,0x00000000ec280000)
  from space 5632K, 99% used [0x00000000ec280000,0x00000000ec7f9368,0x00000000ec800000)
  to   space 9216K, 0% used [0x00000000ecc00000,0x00000000ecc00000,0x00000000ed500000)
 ParOldGen       total 68608K, used 11399K [0x00000000c0000000, 0x00000000c4300000, 0x00000000eab00000)
  object space 68608K, 16% used [0x00000000c0000000,0x00000000c0b21d88,0x00000000c4300000)
 Metaspace       used 33477K, capacity 35183K, committed 35416K, reserved 1081344K
  class space    used 3570K, capacity 4218K, committed 4224K, reserved 1048576K
}
Event: 10.157 GC heap after
{Heap after GC invocations=9 (full 2):
 PSYoungGen      total 29696K, used 0K [0x00000000eab00000, 0x00000000ed500000, 0x0000000100000000)
  eden space 24064K, 0% used [0x00000000eab00000,0x00000000eab00000,0x00000000ec280000)
  from space 5632K, 0% used [0x00000000ec280000,0x00000000ec280000,0x00000000ec800000)
  to   space 9216K, 0% used [0x00000000ecc00000,0x00000000ecc00000,0x00000000ed500000)
 ParOldGen       total 68608K, used 16544K [0x00000000c0000000, 0x00000000c4300000, 0x00000000eab00000)
  object space 68608K, 24% used [0x00000000c0000000,0x00000000c1028358,0x00000000c4300000)
 Metaspace       used 33477K, capacity 35183K, committed 35416K, reserved 1081344K
  class space    used 3570K, capacity 4218K, committed 4224K, reserved 1048576K
}
Event: 11.056 GC heap before
{Heap before GC invocations=10 (full 2):
 PSYoungGen      total 29696K, used 24056K [0x00000000eab00000, 0x00000000ed500000, 0x0000000100000000)
  eden space 24064K, 99% used [0x00000000eab00000,0x00000000ec27e338,0x00000000ec280000)
  from space 5632K, 0% used [0x00000000ec280000,0x00000000ec280000,0x00000000ec800000)
  to   space 9216K, 0% used [0x00000000ecc00000,0x00000000ecc00000,0x00000000ed500000)
 ParOldGen       total 68608K, used 16544K [0x00000000c0000000, 0x00000000c4300000, 0x00000000eab00000)
  object space 68608K, 24% used [0x00000000c0000000,0x00000000c1028358,0x00000000c4300000)
 Metaspace       used 36556K, capacity 38595K, committed 38872K, reserved 1083392K
  class space    used 3957K, capacity 4765K, committed 4864K, reserved 1048576K
}
Event: 11.062 GC heap after
{Heap after GC invocations=10 (full 2):
 PSYoungGen      total 25088K, used 1358K [0x00000000eab00000, 0x00000000ecd80000, 0x0000000100000000)
  eden space 23552K, 0% used [0x00000000eab00000,0x00000000eab00000,0x00000000ec200000)
  from space 1536K, 88% used [0x00000000ecc00000,0x00000000ecd539e8,0x00000000ecd80000)
  to   space 4096K, 0% used [0x00000000ec580000,0x00000000ec580000,0x00000000ec980000)
 ParOldGen       total 68608K, used 16552K [0x00000000c0000000, 0x00000000c4300000, 0x00000000eab00000)
  object space 68608K, 24% used [0x00000000c0000000,0x00000000c102a358,0x00000000c4300000)
 Metaspace       used 36556K, capacity 38595K, committed 38872K, reserved 1083392K
  class space    used 3957K, capacity 4765K, committed 4864K, reserved 1048576K
}
Event: 12.222 GC heap before
{Heap before GC invocations=11 (full 2):
 PSYoungGen      total 25088K, used 24910K [0x00000000eab00000, 0x00000000ecd80000, 0x0000000100000000)
  eden space 23552K, 100% used [0x00000000eab00000,0x00000000ec200000,0x00000000ec200000)
  from space 1536K, 88% used [0x00000000ecc00000,0x00000000ecd539e8,0x00000000ecd80000)
  to   space 4096K, 0% used [0x00000000ec580000,0x00000000ec580000,0x00000000ec980000)
 ParOldGen       total 68608K, used 16552K [0x00000000c0000000, 0x00000000c4300000, 0x00000000eab00000)
  object space 68608K, 24% used [0x00000000c0000000,0x00000000c102a358,0x00000000c4300000)
 Metaspace       used 40374K, capacity 42480K, committed 42840K, reserved 1087488K
  class space    used 4382K, capacity 5181K, committed 5248K, reserved 1048576K
}
Event: 12.229 GC heap after
{Heap after GC invocations=11 (full 2):
 PSYoungGen      total 27136K, used 4069K [0x00000000eab00000, 0x00000000ecc80000, 0x0000000100000000)
  eden space 23040K, 0% used [0x00000000eab00000,0x00000000eab00000,0x00000000ec180000)
  from space 4096K, 99% used [0x00000000ec580000,0x00000000ec9795b8,0x00000000ec980000)
  to   space 3072K, 0% used [0x00000000ec980000,0x00000000ec980000,0x00000000ecc80000)
 ParOldGen       total 68608K, used 16784K [0x00000000c0000000, 0x00000000c4300000, 0x00000000eab00000)
  object space 68608K, 24% used [0x00000000c0000000,0x00000000c1064358,0x00000000c4300000)
 Metaspace       used 40374K, capacity 42480K, committed 42840K, reserved 1087488K
  class space    used 4382K, capacity 5181K, committed 5248K, reserved 1048576K
}
Event: 12.535 GC heap before
{Heap before GC invocations=12 (full 2):
 PSYoungGen      total 27136K, used 27109K [0x00000000eab00000, 0x00000000ecc80000, 0x0000000100000000)
  eden space 23040K, 100% used [0x00000000eab00000,0x00000000ec180000,0x00000000ec180000)
  from space 4096K, 99% used [0x00000000ec580000,0x00000000ec9795b8,0x00000000ec980000)
  to   space 3072K, 0% used [0x00000000ec980000,0x00000000ec980000,0x00000000ecc80000)
 ParOldGen       total 68608K, used 16784K [0x00000000c0000000, 0x00000000c4300000, 0x00000000eab00000)
  object space 68608K, 24% used [0x00000000c0000000,0x00000000c1064358,0x00000000c4300000)
 Metaspace       used 40569K, capacity 42627K, committed 43096K, reserved 1087488K
  class space    used 4399K, capacity 5187K, committed 5248K, reserved 1048576K
}
Event: 12.561 GC heap after
{Heap after GC invocations=12 (full 2):
 PSYoungGen      total 25600K, used 3058K [0x00000000eab00000, 0x00000000ece00000, 0x0000000100000000)
  eden space 22528K, 0% used [0x00000000eab00000,0x00000000eab00000,0x00000000ec100000)
  from space 3072K, 99% used [0x00000000ec980000,0x00000000ecc7cad8,0x00000000ecc80000)
  to   space 6656K, 0% used [0x00000000ec100000,0x00000000ec100000,0x00000000ec780000)
 ParOldGen       total 68608K, used 19884K [0x00000000c0000000, 0x00000000c4300000, 0x00000000eab00000)
  object space 68608K, 28% used [0x00000000c0000000,0x00000000c136b3e8,0x00000000c4300000)
 Metaspace       used 40569K, capacity 42627K, committed 43096K, reserved 1087488K
  class space    used 4399K, capacity 5187K, committed 5248K, reserved 1048576K
}
Event: 12.762 GC heap before
{Heap before GC invocations=13 (full 2):
 PSYoungGen      total 25600K, used 25586K [0x00000000eab00000, 0x00000000ece00000, 0x0000000100000000)
  eden space 22528K, 100% used [0x00000000eab00000,0x00000000ec100000,0x00000000ec100000)
  from space 3072K, 99% used [0x00000000ec980000,0x00000000ecc7cad8,0x00000000ecc80000)
  to   space 6656K, 0% used [0x00000000ec100000,0x00000000ec100000,0x00000000ec780000)
 ParOldGen       total 68608K, used 19884K [0x00000000c0000000, 0x00000000c4300000, 0x00000000eab00000)
  object space 68608K, 28% used [0x00000000c0000000,0x00000000c136b3e8,0x00000000c4300000)
 Metaspace       used 40612K, capacity 42628K, committed 43096K, reserved 1087488K
  class space    used 4400K, capacity 5187K, committed 5248K, reserved 1048576K
}
Event: 12.775 GC heap after
{Heap after GC invocations=13 (full 2):
 PSYoungGen      total 24576K, used 2196K [0x00000000eab00000, 0x00000000eca00000, 0x0000000100000000)
  eden space 22016K, 0% used [0x00000000eab00000,0x00000000eab00000,0x00000000ec080000)
  from space 2560K, 85% used [0x00000000ec100000,0x00000000ec325188,0x00000000ec380000)
  to   space 4096K, 0% used [0x00000000ec600000,0x00000000ec600000,0x00000000eca00000)
 ParOldGen       total 68608K, used 22909K [0x00000000c0000000, 0x00000000c4300000, 0x00000000eab00000)
  object space 68608K, 33% used [0x00000000c0000000,0x00000000c165f5f8,0x00000000c4300000)
 Metaspace       used 40612K, capacity 42628K, committed 43096K, reserved 1087488K
  class space    used 4400K, capacity 5187K, committed 5248K, reserved 1048576K
}
Event: 12.992 GC heap before
{Heap before GC invocations=14 (full 2):
 PSYoungGen      total 24576K, used 24212K [0x00000000eab00000, 0x00000000eca00000, 0x0000000100000000)
  eden space 22016K, 100% used [0x00000000eab00000,0x00000000ec080000,0x00000000ec080000)
  from space 2560K, 85% used [0x00000000ec100000,0x00000000ec325188,0x00000000ec380000)
  to   space 4096K, 0% used [0x00000000ec600000,0x00000000ec600000,0x00000000eca00000)
 ParOldGen       total 68608K, used 22909K [0x00000000c0000000, 0x00000000c4300000, 0x00000000eab00000)
  object space 68608K, 33% used [0x00000000c0000000,0x00000000c165f5f8,0x00000000c4300000)
 Metaspace       used 40736K, capacity 42788K, committed 43096K, reserved 1087488K
  class space    used 4411K, capacity 5219K, committed 5248K, reserved 1048576K
}
Event: 13.005 GC heap after
{Heap after GC invocations=14 (full 2):
 PSYoungGen      total 24576K, used 2432K [0x00000000eab00000, 0x00000000ec880000, 0x0000000100000000)
  eden space 22016K, 0% used [0x00000000eab00000,0x00000000eab00000,0x00000000ec080000)
  from space 2560K, 95% used [0x00000000ec600000,0x00000000ec860010,0x00000000ec880000)
  to   space 3072K, 0% used [0x00000000ec280000,0x00000000ec280000,0x00000000ec580000)
 ParOldGen       total 68608K, used 25057K [0x00000000c0000000, 0x00000000c4300000, 0x00000000eab00000)
  object space 68608K, 36% used [0x00000000c0000000,0x00000000c1878780,0x00000000c4300000)
 Metaspace       used 40736K, capacity 42788K, committed 43096K, reserved 1087488K
  class space    used 4411K, capacity 5219K, committed 5248K, reserved 1048576K
}
Event: 13.118 GC heap before
{Heap before GC invocations=15 (full 2):
 PSYoungGen      total 24576K, used 24448K [0x00000000eab00000, 0x00000000ec880000, 0x0000000100000000)
  eden space 22016K, 100% used [0x00000000eab00000,0x00000000ec080000,0x00000000ec080000)
  from space 2560K, 95% used [0x00000000ec600000,0x00000000ec860010,0x00000000ec880000)
  to   space 3072K, 0% used [0x00000000ec280000,0x00000000ec280000,0x00000000ec580000)
 ParOldGen       total 68608K, used 25057K [0x00000000c0000000, 0x00000000c4300000, 0x00000000eab00000)
  object space 68608K, 36% used [0x00000000c0000000,0x00000000c1878780,0x00000000c4300000)
 Metaspace       used 40736K, capacity 42788K, committed 43096K, reserved 1087488K
  class space    used 4411K, capacity 5219K, committed 5248K, reserved 1048576K
}
Event: 13.130 GC heap after
{Heap after GC invocations=15 (full 2):
 PSYoungGen      total 24576K, used 2496K [0x00000000eab00000, 0x00000000ec680000, 0x0000000100000000)
  eden space 22016K, 0% used [0x00000000eab00000,0x00000000eab00000,0x00000000ec080000)
  from space 2560K, 97% used [0x00000000ec280000,0x00000000ec4f0010,0x00000000ec500000)
  to   space 1536K, 0% used [0x00000000ec500000,0x00000000ec500000,0x00000000ec680000)
 ParOldGen       total 68608K, used 27454K [0x00000000c0000000, 0x00000000c4300000, 0x00000000eab00000)
  object space 68608K, 40% used [0x00000000c0000000,0x00000000c1acfae8,0x00000000c4300000)
 Metaspace       used 40736K, capacity 42788K, committed 43096K, reserved 1087488K
  class space    used 4411K, capacity 5219K, committed 5248K, reserved 1048576K
}
Event: 13.250 GC heap before
{Heap before GC invocations=16 (full 2):
 PSYoungGen      total 24576K, used 24512K [0x00000000eab00000, 0x00000000ec680000, 0x0000000100000000)
  eden space 22016K, 100% used [0x00000000eab00000,0x00000000ec080000,0x00000000ec080000)
  from space 2560K, 97% used [0x00000000ec280000,0x00000000ec4f0010,0x00000000ec500000)
  to   space 1536K, 0% used [0x00000000ec500000,0x00000000ec500000,0x00000000ec680000)
 ParOldGen       total 68608K, used 27454K [0x00000000c0000000, 0x00000000c4300000, 0x00000000eab00000)
  object space 68608K, 40% used [0x00000000c0000000,0x00000000c1acfae8,0x00000000c4300000)
 Metaspace       used 40736K, capacity 42788K, committed 43096K, reserved 1087488K
  class space    used 4411K, capacity 5219K, committed 5248K, reserved 1048576K
}
Event: 13.267 GC heap after
{Heap after GC invocations=16 (full 2):
 PSYoungGen      total 22528K, used 1536K [0x00000000eab00000, 0x00000000ecb80000, 0x0000000100000000)
  eden space 20992K, 0% used [0x00000000eab00000,0x00000000eab00000,0x00000000ebf80000)
  from space 1536K, 100% used [0x00000000ec500000,0x00000000ec680000,0x00000000ec680000)
  to   space 5632K, 0% used [0x00000000ebf80000,0x00000000ebf80000,0x00000000ec500000)
 ParOldGen       total 68608K, used 30686K [0x00000000c0000000, 0x00000000c4300000, 0x00000000eab00000)
  object space 68608K, 44% used [0x00000000c0000000,0x00000000c1df7af8,0x00000000c4300000)
 Metaspace       used 40736K, capacity 42788K, committed 43096K, reserved 1087488K
  class space    used 4411K, capacity 5219K, committed 5248K, reserved 1048576K
}
Event: 13.778 GC heap before
{Heap before GC invocations=17 (full 2):
 PSYoungGen      total 22528K, used 22528K [0x00000000eab00000, 0x00000000ecb80000, 0x0000000100000000)
  eden space 20992K, 100% used [0x00000000eab00000,0x00000000ebf80000,0x00000000ebf80000)
  from space 1536K, 100% used [0x00000000ec500000,0x00000000ec680000,0x00000000ec680000)
  to   space 5632K, 0% used [0x00000000ebf80000,0x00000000ebf80000,0x00000000ec500000)
 ParOldGen       total 68608K, used 30686K [0x00000000c0000000, 0x00000000c4300000, 0x00000000eab00000)
  object space 68608K, 44% used [0x00000000c0000000,0x00000000c1df7af8,0x00000000c4300000)
 Metaspace       used 42271K, capacity 44279K, committed 44760K, reserved 1089536K
  class space    used 4561K, capacity 5353K, committed 5376K, reserved 1048576K
}
Event: 13.792 GC heap after
{Heap after GC invocations=17 (full 2):
 PSYoungGen      total 23552K, used 2502K [0x00000000eab00000, 0x00000000ec680000, 0x0000000100000000)
  eden space 20992K, 0% used [0x00000000eab00000,0x00000000eab00000,0x00000000ebf80000)
  from space 2560K, 97% used [0x00000000ebf80000,0x00000000ec1f1870,0x00000000ec200000)
  to   space 3584K, 0% used [0x00000000ec300000,0x00000000ec300000,0x00000000ec680000)
 ParOldGen       total 68608K, used 32214K [0x00000000c0000000, 0x00000000c4300000, 0x00000000eab00000)
  object space 68608K, 46% used [0x00000000c0000000,0x00000000c1f75af8,0x00000000c4300000)
 Metaspace       used 42271K, capacity 44279K, committed 44760K, reserved 1089536K
  class space    used 4561K, capacity 5353K, committed 5376K, reserved 1048576K
}
Event: 14.513 GC heap before
{Heap before GC invocations=18 (full 2):
 PSYoungGen      total 23552K, used 23494K [0x00000000eab00000, 0x00000000ec680000, 0x0000000100000000)
  eden space 20992K, 100% used [0x00000000eab00000,0x00000000ebf80000,0x00000000ebf80000)
  from space 2560K, 97% used [0x00000000ebf80000,0x00000000ec1f1870,0x00000000ec200000)
  to   space 3584K, 0% used [0x00000000ec300000,0x00000000ec300000,0x00000000ec680000)
 ParOldGen       total 68608K, used 32214K [0x00000000c0000000, 0x00000000c4300000, 0x00000000eab00000)
  object space 68608K, 46% used [0x00000000c0000000,0x00000000c1f75af8,0x00000000c4300000)
 Metaspace       used 45139K, capacity 47360K, committed 47704K, reserved 1091584K
  class space    used 4830K, capacity 5676K, committed 5760K, reserved 1048576K
}
Event: 14.526 GC heap after
{Heap after GC invocations=18 (full 2):
 PSYoungGen      total 22528K, used 1207K [0x00000000eab00000, 0x00000000ec480000, 0x0000000100000000)
  eden space 20992K, 0% used [0x00000000eab00000,0x00000000eab00000,0x00000000ebf80000)
  from space 1536K, 78% used [0x00000000ec300000,0x00000000ec42dd30,0x00000000ec480000)
  to   space 2048K, 0% used [0x00000000ec080000,0x00000000ec080000,0x00000000ec280000)
 ParOldGen       total 68608K, used 34569K [0x00000000c0000000, 0x00000000c4300000, 0x00000000eab00000)
  object space 68608K, 50% used [0x00000000c0000000,0x00000000c21c27d0,0x00000000c4300000)
 Metaspace       used 45139K, capacity 47360K, committed 47704K, reserved 1091584K
  class space    used 4830K, capacity 5676K, committed 5760K, reserved 1048576K
}

Deoptimization events (20 events):
Event: 15.182 Thread 0x00007f13000f7000 DEOPT PACKING pc=0x00007f135f78ca38 sp=0x00007f13441cefe0
Event: 15.182 Thread 0x00007f13000f7000 DEOPT UNPACKING pc=0x00007f1357cd9120 sp=0x00007f13441cef98 mode 2
Event: 15.184 Thread 0x00007f13000f7000 DEOPT PACKING pc=0x00007f135866259a sp=0x00007f13441ce9e0
Event: 15.184 Thread 0x00007f13000f7000 DEOPT UNPACKING pc=0x00007f1357cd962c sp=0x00007f13441cde78 mode 0
Event: 15.429 Thread 0x00007f12e813a000 DEOPT PACKING pc=0x00007f13589e7211 sp=0x00007f12dbbfdd80
Event: 15.429 Thread 0x00007f12e813a000 DEOPT UNPACKING pc=0x00007f1357cd962c sp=0x00007f12dbbfd2a8 mode 3
Event: 15.430 Thread 0x00007f12e813a000 Uncommon trap: trap_request=0xffffffde fr.pc=0x00007f135f8ec7fc relative=0x0000000000000d3c
Event: 15.430 Thread 0x00007f12e813a000 Uncommon trap: reason=class_check action=maybe_recompile pc=0x00007f135f8ec7fc method=java.util.concurrent.ConcurrentHashMap.putVal(Ljava/lang/Object;Ljava/lang/Object;Z)Ljava/lang/Object; @ 242 c2
Event: 15.430 Thread 0x00007f12e813a000 DEOPT PACKING pc=0x00007f135f8ec7fc sp=0x00007f12dbbfdcd0
Event: 15.430 Thread 0x00007f12e813a000 DEOPT UNPACKING pc=0x00007f1357cd9120 sp=0x00007f12dbbfdc50 mode 2
Event: 15.449 Thread 0x00007f130000f800 DEOPT PACKING pc=0x00007f1358634c2f sp=0x00007f1346561580
Event: 15.449 Thread 0x00007f130000f800 DEOPT UNPACKING pc=0x00007f1357cd962c sp=0x00007f1346560b28 mode 0
Event: 15.460 Thread 0x00007f130000f800 DEOPT PACKING pc=0x00007f135866259a sp=0x00007f1346561760
Event: 15.460 Thread 0x00007f130000f800 DEOPT UNPACKING pc=0x00007f1357cd962c sp=0x00007f1346560bf8 mode 0
Event: 15.462 Thread 0x00007f130000f800 DEOPT PACKING pc=0x00007f135866259a sp=0x00007f13465616f0
Event: 15.462 Thread 0x00007f130000f800 DEOPT UNPACKING pc=0x00007f1357cd962c sp=0x00007f1346560b88 mode 0
Event: 15.467 Thread 0x00007f130000f800 DEOPT PACKING pc=0x00007f135866259a sp=0x00007f1346561520
Event: 15.467 Thread 0x00007f130000f800 DEOPT UNPACKING pc=0x00007f1357cd962c sp=0x00007f13465609b8 mode 0
Event: 15.499 Thread 0x00007f12f818b800 DEOPT PACKING pc=0x00007f135866259a sp=0x00007f12db7fb7a0
Event: 15.499 Thread 0x00007f12f818b800 DEOPT UNPACKING pc=0x00007f1357cd962c sp=0x00007f12db7fac38 mode 0

Classes unloaded (0 events):
No events

Classes redefined (0 events):
No events

Internal exceptions (20 events):
Event: 14.803 Thread 0x00007f130c1e6800 Exception <a 'java/lang/ArrayIndexOutOfBoundsException'{0x00000000eb1599e0}> (0x00000000eb1599e0) 
thrown [src/hotspot/share/runtime/sharedRuntime.cpp, line 584]
Event: 14.812 Thread 0x00007f130c1e6800 Exception <a 'java/lang/ArrayIndexOutOfBoundsException'{0x00000000eb192d18}> (0x00000000eb192d18) 
thrown [src/hotspot/share/runtime/sharedRuntime.cpp, line 584]
Event: 14.815 Thread 0x00007f130c1e6800 Exception <a 'java/lang/ArrayIndexOutOfBoundsException'{0x00000000eb19b448}> (0x00000000eb19b448) 
thrown [src/hotspot/share/runtime/sharedRuntime.cpp, line 584]
Event: 14.835 Thread 0x00007f130c1e6800 Exception <a 'java/lang/NoSuchMethodError'{0x00000000eb1ebbf8}: 'int java.lang.invoke.DirectMethodHandle$Holder.invokeVirtual(java.lang.Object, java.lang.Object, java.lang.Object)'> (0x00000000eb1ebbf8) 
thrown [src/hotspot/share/interpreter/linkResolver.cpp, line 765]
Event: 15.061 Thread 0x00007f130c1e6800 Exception <a 'sun/nio/fs/UnixException'{0x00000000eb244e58}> (0x00000000eb244e58) 
thrown [src/hotspot/share/prims/jni.cpp, line 599]
Event: 15.083 Thread 0x00007f130c1e6800 Exception <a 'sun/nio/fs/UnixException'{0x00000000eb252bf0}> (0x00000000eb252bf0) 
thrown [src/hotspot/share/prims/jni.cpp, line 599]
Event: 15.086 Thread 0x00007f130c1e6800 Exception <a 'sun/nio/fs/UnixException'{0x00000000eb4870e8}> (0x00000000eb4870e8) 
thrown [src/hotspot/share/prims/jni.cpp, line 599]
Event: 15.088 Thread 0x00007f130c1e6800 Exception <a 'sun/nio/fs/UnixException'{0x00000000eb48c490}> (0x00000000eb48c490) 
thrown [src/hotspot/share/prims/jni.cpp, line 599]
Event: 15.096 Thread 0x00007f130c1e6800 Exception <a 'sun/nio/fs/UnixException'{0x00000000eb492480}> (0x00000000eb492480) 
thrown [src/hotspot/share/prims/jni.cpp, line 599]
Event: 15.140 Thread 0x00007f130c1e6800 Exception <a 'sun/nio/fs/UnixException'{0x00000000eb498510}> (0x00000000eb498510) 
thrown [src/hotspot/share/prims/jni.cpp, line 599]
Event: 15.154 Thread 0x00007f130c1e6800 Exception <a 'sun/nio/fs/UnixException'{0x00000000eb49f578}> (0x00000000eb49f578) 
thrown [src/hotspot/share/prims/jni.cpp, line 599]
Event: 15.172 Thread 0x00007f130c1e6800 Exception <a 'sun/nio/fs/UnixException'{0x00000000eb4a5b80}> (0x00000000eb4a5b80) 
thrown [src/hotspot/share/prims/jni.cpp, line 599]
Event: 15.202 Thread 0x00007f130c1e6800 Exception <a 'sun/nio/fs/UnixException'{0x00000000eb4acc20}> (0x00000000eb4acc20) 
thrown [src/hotspot/share/prims/jni.cpp, line 599]
Event: 15.211 Thread 0x00007f130c1e6800 Exception <a 'sun/nio/fs/UnixException'{0x00000000eb60db08}> (0x00000000eb60db08) 
thrown [src/hotspot/share/prims/jni.cpp, line 599]
Event: 15.219 Thread 0x00007f1370475000 Exception <a 'java/lang/NoSuchMethodError'{0x00000000eb63d710}: 'java.lang.Object java.lang.invoke.DirectMethodHandle$Holder.invokeInterface(java.lang.Object, java.lang.Object, java.lang.Object)'> (0x00000000eb63d710) 
thrown [src/hotspot/share/interpreter/linkResolver.cpp, line 765]
Event: 15.284 Thread 0x00007f1370475000 Exception <a 'java/io/FileNotFoundException'{0x00000000eb71d7e8}> (0x00000000eb71d7e8) 
thrown [src/hotspot/share/prims/jni.cpp, line 599]
Event: 15.331 Thread 0x00007f1370475000 Exception <a 'java/lang/ArrayIndexOutOfBoundsException'{0x00000000eb7c4080}> (0x00000000eb7c4080) 
thrown [src/hotspot/share/runtime/sharedRuntime.cpp, line 584]
Event: 15.390 Thread 0x00007f12e0001000 Exception <a 'java/io/FileNotFoundException'{0x00000000eb900048}> (0x00000000eb900048) 
thrown [src/hotspot/share/prims/jni.cpp, line 599]
Event: 15.450 Thread 0x00007f130000f800 Exception <a 'java/lang/ArrayIndexOutOfBoundsException'{0x00000000eba44178}> (0x00000000eba44178) 
thrown [src/hotspot/share/runtime/sharedRuntime.cpp, line 584]
Event: 15.530 Thread 0x00007f12e8134800 Exception <a 'java/lang/ClassNotFoundException'{0x00000000ebce79c0}: sun/util/logging/resources/spi/loggingProvider> (0x00000000ebce79c0) 
thrown [src/hotspot/share/classfile/systemDictionary.cpp, line 226]

Events (20 events):
Event: 15.530 loading class sun/util/logging/resources/logging_zh done
Event: 15.530 loading class sun/util/logging/resources/logging_zh
Event: 15.530 loading class sun/util/logging/resources/logging_zh done
Event: 15.530 loading class sun/util/logging/resources/logging_zh_CN
Event: 15.531 loading class sun/util/logging/resources/logging_zh_CN done
Event: 15.531 loading class sun/util/logging/resources/logging_zh_Hans
Event: 15.531 loading class sun/util/logging/resources/logging_zh_Hans done
Event: 15.531 loading class sun/util/logging/resources/logging_zh_Hans
Event: 15.531 loading class sun/util/logging/resources/logging_zh_Hans done
Event: 15.531 loading class sun/util/logging/resources/logging_zh_Hans_CN
Event: 15.531 loading class sun/util/logging/resources/logging_zh_Hans_CN done
Event: 15.531 loading class sun/util/logging/resources/logging_zh_Hans_CN
Event: 15.531 loading class sun/util/logging/resources/logging_zh_Hans_CN done
Event: 15.535 Executing VM operation: HandshakeOneThread
Event: 15.535 Executing VM operation: HandshakeOneThread done
Event: 15.535 Executing VM operation: HandshakeOneThread
Event: 15.535 Executing VM operation: HandshakeOneThread done
Event: 15.535 Executing VM operation: HandshakeOneThread
Event: 15.535 Executing VM operation: HandshakeOneThread done
Event: 15.535 Thread 0x00007f12f818b800 Thread exited: 0x00007f12f818b800


Dynamic libraries:
c0000000-c4300000 rw-p 00000000 00:00 0 
c4300000-eab00000 ---p 00000000 00:00 0 
eab00000-ec480000 rw-p 00000000 00:00 0 
ec480000-100000000 ---p 00000000 00:00 0 
800000000-800003000 rwxp 00001000 08:12 55837995                         /usr/lib/jvm/java-14-openjdk-amd64/lib/server/classes.jsa
800003000-8003e7000 rw-p 00004000 08:12 55837995                         /usr/lib/jvm/java-14-openjdk-amd64/lib/server/classes.jsa
8003e7000-800b17000 r--p 003e8000 08:12 55837995                         /usr/lib/jvm/java-14-openjdk-amd64/lib/server/classes.jsa
800b17000-800b18000 rw-p 00b18000 08:12 55837995                         /usr/lib/jvm/java-14-openjdk-amd64/lib/server/classes.jsa
800b18000-801118000 rw-p 00000000 00:00 0 
801118000-840b18000 ---p 00000000 00:00 0 
56008a99f000-56008a9a0000 r--p 00000000 08:12 54920498                   /usr/lib/jvm/java-14-openjdk-amd64/bin/java
56008a9a0000-56008a9a1000 r-xp 00001000 08:12 54920498                   /usr/lib/jvm/java-14-openjdk-amd64/bin/java
56008a9a1000-56008a9a2000 r--p 00002000 08:12 54920498                   /usr/lib/jvm/java-14-openjdk-amd64/bin/java
56008a9a2000-56008a9a3000 r--p 00002000 08:12 54920498                   /usr/lib/jvm/java-14-openjdk-amd64/bin/java
56008a9a3000-56008a9a4000 rw-p 00003000 08:12 54920498                   /usr/lib/jvm/java-14-openjdk-amd64/bin/java
56008b8b9000-56008b8da000 rw-p 00000000 00:00 0                          [heap]
7f12cac90000-7f12d4000000 r--s 00000000 08:12 55446382                   /usr/lib/jvm/java-14-openjdk-amd64/lib/modules
7f12d4000000-7f12d4048000 rw-p 00000000 00:00 0 
7f12d4048000-7f12d8000000 ---p 00000000 00:00 0 
7f12db6fd000-7f12db701000 ---p 00000000 00:00 0 
7f12db701000-7f12db87e000 rw-p 00000000 00:00 0 
7f12db87e000-7f12db9fe000 ---p 00000000 00:00 0 
7f12db9fe000-7f12dba02000 ---p 00000000 00:00 0 
7f12dba02000-7f12dbaff000 rw-p 00000000 00:00 0 
7f12dbaff000-7f12dbb03000 ---p 00000000 00:00 0 
7f12dbb03000-7f12dbe00000 rw-p 00000000 00:00 0 
7f12dbe00000-7f12dc000000 rw-p 00000000 00:00 0 
7f12dc000000-7f12dc073000 rw-p 00000000 00:00 0 
7f12dc073000-7f12e0000000 ---p 00000000 00:00 0 
7f12e0000000-7f12e011f000 rw-p 00000000 00:00 0 
7f12e011f000-7f12e4000000 ---p 00000000 00:00 0 
7f12e4000000-7f12e4021000 rw-p 00000000 00:00 0 
7f12e4021000-7f12e8000000 ---p 00000000 00:00 0 
7f12e8000000-7f12e813d000 rw-p 00000000 00:00 0 
7f12e813d000-7f12ec000000 ---p 00000000 00:00 0 
7f12ec000000-7f12ed249000 rw-p 00000000 00:00 0 
7f12ed249000-7f12f0000000 ---p 00000000 00:00 0 
7f12f0000000-7f12f0021000 rw-p 00000000 00:00 0 
7f12f0021000-7f12f4000000 ---p 00000000 00:00 0 
7f12f4000000-7f12f40eb000 rw-p 00000000 00:00 0 
7f12f40eb000-7f12f8000000 ---p 00000000 00:00 0 
7f12f8000000-7f12f819c000 rw-p 00000000 00:00 0 
7f12f819c000-7f12fc000000 ---p 00000000 00:00 0 
7f12fc000000-7f12fc021000 rw-p 00000000 00:00 0 
7f12fc021000-7f1300000000 ---p 00000000 00:00 0 
7f1300000000-7f1300100000 rw-p 00000000 00:00 0 
7f1300100000-7f1304000000 ---p 00000000 00:00 0 
7f1304000000-7f1304021000 rw-p 00000000 00:00 0 
7f1304021000-7f1308000000 ---p 00000000 00:00 0 
7f1308000000-7f1308021000 rw-p 00000000 00:00 0 
7f1308021000-7f130c000000 ---p 00000000 00:00 0 
7f130c000000-7f130cea5000 rw-p 00000000 00:00 0 
7f130cea5000-7f1310000000 ---p 00000000 00:00 0 
7f1310000000-7f1310021000 rw-p 00000000 00:00 0 
7f1310021000-7f1314000000 ---p 00000000 00:00 0 
7f1314000000-7f1314021000 rw-p 00000000 00:00 0 
7f1314021000-7f1318000000 ---p 00000000 00:00 0 
7f1318000000-7f1318021000 rw-p 00000000 00:00 0 
7f1318021000-7f131c000000 ---p 00000000 00:00 0 
7f131c000000-7f131c021000 rw-p 00000000 00:00 0 
7f131c021000-7f1320000000 ---p 00000000 00:00 0 
7f1320000000-7f1320148000 rw-p 00000000 00:00 0 
7f1320148000-7f1324000000 ---p 00000000 00:00 0 
7f1324000000-7f1324021000 rw-p 00000000 00:00 0 
7f1324021000-7f1328000000 ---p 00000000 00:00 0 
7f1328000000-7f1328021000 rw-p 00000000 00:00 0 
7f1328021000-7f132c000000 ---p 00000000 00:00 0 
7f132c000000-7f132c6dd000 rw-p 00000000 00:00 0 
7f132c6dd000-7f1330000000 ---p 00000000 00:00 0 
7f1330000000-7f1330021000 rw-p 00000000 00:00 0 
7f1330021000-7f1334000000 ---p 00000000 00:00 0 
7f1334000000-7f1334021000 rw-p 00000000 00:00 0 
7f1334021000-7f1338000000 ---p 00000000 00:00 0 
7f1338000000-7f13393f5000 rw-p 00000000 00:00 0 
7f13393f5000-7f133c000000 ---p 00000000 00:00 0 
7f133c000000-7f133c021000 rw-p 00000000 00:00 0 
7f133c021000-7f1340000000 ---p 00000000 00:00 0 
7f1340000000-7f1340021000 rw-p 00000000 00:00 0 
7f1340021000-7f1344000000 ---p 00000000 00:00 0 
7f13440d0000-7f13440d4000 ---p 00000000 00:00 0 
7f13440d4000-7f13443d1000 rw-p 00000000 00:00 0 
7f13443d1000-7f13445d1000 rw-p 00000000 00:00 0 
7f13445d1000-7f13447d1000 rw-p 00000000 00:00 0 
7f13447d1000-7f13447d5000 ---p 00000000 00:00 0 
7f13447d5000-7f13448d2000 rw-p 00000000 00:00 0 
7f13448d2000-7f13448d6000 ---p 00000000 00:00 0 
7f13448d6000-7f13449d3000 rw-p 00000000 00:00 0 
7f13449d3000-7f13449d7000 ---p 00000000 00:00 0 
7f13449d7000-7f1344ad4000 rw-p 00000000 00:00 0 
7f1344ad4000-7f1344ad8000 ---p 00000000 00:00 0 
7f1344ad8000-7f1344dd5000 rw-p 00000000 00:00 0 
7f1344dd5000-7f1344dd9000 ---p 00000000 00:00 0 
7f1344dd9000-7f13450d6000 rw-p 00000000 00:00 0 
7f1345160000-7f1345356000 rw-p 00000000 00:00 0 
7f1345356000-7f1345360000 ---p 00000000 00:00 0 
7f1345360000-7f1345364000 ---p 00000000 00:00 0 
7f1345364000-7f1345661000 rw-p 00000000 00:00 0 
7f1345661000-7f1345861000 rw-p 00000000 00:00 0 
7f1345861000-7f1345a61000 rw-p 00000000 00:00 0 
7f1345a61000-7f1345c61000 rw-p 00000000 00:00 0 
7f1345c61000-7f1345e61000 rw-p 00000000 00:00 0 
7f1345e61000-7f1345e65000 ---p 00000000 00:00 0 
7f1345e65000-7f1345f62000 rw-p 00000000 00:00 0 
7f1345f62000-7f1345f66000 ---p 00000000 00:00 0 
7f1345f66000-7f1346263000 rw-p 00000000 00:00 0 
7f1346263000-7f1346463000 rw-p 00000000 00:00 0 
7f1346463000-7f1346467000 ---p 00000000 00:00 0 
7f1346467000-7f1346564000 rw-p 00000000 00:00 0 
7f1346564000-7f1346568000 ---p 00000000 00:00 0 
7f1346568000-7f1346865000 rw-p 00000000 00:00 0 
7f1346865000-7f1346869000 ---p 00000000 00:00 0 
7f1346869000-7f1346b66000 rw-p 00000000 00:00 0 
7f1346b66000-7f1346b6a000 ---p 00000000 00:00 0 
7f1346b6a000-7f1346e67000 rw-p 00000000 00:00 0 
7f1346e67000-7f1346e68000 ---p 00000000 00:00 0 
7f1346e68000-7f1346f69000 rw-p 00000000 00:00 0 
7f1346f69000-7f1346f6a000 ---p 00000000 00:00 0 
7f1346f6a000-7f134706b000 rw-p 00000000 00:00 0 
7f134706b000-7f134706c000 ---p 00000000 00:00 0 
7f134706c000-7f134716d000 rw-p 00000000 00:00 0 
7f134716d000-7f134717d000 r-xp 00000000 08:12 34344150                   /home/wei/.local/share/code-server/User/globalStorage/redhat.java/0.61.0/config_linux/org.eclipse.equinox.launcher/org.eclipse.equinox.launcher.gtk.linux.x86_64_1.1.1100.v20190907-0426/eclipse_1801.so
7f134717d000-7f134737c000 ---p 00010000 08:12 34344150                   /home/wei/.local/share/code-server/User/globalStorage/redhat.java/0.61.0/config_linux/org.eclipse.equinox.launcher/org.eclipse.equinox.launcher.gtk.linux.x86_64_1.1.1100.v20190907-0426/eclipse_1801.so
7f134737c000-7f134737d000 r--p 0000f000 08:12 34344150                   /home/wei/.local/share/code-server/User/globalStorage/redhat.java/0.61.0/config_linux/org.eclipse.equinox.launcher/org.eclipse.equinox.launcher.gtk.linux.x86_64_1.1.1100.v20190907-0426/eclipse_1801.so
7f134737d000-7f134737e000 rw-p 00010000 08:12 34344150                   /home/wei/.local/share/code-server/User/globalStorage/redhat.java/0.61.0/config_linux/org.eclipse.equinox.launcher/org.eclipse.equinox.launcher.gtk.linux.x86_64_1.1.1100.v20190907-0426/eclipse_1801.so
7f134737e000-7f1347382000 ---p 00000000 00:00 0 
7f1347382000-7f134747f000 rw-p 00000000 00:00 0 
7f134747f000-7f1347483000 ---p 00000000 00:00 0 
7f1347483000-7f1347580000 rw-p 00000000 00:00 0 
7f1347580000-7f1348000000 r--p 00000000 08:12 53485162                   /usr/lib/locale/locale-archive
7f1348000000-7f134827f000 rw-p 00000000 00:00 0 
7f134827f000-7f134c000000 ---p 00000000 00:00 0 
7f134c000000-7f134c021000 rw-p 00000000 00:00 0 
7f134c021000-7f1350000000 ---p 00000000 00:00 0 
7f1350000000-7f1350021000 rw-p 00000000 00:00 0 
7f1350021000-7f1354000000 ---p 00000000 00:00 0 
7f135403e000-7f1354042000 r--p 00000000 08:12 55446380                   /usr/lib/jvm/java-14-openjdk-amd64/lib/libverify.so
7f1354042000-7f1354049000 r-xp 00004000 08:12 55446380                   /usr/lib/jvm/java-14-openjdk-amd64/lib/libverify.so
7f1354049000-7f135404b000 r--p 0000b000 08:12 55446380                   /usr/lib/jvm/java-14-openjdk-amd64/lib/libverify.so
7f135404b000-7f135404d000 r--p 0000c000 08:12 55446380                   /usr/lib/jvm/java-14-openjdk-amd64/lib/libverify.so
7f135404d000-7f135404e000 rw-p 0000e000 08:12 55446380                   /usr/lib/jvm/java-14-openjdk-amd64/lib/libverify.so
7f135404e000-7f1354052000 ---p 00000000 00:00 0 
7f1354052000-7f1354070000 rw-p 00000000 00:00 0 
7f1354070000-7f1354077000 r--s 00000000 08:12 53612333                   /usr/lib/x86_64-linux-gnu/gconv/gconv-modules.cache
7f1354077000-7f1354097000 r--p 00000000 08:12 56375839                   /usr/share/locale-langpack/zh_CN/LC_MESSAGES/libc.mo
7f1354097000-7f135409b000 ---p 00000000 00:00 0 
7f135409b000-7f1354198000 rw-p 00000000 00:00 0 
7f1354198000-7f1354199000 ---p 00000000 00:00 0 
7f1354199000-7f135429a000 rw-p 00000000 00:00 0 
7f135429a000-7f135429e000 ---p 00000000 00:00 0 
7f135429e000-7f135439b000 rw-p 00000000 00:00 0 
7f135439b000-7f135439f000 ---p 00000000 00:00 0 
7f135439f000-7f135449c000 rw-p 00000000 00:00 0 
7f135449c000-7f13544a0000 ---p 00000000 00:00 0 
7f13544a0000-7f135459d000 rw-p 00000000 00:00 0 
7f135459d000-7f13545a1000 ---p 00000000 00:00 0 
7f13545a1000-7f135469e000 rw-p 00000000 00:00 0 
7f135469e000-7f13546a2000 ---p 00000000 00:00 0 
7f13546a2000-7f135479f000 rw-p 00000000 00:00 0 
7f135479f000-7f13547a3000 ---p 00000000 00:00 0 
7f13547a3000-7f13548a0000 rw-p 00000000 00:00 0 
7f13548a0000-7f13548a4000 ---p 00000000 00:00 0 
7f13548a4000-7f13549a1000 rw-p 00000000 00:00 0 
7f13549a1000-7f13549a5000 ---p 00000000 00:00 0 
7f13549a5000-7f1354aa2000 rw-p 00000000 00:00 0 
7f1354aa2000-7f1354aa6000 ---p 00000000 00:00 0 
7f1354aa6000-7f1354ba3000 rw-p 00000000 00:00 0 
7f1354ba3000-7f1354ba4000 ---p 00000000 00:00 0 
7f1354ba4000-7f1357c90000 rw-p 00000000 00:00 0 
7f1357c90000-7f1357f00000 rwxp 00000000 00:00 0 
7f1357f00000-7f1358221000 ---p 00000000 00:00 0 
7f1358221000-7f1358ca1000 rwxp 00000000 00:00 0 
7f1358ca1000-7f135f758000 ---p 00000000 00:00 0 
7f135f758000-7f135f9c8000 rwxp 00000000 00:00 0 
7f135f9c8000-7f1366c90000 ---p 00000000 00:00 0 
7f1366c90000-7f1370000000 r--s 00000000 08:12 55446382                   /usr/lib/jvm/java-14-openjdk-amd64/lib/modules
7f1370000000-7f1370578000 rw-p 00000000 00:00 0 
7f1370578000-7f1374000000 ---p 00000000 00:00 0 
7f1374001000-7f1374005000 r--p 00000000 08:12 55446373                   /usr/lib/jvm/java-14-openjdk-amd64/lib/libnet.so
7f1374005000-7f1374013000 r-xp 00004000 08:12 55446373                   /usr/lib/jvm/java-14-openjdk-amd64/lib/libnet.so
7f1374013000-7f1374017000 r--p 00012000 08:12 55446373                   /usr/lib/jvm/java-14-openjdk-amd64/lib/libnet.so
7f1374017000-7f1374018000 r--p 00015000 08:12 55446373                   /usr/lib/jvm/java-14-openjdk-amd64/lib/libnet.so
7f1374018000-7f1374019000 rw-p 00016000 08:12 55446373                   /usr/lib/jvm/java-14-openjdk-amd64/lib/libnet.so
7f1374019000-7f1374020000 r--p 00000000 08:12 55446374                   /usr/lib/jvm/java-14-openjdk-amd64/lib/libnio.so
7f1374020000-7f1374029000 r-xp 00007000 08:12 55446374                   /usr/lib/jvm/java-14-openjdk-amd64/lib/libnio.so
7f1374029000-7f137402d000 r--p 00010000 08:12 55446374                   /usr/lib/jvm/java-14-openjdk-amd64/lib/libnio.so
7f137402d000-7f137402e000 r--p 00013000 08:12 55446374                   /usr/lib/jvm/java-14-openjdk-amd64/lib/libnio.so
7f137402e000-7f137402f000 rw-p 00014000 08:12 55446374                   /usr/lib/jvm/java-14-openjdk-amd64/lib/libnio.so
7f137402f000-7f1374870000 rw-p 00000000 00:00 0 
7f1374870000-7f1374871000 ---p 00000000 00:00 0 
7f1374871000-7f1374ba8000 rw-p 00000000 00:00 0 
7f1374ba8000-7f1374cdc000 ---p 00000000 00:00 0 
7f1374cdc000-7f1374cfe000 rw-p 00000000 00:00 0 
7f1374cfe000-7f1374e31000 ---p 00000000 00:00 0 
7f1374e31000-7f1374e3f000 rw-p 00000000 00:00 0 
7f1374e3f000-7f1374edc000 ---p 00000000 00:00 0 
7f1374edc000-7f1374ee2000 rw-p 00000000 00:00 0 
7f1374ee2000-7f1374fc8000 ---p 00000000 00:00 0 
7f1374fc8000-7f1374fdd000 rw-p 00000000 00:00 0 
7f1374fdd000-7f13750b3000 ---p 00000000 00:00 0 
7f13750b3000-7f13750b8000 rw-p 00000000 00:00 0 
7f13750b8000-7f13750bf000 ---p 00000000 00:00 0 
7f13750bf000-7f13750c1000 r--p 00000000 08:12 55446381                   /usr/lib/jvm/java-14-openjdk-amd64/lib/libzip.so
7f13750c1000-7f13750c5000 r-xp 00002000 08:12 55446381                   /usr/lib/jvm/java-14-openjdk-amd64/lib/libzip.so
7f13750c5000-7f13750c7000 r--p 00006000 08:12 55446381                   /usr/lib/jvm/java-14-openjdk-amd64/lib/libzip.so
7f13750c7000-7f13750c8000 r--p 00007000 08:12 55446381                   /usr/lib/jvm/java-14-openjdk-amd64/lib/libzip.so
7f13750c8000-7f13750c9000 rw-p 00008000 08:12 55446381                   /usr/lib/jvm/java-14-openjdk-amd64/lib/libzip.so
7f13750c9000-7f13750d6000 r--p 00000000 08:12 55445452                   /usr/lib/jvm/java-14-openjdk-amd64/lib/libjava.so
7f13750d6000-7f13750e9000 r-xp 0000d000 08:12 55445452                   /usr/lib/jvm/java-14-openjdk-amd64/lib/libjava.so
7f13750e9000-7f13750ef000 r--p 00020000 08:12 55445452                   /usr/lib/jvm/java-14-openjdk-amd64/lib/libjava.so
7f13750ef000-7f13750f0000 r--p 00025000 08:12 55445452                   /usr/lib/jvm/java-14-openjdk-amd64/lib/libjava.so
7f13750f0000-7f13750f2000 rw-p 00026000 08:12 55445452                   /usr/lib/jvm/java-14-openjdk-amd64/lib/libjava.so
7f13750f2000-7f13750f5000 r--p 00000000 08:12 53483458                   /usr/lib/x86_64-linux-gnu/libnss_files-2.31.so
7f13750f5000-7f13750fc000 r-xp 00003000 08:12 53483458                   /usr/lib/x86_64-linux-gnu/libnss_files-2.31.so
7f13750fc000-7f13750fe000 r--p 0000a000 08:12 53483458                   /usr/lib/x86_64-linux-gnu/libnss_files-2.31.so
7f13750fe000-7f13750ff000 r--p 0000b000 08:12 53483458                   /usr/lib/x86_64-linux-gnu/libnss_files-2.31.so
7f13750ff000-7f1375100000 rw-p 0000c000 08:12 53483458                   /usr/lib/x86_64-linux-gnu/libnss_files-2.31.so
7f1375100000-7f1375106000 rw-p 00000000 00:00 0 
7f137510a000-7f1375112000 rw-s 00000000 08:12 18481173                   /tmp/hsperfdata_wei/46849
7f1375112000-7f1375116000 ---p 00000000 00:00 0 
7f1375116000-7f1375213000 rw-p 00000000 00:00 0 
7f1375213000-7f1375216000 r--p 00000000 08:12 53483368                   /usr/lib/x86_64-linux-gnu/libgcc_s.so.1
7f1375216000-7f1375228000 r-xp 00003000 08:12 53483368                   /usr/lib/x86_64-linux-gnu/libgcc_s.so.1
7f1375228000-7f137522c000 r--p 00015000 08:12 53483368                   /usr/lib/x86_64-linux-gnu/libgcc_s.so.1
7f137522c000-7f137522d000 r--p 00018000 08:12 53483368                   /usr/lib/x86_64-linux-gnu/libgcc_s.so.1
7f137522d000-7f137522e000 rw-p 00019000 08:12 53483368                   /usr/lib/x86_64-linux-gnu/libgcc_s.so.1
7f137522e000-7f137523d000 r--p 00000000 08:12 53483432                   /usr/lib/x86_64-linux-gnu/libm-2.31.so
7f137523d000-7f13752e4000 r-xp 0000f000 08:12 53483432                   /usr/lib/x86_64-linux-gnu/libm-2.31.so
7f13752e4000-7f137537b000 r--p 000b6000 08:12 53483432                   /usr/lib/x86_64-linux-gnu/libm-2.31.so
7f137537b000-7f137537c000 r--p 0014c000 08:12 53483432                   /usr/lib/x86_64-linux-gnu/libm-2.31.so
7f137537c000-7f137537d000 rw-p 0014d000 08:12 53483432                   /usr/lib/x86_64-linux-gnu/libm-2.31.so
7f137537d000-7f1375413000 r--p 00000000 08:12 53483517                   /usr/lib/x86_64-linux-gnu/libstdc++.so.6.0.28
7f1375413000-7f1375503000 r-xp 00096000 08:12 53483517                   /usr/lib/x86_64-linux-gnu/libstdc++.so.6.0.28
7f1375503000-7f137554c000 r--p 00186000 08:12 53483517                   /usr/lib/x86_64-linux-gnu/libstdc++.so.6.0.28
7f137554c000-7f137554d000 ---p 001cf000 08:12 53483517                   /usr/lib/x86_64-linux-gnu/libstdc++.so.6.0.28
7f137554d000-7f1375558000 r--p 001cf000 08:12 53483517                   /usr/lib/x86_64-linux-gnu/libstdc++.so.6.0.28
7f1375558000-7f137555b000 rw-p 001da000 08:12 53483517                   /usr/lib/x86_64-linux-gnu/libstdc++.so.6.0.28
7f137555b000-7f137555e000 rw-p 00000000 00:00 0 
7f137555e000-7f137578c000 r--p 00000000 08:12 55837997                   /usr/lib/jvm/java-14-openjdk-amd64/lib/server/libjvm.so
7f137578c000-7f13764a7000 r-xp 0022e000 08:12 55837997                   /usr/lib/jvm/java-14-openjdk-amd64/lib/server/libjvm.so
7f13764a7000-7f1376708000 r--p 00f49000 08:12 55837997                   /usr/lib/jvm/java-14-openjdk-amd64/lib/server/libjvm.so
7f1376708000-7f1376709000 ---p 011aa000 08:12 55837997                   /usr/lib/jvm/java-14-openjdk-amd64/lib/server/libjvm.so
7f1376709000-7f13767b0000 r--p 011aa000 08:12 55837997                   /usr/lib/jvm/java-14-openjdk-amd64/lib/server/libjvm.so
7f13767b0000-7f13767ea000 rw-p 01251000 08:12 55837997                   /usr/lib/jvm/java-14-openjdk-amd64/lib/server/libjvm.so
7f13767ea000-7f137686d000 rw-p 00000000 00:00 0 
7f137686d000-7f1376874000 r--p 00000000 08:12 53483493                   /usr/lib/x86_64-linux-gnu/libpthread-2.31.so
7f1376874000-7f1376885000 r-xp 00007000 08:12 53483493                   /usr/lib/x86_64-linux-gnu/libpthread-2.31.so
7f1376885000-7f137688a000 r--p 00018000 08:12 53483493                   /usr/lib/x86_64-linux-gnu/libpthread-2.31.so
7f137688a000-7f137688b000 r--p 0001c000 08:12 53483493                   /usr/lib/x86_64-linux-gnu/libpthread-2.31.so
7f137688b000-7f137688c000 rw-p 0001d000 08:12 53483493                   /usr/lib/x86_64-linux-gnu/libpthread-2.31.so
7f137688c000-7f1376890000 rw-p 00000000 00:00 0 
7f1376890000-7f1376891000 r--p 00000000 08:12 53483340                   /usr/lib/x86_64-linux-gnu/libdl-2.31.so
7f1376891000-7f1376893000 r-xp 00001000 08:12 53483340                   /usr/lib/x86_64-linux-gnu/libdl-2.31.so
7f1376893000-7f1376894000 r--p 00003000 08:12 53483340                   /usr/lib/x86_64-linux-gnu/libdl-2.31.so
7f1376894000-7f1376895000 r--p 00003000 08:12 53483340                   /usr/lib/x86_64-linux-gnu/libdl-2.31.so
7f1376895000-7f1376896000 rw-p 00004000 08:12 53483340                   /usr/lib/x86_64-linux-gnu/libdl-2.31.so
7f1376896000-7f1376898000 r--p 00000000 08:12 53483564                   /usr/lib/x86_64-linux-gnu/libz.so.1.2.11
7f1376898000-7f13768a9000 r-xp 00002000 08:12 53483564                   /usr/lib/x86_64-linux-gnu/libz.so.1.2.11
7f13768a9000-7f13768af000 r--p 00013000 08:12 53483564                   /usr/lib/x86_64-linux-gnu/libz.so.1.2.11
7f13768af000-7f13768b0000 ---p 00019000 08:12 53483564                   /usr/lib/x86_64-linux-gnu/libz.so.1.2.11
7f13768b0000-7f13768b1000 r--p 00019000 08:12 53483564                   /usr/lib/x86_64-linux-gnu/libz.so.1.2.11
7f13768b1000-7f13768b2000 rw-p 0001a000 08:12 53483564                   /usr/lib/x86_64-linux-gnu/libz.so.1.2.11
7f13768b2000-7f13768d7000 r--p 00000000 08:12 53483322                   /usr/lib/x86_64-linux-gnu/libc-2.31.so
7f13768d7000-7f1376a4f000 r-xp 00025000 08:12 53483322                   /usr/lib/x86_64-linux-gnu/libc-2.31.so
7f1376a4f000-7f1376a99000 r--p 0019d000 08:12 53483322                   /usr/lib/x86_64-linux-gnu/libc-2.31.so
7f1376a99000-7f1376a9a000 ---p 001e7000 08:12 53483322                   /usr/lib/x86_64-linux-gnu/libc-2.31.so
7f1376a9a000-7f1376a9d000 r--p 001e7000 08:12 53483322                   /usr/lib/x86_64-linux-gnu/libc-2.31.so
7f1376a9d000-7f1376aa0000 rw-p 001ea000 08:12 53483322                   /usr/lib/x86_64-linux-gnu/libc-2.31.so
7f1376aa0000-7f1376aa4000 rw-p 00000000 00:00 0 
7f1376aa5000-7f1376aa6000 ---p 00000000 00:00 0 
7f1376aa6000-7f1376aa7000 r--p 00000000 00:00 0 
7f1376aa7000-7f1376aa9000 r--p 00000000 08:12 55446364                   /usr/lib/jvm/java-14-openjdk-amd64/lib/libjimage.so
7f1376aa9000-7f1376aac000 r-xp 00002000 08:12 55446364                   /usr/lib/jvm/java-14-openjdk-amd64/lib/libjimage.so
7f1376aac000-7f1376aad000 r--p 00005000 08:12 55446364                   /usr/lib/jvm/java-14-openjdk-amd64/lib/libjimage.so
7f1376aad000-7f1376aae000 ---p 00006000 08:12 55446364                   /usr/lib/jvm/java-14-openjdk-amd64/lib/libjimage.so
7f1376aae000-7f1376aaf000 r--p 00006000 08:12 55446364                   /usr/lib/jvm/java-14-openjdk-amd64/lib/libjimage.so
7f1376aaf000-7f1376ab0000 rw-p 00007000 08:12 55446364                   /usr/lib/jvm/java-14-openjdk-amd64/lib/libjimage.so
7f1376ab0000-7f1376ab3000 r--p 00000000 08:12 55446365                   /usr/lib/jvm/java-14-openjdk-amd64/lib/libjli.so
7f1376ab3000-7f1376abd000 r-xp 00003000 08:12 55446365                   /usr/lib/jvm/java-14-openjdk-amd64/lib/libjli.so
7f1376abd000-7f1376ac0000 r--p 0000d000 08:12 55446365                   /usr/lib/jvm/java-14-openjdk-amd64/lib/libjli.so
7f1376ac0000-7f1376ac1000 r--p 0000f000 08:12 55446365                   /usr/lib/jvm/java-14-openjdk-amd64/lib/libjli.so
7f1376ac1000-7f1376ac2000 rw-p 00010000 08:12 55446365                   /usr/lib/jvm/java-14-openjdk-amd64/lib/libjli.so
7f1376ac2000-7f1376ac4000 rw-p 00000000 00:00 0 
7f1376ac4000-7f1376ac5000 r--p 00000000 08:12 53483291                   /usr/lib/x86_64-linux-gnu/ld-2.31.so
7f1376ac5000-7f1376ae8000 r-xp 00001000 08:12 53483291                   /usr/lib/x86_64-linux-gnu/ld-2.31.so
7f1376ae8000-7f1376af0000 r--p 00024000 08:12 53483291                   /usr/lib/x86_64-linux-gnu/ld-2.31.so
7f1376af0000-7f1376af1000 ---p 00000000 00:00 0 
7f1376af1000-7f1376af2000 r--p 0002c000 08:12 53483291                   /usr/lib/x86_64-linux-gnu/ld-2.31.so
7f1376af2000-7f1376af3000 rw-p 0002d000 08:12 53483291                   /usr/lib/x86_64-linux-gnu/ld-2.31.so
7f1376af3000-7f1376af4000 rw-p 00000000 00:00 0 
7ffdf2dc0000-7ffdf2de1000 rw-p 00000000 00:00 0                          [stack]
7ffdf2dfa000-7ffdf2dfd000 r--p 00000000 00:00 0                          [vvar]
7ffdf2dfd000-7ffdf2dfe000 r-xp 00000000 00:00 0                          [vdso]
ffffffffff600000-ffffffffff601000 --xp 00000000 00:00 0                  [vsyscall]


VM Arguments:
jvm_args: --add-modules=ALL-SYSTEM --add-opens=java.base/java.util=ALL-UNNAMED --add-opens=java.base/java.lang=ALL-UNNAMED -Declipse.application=org.eclipse.jdt.ls.core.id1 -Dosgi.bundles.defaultStartLevel=4 -Declipse.product=org.eclipse.jdt.ls.core.product -Dfile.encoding=UTF-8 -XX:+UseParallelGC -XX:GCTimeRatio=4 -XX:AdaptiveSizePolicyWeight=90 -Dsun.zip.disableMemoryMapping=true -Xmx1G -Xms100m 
java_command: /home/wei/.local/share/code-server/extensions/redhat.java-0.61.0/server/plugins/org.eclipse.equinox.launcher_1.5.700.v20200207-2156.jar -configuration /home/wei/.local/share/code-server/User/globalStorage/redhat.java/0.61.0/config_linux -data /home/wei/.local/share/code-server/User/workspaceStorage/57d28c00/redhat.java/jdt_ws
java_class_path (initial): /home/wei/.local/share/code-server/extensions/redhat.java-0.61.0/server/plugins/org.eclipse.equinox.launcher_1.5.700.v20200207-2156.jar
Launcher Type: SUN_STANDARD

[Global flags]
    uintx AdaptiveSizePolicyWeight                 = 90                                        {product} {command line}
     intx CICompilerCount                          = 3                                         {product} {ergonomic}
    uintx GCTimeRatio                              = 4                                         {product} {command line}
   size_t InitialHeapSize                          = 104857600                                 {product} {command line}
   size_t MaxHeapSize                              = 1073741824                                {product} {command line}
   size_t MaxNewSize                               = 357564416                                 {product} {ergonomic}
   size_t MinHeapDeltaBytes                        = 524288                                    {product} {ergonomic}
   size_t MinHeapSize                              = 104857600                                 {product} {command line}
   size_t NewSize                                  = 34603008                                  {product} {ergonomic}
    uintx NonNMethodCodeHeapSize                   = 5832780                                {pd product} {ergonomic}
    uintx NonProfiledCodeHeapSize                  = 122912730                              {pd product} {ergonomic}
   size_t OldSize                                  = 70254592                                  {product} {ergonomic}
    uintx ProfiledCodeHeapSize                     = 122912730                              {pd product} {ergonomic}
    uintx ReservedCodeCacheSize                    = 251658240                              {pd product} {ergonomic}
     bool SegmentedCodeCache                       = true                                      {product} {ergonomic}
   size_t SoftMaxHeapSize                          = 1073741824                             {manageable} {ergonomic}
     bool UseCompressedClassPointers               = true                                 {lp64_product} {ergonomic}
     bool UseCompressedOops                        = true                                 {lp64_product} {ergonomic}
     bool UseParallelGC                            = true                                      {product} {command line}

Logging:
Log output configuration:
 #0: stdout all=warning uptime,level,tags
 #1: stderr all=off uptime,level,tags

Environment Variables:
PATH=/usr/local/sbin:/usr/local/bin:/usr/sbin:/usr/bin:/sbin:/bin:/usr/games:/usr/local/games:/snap/bin
SHELL=/bin/bash

Signal Handlers:
SIGSEGV: [libjvm.so+0xed87d0], sa_mask[0]=11111111011111111101111111111110, sa_flags=SA_RESTART|SA_SIGINFO
SIGBUS: [libjvm.so+0xed87d0], sa_mask[0]=11111111011111111101111111111110, sa_flags=SA_RESTART|SA_SIGINFO
SIGFPE: [libjvm.so+0xed87d0], sa_mask[0]=11111111011111111101111111111110, sa_flags=SA_RESTART|SA_SIGINFO
SIGPIPE: [libjvm.so+0xb87af0], sa_mask[0]=11111111011111111101111111111110, sa_flags=SA_RESTART|SA_SIGINFO
SIGXFSZ: [libjvm.so+0xb87af0], sa_mask[0]=11111111011111111101111111111110, sa_flags=SA_RESTART|SA_SIGINFO
SIGILL: [libjvm.so+0xed87d0], sa_mask[0]=11111111011111111101111111111110, sa_flags=SA_RESTART|SA_SIGINFO
SIGUSR2: [libjvm.so+0xb87990], sa_mask[0]=00000000000000000000000000000000, sa_flags=SA_RESTART|SA_SIGINFO
SIGHUP: [libjvm.so+0xb880d0], sa_mask[0]=11111111011111111101111111111110, sa_flags=SA_RESTART|SA_SIGINFO
SIGINT: [libjvm.so+0xb880d0], sa_mask[0]=11111111011111111101111111111110, sa_flags=SA_RESTART|SA_SIGINFO
SIGTERM: [libjvm.so+0xb880d0], sa_mask[0]=11111111011111111101111111111110, sa_flags=SA_RESTART|SA_SIGINFO
SIGQUIT: [libjvm.so+0xb880d0], sa_mask[0]=11111111011111111101111111111110, sa_flags=SA_RESTART|SA_SIGINFO


---------------  S Y S T E M  ---------------

OS:DISTRIB_ID=Ubuntu
DISTRIB_RELEASE=20.04
DISTRIB_CODENAME=focal
DISTRIB_DESCRIPTION="Ubuntu 20.04.1 LTS"
uname:Linux 5.4.0-47-generic #51-Ubuntu SMP Fri Sep 4 19:50:52 UTC 2020 x86_64
OS uptime: 0 days 13:54 hours
libc:glibc 2.31 NPTL 2.31 
rlimit: STACK 8192k, CORE 0k, NPROC 14939, NOFILE 1048576, AS infinity, DATA infinity, FSIZE infinity
load average:1.65 3.26 3.38

/proc/meminfo:
MemTotal:        3912032 kB
MemFree:          483916 kB
MemAvailable:    2110308 kB
Buffers:          142324 kB
Cached:          1624680 kB
SwapCached:            0 kB
Active:          2228640 kB
Inactive:         912316 kB
Active(anon):    1368276 kB
Inactive(anon):      476 kB
Active(file):     860364 kB
Inactive(file):   911840 kB
Unevictable:       18584 kB
Mlocked:           18568 kB
SwapTotal:       3911676 kB
SwapFree:        3911676 kB
Dirty:               508 kB
Writeback:             0 kB
AnonPages:       1392816 kB
Mapped:           314520 kB
Shmem:              1680 kB
KReclaimable:     117412 kB
Slab:             208456 kB
SReclaimable:     117412 kB
SUnreclaim:        91044 kB
KernelStack:        7288 kB
PageTables:        13396 kB
NFS_Unstable:          0 kB
Bounce:                0 kB
WritebackTmp:          0 kB
CommitLimit:     5867692 kB
Committed_AS:    3365556 kB
VmallocTotal:   34359738367 kB
VmallocUsed:       19728 kB
VmallocChunk:          0 kB
Percpu:             2752 kB
HardwareCorrupted:     0 kB
AnonHugePages:         0 kB
ShmemHugePages:        0 kB
ShmemPmdMapped:        0 kB
FileHugePages:         0 kB
FilePmdMapped:         0 kB
CmaTotal:              0 kB
CmaFree:               0 kB
HugePages_Total:       0
HugePages_Free:        0
HugePages_Rsvd:        0
HugePages_Surp:        0
Hugepagesize:       2048 kB
Hugetlb:               0 kB
DirectMap4k:      193416 kB
DirectMap2M:     3883008 kB


/proc/sys/kernel/threads-max (system-wide limit on the number of threads):
29878


/proc/sys/vm/max_map_count (maximum number of memory map areas a process may have):
65530


/proc/sys/kernel/pid_max (system-wide limit on number of process identifiers):
4194304



container (cgroup) information:
container_type: cgroupv1
cpu_cpuset_cpus: 0-3
cpu_memory_nodes: 0
active_processor_count: 4
cpu_quota: no quota
cpu_period: 100000
cpu_shares: no shares
memory_limit_in_bytes: unlimited
memory_and_swap_limit_in_bytes: not supported
memory_soft_limit_in_bytes: unlimited
memory_usage_in_bytes: 693075968
memory_max_usage_in_bytes: 979554304

Steal ticks since vm start: 0
Steal ticks percentage since vm start:  0.000

CPU:total 4 (initial active 4) (4 cores per cpu, 1 threads per core) family 6 model 55 stepping 9, cmov, cx8, fxsr, mmx, sse, sse2, sse3, ssse3, sse4.1, sse4.2, popcnt, clmul, erms, 3dnowpref, tsc, tscinvbit
CPU Model and flags from /proc/cpuinfo:
model name	: Intel(R) Celeron(R) CPU  J1900  @ 1.99GHz
flags		: fpu vme de pse tsc msr pae mce cx8 apic sep mtrr pge mca cmov pat pse36 clflush dts acpi mmx fxsr sse sse2 ss ht tm pbe syscall nx rdtscp lm constant_tsc arch_perfmon pebs bts rep_good nopl xtopology tsc_reliable nonstop_tsc cpuid aperfmperf tsc_known_freq pni pclmulqdq dtes64 monitor ds_cpl vmx est tm2 ssse3 cx16 xtpr pdcm sse4_1 sse4_2 movbe popcnt tsc_deadline_timer rdrand lahf_lm 3dnowprefetch epb pti ibrs ibpb stibp tpr_shadow vnmi flexpriority ept vpid tsc_adjust smep erms dtherm ida arat md_clear

Memory: 4k page, physical 3912032k(483916k free), swap 3911676k(3911676k free)

vm_info: OpenJDK 64-Bit Server VM (14.0.1+7-Ubuntu-1ubuntu1) for linux-amd64 JRE (14.0.1+7-Ubuntu-1ubuntu1), built on Apr 18 2020 12:25:53 by "unknown" with gcc 9.3.0

END.
