#
# A fatal error has been detected by the Java Runtime Environment:
#
#  SIGSEGV (0xb) at pc=0x00007f5ec5552615, pid=47155, tid=47200
#
# JRE version: OpenJDK Runtime Environment (14.0.1+7) (build 14.0.1+7-Ubuntu-1ubuntu1)
# Java VM: OpenJDK 64-Bit Server VM (14.0.1+7-Ubuntu-1ubuntu1, mixed mode, sharing, tiered, compressed oops, parallel gc, linux-amd64)
# Problematic frame:
# V  [libjvm.so+0x4ed615]
#
# Core dump will be written. Default location: Core dumps may be processed with "/usr/share/apport/apport %p %s %c %d %P %E" (or dumping to /home/wei/code/java/core.47155)
#
# If you would like to submit a bug report, please visit:
#   Unknown
#

---------------  S U M M A R Y ------------

Command Line: --add-modules=ALL-SYSTEM --add-opens=java.base/java.util=ALL-UNNAMED --add-opens=java.base/java.lang=ALL-UNNAMED -Declipse.application=org.eclipse.jdt.ls.core.id1 -Dosgi.bundles.defaultStartLevel=4 -Declipse.product=org.eclipse.jdt.ls.core.product -Dfile.encoding=UTF-8 -XX:+UseParallelGC -XX:GCTimeRatio=4 -XX:AdaptiveSizePolicyWeight=90 -Dsun.zip.disableMemoryMapping=true -Xmx1G -Xms100m /home/wei/.local/share/code-server/extensions/redhat.java-0.61.0/server/plugins/org.eclipse.equinox.launcher_1.5.700.v20200207-2156.jar -configuration /home/wei/.local/share/code-server/User/globalStorage/redhat.java/0.61.0/config_linux -data /home/wei/.local/share/code-server/User/workspaceStorage/57d28c00/redhat.java/jdt_ws

Host: Intel(R) Celeron(R) CPU  J1900  @ 1.99GHz, 4 cores, 3G, Ubuntu 20.04.1 LTS
Time: Fri Sep 25 09:34:47 2020 CST elapsed time: 10 seconds (0d 0h 0m 10s)

---------------  T H R E A D  ---------------

Current thread (0x00007f5e7c007800):  JavaThread "C2 CompilerThread1" daemon [_thread_in_native, id=47200, stack(0x00007f5e95a5c000,0x00007f5e95b5d000)]


Current CompileTask:
C2:  10998 4476   !   4       org.eclipse.osgi.internal.loader.classpath.ClasspathManager::defineClass (636 bytes)

Stack: [0x00007f5e95a5c000,0x00007f5e95b5d000],  sp=0x00007f5e95b58530,  free space=1009k
Native frames: (J=compiled Java code, A=aot compiled Java code, j=interpreted, Vv=VM code, C=native code)
V  [libjvm.so+0x4ed615]
V  [libjvm.so+0x4f13a7]
V  [libjvm.so+0x57b48b]
V  [libjvm.so+0x57f65a]
V  [libjvm.so+0x4cda1f]
V  [libjvm.so+0x587dda]
V  [libjvm.so+0x589018]
V  [libjvm.so+0xe63f0e]
V  [libjvm.so+0xe68e9f]
V  [libjvm.so+0xb9013f]


siginfo: si_signo: 11 (SIGSEGV), si_code: 2 (SEGV_ACCERR), si_addr: 0x00007f5e30b07bb0

Register to memory mapping:

RAX=0x0000000005564b68 is an unknown value
RBX=0x00007f5e95b589c0 is pointing into the stack for thread: 0x00007f5e7c007800
RCX=0x00007f5e95b586a0 is pointing into the stack for thread: 0x00007f5e7c007800
RDX=0x00000000000821f9 is an unknown value
RSP=0x00007f5e95b58530 is pointing into the stack for thread: 0x00007f5e7c007800
RBP=0x00007f5e95b585e0 is pointing into the stack for thread: 0x00007f5e7c007800
RSI=0x00007f5e2b5a3020 points into unknown readable memory: 00 00 00 00 00 00 00 00
RDI=0x000000000000001a is an unknown value
R8 =0x0 is NULL
R9 =0x0 is NULL
R10=0x0 is NULL
R11=0x0 is NULL
R12=0x00007f5e95b58560 is pointing into the stack for thread: 0x00007f5e7c007800
R13=0x00007f5e95b58530 is pointing into the stack for thread: 0x00007f5e7c007800
R14=0x00000000000821f9 is an unknown value
R15=0x00007f5e95b589c0 is pointing into the stack for thread: 0x00007f5e7c007800


Registers:
RAX=0x0000000005564b68, RBX=0x00007f5e95b589c0, RCX=0x00007f5e95b586a0, RDX=0x00000000000821f9
RSP=0x00007f5e95b58530, RBP=0x00007f5e95b585e0, RSI=0x00007f5e2b5a3020, RDI=0x000000000000001a
R8 =0x0000000000000000, R9 =0x0000000000000000, R10=0x0000000000000000, R11=0x0000000000000000
R12=0x00007f5e95b58560, R13=0x00007f5e95b58530, R14=0x00000000000821f9, R15=0x00007f5e95b589c0
RIP=0x00007f5ec5552615, EFLAGS=0x0000000000010202, CSGSFS=0x002b000000000033, ERR=0x0000000000000004
  TRAPNO=0x000000000000000e

Top of Stack: (sp=0x00007f5e95b58530)
0x00007f5e95b58530:   00002f0000000000 0000003000000001
0x00007f5e95b58540:   0000000000000030 00007f5e88471180
0x00007f5e95b58550:   00007f5e60c6e630 00007f5e3d67b0e0
0x00007f5e95b58560:   00007f5e95b50000 0000000000000000 

Instructions: (pc=0x00007f5ec5552615)
0x00007f5ec5552515:   48 63 82 94 00 00 00 44 8b 82 90 00 00 00 44 39
0x00007f5ec5552525:   c0 7d 11 eb 56 66 0f 1f 44 00 00 48 83 e8 01 41
0x00007f5ec5552535:   39 c0 7f 47 8b 4c 82 38 89 c6 85 c9 74 ed c1 e6
0x00007f5ec5552545:   05 0f bd c9 01 f1 41 39 c9 7f 3a 8b 83 bc 00 00
0x00007f5ec5552555:   00 89 42 28 89 bb bc 00 00 00 83 c7 01 3b bb e0
0x00007f5ec5552565:   00 00 00 72 81 4c 89 e7 e8 9e 90 08 00 48 83 c4
0x00007f5ec5552575:   60 5b 41 5c 5d c3 0f 1f 44 00 00 b9 ff ff ff ff
0x00007f5ec5552585:   41 39 c9 7e c6 8b 83 b8 00 00 00 89 42 28 89 bb
0x00007f5ec5552595:   b8 00 00 00 e9 42 ff ff ff 66 90 f3 0f 1e fa 55
0x00007f5ec55525a5:   48 8d 35 94 f3 a7 00 48 89 e5 41 56 41 55 41 54
0x00007f5ec55525b5:   4c 8d 65 80 53 48 89 fb 4c 89 e7 48 81 ec 90 00
0x00007f5ec55525c5:   00 00 48 8d 05 f2 8e de 00 48 8d 90 60 03 00 00
0x00007f5ec55525d5:   e8 f6 8f 08 00 66 0f 1f 44 00 00 48 83 bb b8 00
0x00007f5ec55525e5:   00 00 00 0f 84 ba 01 00 00 48 8b 4b 70 44 8b b3
0x00007f5ec55525f5:   b8 00 00 00 48 8b 71 20 45 85 f6 0f 84 6a 04 00
0x00007f5ec5552605:   00 44 89 f2 48 8d 04 92 48 8d 04 82 48 c1 e0 03
0x00007f5ec5552615:   8b 74 06 28 89 b3 b8 00 00 00 48 8b 49 20 8b b3
0x00007f5ec5552625:   c4 00 00 00 89 74 01 28 48 8b 7b 70 44 89 b3 c4
0x00007f5ec5552635:   00 00 00 48 8b 4f 20 f6 84 01 a1 00 00 00 20 74
0x00007f5ec5552645:   18 48 8d 04 92 48 c1 e0 05 48 03 47 10 44 8b 28
0x00007f5ec5552655:   45 85 ed 0f 85 82 04 00 00 44 89 f6 e8 ca 65 29
0x00007f5ec5552665:   00 44 8b 10 45 85 d2 0f 84 6e ff ff ff 66 0f 6f
0x00007f5ec5552675:   3d 56 f4 a7 00 0f 29 bd 50 ff ff ff 8b 10 85 d2
0x00007f5ec5552685:   74 03 8b 50 04 89 95 60 ff ff ff 4c 8d ad 50 ff
0x00007f5ec5552695:   ff ff 48 c7 85 68 ff ff ff 00 00 00 00 48 8b 50
0x00007f5ec55526a5:   08 48 89 85 78 ff ff ff 48 89 95 70 ff ff ff 31
0x00007f5ec55526b5:   d2 eb 65 0f 1f 84 00 00 00 00 00 89 d0 31 c9 f3
0x00007f5ec55526c5:   48 0f bc c8 8b 85 54 ff ff ff d3 ea 83 ea 01 01
0x00007f5ec55526d5:   c8 89 95 50 ff ff ff 89 85 54 ff ff ff 85 c0 0f
0x00007f5ec55526e5:   84 f6 fe ff ff 48 8b 73 70 89 c2 48 8d 0c 92 48
0x00007f5ec55526f5:   8b 7e 20 48 8d 14 8a 48 8d 14 d7 0f b7 8a 9c 00
0x00007f5ec5552705:   00 00 44 8b 92 98 00 00 00 41 29 ca 44 39 52 34 


Stack slot to memory mapping:
stack at sp + 0 slots: 0x00002f0000000000 is an unknown value
stack at sp + 1 slots: 0x0000003000000001 is an unknown value
stack at sp + 2 slots: 0x0000000000000030 is an unknown value
stack at sp + 3 slots: 0x00007f5e88471180 points into unknown readable memory: 01 00 00 00 00 00 00 00
stack at sp + 4 slots: 0x00007f5e60c6e630 points into unknown readable memory: 60 f8 31 c6 5e 7f 00 00
stack at sp + 5 slots: 0x00007f5e3d67b0e0 points into unknown readable memory: 08 00 00 00 30 00 00 00
stack at sp + 6 slots: 0x00007f5e95b50000 is pointing into the stack for thread: 0x00007f5e7c007800
stack at sp + 7 slots: 0x0 is NULL


---------------  P R O C E S S  ---------------

Threads class SMR info:
_java_thread_list=0x00007f5e24027140, length=26, elements={
0x00007f5ec0017000, 0x00007f5ec0136000, 0x00007f5ec0138000, 0x00007f5ec013f800,
0x00007f5ec0141800, 0x00007f5ec0143800, 0x00007f5ec0145800, 0x00007f5ec0147000,
0x00007f5ec01a0000, 0x00007f5ec0207000, 0x00007f5ec02d9800, 0x00007f5ec040b000,
0x00007f5ec040e800, 0x00007f5ec0458000, 0x00007f5e6011e000, 0x00007f5e601e5800,
0x00007f5e50009800, 0x00007f5e44001000, 0x00007f5e6028a800, 0x00007f5e7c007800,
0x00007f5ec04c2800, 0x00007f5ec0734800, 0x00007f5e48002000, 0x00007f5e2c001000,
0x00007f5e30001000, 0x00007f5e2c018000
}

Java Threads: ( => current thread )
  0x00007f5ec0017000 JavaThread "main" [_thread_blocked, id=47156, stack(0x00007f5ec4c19000,0x00007f5ec4d1a000)]
  0x00007f5ec0136000 JavaThread "Reference Handler" daemon [_thread_blocked, id=47159, stack(0x00007f5ea4580000,0x00007f5ea4681000)]
  0x00007f5ec0138000 JavaThread "Finalizer" daemon [_thread_blocked, id=47160, stack(0x00007f5ea447f000,0x00007f5ea4580000)]
  0x00007f5ec013f800 JavaThread "Signal Dispatcher" daemon [_thread_blocked, id=47161, stack(0x00007f5ea437e000,0x00007f5ea447f000)]
  0x00007f5ec0141800 JavaThread "Service Thread" daemon [_thread_blocked, id=47162, stack(0x00007f5ea427d000,0x00007f5ea437e000)]
  0x00007f5ec0143800 JavaThread "C2 CompilerThread0" daemon [_thread_blocked, id=47163, stack(0x00007f5ea417c000,0x00007f5ea427d000)]
  0x00007f5ec0145800 JavaThread "C1 CompilerThread0" daemon [_thread_blocked, id=47164, stack(0x00007f5ea407b000,0x00007f5ea417c000)]
  0x00007f5ec0147000 JavaThread "Sweeper thread" daemon [_thread_blocked, id=47165, stack(0x00007f5e9747f000,0x00007f5e97580000)]
  0x00007f5ec01a0000 JavaThread "Common-Cleaner" daemon [_thread_blocked, id=47166, stack(0x00007f5e9737e000,0x00007f5e9747f000)]
  0x00007f5ec0207000 JavaThread "Notification Thread" daemon [_thread_blocked, id=47167, stack(0x00007f5e9727d000,0x00007f5e9737e000)]
  0x00007f5ec02d9800 JavaThread "process reaper" daemon [_thread_blocked, id=47173, stack(0x00007f5ea4059000,0x00007f5ea407b000)]
  0x00007f5ec040b000 JavaThread "Active Thread: Equinox Container: c01fabcb-9723-4495-8574-3d043cb7dc1b" [_thread_blocked, id=47182, stack(0x00007f5e96f79000,0x00007f5e9707a000)]
  0x00007f5ec040e800 JavaThread "Framework Event Dispatcher: Equinox Container: c01fabcb-9723-4495-8574-3d043cb7dc1b" daemon [_thread_blocked, id=47183, stack(0x00007f5e96e78000,0x00007f5e96f79000)]
  0x00007f5ec0458000 JavaThread "Start Level: Equinox Container: c01fabcb-9723-4495-8574-3d043cb7dc1b" daemon [_thread_blocked, id=47184, stack(0x00007f5e96d77000,0x00007f5e96e78000)]
  0x00007f5e6011e000 JavaThread "Worker-JM" [_thread_blocked, id=47190, stack(0x00007f5e9707a000,0x00007f5e9717b000)]
  0x00007f5e601e5800 JavaThread "Worker-0" [_thread_blocked, id=47193, stack(0x00007f5e9635f000,0x00007f5e96460000)]
  0x00007f5e50009800 JavaThread "Worker-1" [_thread_blocked, id=47194, stack(0x00007f5e9605e000,0x00007f5e9615f000)]
  0x00007f5e44001000 JavaThread "Worker-2" [_thread_blocked, id=47195, stack(0x00007f5e95d5d000,0x00007f5e95e5e000)]
  0x00007f5e6028a800 JavaThread "Java indexing" daemon [_thread_blocked, id=47197, stack(0x00007f5e9595b000,0x00007f5e95a5c000)]
=>0x00007f5e7c007800 JavaThread "C2 CompilerThread1" daemon [_thread_in_native, id=47200, stack(0x00007f5e95a5c000,0x00007f5e95b5d000)]
  0x00007f5ec04c2800 JavaThread "pool-2-thread-1" [_thread_blocked, id=47201, stack(0x00007f5e94c5a000,0x00007f5e94d5b000)]
  0x00007f5ec0734800 JavaThread "pool-1-thread-1" [_thread_in_vm, id=47204, stack(0x00007f5e94959000,0x00007f5e94a5a000)]
  0x00007f5e48002000 JavaThread "Worker-3: Initialize workspace" [_thread_blocked, id=47205, stack(0x00007f5e94658000,0x00007f5e94759000)]
  0x00007f5e2c001000 JavaThread "Worker-4" [_thread_blocked, id=47206, stack(0x00007f5e94557000,0x00007f5e94658000)]
  0x00007f5e30001000 JavaThread "Worker-5" [_thread_blocked, id=47207, stack(0x00007f5e94456000,0x00007f5e94557000)]
  0x00007f5e2c018000 JavaThread "Bundle File Closer" daemon [_thread_blocked, id=47208, stack(0x00007f5e94155000,0x00007f5e94256000)]

Other Threads:
  0x00007f5ec0133000 VMThread "VM Thread" [stack: 0x00007f5ea4683000,0x00007f5ea4783000] [id=47158]
  0x00007f5ec0209000 WatcherThread [stack: 0x00007f5e9717d000,0x00007f5e9727d000] [id=47168]
  0x00007f5ec002e800 GCTaskThread "GC Thread#0" [stack: 0x00007f5ec4379000,0x00007f5ec4479000] [id=47157]
  0x00007f5e98005000 GCTaskThread "GC Thread#1" [stack: 0x00007f5e96a66000,0x00007f5e96b66000] [id=47187]
  0x00007f5e98006800 GCTaskThread "GC Thread#2" [stack: 0x00007f5e96964000,0x00007f5e96a64000] [id=47188]
  0x00007f5e98007800 GCTaskThread "GC Thread#3" [stack: 0x00007f5e96862000,0x00007f5e96962000] [id=47189]

Threads with active compile tasks:
C2 CompilerThread0    11018 4939       4       java.lang.ClassLoader::defineClass (43 bytes)
C2 CompilerThread1    11018 4476   !   4       org.eclipse.osgi.internal.loader.classpath.ClasspathManager::defineClass (636 bytes)

VM state:not at safepoint (normal execution)

VM Mutex/Monitor currently owned by a thread: None

Heap address: 0x00000000c0000000, size: 1024 MB, Compressed Oops mode: 32-bit
Narrow klass base: 0x0000000800000000, Narrow klass shift: 3
Compressed class space size: 1073741824 Address: 0x0000000800b18000

Heap:
 PSYoungGen      total 22016K, used 19458K [0x00000000eab00000, 0x00000000ec400000, 0x0000000100000000)
  eden space 19968K, 89% used [0x00000000eab00000,0x00000000ebc7ae00,0x00000000ebe80000)
  from space 2048K, 76% used [0x00000000ec200000,0x00000000ec385a18,0x00000000ec400000)
  to   space 2048K, 0% used [0x00000000ec000000,0x00000000ec000000,0x00000000ec200000)
 ParOldGen       total 68608K, used 34069K [0x00000000c0000000, 0x00000000c4300000, 0x00000000eab00000)
  object space 68608K, 49% used [0x00000000c0000000,0x00000000c2145648,0x00000000c4300000)
 Metaspace       used 47712K, capacity 50125K, committed 50264K, reserved 1093632K
  class space    used 5065K, capacity 5964K, committed 6016K, reserved 1048576K

Card table byte_map: [0x00007f5ec47e3000,0x00007f5ec49e4000] _byte_map_base: 0x00007f5ec41e3000

Marking Bits: (ParMarkBitMap*) 0x00007f5ec633bba0
 Begin Bits: [0x00007f5ea5c90000, 0x00007f5ea6c90000)
 End Bits:   [0x00007f5ea6c90000, 0x00007f5ea7c90000)

Polling page: 0x00007f5ec65ac000

Metaspace:

Usage:
  Non-class:     43.13 MB capacity,    41.65 MB ( 97%) used,     1.39 MB (  3%) free+waste,    87.06 KB ( <1%) overhead. 
      Class:      5.82 MB capacity,     4.95 MB ( 85%) used,   856.80 KB ( 14%) free+waste,    42.00 KB ( <1%) overhead. 
       Both:     48.95 MB capacity,    46.59 MB ( 95%) used,     2.23 MB (  5%) free+waste,   129.06 KB ( <1%) overhead. 

Virtual space:
  Non-class space:       44.00 MB reserved,      43.21 MB ( 98%) committed 
      Class space:        1.00 GB reserved,       5.88 MB ( <1%) committed 
             Both:        1.04 GB reserved,      49.09 MB (  5%) committed 

Chunk freelists:
   Non-Class:  23.00 KB
       Class:  20.00 KB
        Both:  43.00 KB

MaxMetaspaceSize: unlimited
CompressedClassSpaceSize: 1.00 GB

CodeHeap 'non-profiled nmethods': size=120032Kb used=2381Kb max_used=2381Kb free=117650Kb
 bounds [0x00007f5eaf758000, 0x00007f5eaf9c8000, 0x00007f5eb6c90000]
CodeHeap 'profiled nmethods': size=120028Kb used=11257Kb max_used=11257Kb free=108770Kb
 bounds [0x00007f5ea8221000, 0x00007f5ea8d21000, 0x00007f5eaf758000]
CodeHeap 'non-nmethods': size=5700Kb used=1326Kb max_used=1345Kb free=4373Kb
 bounds [0x00007f5ea7c90000, 0x00007f5ea7f00000, 0x00007f5ea8221000]
 total_blobs=6760 nmethods=4884 adapters=540
 compilation: enabled
              stopped_count=0, restarted_count=0
 full_count=0

Compilation events (20 events):
Event: 10.958 Thread 0x00007f5ec0145800 4910       3       org.eclipse.jdt.internal.compiler.codegen.CharArrayCache::putIfAbsent (102 bytes)
Event: 10.962 Thread 0x00007f5ec0145800 nmethod 4910 0x00007f5ea8d11290 code [0x00007f5ea8d11480, 0x00007f5ea8d11aa0]
Event: 10.963 Thread 0x00007f5ec0145800 4911       3       org.eclipse.jdt.internal.compiler.lookup.TypeBinding::equalsEquals (76 bytes)
Event: 10.963 Thread 0x00007f5ec0145800 nmethod 4911 0x00007f5ea8d11d90 code [0x00007f5ea8d11f60, 0x00007f5ea8d126b0]
Event: 10.964 Thread 0x00007f5ec0143800 nmethod 4905 0x00007f5eaf9a8590 code [0x00007f5eaf9a8720, 0x00007f5eaf9a87f8]
Event: 10.964 Thread 0x00007f5ec0145800 4912       3       org.eclipse.core.internal.resources.Resource::getLocalManager (8 bytes)
Event: 10.965 Thread 0x00007f5ec0145800 nmethod 4912 0x00007f5ea8d12810 code [0x00007f5ea8d129a0, 0x00007f5ea8d12af0]
Event: 10.967 Thread 0x00007f5ec0143800 4913       4       java.util.regex.Pattern$BmpCharPredicate$$Lambda$118/0x0000000800d65840::is (13 bytes)
Event: 10.970 Thread 0x00007f5ec0145800 4916       3       java.lang.StringUTF16::indexOfCharUnsafe (30 bytes)
Event: 10.971 Thread 0x00007f5ec0145800 nmethod 4916 0x00007f5ea8d12b90 code [0x00007f5ea8d12d20, 0x00007f5ea8d12f10]
Event: 10.971 Thread 0x00007f5ec0145800 4915       3       org.eclipse.core.internal.events.ResourceComparator::compare (380 bytes)
Event: 10.974 Thread 0x00007f5ec0143800 nmethod 4913 0x00007f5eaf9a8910 code [0x00007f5eaf9a8b20, 0x00007f5eaf9a8e58]
Event: 10.974 Thread 0x00007f5ec0143800 4917       4       org.eclipse.core.runtime.Path::segment (18 bytes)
Event: 10.976 Thread 0x00007f5ec0143800 nmethod 4917 0x00007f5eaf9a9190 code [0x00007f5eaf9a9320, 0x00007f5eaf9a93f8]
Event: 10.977 Thread 0x00007f5ec0145800 nmethod 4915 0x00007f5ea8d13010 code [0x00007f5ea8d13400, 0x00007f5ea8d16b90]
Event: 10.977 Thread 0x00007f5ec0145800 4921       3       org.eclipse.core.internal.events.ResourceDelta::getKind (9 bytes)
Event: 10.977 Thread 0x00007f5ec0145800 nmethod 4921 0x00007f5ea8d17490 code [0x00007f5ea8d17620, 0x00007f5ea8d17750]
Event: 10.977 Thread 0x00007f5ec0145800 4918       1       org.eclipse.core.internal.dtree.DeltaDataTree::getParent (5 bytes)
Event: 10.977 Thread 0x00007f5ec0145800 nmethod 4918 0x00007f5eaf9a9490 code [0x00007f5eaf9a9620, 0x00007f5eaf9a96f0]
Event: 10.977 Thread 0x00007f5ec0145800 4914       3       com.google.gson.stream.JsonWriter::value (24 bytes)

GC Heap History (20 events):
Event: 6.917 GC heap before
{Heap before GC invocations=9 (full 2):
 PSYoungGen      total 29696K, used 6738K [0x00000000eab00000, 0x00000000ed100000, 0x0000000100000000)
  eden space 22528K, 0% used [0x00000000eab00000,0x00000000eab00000,0x00000000ec100000)
  from space 7168K, 94% used [0x00000000ec100000,0x00000000ec7949c0,0x00000000ec800000)
  to   space 7168K, 0% used [0x00000000eca00000,0x00000000eca00000,0x00000000ed100000)
 ParOldGen       total 68608K, used 10040K [0x00000000c0000000, 0x00000000c4300000, 0x00000000eab00000)
  object space 68608K, 14% used [0x00000000c0000000,0x00000000c09ce120,0x00000000c4300000)
 Metaspace       used 33371K, capacity 35043K, committed 35416K, reserved 1081344K
  class space    used 3569K, capacity 4214K, committed 4224K, reserved 1048576K
}
Event: 7.067 GC heap after
{Heap after GC invocations=9 (full 2):
 PSYoungGen      total 29696K, used 0K [0x00000000eab00000, 0x00000000ed100000, 0x0000000100000000)
  eden space 22528K, 0% used [0x00000000eab00000,0x00000000eab00000,0x00000000ec100000)
  from space 7168K, 0% used [0x00000000ec100000,0x00000000ec100000,0x00000000ec800000)
  to   space 7168K, 0% used [0x00000000eca00000,0x00000000eca00000,0x00000000ed100000)
 ParOldGen       total 68608K, used 16355K [0x00000000c0000000, 0x00000000c4300000, 0x00000000eab00000)
  object space 68608K, 23% used [0x00000000c0000000,0x00000000c0ff8fc0,0x00000000c4300000)
 Metaspace       used 33371K, capacity 35043K, committed 35416K, reserved 1081344K
  class space    used 3569K, capacity 4214K, committed 4224K, reserved 1048576K
}
Event: 7.797 GC heap before
{Heap before GC invocations=10 (full 2):
 PSYoungGen      total 29696K, used 22528K [0x00000000eab00000, 0x00000000ed100000, 0x0000000100000000)
  eden space 22528K, 100% used [0x00000000eab00000,0x00000000ec100000,0x00000000ec100000)
  from space 7168K, 0% used [0x00000000ec100000,0x00000000ec100000,0x00000000ec800000)
  to   space 7168K, 0% used [0x00000000eca00000,0x00000000eca00000,0x00000000ed100000)
 ParOldGen       total 68608K, used 16355K [0x00000000c0000000, 0x00000000c4300000, 0x00000000eab00000)
  object space 68608K, 23% used [0x00000000c0000000,0x00000000c0ff8fc0,0x00000000c4300000)
 Metaspace       used 37010K, capacity 39039K, committed 39384K, reserved 1083392K
  class space    used 4022K, capacity 4806K, committed 4864K, reserved 1048576K
}
Event: 7.803 GC heap after
{Heap after GC invocations=10 (full 2):
 PSYoungGen      total 24064K, used 2037K [0x00000000eab00000, 0x00000000ecc00000, 0x0000000100000000)
  eden space 22016K, 0% used [0x00000000eab00000,0x00000000eab00000,0x00000000ec080000)
  from space 2048K, 99% used [0x00000000eca00000,0x00000000ecbfd528,0x00000000ecc00000)
  to   space 4096K, 0% used [0x00000000ec400000,0x00000000ec400000,0x00000000ec800000)
 ParOldGen       total 68608K, used 16363K [0x00000000c0000000, 0x00000000c4300000, 0x00000000eab00000)
  object space 68608K, 23% used [0x00000000c0000000,0x00000000c0ffafc0,0x00000000c4300000)
 Metaspace       used 37010K, capacity 39039K, committed 39384K, reserved 1083392K
  class space    used 4022K, capacity 4806K, committed 4864K, reserved 1048576K
}
Event: 8.443 GC heap before
{Heap before GC invocations=11 (full 2):
 PSYoungGen      total 24064K, used 24053K [0x00000000eab00000, 0x00000000ecc00000, 0x0000000100000000)
  eden space 22016K, 100% used [0x00000000eab00000,0x00000000ec080000,0x00000000ec080000)
  from space 2048K, 99% used [0x00000000eca00000,0x00000000ecbfd528,0x00000000ecc00000)
  to   space 4096K, 0% used [0x00000000ec400000,0x00000000ec400000,0x00000000ec800000)
 ParOldGen       total 68608K, used 16363K [0x00000000c0000000, 0x00000000c4300000, 0x00000000eab00000)
  object space 68608K, 23% used [0x00000000c0000000,0x00000000c0ffafc0,0x00000000c4300000)
 Metaspace       used 40178K, capacity 42270K, committed 42584K, reserved 1087488K
  class space    used 4368K, capacity 5176K, committed 5248K, reserved 1048576K
}
Event: 8.452 GC heap after
{Heap after GC invocations=11 (full 2):
 PSYoungGen      total 26112K, used 4085K [0x00000000eab00000, 0x00000000eca80000, 0x0000000100000000)
  eden space 22016K, 0% used [0x00000000eab00000,0x00000000eab00000,0x00000000ec080000)
  from space 4096K, 99% used [0x00000000ec400000,0x00000000ec7fd598,0x00000000ec800000)
  to   space 2560K, 0% used [0x00000000ec800000,0x00000000ec800000,0x00000000eca80000)
 ParOldGen       total 68608K, used 16419K [0x00000000c0000000, 0x00000000c4300000, 0x00000000eab00000)
  object space 68608K, 23% used [0x00000000c0000000,0x00000000c1008fc0,0x00000000c4300000)
 Metaspace       used 40178K, capacity 42270K, committed 42584K, reserved 1087488K
  class space    used 4368K, capacity 5176K, committed 5248K, reserved 1048576K
}
Event: 8.701 GC heap before
{Heap before GC invocations=12 (full 2):
 PSYoungGen      total 26112K, used 26101K [0x00000000eab00000, 0x00000000eca80000, 0x0000000100000000)
  eden space 22016K, 100% used [0x00000000eab00000,0x00000000ec080000,0x00000000ec080000)
  from space 4096K, 99% used [0x00000000ec400000,0x00000000ec7fd598,0x00000000ec800000)
  to   space 2560K, 0% used [0x00000000ec800000,0x00000000ec800000,0x00000000eca80000)
 ParOldGen       total 68608K, used 16419K [0x00000000c0000000, 0x00000000c4300000, 0x00000000eab00000)
  object space 68608K, 23% used [0x00000000c0000000,0x00000000c1008fc0,0x00000000c4300000)
 Metaspace       used 40377K, capacity 42481K, committed 42840K, reserved 1087488K
  class space    used 4385K, capacity 5182K, committed 5248K, reserved 1048576K
}
Event: 8.716 GC heap after
{Heap after GC invocations=12 (full 2):
 PSYoungGen      total 24576K, used 2528K [0x00000000eab00000, 0x00000000ecd80000, 0x0000000100000000)
  eden space 22016K, 0% used [0x00000000eab00000,0x00000000eab00000,0x00000000ec080000)
  from space 2560K, 98% used [0x00000000ec800000,0x00000000eca780a0,0x00000000eca80000)
  to   space 6656K, 0% used [0x00000000ec080000,0x00000000ec080000,0x00000000ec700000)
 ParOldGen       total 68608K, used 20056K [0x00000000c0000000, 0x00000000c4300000, 0x00000000eab00000)
  object space 68608K, 29% used [0x00000000c0000000,0x00000000c1396138,0x00000000c4300000)
 Metaspace       used 40377K, capacity 42481K, committed 42840K, reserved 1087488K
  class space    used 4385K, capacity 5182K, committed 5248K, reserved 1048576K
}
Event: 8.878 GC heap before
{Heap before GC invocations=13 (full 2):
 PSYoungGen      total 24576K, used 24544K [0x00000000eab00000, 0x00000000ecd80000, 0x0000000100000000)
  eden space 22016K, 100% used [0x00000000eab00000,0x00000000ec080000,0x00000000ec080000)
  from space 2560K, 98% used [0x00000000ec800000,0x00000000eca780a0,0x00000000eca80000)
  to   space 6656K, 0% used [0x00000000ec080000,0x00000000ec080000,0x00000000ec700000)
 ParOldGen       total 68608K, used 20056K [0x00000000c0000000, 0x00000000c4300000, 0x00000000eab00000)
  object space 68608K, 29% used [0x00000000c0000000,0x00000000c1396138,0x00000000c4300000)
 Metaspace       used 40415K, capacity 42481K, committed 42840K, reserved 1087488K
  class space    used 4386K, capacity 5182K, committed 5248K, reserved 1048576K
}
Event: 8.889 GC heap after
{Heap after GC invocations=13 (full 2):
 PSYoungGen      total 24576K, used 2164K [0x00000000eab00000, 0x00000000ec880000, 0x0000000100000000)
  eden space 22016K, 0% used [0x00000000eab00000,0x00000000eab00000,0x00000000ec080000)
  from space 2560K, 84% used [0x00000000ec080000,0x00000000ec29d188,0x00000000ec300000)
  to   space 4096K, 0% used [0x00000000ec480000,0x00000000ec480000,0x00000000ec880000)
 ParOldGen       total 68608K, used 22537K [0x00000000c0000000, 0x00000000c4300000, 0x00000000eab00000)
  object space 68608K, 32% used [0x00000000c0000000,0x00000000c1602570,0x00000000c4300000)
 Metaspace       used 40415K, capacity 42481K, committed 42840K, reserved 1087488K
  class space    used 4386K, capacity 5182K, committed 5248K, reserved 1048576K
}
Event: 9.055 GC heap before
{Heap before GC invocations=14 (full 2):
 PSYoungGen      total 24576K, used 24180K [0x00000000eab00000, 0x00000000ec880000, 0x0000000100000000)
  eden space 22016K, 100% used [0x00000000eab00000,0x00000000ec080000,0x00000000ec080000)
  from space 2560K, 84% used [0x00000000ec080000,0x00000000ec29d188,0x00000000ec300000)
  to   space 4096K, 0% used [0x00000000ec480000,0x00000000ec480000,0x00000000ec880000)
 ParOldGen       total 68608K, used 22537K [0x00000000c0000000, 0x00000000c4300000, 0x00000000eab00000)
  object space 68608K, 32% used [0x00000000c0000000,0x00000000c1602570,0x00000000c4300000)
 Metaspace       used 40544K, capacity 42641K, committed 42840K, reserved 1087488K
  class space    used 4398K, capacity 5214K, committed 5248K, reserved 1048576K
}
Event: 9.066 GC heap after
{Heap after GC invocations=14 (full 2):
 PSYoungGen      total 24576K, used 2400K [0x00000000eab00000, 0x00000000ec700000, 0x0000000100000000)
  eden space 22016K, 0% used [0x00000000eab00000,0x00000000eab00000,0x00000000ec080000)
  from space 2560K, 93% used [0x00000000ec480000,0x00000000ec6d8010,0x00000000ec700000)
  to   space 3072K, 0% used [0x00000000ec100000,0x00000000ec100000,0x00000000ec400000)
 ParOldGen       total 68608K, used 24653K [0x00000000c0000000, 0x00000000c4300000, 0x00000000eab00000)
  object space 68608K, 35% used [0x00000000c0000000,0x00000000c18136f8,0x00000000c4300000)
 Metaspace       used 40544K, capacity 42641K, committed 42840K, reserved 1087488K
  class space    used 4398K, capacity 5214K, committed 5248K, reserved 1048576K
}
Event: 9.169 GC heap before
{Heap before GC invocations=15 (full 2):
 PSYoungGen      total 24576K, used 24416K [0x00000000eab00000, 0x00000000ec700000, 0x0000000100000000)
  eden space 22016K, 100% used [0x00000000eab00000,0x00000000ec080000,0x00000000ec080000)
  from space 2560K, 93% used [0x00000000ec480000,0x00000000ec6d8010,0x00000000ec700000)
  to   space 3072K, 0% used [0x00000000ec100000,0x00000000ec100000,0x00000000ec400000)
 ParOldGen       total 68608K, used 24653K [0x00000000c0000000, 0x00000000c4300000, 0x00000000eab00000)
  object space 68608K, 35% used [0x00000000c0000000,0x00000000c18136f8,0x00000000c4300000)
 Metaspace       used 40544K, capacity 42641K, committed 42840K, reserved 1087488K
  class space    used 4398K, capacity 5214K, committed 5248K, reserved 1048576K
}
Event: 9.183 GC heap after
{Heap after GC invocations=15 (full 2):
 PSYoungGen      total 24576K, used 2464K [0x00000000eab00000, 0x00000000ec580000, 0x0000000100000000)
  eden space 22016K, 0% used [0x00000000eab00000,0x00000000eab00000,0x00000000ec080000)
  from space 2560K, 96% used [0x00000000ec100000,0x00000000ec368010,0x00000000ec380000)
  to   space 2048K, 0% used [0x00000000ec380000,0x00000000ec380000,0x00000000ec580000)
 ParOldGen       total 68608K, used 27002K [0x00000000c0000000, 0x00000000c4300000, 0x00000000eab00000)
  object space 68608K, 39% used [0x00000000c0000000,0x00000000c1a5ea60,0x00000000c4300000)
 Metaspace       used 40544K, capacity 42641K, committed 42840K, reserved 1087488K
  class space    used 4398K, capacity 5214K, committed 5248K, reserved 1048576K
}
Event: 9.288 GC heap before
{Heap before GC invocations=16 (full 2):
 PSYoungGen      total 24576K, used 24480K [0x00000000eab00000, 0x00000000ec580000, 0x0000000100000000)
  eden space 22016K, 100% used [0x00000000eab00000,0x00000000ec080000,0x00000000ec080000)
  from space 2560K, 96% used [0x00000000ec100000,0x00000000ec368010,0x00000000ec380000)
  to   space 2048K, 0% used [0x00000000ec380000,0x00000000ec380000,0x00000000ec580000)
 ParOldGen       total 68608K, used 27002K [0x00000000c0000000, 0x00000000c4300000, 0x00000000eab00000)
  object space 68608K, 39% used [0x00000000c0000000,0x00000000c1a5ea60,0x00000000c4300000)
 Metaspace       used 40546K, capacity 42642K, committed 42840K, reserved 1087488K
  class space    used 4398K, capacity 5214K, committed 5248K, reserved 1048576K
}
Event: 9.300 GC heap after
{Heap after GC invocations=16 (full 2):
 PSYoungGen      total 22016K, used 2048K [0x00000000eab00000, 0x00000000eca80000, 0x0000000100000000)
  eden space 19968K, 0% used [0x00000000eab00000,0x00000000eab00000,0x00000000ebe80000)
  from space 2048K, 100% used [0x00000000ec380000,0x00000000ec580000,0x00000000ec580000)
  to   space 5120K, 0% used [0x00000000ebe80000,0x00000000ebe80000,0x00000000ec380000)
 ParOldGen       total 68608K, used 29618K [0x00000000c0000000, 0x00000000c4300000, 0x00000000eab00000)
  object space 68608K, 43% used [0x00000000c0000000,0x00000000c1ceca70,0x00000000c4300000)
 Metaspace       used 40546K, capacity 42642K, committed 42840K, reserved 1087488K
  class space    used 4398K, capacity 5214K, committed 5248K, reserved 1048576K
}
Event: 9.604 GC heap before
{Heap before GC invocations=17 (full 2):
 PSYoungGen      total 22016K, used 22016K [0x00000000eab00000, 0x00000000eca80000, 0x0000000100000000)
  eden space 19968K, 100% used [0x00000000eab00000,0x00000000ebe80000,0x00000000ebe80000)
  from space 2048K, 100% used [0x00000000ec380000,0x00000000ec580000,0x00000000ec580000)
  to   space 5120K, 0% used [0x00000000ebe80000,0x00000000ebe80000,0x00000000ec380000)
 ParOldGen       total 68608K, used 29618K [0x00000000c0000000, 0x00000000c4300000, 0x00000000eab00000)
  object space 68608K, 43% used [0x00000000c0000000,0x00000000c1ceca70,0x00000000c4300000)
 Metaspace       used 40956K, capacity 43013K, committed 43480K, reserved 1087488K
  class space    used 4426K, capacity 5252K, committed 5376K, reserved 1048576K
}
Event: 9.615 GC heap after
{Heap after GC invocations=17 (full 2):
 PSYoungGen      total 22528K, used 2432K [0x00000000eab00000, 0x00000000ec580000, 0x0000000100000000)
  eden space 19968K, 0% used [0x00000000eab00000,0x00000000eab00000,0x00000000ebe80000)
  from space 2560K, 95% used [0x00000000ebe80000,0x00000000ec0e0000,0x00000000ec100000)
  to   space 3584K, 0% used [0x00000000ec200000,0x00000000ec200000,0x00000000ec580000)
 ParOldGen       total 68608K, used 31680K [0x00000000c0000000, 0x00000000c4300000, 0x00000000eab00000)
  object space 68608K, 46% used [0x00000000c0000000,0x00000000c1ef02f0,0x00000000c4300000)
 Metaspace       used 40956K, capacity 43013K, committed 43480K, reserved 1087488K
  class space    used 4426K, capacity 5252K, committed 5376K, reserved 1048576K
}
Event: 10.339 GC heap before
{Heap before GC invocations=18 (full 2):
 PSYoungGen      total 22528K, used 22400K [0x00000000eab00000, 0x00000000ec580000, 0x0000000100000000)
  eden space 19968K, 100% used [0x00000000eab00000,0x00000000ebe80000,0x00000000ebe80000)
  from space 2560K, 95% used [0x00000000ebe80000,0x00000000ec0e0000,0x00000000ec100000)
  to   space 3584K, 0% used [0x00000000ec200000,0x00000000ec200000,0x00000000ec580000)
 ParOldGen       total 68608K, used 31680K [0x00000000c0000000, 0x00000000c4300000, 0x00000000eab00000)
  object space 68608K, 46% used [0x00000000c0000000,0x00000000c1ef02f0,0x00000000c4300000)
 Metaspace       used 45112K, capacity 47418K, committed 47704K, reserved 1091584K
  class space    used 4829K, capacity 5675K, committed 5760K, reserved 1048576K
}
Event: 10.347 GC heap after
{Heap after GC invocations=18 (full 2):
 PSYoungGen      total 22016K, used 1558K [0x00000000eab00000, 0x00000000ec400000, 0x0000000100000000)
  eden space 19968K, 0% used [0x00000000eab00000,0x00000000eab00000,0x00000000ebe80000)
  from space 2048K, 76% used [0x00000000ec200000,0x00000000ec385a18,0x00000000ec400000)
  to   space 2048K, 0% used [0x00000000ec000000,0x00000000ec000000,0x00000000ec200000)
 ParOldGen       total 68608K, used 34069K [0x00000000c0000000, 0x00000000c4300000, 0x00000000eab00000)
  object space 68608K, 49% used [0x00000000c0000000,0x00000000c2145648,0x00000000c4300000)
 Metaspace       used 45112K, capacity 47418K, committed 47704K, reserved 1091584K
  class space    used 4829K, capacity 5675K, committed 5760K, reserved 1048576K
}

Deoptimization events (20 events):
Event: 10.634 Thread 0x00007f5e2c001000 Uncommon trap: trap_request=0xffffff45 fr.pc=0x00007f5eaf81a3d4 relative=0x00000000000004d4
Event: 10.634 Thread 0x00007f5e2c001000 Uncommon trap: reason=unstable_if action=reinterpret pc=0x00007f5eaf81a3d4 method=java.lang.String.replace(CC)Ljava/lang/String; @ 9 c2
Event: 10.634 Thread 0x00007f5e2c001000 DEOPT PACKING pc=0x00007f5eaf81a3d4 sp=0x00007f5e94655790
Event: 10.634 Thread 0x00007f5e2c001000 DEOPT UNPACKING pc=0x00007f5ea7cd9120 sp=0x00007f5e94655768 mode 2
Event: 10.654 Thread 0x00007f5e2c001000 Uncommon trap: trap_request=0xffffff6e fr.pc=0x00007f5eaf949888 relative=0x00000000000003c8
Event: 10.654 Thread 0x00007f5e2c001000 Uncommon trap: reason=loop_limit_check action=maybe_recompile pc=0x00007f5eaf949888 method=org.eclipse.jdt.internal.compiler.classfmt.ClassFileStruct.utf8At(II)[C @ 143 c2
Event: 10.654 Thread 0x00007f5e2c001000 DEOPT PACKING pc=0x00007f5eaf949888 sp=0x00007f5e94655080
Event: 10.654 Thread 0x00007f5e2c001000 DEOPT UNPACKING pc=0x00007f5ea7cd9120 sp=0x00007f5e94655038 mode 2
Event: 10.720 Thread 0x00007f5e300cc800 DEOPT PACKING pc=0x00007f5ea8ca881a sp=0x00007f5e94152480
Event: 10.720 Thread 0x00007f5e300cc800 DEOPT UNPACKING pc=0x00007f5ea7cd962c sp=0x00007f5e94151918 mode 0
Event: 10.833 Thread 0x00007f5e300cc800 DEOPT PACKING pc=0x00007f5ea8ca881a sp=0x00007f5e94152090
Event: 10.833 Thread 0x00007f5e300cc800 DEOPT UNPACKING pc=0x00007f5ea7cd962c sp=0x00007f5e94151528 mode 0
Event: 10.837 Thread 0x00007f5e300cc800 Uncommon trap: trap_request=0xffffff45 fr.pc=0x00007f5eaf996e3c relative=0x000000000000009c
Event: 10.837 Thread 0x00007f5e300cc800 Uncommon trap: reason=unstable_if action=reinterpret pc=0x00007f5eaf996e3c method=java.util.Hashtable$Enumerator.nextElement()Ljava/lang/Object; @ 87 c2
Event: 10.837 Thread 0x00007f5e300cc800 DEOPT PACKING pc=0x00007f5eaf996e3c sp=0x00007f5e941536f0
Event: 10.838 Thread 0x00007f5e300cc800 DEOPT UNPACKING pc=0x00007f5ea7cd9120 sp=0x00007f5e94153690 mode 2
Event: 10.930 Thread 0x00007f5e300cc800 Uncommon trap: trap_request=0xffffff45 fr.pc=0x00007f5eaf99f7b8 relative=0x0000000000000258
Event: 10.930 Thread 0x00007f5e300cc800 Uncommon trap: reason=unstable_if action=reinterpret pc=0x00007f5eaf99f7b8 method=org.eclipse.jdt.internal.compiler.classfmt.ClassFileStruct.utf8At(II)[C @ 46 c2
Event: 10.930 Thread 0x00007f5e300cc800 DEOPT PACKING pc=0x00007f5eaf99f7b8 sp=0x00007f5e94152fe0
Event: 10.930 Thread 0x00007f5e300cc800 DEOPT UNPACKING pc=0x00007f5ea7cd9120 sp=0x00007f5e94152f98 mode 2

Classes unloaded (0 events):
No events

Classes redefined (0 events):
No events

Internal exceptions (20 events):
Event: 10.557 Thread 0x00007f5e2c001000 Exception <a 'java/lang/NoSuchMethodError'{0x00000000eb6c3f50}: 'int java.lang.invoke.DirectMethodHandle$Holder.invokeVirtual(java.lang.Object, java.lang.Object)'> (0x00000000eb6c3f50) 
thrown [src/hotspot/share/interpreter/linkResolver.cpp, line 765]
Event: 10.581 Thread 0x00007f5e2c001000 Exception <a 'java/lang/ArrayIndexOutOfBoundsException'{0x00000000eb6e79c0}> (0x00000000eb6e79c0) 
thrown [src/hotspot/share/runtime/sharedRuntime.cpp, line 584]
Event: 10.583 Thread 0x00007f5e2c001000 Exception <a 'java/lang/ArrayIndexOutOfBoundsException'{0x00000000eb6f65d8}> (0x00000000eb6f65d8) 
thrown [src/hotspot/share/runtime/sharedRuntime.cpp, line 584]
Event: 10.585 Thread 0x00007f5e2c001000 Exception <a 'java/lang/ArrayIndexOutOfBoundsException'{0x00000000eb6ff590}> (0x00000000eb6ff590) 
thrown [src/hotspot/share/runtime/sharedRuntime.cpp, line 584]
Event: 10.588 Thread 0x00007f5e2c001000 Exception <a 'java/lang/ArrayIndexOutOfBoundsException'{0x00000000eb703b40}> (0x00000000eb703b40) 
thrown [src/hotspot/share/runtime/sharedRuntime.cpp, line 584]
Event: 10.589 Thread 0x00007f5e2c001000 Exception <a 'java/lang/ArrayIndexOutOfBoundsException'{0x00000000eb705c48}> (0x00000000eb705c48) 
thrown [src/hotspot/share/runtime/sharedRuntime.cpp, line 584]
Event: 10.592 Thread 0x00007f5e2c001000 Exception <a 'java/lang/ArrayIndexOutOfBoundsException'{0x00000000eb718700}> (0x00000000eb718700) 
thrown [src/hotspot/share/runtime/sharedRuntime.cpp, line 584]
Event: 10.598 Thread 0x00007f5e2c001000 Exception <a 'java/lang/ArrayIndexOutOfBoundsException'{0x00000000eb751ce8}> (0x00000000eb751ce8) 
thrown [src/hotspot/share/runtime/sharedRuntime.cpp, line 584]
Event: 10.601 Thread 0x00007f5e2c001000 Exception <a 'java/lang/ArrayIndexOutOfBoundsException'{0x00000000eb75a418}> (0x00000000eb75a418) 
thrown [src/hotspot/share/runtime/sharedRuntime.cpp, line 584]
Event: 10.622 Thread 0x00007f5e2c001000 Exception <a 'java/lang/NoSuchMethodError'{0x00000000eb7aa700}: 'int java.lang.invoke.DirectMethodHandle$Holder.invokeVirtual(java.lang.Object, java.lang.Object, java.lang.Object)'> (0x00000000eb7aa700) 
thrown [src/hotspot/share/interpreter/linkResolver.cpp, line 765]
Event: 10.843 Thread 0x00007f5e2c001000 Exception <a 'sun/nio/fs/UnixException'{0x00000000eb806e50}> (0x00000000eb806e50) 
thrown [src/hotspot/share/prims/jni.cpp, line 599]
Event: 10.857 Thread 0x00007f5e2c001000 Exception <a 'sun/nio/fs/UnixException'{0x00000000eba21bf0}> (0x00000000eba21bf0) 
thrown [src/hotspot/share/prims/jni.cpp, line 599]
Event: 10.865 Thread 0x00007f5e2c001000 Exception <a 'sun/nio/fs/UnixException'{0x00000000eba27a58}> (0x00000000eba27a58) 
thrown [src/hotspot/share/prims/jni.cpp, line 599]
Event: 10.866 Thread 0x00007f5e2c001000 Exception <a 'sun/nio/fs/UnixException'{0x00000000eba2ce00}> (0x00000000eba2ce00) 
thrown [src/hotspot/share/prims/jni.cpp, line 599]
Event: 10.873 Thread 0x00007f5e2c001000 Exception <a 'sun/nio/fs/UnixException'{0x00000000eba32d88}> (0x00000000eba32d88) 
thrown [src/hotspot/share/prims/jni.cpp, line 599]
Event: 10.904 Thread 0x00007f5e2c001000 Exception <a 'sun/nio/fs/UnixException'{0x00000000eba38dc0}> (0x00000000eba38dc0) 
thrown [src/hotspot/share/prims/jni.cpp, line 599]
Event: 10.913 Thread 0x00007f5e2c001000 Exception <a 'sun/nio/fs/UnixException'{0x00000000ebad4728}> (0x00000000ebad4728) 
thrown [src/hotspot/share/prims/jni.cpp, line 599]
Event: 10.926 Thread 0x00007f5e2c001000 Exception <a 'sun/nio/fs/UnixException'{0x00000000ebadacd8}> (0x00000000ebadacd8) 
thrown [src/hotspot/share/prims/jni.cpp, line 599]
Event: 10.951 Thread 0x00007f5e2c001000 Exception <a 'sun/nio/fs/UnixException'{0x00000000ebae1c48}> (0x00000000ebae1c48) 
thrown [src/hotspot/share/prims/jni.cpp, line 599]
Event: 10.963 Thread 0x00007f5e2c001000 Exception <a 'sun/nio/fs/UnixException'{0x00000000ebb78fa0}> (0x00000000ebb78fa0) 
thrown [src/hotspot/share/prims/jni.cpp, line 599]

Events (20 events):
Event: 10.846 Executing VM operation: HandshakeOneThread done
Event: 10.856 Executing VM operation: HandshakeOneThread
Event: 10.856 Executing VM operation: HandshakeOneThread done
Event: 10.864 Executing VM operation: HandshakeOneThread
Event: 10.864 Executing VM operation: HandshakeOneThread done
Event: 10.873 Executing VM operation: HandshakeOneThread
Event: 10.873 Executing VM operation: HandshakeOneThread done
Event: 10.903 Executing VM operation: HandshakeOneThread
Event: 10.904 Executing VM operation: HandshakeOneThread done
Event: 10.911 Executing VM operation: BulkRevokeBias
Event: 10.912 Executing VM operation: BulkRevokeBias done
Event: 10.924 Executing VM operation: HandshakeOneThread
Event: 10.924 Executing VM operation: HandshakeOneThread done
Event: 10.949 Executing VM operation: HandshakeOneThread
Event: 10.950 Executing VM operation: HandshakeOneThread done
Event: 10.960 Executing VM operation: HandshakeOneThread
Event: 10.962 Executing VM operation: HandshakeOneThread done
Event: 10.967 Executing VM operation: HandshakeOneThread
Event: 10.967 Executing VM operation: HandshakeOneThread done
Event: 10.967 Thread 0x00007f5e300cc800 Thread exited: 0x00007f5e300cc800


Dynamic libraries:
c0000000-c4300000 rw-p 00000000 00:00 0 
c4300000-eab00000 ---p 00000000 00:00 0 
eab00000-ec400000 rw-p 00000000 00:00 0 
ec400000-100000000 ---p 00000000 00:00 0 
800000000-800003000 rwxp 00001000 08:12 55837995                         /usr/lib/jvm/java-14-openjdk-amd64/lib/server/classes.jsa
800003000-8003e7000 rw-p 00004000 08:12 55837995                         /usr/lib/jvm/java-14-openjdk-amd64/lib/server/classes.jsa
8003e7000-800b17000 r--p 003e8000 08:12 55837995                         /usr/lib/jvm/java-14-openjdk-amd64/lib/server/classes.jsa
800b17000-800b18000 rw-p 00b18000 08:12 55837995                         /usr/lib/jvm/java-14-openjdk-amd64/lib/server/classes.jsa
800b18000-8010f8000 rw-p 00000000 00:00 0 
8010f8000-840b18000 ---p 00000000 00:00 0 
564085eca000-564085ecb000 r--p 00000000 08:12 54920498                   /usr/lib/jvm/java-14-openjdk-amd64/bin/java
564085ecb000-564085ecc000 r-xp 00001000 08:12 54920498                   /usr/lib/jvm/java-14-openjdk-amd64/bin/java
564085ecc000-564085ecd000 r--p 00002000 08:12 54920498                   /usr/lib/jvm/java-14-openjdk-amd64/bin/java
564085ecd000-564085ece000 r--p 00002000 08:12 54920498                   /usr/lib/jvm/java-14-openjdk-amd64/bin/java
564085ece000-564085ecf000 rw-p 00003000 08:12 54920498                   /usr/lib/jvm/java-14-openjdk-amd64/bin/java
564087919000-56408793a000 rw-p 00000000 00:00 0                          [heap]
7f5e1ac90000-7f5e24000000 r--s 00000000 08:12 55446382                   /usr/lib/jvm/java-14-openjdk-amd64/lib/modules
7f5e24000000-7f5e2409c000 rw-p 00000000 00:00 0 
7f5e2409c000-7f5e28000000 ---p 00000000 00:00 0 
7f5e2b5a3000-7f5e2b940000 rw-p 00000000 00:00 0 
7f5e2b940000-7f5e2ba00000 ---p 00000000 00:00 0 
7f5e2ba00000-7f5e2bc00000 rw-p 00000000 00:00 0 
7f5e2bc00000-7f5e2be00000 rw-p 00000000 00:00 0 
7f5e2be00000-7f5e2c000000 rw-p 00000000 00:00 0 
7f5e2c000000-7f5e2c100000 rw-p 00000000 00:00 0 
7f5e2c100000-7f5e30000000 ---p 00000000 00:00 0 
7f5e30000000-7f5e300f2000 rw-p 00000000 00:00 0 
7f5e300f2000-7f5e34000000 ---p 00000000 00:00 0 
7f5e34000000-7f5e34021000 rw-p 00000000 00:00 0 
7f5e34021000-7f5e38000000 ---p 00000000 00:00 0 
7f5e38000000-7f5e3808f000 rw-p 00000000 00:00 0 
7f5e3808f000-7f5e3c000000 ---p 00000000 00:00 0 
7f5e3c000000-7f5e3d91b000 rw-p 00000000 00:00 0 
7f5e3d91b000-7f5e40000000 ---p 00000000 00:00 0 
7f5e40000000-7f5e40021000 rw-p 00000000 00:00 0 
7f5e40021000-7f5e44000000 ---p 00000000 00:00 0 
7f5e44000000-7f5e4403a000 rw-p 00000000 00:00 0 
7f5e4403a000-7f5e48000000 ---p 00000000 00:00 0 
7f5e48000000-7f5e48045000 rw-p 00000000 00:00 0 
7f5e48045000-7f5e4c000000 ---p 00000000 00:00 0 
7f5e4c000000-7f5e4c021000 rw-p 00000000 00:00 0 
7f5e4c021000-7f5e50000000 ---p 00000000 00:00 0 
7f5e50000000-7f5e501a9000 rw-p 00000000 00:00 0 
7f5e501a9000-7f5e54000000 ---p 00000000 00:00 0 
7f5e54000000-7f5e54021000 rw-p 00000000 00:00 0 
7f5e54021000-7f5e58000000 ---p 00000000 00:00 0 
7f5e58000000-7f5e58021000 rw-p 00000000 00:00 0 
7f5e58021000-7f5e5c000000 ---p 00000000 00:00 0 
7f5e5c000000-7f5e5c021000 rw-p 00000000 00:00 0 
7f5e5c021000-7f5e60000000 ---p 00000000 00:00 0 
7f5e60000000-7f5e60ecf000 rw-p 00000000 00:00 0 
7f5e60ecf000-7f5e64000000 ---p 00000000 00:00 0 
7f5e64000000-7f5e64021000 rw-p 00000000 00:00 0 
7f5e64021000-7f5e68000000 ---p 00000000 00:00 0 
7f5e68000000-7f5e68021000 rw-p 00000000 00:00 0 
7f5e68021000-7f5e6c000000 ---p 00000000 00:00 0 
7f5e6c000000-7f5e6c021000 rw-p 00000000 00:00 0 
7f5e6c021000-7f5e70000000 ---p 00000000 00:00 0 
7f5e70000000-7f5e703a3000 rw-p 00000000 00:00 0 
7f5e703a3000-7f5e74000000 ---p 00000000 00:00 0 
7f5e74000000-7f5e74021000 rw-p 00000000 00:00 0 
7f5e74021000-7f5e78000000 ---p 00000000 00:00 0 
7f5e78000000-7f5e78021000 rw-p 00000000 00:00 0 
7f5e78021000-7f5e7c000000 ---p 00000000 00:00 0 
7f5e7c000000-7f5e7c6f2000 rw-p 00000000 00:00 0 
7f5e7c6f2000-7f5e80000000 ---p 00000000 00:00 0 
7f5e80000000-7f5e80021000 rw-p 00000000 00:00 0 
7f5e80021000-7f5e84000000 ---p 00000000 00:00 0 
7f5e84000000-7f5e84021000 rw-p 00000000 00:00 0 
7f5e84021000-7f5e88000000 ---p 00000000 00:00 0 
7f5e88000000-7f5e89184000 rw-p 00000000 00:00 0 
7f5e89184000-7f5e8c000000 ---p 00000000 00:00 0 
7f5e8c000000-7f5e8c021000 rw-p 00000000 00:00 0 
7f5e8c021000-7f5e90000000 ---p 00000000 00:00 0 
7f5e90000000-7f5e90021000 rw-p 00000000 00:00 0 
7f5e90021000-7f5e94000000 ---p 00000000 00:00 0 
7f5e94054000-7f5e94058000 ---p 00000000 00:00 0 
7f5e94058000-7f5e94155000 rw-p 00000000 00:00 0 
7f5e94155000-7f5e94159000 ---p 00000000 00:00 0 
7f5e94159000-7f5e94456000 rw-p 00000000 00:00 0 
7f5e94456000-7f5e9445a000 ---p 00000000 00:00 0 
7f5e9445a000-7f5e94557000 rw-p 00000000 00:00 0 
7f5e94557000-7f5e9455b000 ---p 00000000 00:00 0 
7f5e9455b000-7f5e94658000 rw-p 00000000 00:00 0 
7f5e94658000-7f5e9465c000 ---p 00000000 00:00 0 
7f5e9465c000-7f5e94959000 rw-p 00000000 00:00 0 
7f5e94959000-7f5e9495d000 ---p 00000000 00:00 0 
7f5e9495d000-7f5e94c50000 rw-p 00000000 00:00 0 
7f5e94c50000-7f5e94c5a000 ---p 00000000 00:00 0 
7f5e94c5a000-7f5e94c5e000 ---p 00000000 00:00 0 
7f5e94c5e000-7f5e94f5b000 rw-p 00000000 00:00 0 
7f5e94f5b000-7f5e9515b000 rw-p 00000000 00:00 0 
7f5e9515b000-7f5e9535b000 rw-p 00000000 00:00 0 
7f5e9535b000-7f5e9555b000 rw-p 00000000 00:00 0 
7f5e9555b000-7f5e9575b000 rw-p 00000000 00:00 0 
7f5e9575b000-7f5e9595b000 rw-p 00000000 00:00 0 
7f5e9595b000-7f5e9595f000 ---p 00000000 00:00 0 
7f5e9595f000-7f5e95a5c000 rw-p 00000000 00:00 0 
7f5e95a5c000-7f5e95a60000 ---p 00000000 00:00 0 
7f5e95a60000-7f5e95d5d000 rw-p 00000000 00:00 0 
7f5e95d5d000-7f5e95d61000 ---p 00000000 00:00 0 
7f5e95d61000-7f5e9605e000 rw-p 00000000 00:00 0 
7f5e9605e000-7f5e96062000 ---p 00000000 00:00 0 
7f5e96062000-7f5e9635f000 rw-p 00000000 00:00 0 
7f5e9635f000-7f5e96363000 ---p 00000000 00:00 0 
7f5e96363000-7f5e96660000 rw-p 00000000 00:00 0 
7f5e96660000-7f5e96860000 rw-p 00000000 00:00 0 
7f5e96860000-7f5e96861000 ---p 00000000 00:00 0 
7f5e96861000-7f5e96962000 rw-p 00000000 00:00 0 
7f5e96962000-7f5e96963000 ---p 00000000 00:00 0 
7f5e96963000-7f5e96a64000 rw-p 00000000 00:00 0 
7f5e96a64000-7f5e96a65000 ---p 00000000 00:00 0 
7f5e96a65000-7f5e96b66000 rw-p 00000000 00:00 0 
7f5e96b66000-7f5e96b76000 r-xp 00000000 08:12 34344150                   /home/wei/.local/share/code-server/User/globalStorage/redhat.java/0.61.0/config_linux/org.eclipse.equinox.launcher/org.eclipse.equinox.launcher.gtk.linux.x86_64_1.1.1100.v20190907-0426/eclipse_1801.so
7f5e96b76000-7f5e96d75000 ---p 00010000 08:12 34344150                   /home/wei/.local/share/code-server/User/globalStorage/redhat.java/0.61.0/config_linux/org.eclipse.equinox.launcher/org.eclipse.equinox.launcher.gtk.linux.x86_64_1.1.1100.v20190907-0426/eclipse_1801.so
7f5e96d75000-7f5e96d76000 r--p 0000f000 08:12 34344150                   /home/wei/.local/share/code-server/User/globalStorage/redhat.java/0.61.0/config_linux/org.eclipse.equinox.launcher/org.eclipse.equinox.launcher.gtk.linux.x86_64_1.1.1100.v20190907-0426/eclipse_1801.so
7f5e96d76000-7f5e96d77000 rw-p 00010000 08:12 34344150                   /home/wei/.local/share/code-server/User/globalStorage/redhat.java/0.61.0/config_linux/org.eclipse.equinox.launcher/org.eclipse.equinox.launcher.gtk.linux.x86_64_1.1.1100.v20190907-0426/eclipse_1801.so
7f5e96d77000-7f5e96d7b000 ---p 00000000 00:00 0 
7f5e96d7b000-7f5e96e78000 rw-p 00000000 00:00 0 
7f5e96e78000-7f5e96e7c000 ---p 00000000 00:00 0 
7f5e96e7c000-7f5e96f79000 rw-p 00000000 00:00 0 
7f5e96f79000-7f5e96f7d000 ---p 00000000 00:00 0 
7f5e96f7d000-7f5e9707a000 rw-p 00000000 00:00 0 
7f5e9707a000-7f5e9707e000 ---p 00000000 00:00 0 
7f5e9707e000-7f5e9717b000 rw-p 00000000 00:00 0 
7f5e9717b000-7f5e9717c000 ---p 00000000 00:00 0 
7f5e9717c000-7f5e9727d000 rw-p 00000000 00:00 0 
7f5e9727d000-7f5e97281000 ---p 00000000 00:00 0 
7f5e97281000-7f5e9737e000 rw-p 00000000 00:00 0 
7f5e9737e000-7f5e97382000 ---p 00000000 00:00 0 
7f5e97382000-7f5e9747f000 rw-p 00000000 00:00 0 
7f5e9747f000-7f5e97483000 ---p 00000000 00:00 0 
7f5e97483000-7f5e97580000 rw-p 00000000 00:00 0 
7f5e97580000-7f5e98000000 r--p 00000000 08:12 53485162                   /usr/lib/locale/locale-archive
7f5e98000000-7f5e980b3000 rw-p 00000000 00:00 0 
7f5e980b3000-7f5e9c000000 ---p 00000000 00:00 0 
7f5e9c000000-7f5e9c021000 rw-p 00000000 00:00 0 
7f5e9c021000-7f5ea0000000 ---p 00000000 00:00 0 
7f5ea0000000-7f5ea0021000 rw-p 00000000 00:00 0 
7f5ea0021000-7f5ea4000000 ---p 00000000 00:00 0 
7f5ea4049000-7f5ea404d000 r--p 00000000 08:12 55446380                   /usr/lib/jvm/java-14-openjdk-amd64/lib/libverify.so
7f5ea404d000-7f5ea4054000 r-xp 00004000 08:12 55446380                   /usr/lib/jvm/java-14-openjdk-amd64/lib/libverify.so
7f5ea4054000-7f5ea4056000 r--p 0000b000 08:12 55446380                   /usr/lib/jvm/java-14-openjdk-amd64/lib/libverify.so
7f5ea4056000-7f5ea4058000 r--p 0000c000 08:12 55446380                   /usr/lib/jvm/java-14-openjdk-amd64/lib/libverify.so
7f5ea4058000-7f5ea4059000 rw-p 0000e000 08:12 55446380                   /usr/lib/jvm/java-14-openjdk-amd64/lib/libverify.so
7f5ea4059000-7f5ea405d000 ---p 00000000 00:00 0 
7f5ea405d000-7f5ea407b000 rw-p 00000000 00:00 0 
7f5ea407b000-7f5ea407f000 ---p 00000000 00:00 0 
7f5ea407f000-7f5ea417c000 rw-p 00000000 00:00 0 
7f5ea417c000-7f5ea4180000 ---p 00000000 00:00 0 
7f5ea4180000-7f5ea427d000 rw-p 00000000 00:00 0 
7f5ea427d000-7f5ea4281000 ---p 00000000 00:00 0 
7f5ea4281000-7f5ea437e000 rw-p 00000000 00:00 0 
7f5ea437e000-7f5ea4382000 ---p 00000000 00:00 0 
7f5ea4382000-7f5ea447f000 rw-p 00000000 00:00 0 
7f5ea447f000-7f5ea4483000 ---p 00000000 00:00 0 
7f5ea4483000-7f5ea4580000 rw-p 00000000 00:00 0 
7f5ea4580000-7f5ea4584000 ---p 00000000 00:00 0 
7f5ea4584000-7f5ea4681000 rw-p 00000000 00:00 0 
7f5ea4681000-7f5ea4682000 ---p 00000000 00:00 0 
7f5ea4682000-7f5ea7c90000 rw-p 00000000 00:00 0 
7f5ea7c90000-7f5ea7f00000 rwxp 00000000 00:00 0 
7f5ea7f00000-7f5ea8221000 ---p 00000000 00:00 0 
7f5ea8221000-7f5ea8d21000 rwxp 00000000 00:00 0 
7f5ea8d21000-7f5eaf758000 ---p 00000000 00:00 0 
7f5eaf758000-7f5eaf9c8000 rwxp 00000000 00:00 0 
7f5eaf9c8000-7f5eb6c90000 ---p 00000000 00:00 0 
7f5eb6c90000-7f5ec0000000 r--s 00000000 08:12 55446382                   /usr/lib/jvm/java-14-openjdk-amd64/lib/modules
7f5ec0000000-7f5ec073a000 rw-p 00000000 00:00 0 
7f5ec073a000-7f5ec4000000 ---p 00000000 00:00 0 
7f5ec4003000-7f5ec400a000 r--s 00000000 08:12 53612333                   /usr/lib/x86_64-linux-gnu/gconv/gconv-modules.cache
7f5ec400a000-7f5ec402a000 r--p 00000000 08:12 56375839                   /usr/share/locale-langpack/zh_CN/LC_MESSAGES/libc.mo
7f5ec402a000-7f5ec402e000 r--p 00000000 08:12 55446373                   /usr/lib/jvm/java-14-openjdk-amd64/lib/libnet.so
7f5ec402e000-7f5ec403c000 r-xp 00004000 08:12 55446373                   /usr/lib/jvm/java-14-openjdk-amd64/lib/libnet.so
7f5ec403c000-7f5ec4040000 r--p 00012000 08:12 55446373                   /usr/lib/jvm/java-14-openjdk-amd64/lib/libnet.so
7f5ec4040000-7f5ec4041000 r--p 00015000 08:12 55446373                   /usr/lib/jvm/java-14-openjdk-amd64/lib/libnet.so
7f5ec4041000-7f5ec4042000 rw-p 00016000 08:12 55446373                   /usr/lib/jvm/java-14-openjdk-amd64/lib/libnet.so
7f5ec4042000-7f5ec4049000 r--p 00000000 08:12 55446374                   /usr/lib/jvm/java-14-openjdk-amd64/lib/libnio.so
7f5ec4049000-7f5ec4052000 r-xp 00007000 08:12 55446374                   /usr/lib/jvm/java-14-openjdk-amd64/lib/libnio.so
7f5ec4052000-7f5ec4056000 r--p 00010000 08:12 55446374                   /usr/lib/jvm/java-14-openjdk-amd64/lib/libnio.so
7f5ec4056000-7f5ec4057000 r--p 00013000 08:12 55446374                   /usr/lib/jvm/java-14-openjdk-amd64/lib/libnio.so
7f5ec4057000-7f5ec4058000 rw-p 00014000 08:12 55446374                   /usr/lib/jvm/java-14-openjdk-amd64/lib/libnio.so
7f5ec4058000-7f5ec4377000 rw-p 00000000 00:00 0 
7f5ec4377000-7f5ec4378000 ---p 00000000 00:00 0 
7f5ec4378000-7f5ec46af000 rw-p 00000000 00:00 0 
7f5ec46af000-7f5ec47e3000 ---p 00000000 00:00 0 
7f5ec47e3000-7f5ec4805000 rw-p 00000000 00:00 0 
7f5ec4805000-7f5ec4938000 ---p 00000000 00:00 0 
7f5ec4938000-7f5ec4945000 rw-p 00000000 00:00 0 
7f5ec4945000-7f5ec49e3000 ---p 00000000 00:00 0 
7f5ec49e3000-7f5ec49e9000 rw-p 00000000 00:00 0 
7f5ec49e9000-7f5ec4acf000 ---p 00000000 00:00 0 
7f5ec4acf000-7f5ec4ae5000 rw-p 00000000 00:00 0 
7f5ec4ae5000-7f5ec4bba000 ---p 00000000 00:00 0 
7f5ec4bba000-7f5ec4bbf000 rw-p 00000000 00:00 0 
7f5ec4bbf000-7f5ec4bc6000 ---p 00000000 00:00 0 
7f5ec4bc6000-7f5ec4bc8000 r--p 00000000 08:12 55446381                   /usr/lib/jvm/java-14-openjdk-amd64/lib/libzip.so
7f5ec4bc8000-7f5ec4bcc000 r-xp 00002000 08:12 55446381                   /usr/lib/jvm/java-14-openjdk-amd64/lib/libzip.so
7f5ec4bcc000-7f5ec4bce000 r--p 00006000 08:12 55446381                   /usr/lib/jvm/java-14-openjdk-amd64/lib/libzip.so
7f5ec4bce000-7f5ec4bcf000 r--p 00007000 08:12 55446381                   /usr/lib/jvm/java-14-openjdk-amd64/lib/libzip.so
7f5ec4bcf000-7f5ec4bd0000 rw-p 00008000 08:12 55446381                   /usr/lib/jvm/java-14-openjdk-amd64/lib/libzip.so
7f5ec4bd0000-7f5ec4bdd000 r--p 00000000 08:12 55445452                   /usr/lib/jvm/java-14-openjdk-amd64/lib/libjava.so
7f5ec4bdd000-7f5ec4bf0000 r-xp 0000d000 08:12 55445452                   /usr/lib/jvm/java-14-openjdk-amd64/lib/libjava.so
7f5ec4bf0000-7f5ec4bf6000 r--p 00020000 08:12 55445452                   /usr/lib/jvm/java-14-openjdk-amd64/lib/libjava.so
7f5ec4bf6000-7f5ec4bf7000 r--p 00025000 08:12 55445452                   /usr/lib/jvm/java-14-openjdk-amd64/lib/libjava.so
7f5ec4bf7000-7f5ec4bf9000 rw-p 00026000 08:12 55445452                   /usr/lib/jvm/java-14-openjdk-amd64/lib/libjava.so
7f5ec4bf9000-7f5ec4bfc000 r--p 00000000 08:12 53483458                   /usr/lib/x86_64-linux-gnu/libnss_files-2.31.so
7f5ec4bfc000-7f5ec4c03000 r-xp 00003000 08:12 53483458                   /usr/lib/x86_64-linux-gnu/libnss_files-2.31.so
7f5ec4c03000-7f5ec4c05000 r--p 0000a000 08:12 53483458                   /usr/lib/x86_64-linux-gnu/libnss_files-2.31.so
7f5ec4c05000-7f5ec4c06000 r--p 0000b000 08:12 53483458                   /usr/lib/x86_64-linux-gnu/libnss_files-2.31.so
7f5ec4c06000-7f5ec4c07000 rw-p 0000c000 08:12 53483458                   /usr/lib/x86_64-linux-gnu/libnss_files-2.31.so
7f5ec4c07000-7f5ec4c0d000 rw-p 00000000 00:00 0 
7f5ec4c11000-7f5ec4c19000 rw-s 00000000 08:12 18481173                   /tmp/hsperfdata_wei/47155
7f5ec4c19000-7f5ec4c1d000 ---p 00000000 00:00 0 
7f5ec4c1d000-7f5ec4d1a000 rw-p 00000000 00:00 0 
7f5ec4d1a000-7f5ec4d1d000 r--p 00000000 08:12 53483368                   /usr/lib/x86_64-linux-gnu/libgcc_s.so.1
7f5ec4d1d000-7f5ec4d2f000 r-xp 00003000 08:12 53483368                   /usr/lib/x86_64-linux-gnu/libgcc_s.so.1
7f5ec4d2f000-7f5ec4d33000 r--p 00015000 08:12 53483368                   /usr/lib/x86_64-linux-gnu/libgcc_s.so.1
7f5ec4d33000-7f5ec4d34000 r--p 00018000 08:12 53483368                   /usr/lib/x86_64-linux-gnu/libgcc_s.so.1
7f5ec4d34000-7f5ec4d35000 rw-p 00019000 08:12 53483368                   /usr/lib/x86_64-linux-gnu/libgcc_s.so.1
7f5ec4d35000-7f5ec4d44000 r--p 00000000 08:12 53483432                   /usr/lib/x86_64-linux-gnu/libm-2.31.so
7f5ec4d44000-7f5ec4deb000 r-xp 0000f000 08:12 53483432                   /usr/lib/x86_64-linux-gnu/libm-2.31.so
7f5ec4deb000-7f5ec4e82000 r--p 000b6000 08:12 53483432                   /usr/lib/x86_64-linux-gnu/libm-2.31.so
7f5ec4e82000-7f5ec4e83000 r--p 0014c000 08:12 53483432                   /usr/lib/x86_64-linux-gnu/libm-2.31.so
7f5ec4e83000-7f5ec4e84000 rw-p 0014d000 08:12 53483432                   /usr/lib/x86_64-linux-gnu/libm-2.31.so
7f5ec4e84000-7f5ec4f1a000 r--p 00000000 08:12 53483517                   /usr/lib/x86_64-linux-gnu/libstdc++.so.6.0.28
7f5ec4f1a000-7f5ec500a000 r-xp 00096000 08:12 53483517                   /usr/lib/x86_64-linux-gnu/libstdc++.so.6.0.28
7f5ec500a000-7f5ec5053000 r--p 00186000 08:12 53483517                   /usr/lib/x86_64-linux-gnu/libstdc++.so.6.0.28
7f5ec5053000-7f5ec5054000 ---p 001cf000 08:12 53483517                   /usr/lib/x86_64-linux-gnu/libstdc++.so.6.0.28
7f5ec5054000-7f5ec505f000 r--p 001cf000 08:12 53483517                   /usr/lib/x86_64-linux-gnu/libstdc++.so.6.0.28
7f5ec505f000-7f5ec5062000 rw-p 001da000 08:12 53483517                   /usr/lib/x86_64-linux-gnu/libstdc++.so.6.0.28
7f5ec5062000-7f5ec5065000 rw-p 00000000 00:00 0 
7f5ec5065000-7f5ec5293000 r--p 00000000 08:12 55837997                   /usr/lib/jvm/java-14-openjdk-amd64/lib/server/libjvm.so
7f5ec5293000-7f5ec5fae000 r-xp 0022e000 08:12 55837997                   /usr/lib/jvm/java-14-openjdk-amd64/lib/server/libjvm.so
7f5ec5fae000-7f5ec620f000 r--p 00f49000 08:12 55837997                   /usr/lib/jvm/java-14-openjdk-amd64/lib/server/libjvm.so
7f5ec620f000-7f5ec6210000 ---p 011aa000 08:12 55837997                   /usr/lib/jvm/java-14-openjdk-amd64/lib/server/libjvm.so
7f5ec6210000-7f5ec62b7000 r--p 011aa000 08:12 55837997                   /usr/lib/jvm/java-14-openjdk-amd64/lib/server/libjvm.so
7f5ec62b7000-7f5ec62f1000 rw-p 01251000 08:12 55837997                   /usr/lib/jvm/java-14-openjdk-amd64/lib/server/libjvm.so
7f5ec62f1000-7f5ec6374000 rw-p 00000000 00:00 0 
7f5ec6374000-7f5ec637b000 r--p 00000000 08:12 53483493                   /usr/lib/x86_64-linux-gnu/libpthread-2.31.so
7f5ec637b000-7f5ec638c000 r-xp 00007000 08:12 53483493                   /usr/lib/x86_64-linux-gnu/libpthread-2.31.so
7f5ec638c000-7f5ec6391000 r--p 00018000 08:12 53483493                   /usr/lib/x86_64-linux-gnu/libpthread-2.31.so
7f5ec6391000-7f5ec6392000 r--p 0001c000 08:12 53483493                   /usr/lib/x86_64-linux-gnu/libpthread-2.31.so
7f5ec6392000-7f5ec6393000 rw-p 0001d000 08:12 53483493                   /usr/lib/x86_64-linux-gnu/libpthread-2.31.so
7f5ec6393000-7f5ec6397000 rw-p 00000000 00:00 0 
7f5ec6397000-7f5ec6398000 r--p 00000000 08:12 53483340                   /usr/lib/x86_64-linux-gnu/libdl-2.31.so
7f5ec6398000-7f5ec639a000 r-xp 00001000 08:12 53483340                   /usr/lib/x86_64-linux-gnu/libdl-2.31.so
7f5ec639a000-7f5ec639b000 r--p 00003000 08:12 53483340                   /usr/lib/x86_64-linux-gnu/libdl-2.31.so
7f5ec639b000-7f5ec639c000 r--p 00003000 08:12 53483340                   /usr/lib/x86_64-linux-gnu/libdl-2.31.so
7f5ec639c000-7f5ec639d000 rw-p 00004000 08:12 53483340                   /usr/lib/x86_64-linux-gnu/libdl-2.31.so
7f5ec639d000-7f5ec639f000 r--p 00000000 08:12 53483564                   /usr/lib/x86_64-linux-gnu/libz.so.1.2.11
7f5ec639f000-7f5ec63b0000 r-xp 00002000 08:12 53483564                   /usr/lib/x86_64-linux-gnu/libz.so.1.2.11
7f5ec63b0000-7f5ec63b6000 r--p 00013000 08:12 53483564                   /usr/lib/x86_64-linux-gnu/libz.so.1.2.11
7f5ec63b6000-7f5ec63b7000 ---p 00019000 08:12 53483564                   /usr/lib/x86_64-linux-gnu/libz.so.1.2.11
7f5ec63b7000-7f5ec63b8000 r--p 00019000 08:12 53483564                   /usr/lib/x86_64-linux-gnu/libz.so.1.2.11
7f5ec63b8000-7f5ec63b9000 rw-p 0001a000 08:12 53483564                   /usr/lib/x86_64-linux-gnu/libz.so.1.2.11
7f5ec63b9000-7f5ec63de000 r--p 00000000 08:12 53483322                   /usr/lib/x86_64-linux-gnu/libc-2.31.so
7f5ec63de000-7f5ec6556000 r-xp 00025000 08:12 53483322                   /usr/lib/x86_64-linux-gnu/libc-2.31.so
7f5ec6556000-7f5ec65a0000 r--p 0019d000 08:12 53483322                   /usr/lib/x86_64-linux-gnu/libc-2.31.so
7f5ec65a0000-7f5ec65a1000 ---p 001e7000 08:12 53483322                   /usr/lib/x86_64-linux-gnu/libc-2.31.so
7f5ec65a1000-7f5ec65a4000 r--p 001e7000 08:12 53483322                   /usr/lib/x86_64-linux-gnu/libc-2.31.so
7f5ec65a4000-7f5ec65a7000 rw-p 001ea000 08:12 53483322                   /usr/lib/x86_64-linux-gnu/libc-2.31.so
7f5ec65a7000-7f5ec65ab000 rw-p 00000000 00:00 0 
7f5ec65ac000-7f5ec65ad000 ---p 00000000 00:00 0 
7f5ec65ad000-7f5ec65ae000 r--p 00000000 00:00 0 
7f5ec65ae000-7f5ec65b0000 r--p 00000000 08:12 55446364                   /usr/lib/jvm/java-14-openjdk-amd64/lib/libjimage.so
7f5ec65b0000-7f5ec65b3000 r-xp 00002000 08:12 55446364                   /usr/lib/jvm/java-14-openjdk-amd64/lib/libjimage.so
7f5ec65b3000-7f5ec65b4000 r--p 00005000 08:12 55446364                   /usr/lib/jvm/java-14-openjdk-amd64/lib/libjimage.so
7f5ec65b4000-7f5ec65b5000 ---p 00006000 08:12 55446364                   /usr/lib/jvm/java-14-openjdk-amd64/lib/libjimage.so
7f5ec65b5000-7f5ec65b6000 r--p 00006000 08:12 55446364                   /usr/lib/jvm/java-14-openjdk-amd64/lib/libjimage.so
7f5ec65b6000-7f5ec65b7000 rw-p 00007000 08:12 55446364                   /usr/lib/jvm/java-14-openjdk-amd64/lib/libjimage.so
7f5ec65b7000-7f5ec65ba000 r--p 00000000 08:12 55446365                   /usr/lib/jvm/java-14-openjdk-amd64/lib/libjli.so
7f5ec65ba000-7f5ec65c4000 r-xp 00003000 08:12 55446365                   /usr/lib/jvm/java-14-openjdk-amd64/lib/libjli.so
7f5ec65c4000-7f5ec65c7000 r--p 0000d000 08:12 55446365                   /usr/lib/jvm/java-14-openjdk-amd64/lib/libjli.so
7f5ec65c7000-7f5ec65c8000 r--p 0000f000 08:12 55446365                   /usr/lib/jvm/java-14-openjdk-amd64/lib/libjli.so
7f5ec65c8000-7f5ec65c9000 rw-p 00010000 08:12 55446365                   /usr/lib/jvm/java-14-openjdk-amd64/lib/libjli.so
7f5ec65c9000-7f5ec65cb000 rw-p 00000000 00:00 0 
7f5ec65cb000-7f5ec65cc000 r--p 00000000 08:12 53483291                   /usr/lib/x86_64-linux-gnu/ld-2.31.so
7f5ec65cc000-7f5ec65ef000 r-xp 00001000 08:12 53483291                   /usr/lib/x86_64-linux-gnu/ld-2.31.so
7f5ec65ef000-7f5ec65f7000 r--p 00024000 08:12 53483291                   /usr/lib/x86_64-linux-gnu/ld-2.31.so
7f5ec65f7000-7f5ec65f8000 ---p 00000000 00:00 0 
7f5ec65f8000-7f5ec65f9000 r--p 0002c000 08:12 53483291                   /usr/lib/x86_64-linux-gnu/ld-2.31.so
7f5ec65f9000-7f5ec65fa000 rw-p 0002d000 08:12 53483291                   /usr/lib/x86_64-linux-gnu/ld-2.31.so
7f5ec65fa000-7f5ec65fb000 rw-p 00000000 00:00 0 
7ffd6c2aa000-7ffd6c2cb000 rw-p 00000000 00:00 0                          [stack]
7ffd6c346000-7ffd6c349000 r--p 00000000 00:00 0                          [vvar]
7ffd6c349000-7ffd6c34a000 r-xp 00000000 00:00 0                          [vdso]
ffffffffff600000-ffffffffff601000 --xp 00000000 00:00 0                  [vsyscall]


VM Arguments:
jvm_args: --add-modules=ALL-SYSTEM --add-opens=java.base/java.util=ALL-UNNAMED --add-opens=java.base/java.lang=ALL-UNNAMED -Declipse.application=org.eclipse.jdt.ls.core.id1 -Dosgi.bundles.defaultStartLevel=4 -Declipse.product=org.eclipse.jdt.ls.core.product -Dfile.encoding=UTF-8 -XX:+UseParallelGC -XX:GCTimeRatio=4 -XX:AdaptiveSizePolicyWeight=90 -Dsun.zip.disableMemoryMapping=true -Xmx1G -Xms100m 
java_command: /home/wei/.local/share/code-server/extensions/redhat.java-0.61.0/server/plugins/org.eclipse.equinox.launcher_1.5.700.v20200207-2156.jar -configuration /home/wei/.local/share/code-server/User/globalStorage/redhat.java/0.61.0/config_linux -data /home/wei/.local/share/code-server/User/workspaceStorage/57d28c00/redhat.java/jdt_ws
java_class_path (initial): /home/wei/.local/share/code-server/extensions/redhat.java-0.61.0/server/plugins/org.eclipse.equinox.launcher_1.5.700.v20200207-2156.jar
Launcher Type: SUN_STANDARD

[Global flags]
    uintx AdaptiveSizePolicyWeight                 = 90                                        {product} {command line}
     intx CICompilerCount                          = 3                                         {product} {ergonomic}
    uintx GCTimeRatio                              = 4                                         {product} {command line}
   size_t InitialHeapSize                          = 104857600                                 {product} {command line}
   size_t MaxHeapSize                              = 1073741824                                {product} {command line}
   size_t MaxNewSize                               = 357564416                                 {product} {ergonomic}
   size_t MinHeapDeltaBytes                        = 524288                                    {product} {ergonomic}
   size_t MinHeapSize                              = 104857600                                 {product} {command line}
   size_t NewSize                                  = 34603008                                  {product} {ergonomic}
    uintx NonNMethodCodeHeapSize                   = 5832780                                {pd product} {ergonomic}
    uintx NonProfiledCodeHeapSize                  = 122912730                              {pd product} {ergonomic}
   size_t OldSize                                  = 70254592                                  {product} {ergonomic}
    uintx ProfiledCodeHeapSize                     = 122912730                              {pd product} {ergonomic}
    uintx ReservedCodeCacheSize                    = 251658240                              {pd product} {ergonomic}
     bool SegmentedCodeCache                       = true                                      {product} {ergonomic}
   size_t SoftMaxHeapSize                          = 1073741824                             {manageable} {ergonomic}
     bool UseCompressedClassPointers               = true                                 {lp64_product} {ergonomic}
     bool UseCompressedOops                        = true                                 {lp64_product} {ergonomic}
     bool UseParallelGC                            = true                                      {product} {command line}

Logging:
Log output configuration:
 #0: stdout all=warning uptime,level,tags
 #1: stderr all=off uptime,level,tags

Environment Variables:
PATH=/usr/local/sbin:/usr/local/bin:/usr/sbin:/usr/bin:/sbin:/bin:/usr/games:/usr/local/games:/snap/bin
SHELL=/bin/bash

Signal Handlers:
SIGSEGV: [libjvm.so+0xed87d0], sa_mask[0]=11111111011111111101111111111110, sa_flags=SA_RESTART|SA_SIGINFO
SIGBUS: [libjvm.so+0xed87d0], sa_mask[0]=11111111011111111101111111111110, sa_flags=SA_RESTART|SA_SIGINFO
SIGFPE: [libjvm.so+0xed87d0], sa_mask[0]=11111111011111111101111111111110, sa_flags=SA_RESTART|SA_SIGINFO
SIGPIPE: [libjvm.so+0xb87af0], sa_mask[0]=11111111011111111101111111111110, sa_flags=SA_RESTART|SA_SIGINFO
SIGXFSZ: [libjvm.so+0xb87af0], sa_mask[0]=11111111011111111101111111111110, sa_flags=SA_RESTART|SA_SIGINFO
SIGILL: [libjvm.so+0xed87d0], sa_mask[0]=11111111011111111101111111111110, sa_flags=SA_RESTART|SA_SIGINFO
SIGUSR2: [libjvm.so+0xb87990], sa_mask[0]=00000000000000000000000000000000, sa_flags=SA_RESTART|SA_SIGINFO
SIGHUP: [libjvm.so+0xb880d0], sa_mask[0]=11111111011111111101111111111110, sa_flags=SA_RESTART|SA_SIGINFO
SIGINT: [libjvm.so+0xb880d0], sa_mask[0]=11111111011111111101111111111110, sa_flags=SA_RESTART|SA_SIGINFO
SIGTERM: [libjvm.so+0xb880d0], sa_mask[0]=11111111011111111101111111111110, sa_flags=SA_RESTART|SA_SIGINFO
SIGQUIT: [libjvm.so+0xb880d0], sa_mask[0]=11111111011111111101111111111110, sa_flags=SA_RESTART|SA_SIGINFO


---------------  S Y S T E M  ---------------

OS:DISTRIB_ID=Ubuntu
DISTRIB_RELEASE=20.04
DISTRIB_CODENAME=focal
DISTRIB_DESCRIPTION="Ubuntu 20.04.1 LTS"
uname:Linux 5.4.0-47-generic #51-Ubuntu SMP Fri Sep 4 19:50:52 UTC 2020 x86_64
OS uptime: 0 days 13:55 hours
libc:glibc 2.31 NPTL 2.31 
rlimit: STACK 8192k, CORE 0k, NPROC 14939, NOFILE 1048576, AS infinity, DATA infinity, FSIZE infinity
load average:2.47 3.28 3.38

/proc/meminfo:
MemTotal:        3912032 kB
MemFree:          477316 kB
MemAvailable:    2105872 kB
Buffers:          142540 kB
Cached:          1626616 kB
SwapCached:            0 kB
Active:          2232756 kB
Inactive:         914224 kB
Active(anon):    1372204 kB
Inactive(anon):      472 kB
Active(file):     860552 kB
Inactive(file):   913752 kB
Unevictable:       18584 kB
Mlocked:           18568 kB
SwapTotal:       3911676 kB
SwapFree:        3911676 kB
Dirty:              2480 kB
Writeback:             0 kB
AnonPages:       1396524 kB
Mapped:           314696 kB
Shmem:              1680 kB
KReclaimable:     117544 kB
Slab:             208568 kB
SReclaimable:     117544 kB
SUnreclaim:        91024 kB
KernelStack:        7216 kB
PageTables:        13384 kB
NFS_Unstable:          0 kB
Bounce:                0 kB
WritebackTmp:          0 kB
CommitLimit:     5867692 kB
Committed_AS:    3362676 kB
VmallocTotal:   34359738367 kB
VmallocUsed:       19648 kB
VmallocChunk:          0 kB
Percpu:             2752 kB
HardwareCorrupted:     0 kB
AnonHugePages:         0 kB
ShmemHugePages:        0 kB
ShmemPmdMapped:        0 kB
FileHugePages:         0 kB
FilePmdMapped:         0 kB
CmaTotal:              0 kB
CmaFree:               0 kB
HugePages_Total:       0
HugePages_Free:        0
HugePages_Rsvd:        0
HugePages_Surp:        0
Hugepagesize:       2048 kB
Hugetlb:               0 kB
DirectMap4k:      193416 kB
DirectMap2M:     3883008 kB


/proc/sys/kernel/threads-max (system-wide limit on the number of threads):
29878


/proc/sys/vm/max_map_count (maximum number of memory map areas a process may have):
65530


/proc/sys/kernel/pid_max (system-wide limit on number of process identifiers):
4194304



container (cgroup) information:
container_type: cgroupv1
cpu_cpuset_cpus: 0-3
cpu_memory_nodes: 0
active_processor_count: 4
cpu_quota: no quota
cpu_period: 100000
cpu_shares: no shares
memory_limit_in_bytes: unlimited
memory_and_swap_limit_in_bytes: not supported
memory_soft_limit_in_bytes: unlimited
memory_usage_in_bytes: 699084800
memory_max_usage_in_bytes: 979554304

Steal ticks since vm start: 0
Steal ticks percentage since vm start:  0.000

CPU:total 4 (initial active 4) (4 cores per cpu, 1 threads per core) family 6 model 55 stepping 9, cmov, cx8, fxsr, mmx, sse, sse2, sse3, ssse3, sse4.1, sse4.2, popcnt, clmul, erms, 3dnowpref, tsc, tscinvbit
CPU Model and flags from /proc/cpuinfo:
model name	: Intel(R) Celeron(R) CPU  J1900  @ 1.99GHz
flags		: fpu vme de pse tsc msr pae mce cx8 apic sep mtrr pge mca cmov pat pse36 clflush dts acpi mmx fxsr sse sse2 ss ht tm pbe syscall nx rdtscp lm constant_tsc arch_perfmon pebs bts rep_good nopl xtopology tsc_reliable nonstop_tsc cpuid aperfmperf tsc_known_freq pni pclmulqdq dtes64 monitor ds_cpl vmx est tm2 ssse3 cx16 xtpr pdcm sse4_1 sse4_2 movbe popcnt tsc_deadline_timer rdrand lahf_lm 3dnowprefetch epb pti ibrs ibpb stibp tpr_shadow vnmi flexpriority ept vpid tsc_adjust smep erms dtherm ida arat md_clear

Memory: 4k page, physical 3912032k(478204k free), swap 3911676k(3911676k free)

vm_info: OpenJDK 64-Bit Server VM (14.0.1+7-Ubuntu-1ubuntu1) for linux-amd64 JRE (14.0.1+7-Ubuntu-1ubuntu1), built on Apr 18 2020 12:25:53 by "unknown" with gcc 9.3.0

END.
