#
# A fatal error has been detected by the Java Runtime Environment:
#
#  SIGSEGV (0xb) at pc=0x00007f4a14978615, pid=48229, tid=48270
#
# JRE version: OpenJDK Runtime Environment (14.0.1+7) (build 14.0.1+7-Ubuntu-1ubuntu1)
# Java VM: OpenJDK 64-Bit Server VM (14.0.1+7-Ubuntu-1ubuntu1, mixed mode, sharing, tiered, compressed oops, parallel gc, linux-amd64)
# Problematic frame:
# V  [libjvm.so+0x4ed615]
#
# Core dump will be written. Default location: Core dumps may be processed with "/usr/share/apport/apport %p %s %c %d %P %E" (or dumping to /home/wei/code/java/core.48229)
#
# If you would like to submit a bug report, please visit:
#   Unknown
#

---------------  S U M M A R Y ------------

Command Line: --add-modules=ALL-SYSTEM --add-opens=java.base/java.util=ALL-UNNAMED --add-opens=java.base/java.lang=ALL-UNNAMED -Declipse.application=org.eclipse.jdt.ls.core.id1 -Dosgi.bundles.defaultStartLevel=4 -Declipse.product=org.eclipse.jdt.ls.core.product -Dfile.encoding=UTF-8 -XX:+UseParallelGC -XX:GCTimeRatio=4 -XX:AdaptiveSizePolicyWeight=90 -Dsun.zip.disableMemoryMapping=true -Xmx1G -Xms100m /home/wei/.local/share/code-server/extensions/redhat.java-0.61.0/server/plugins/org.eclipse.equinox.launcher_1.5.700.v20200207-2156.jar -configuration /home/wei/.local/share/code-server/User/globalStorage/redhat.java/0.61.0/config_linux -data /home/wei/.local/share/code-server/User/workspaceStorage/57d28c00/redhat.java/jdt_ws

Host: Intel(R) Celeron(R) CPU  J1900  @ 1.99GHz, 4 cores, 3G, Ubuntu 20.04.1 LTS
Time: Fri Sep 25 09:41:47 2020 CST elapsed time: 4 seconds (0d 0h 0m 4s)

---------------  T H R E A D  ---------------

Current thread (0x00007f49d4342000):  JavaThread "C2 CompilerThread1" daemon [_thread_in_native, id=48270, stack(0x00007f49ece4f000,0x00007f49ecf50000)]


Current CompileTask:
C2:   4270 2277   !   4       org.eclipse.osgi.internal.loader.classpath.ClasspathManager::findClassImpl (308 bytes)

Stack: [0x00007f49ece4f000,0x00007f49ecf50000],  sp=0x00007f49ecf4b530,  free space=1009k
Native frames: (J=compiled Java code, A=aot compiled Java code, j=interpreted, Vv=VM code, C=native code)
V  [libjvm.so+0x4ed615]
V  [libjvm.so+0x4f13a7]
V  [libjvm.so+0x57b48b]
V  [libjvm.so+0x57f65a]
V  [libjvm.so+0x4cda1f]
V  [libjvm.so+0x587dda]
V  [libjvm.so+0x589018]
V  [libjvm.so+0xe63f0e]
V  [libjvm.so+0xe68e9f]
V  [libjvm.so+0xb9013f]


siginfo: si_signo: 11 (SIGSEGV), si_code: 2 (SEGV_ACCERR), si_addr: 0x00007f499986ab88

Register to memory mapping:

RAX=0x00000000054ba4b0 is an unknown value
RBX=0x00007f49ecf4b9c0 is pointing into the stack for thread: 0x00007f49d4342000
RCX=0x00007f49ecf4b6a0 is pointing into the stack for thread: 0x00007f49d4342000
RDX=0x00000000000811be is an unknown value
RSP=0x00007f49ecf4b530 is pointing into the stack for thread: 0x00007f49d4342000
RBP=0x00007f49ecf4b5e0 is pointing into the stack for thread: 0x00007f49d4342000
RSI=0x00007f49943b06b0 points into unknown readable memory: 00 00 00 00 00 00 00 00
RDI=0x000000000000001f is an unknown value
R8 =0x0 is NULL
R9 =0x0 is NULL
R10=0x0 is NULL
R11=0x0 is NULL
R12=0x00007f49ecf4b560 is pointing into the stack for thread: 0x00007f49d4342000
R13=0x00007f49ecf4b530 is pointing into the stack for thread: 0x00007f49d4342000
R14=0x00000000000811be is an unknown value
R15=0x00007f49ecf4b9c0 is pointing into the stack for thread: 0x00007f49d4342000


Registers:
RAX=0x00000000054ba4b0, RBX=0x00007f49ecf4b9c0, RCX=0x00007f49ecf4b6a0, RDX=0x00000000000811be
RSP=0x00007f49ecf4b530, RBP=0x00007f49ecf4b5e0, RSI=0x00007f49943b06b0, RDI=0x000000000000001f
R8 =0x0000000000000000, R9 =0x0000000000000000, R10=0x0000000000000000, R11=0x0000000000000000
R12=0x00007f49ecf4b560, R13=0x00007f49ecf4b530, R14=0x00000000000811be, R15=0x00007f49ecf4b9c0
RIP=0x00007f4a14978615, EFLAGS=0x0000000000010202, CSGSFS=0x002b000000000033, ERR=0x0000000000000004
  TRAPNO=0x000000000000000e

Top of Stack: (sp=0x00007f49ecf4b530)
0x00007f49ecf4b530:   000011c500000000 0000001200000007
0x00007f49ecf4b540:   0000000000000016 00007f49d440a040
0x00007f49ecf4b550:   00007f49d42d4d70 00007f4994257fe0
0x00007f49ecf4b560:   00007f49ecf40000 0000000000000000 

Instructions: (pc=0x00007f4a14978615)
0x00007f4a14978515:   48 63 82 94 00 00 00 44 8b 82 90 00 00 00 44 39
0x00007f4a14978525:   c0 7d 11 eb 56 66 0f 1f 44 00 00 48 83 e8 01 41
0x00007f4a14978535:   39 c0 7f 47 8b 4c 82 38 89 c6 85 c9 74 ed c1 e6
0x00007f4a14978545:   05 0f bd c9 01 f1 41 39 c9 7f 3a 8b 83 bc 00 00
0x00007f4a14978555:   00 89 42 28 89 bb bc 00 00 00 83 c7 01 3b bb e0
0x00007f4a14978565:   00 00 00 72 81 4c 89 e7 e8 9e 90 08 00 48 83 c4
0x00007f4a14978575:   60 5b 41 5c 5d c3 0f 1f 44 00 00 b9 ff ff ff ff
0x00007f4a14978585:   41 39 c9 7e c6 8b 83 b8 00 00 00 89 42 28 89 bb
0x00007f4a14978595:   b8 00 00 00 e9 42 ff ff ff 66 90 f3 0f 1e fa 55
0x00007f4a149785a5:   48 8d 35 94 f3 a7 00 48 89 e5 41 56 41 55 41 54
0x00007f4a149785b5:   4c 8d 65 80 53 48 89 fb 4c 89 e7 48 81 ec 90 00
0x00007f4a149785c5:   00 00 48 8d 05 f2 8e de 00 48 8d 90 60 03 00 00
0x00007f4a149785d5:   e8 f6 8f 08 00 66 0f 1f 44 00 00 48 83 bb b8 00
0x00007f4a149785e5:   00 00 00 0f 84 ba 01 00 00 48 8b 4b 70 44 8b b3
0x00007f4a149785f5:   b8 00 00 00 48 8b 71 20 45 85 f6 0f 84 6a 04 00
0x00007f4a14978605:   00 44 89 f2 48 8d 04 92 48 8d 04 82 48 c1 e0 03
0x00007f4a14978615:   8b 74 06 28 89 b3 b8 00 00 00 48 8b 49 20 8b b3
0x00007f4a14978625:   c4 00 00 00 89 74 01 28 48 8b 7b 70 44 89 b3 c4
0x00007f4a14978635:   00 00 00 48 8b 4f 20 f6 84 01 a1 00 00 00 20 74
0x00007f4a14978645:   18 48 8d 04 92 48 c1 e0 05 48 03 47 10 44 8b 28
0x00007f4a14978655:   45 85 ed 0f 85 82 04 00 00 44 89 f6 e8 ca 65 29
0x00007f4a14978665:   00 44 8b 10 45 85 d2 0f 84 6e ff ff ff 66 0f 6f
0x00007f4a14978675:   3d 56 f4 a7 00 0f 29 bd 50 ff ff ff 8b 10 85 d2
0x00007f4a14978685:   74 03 8b 50 04 89 95 60 ff ff ff 4c 8d ad 50 ff
0x00007f4a14978695:   ff ff 48 c7 85 68 ff ff ff 00 00 00 00 48 8b 50
0x00007f4a149786a5:   08 48 89 85 78 ff ff ff 48 89 95 70 ff ff ff 31
0x00007f4a149786b5:   d2 eb 65 0f 1f 84 00 00 00 00 00 89 d0 31 c9 f3
0x00007f4a149786c5:   48 0f bc c8 8b 85 54 ff ff ff d3 ea 83 ea 01 01
0x00007f4a149786d5:   c8 89 95 50 ff ff ff 89 85 54 ff ff ff 85 c0 0f
0x00007f4a149786e5:   84 f6 fe ff ff 48 8b 73 70 89 c2 48 8d 0c 92 48
0x00007f4a149786f5:   8b 7e 20 48 8d 14 8a 48 8d 14 d7 0f b7 8a 9c 00
0x00007f4a14978705:   00 00 44 8b 92 98 00 00 00 41 29 ca 44 39 52 34 


Stack slot to memory mapping:
stack at sp + 0 slots: 0x000011c500000000 is an unknown value
stack at sp + 1 slots: 0x0000001200000007 is an unknown value
stack at sp + 2 slots: 0x0000000000000016 is an unknown value
stack at sp + 3 slots: 0x00007f49d440a040 points into unknown readable memory: 00 00 00 00 00 00 00 00
stack at sp + 4 slots: 0x00007f49d42d4d70 points into unknown readable memory: 60 d1 40 d4 49 7f 00 00
stack at sp + 5 slots: 0x00007f4994257fe0 points into unknown readable memory: 0a 00 00 00 16 00 00 00
stack at sp + 6 slots: 0x00007f49ecf40000 is pointing into the stack for thread: 0x00007f49d4342000
stack at sp + 7 slots: 0x0 is NULL


---------------  P R O C E S S  ---------------

Threads class SMR info:
_java_thread_list=0x00007f49a8481dc0, length=20, elements={
0x00007f4a10017000, 0x00007f4a10136000, 0x00007f4a10138000, 0x00007f4a1013f800,
0x00007f4a10141800, 0x00007f4a10143800, 0x00007f4a10145800, 0x00007f4a10147000,
0x00007f4a10198000, 0x00007f4a101f7000, 0x00007f4a102b2000, 0x00007f4a10413000,
0x00007f4a1045c800, 0x00007f4a10461000, 0x00007f49a811e000, 0x00007f49a81e5800,
0x00007f4998009800, 0x00007f499c001800, 0x00007f49d4342000, 0x00007f49a8480800
}

Java Threads: ( => current thread )
  0x00007f4a10017000 JavaThread "main" [_thread_blocked, id=48230, stack(0x00007f4a1403f000,0x00007f4a14140000)]
  0x00007f4a10136000 JavaThread "Reference Handler" daemon [_thread_blocked, id=48233, stack(0x00007f49ef8f8000,0x00007f49ef9f9000)]
  0x00007f4a10138000 JavaThread "Finalizer" daemon [_thread_blocked, id=48234, stack(0x00007f49ef7f7000,0x00007f49ef8f8000)]
  0x00007f4a1013f800 JavaThread "Signal Dispatcher" daemon [_thread_blocked, id=48235, stack(0x00007f49eec76000,0x00007f49eed77000)]
  0x00007f4a10141800 JavaThread "Service Thread" daemon [_thread_blocked, id=48236, stack(0x00007f49eeb75000,0x00007f49eec76000)]
  0x00007f4a10143800 JavaThread "C2 CompilerThread0" daemon [_thread_in_native, id=48237, stack(0x00007f49eea74000,0x00007f49eeb75000)]
  0x00007f4a10145800 JavaThread "C1 CompilerThread0" daemon [_thread_blocked, id=48238, stack(0x00007f49ee973000,0x00007f49eea74000)]
  0x00007f4a10147000 JavaThread "Sweeper thread" daemon [_thread_blocked, id=48239, stack(0x00007f49ee872000,0x00007f49ee973000)]
  0x00007f4a10198000 JavaThread "Common-Cleaner" daemon [_thread_blocked, id=48240, stack(0x00007f49ee771000,0x00007f49ee872000)]
  0x00007f4a101f7000 JavaThread "Notification Thread" daemon [_thread_blocked, id=48241, stack(0x00007f49ee670000,0x00007f49ee771000)]
  0x00007f4a102b2000 JavaThread "process reaper" daemon [_thread_blocked, id=48246, stack(0x00007f49f408d000,0x00007f49f40af000)]
  0x00007f4a10413000 JavaThread "Active Thread: Equinox Container: a0179770-b123-42b3-8311-6347d86172e0" [_thread_blocked, id=48251, stack(0x00007f49ee36c000,0x00007f49ee46d000)]
  0x00007f4a1045c800 JavaThread "Framework Event Dispatcher: Equinox Container: a0179770-b123-42b3-8311-6347d86172e0" daemon [_thread_blocked, id=48257, stack(0x00007f49ee26b000,0x00007f49ee36c000)]
  0x00007f4a10461000 JavaThread "Start Level: Equinox Container: a0179770-b123-42b3-8311-6347d86172e0" daemon [_thread_in_vm, id=48258, stack(0x00007f49ee16a000,0x00007f49ee26b000)]
  0x00007f49a811e000 JavaThread "Worker-JM" [_thread_blocked, id=48264, stack(0x00007f49ee46d000,0x00007f49ee56e000)]
  0x00007f49a81e5800 JavaThread "Worker-0" [_thread_blocked, id=48267, stack(0x00007f49ed752000,0x00007f49ed853000)]
  0x00007f4998009800 JavaThread "Worker-1" [_thread_blocked, id=48268, stack(0x00007f49ed451000,0x00007f49ed552000)]
  0x00007f499c001800 JavaThread "Worker-2" [_thread_blocked, id=48269, stack(0x00007f49ed150000,0x00007f49ed251000)]
=>0x00007f49d4342000 JavaThread "C2 CompilerThread1" daemon [_thread_in_native, id=48270, stack(0x00007f49ece4f000,0x00007f49ecf50000)]
  0x00007f49a8480800 JavaThread "Java indexing" daemon [_thread_blocked, id=48271, stack(0x00007f49ecd4e000,0x00007f49ece4f000)]

Other Threads:
  0x00007f4a10133000 VMThread "VM Thread" [stack: 0x00007f49ef9fb000,0x00007f49efafb000] [id=48232]
  0x00007f4a101f9800 WatcherThread [stack: 0x00007f49ee570000,0x00007f49ee670000] [id=48242]
  0x00007f4a1002e800 GCTaskThread "GC Thread#0" [stack: 0x00007f49f5426000,0x00007f49f5526000] [id=48231]
  0x00007f49e8005000 GCTaskThread "GC Thread#1" [stack: 0x00007f49ee06a000,0x00007f49ee16a000] [id=48259]
  0x00007f49e8006800 GCTaskThread "GC Thread#2" [stack: 0x00007f49edf68000,0x00007f49ee068000] [id=48260]
  0x00007f49e8007800 GCTaskThread "GC Thread#3" [stack: 0x00007f49ede66000,0x00007f49edf66000] [id=48261]

Threads with active compile tasks:
C2 CompilerThread0     4289 2345       4       java.io.InputStreamReader::read (11 bytes)
C2 CompilerThread1     4289 2277   !   4       org.eclipse.osgi.internal.loader.classpath.ClasspathManager::findClassImpl (308 bytes)

VM state:not at safepoint (normal execution)

VM Mutex/Monitor currently owned by a thread: None

Heap address: 0x00000000c0000000, size: 1024 MB, Compressed Oops mode: 32-bit
Narrow klass base: 0x0000000800000000, Narrow klass shift: 3
Compressed class space size: 1073741824 Address: 0x0000000800b18000

Heap:
 PSYoungGen      total 29696K, used 19403K [0x00000000eab00000, 0x00000000ecc00000, 0x0000000100000000)
  eden space 25600K, 75% used [0x00000000eab00000,0x00000000ebdf2e20,0x00000000ec400000)
  from space 4096K, 0% used [0x00000000ec400000,0x00000000ec400000,0x00000000ec800000)
  to   space 4096K, 0% used [0x00000000ec800000,0x00000000ec800000,0x00000000ecc00000)
 ParOldGen       total 68608K, used 8776K [0x00000000c0000000, 0x00000000c4300000, 0x00000000eab00000)
  object space 68608K, 12% used [0x00000000c0000000,0x00000000c0892130,0x00000000c4300000)
 Metaspace       used 23234K, capacity 24471K, committed 24832K, reserved 1071104K
  class space    used 2328K, capacity 2807K, committed 2816K, reserved 1048576K

Card table byte_map: [0x00007f49f7890000,0x00007f49f7a91000] _byte_map_base: 0x00007f49f7290000

Marking Bits: (ParMarkBitMap*) 0x00007f4a15761ba0
 Begin Bits: [0x00007f49f573a000, 0x00007f49f673a000)
 End Bits:   [0x00007f49f673a000, 0x00007f49f773a000)

Polling page: 0x00007f4a159d2000

Metaspace:

Usage:
  Non-class:     21.16 MB capacity,    20.42 MB ( 97%) used,   716.94 KB (  3%) free+waste,    40.38 KB ( <1%) overhead. 
      Class:      2.74 MB capacity,     2.27 MB ( 83%) used,   458.62 KB ( 16%) free+waste,    20.25 KB ( <1%) overhead. 
       Both:     23.90 MB capacity,    22.69 MB ( 95%) used,     1.15 MB (  5%) free+waste,    60.62 KB ( <1%) overhead. 

Virtual space:
  Non-class space:       22.00 MB reserved,      21.50 MB ( 98%) committed 
      Class space:        1.00 GB reserved,       2.75 MB ( <1%) committed 
             Both:        1.02 GB reserved,      24.25 MB (  2%) committed 

Chunk freelists:
   Non-Class:  104.00 KB
       Class:  9.00 KB
        Both:  113.00 KB

MaxMetaspaceSize: unlimited
CompressedClassSpaceSize: 1.00 GB

CodeHeap 'non-profiled nmethods': size=120032Kb used=875Kb max_used=875Kb free=119156Kb
 bounds [0x00007f49ff72f000, 0x00007f49ff99f000, 0x00007f4a06c67000]
CodeHeap 'profiled nmethods': size=120028Kb used=4941Kb max_used=4941Kb free=115086Kb
 bounds [0x00007f49f81f8000, 0x00007f49f86d8000, 0x00007f49ff72f000]
CodeHeap 'non-nmethods': size=5700Kb used=1244Kb max_used=1262Kb free=4455Kb
 bounds [0x00007f49f7c67000, 0x00007f49f7ed7000, 0x00007f49f81f8000]
 total_blobs=3471 nmethods=2371 adapters=436
 compilation: enabled
              stopped_count=0, restarted_count=0
 full_count=0

Compilation events (20 events):
Event: 4.214 Thread 0x00007f4a10145800 2369       2       org.codehaus.plexus.util.xml.pull.MXParser::getName (84 bytes)
Event: 4.215 Thread 0x00007f4a10145800 nmethod 2369 0x00007f49f86c1690 code [0x00007f49f86c1840, 0x00007f49f86c1b70]
Event: 4.225 Thread 0x00007f4a10145800 2370   !   2       org.eclipse.osgi.internal.container.AtomicLazyInitializer::getInitialized (70 bytes)
Event: 4.226 Thread 0x00007f4a10145800 nmethod 2370 0x00007f49f86c1d90 code [0x00007f49f86c1f40, 0x00007f49f86c2340]
Event: 4.227 Thread 0x00007f4a10145800 2371   !   2       java.lang.ClassLoader::loadClass (122 bytes)
Event: 4.230 Thread 0x00007f4a10145800 nmethod 2371 0x00007f49f86c2590 code [0x00007f49f86c2860, 0x00007f49f86c3bd0]
Event: 4.235 Thread 0x00007f4a10145800 2373       2       jdk.internal.loader.BootLoader::getDefinedPackage (39 bytes)
Event: 4.236 Thread 0x00007f4a10145800 nmethod 2373 0x00007f49f86c4510 code [0x00007f49f86c46e0, 0x00007f49f86c48a0]
Event: 4.240 Thread 0x00007f4a10145800 2374 %     3       org.codehaus.plexus.util.InterpolationFilterReader::read @ 3 (48 bytes)
Event: 4.240 Thread 0x00007f4a10145800 nmethod 2374% 0x00007f49f86c4a10 code [0x00007f49f86c4bc0, 0x00007f49f86c4f40]
Event: 4.240 Thread 0x00007f4a10145800 2375       2       org.codehaus.plexus.util.xml.pull.MXParser::require (443 bytes)
Event: 4.248 Thread 0x00007f4a10145800 nmethod 2375 0x00007f49f86c5110 code [0x00007f49f86c56e0, 0x00007f49f86c70b0]
Event: 4.248 Thread 0x00007f4a10145800 2376       2       java.util.ArrayList::indexOfRange (71 bytes)
Event: 4.249 Thread 0x00007f4a10145800 nmethod 2376 0x00007f49f86c7e90 code [0x00007f49f86c8040, 0x00007f49f86c8300]
Event: 4.249 Thread 0x00007f4a10145800 2377       3       org.codehaus.plexus.util.InterpolationFilterReader::read (48 bytes)
Event: 4.250 Thread 0x00007f4a10145800 nmethod 2377 0x00007f49f86c8510 code [0x00007f49f86c86c0, 0x00007f49f86c89c0]
Event: 4.250 Thread 0x00007f4a10145800 2378       2       java.lang.StringBuilder::charAt (6 bytes)
Event: 4.250 Thread 0x00007f4a10145800 nmethod 2378 0x00007f49f86c8b10 code [0x00007f49f86c8ca0, 0x00007f49f86c8dc0]
Event: 4.250 Thread 0x00007f4a10145800 2379       2       java.lang.AbstractStringBuilder::charAt (36 bytes)
Event: 4.251 Thread 0x00007f4a10145800 nmethod 2379 0x00007f49f86c8e90 code [0x00007f49f86c9040, 0x00007f49f86c9250]

GC Heap History (8 events):
Event: 1.638 GC heap before
{Heap before GC invocations=1 (full 0):
 PSYoungGen      total 29696K, used 25600K [0x00000000eab00000, 0x00000000ecc00000, 0x0000000100000000)
  eden space 25600K, 100% used [0x00000000eab00000,0x00000000ec400000,0x00000000ec400000)
  from space 4096K, 0% used [0x00000000ec800000,0x00000000ec800000,0x00000000ecc00000)
  to   space 4096K, 0% used [0x00000000ec400000,0x00000000ec400000,0x00000000ec800000)
 ParOldGen       total 68608K, used 0K [0x00000000c0000000, 0x00000000c4300000, 0x00000000eab00000)
  object space 68608K, 0% used [0x00000000c0000000,0x00000000c0000000,0x00000000c4300000)
 Metaspace       used 7029K, capacity 7419K, committed 7680K, reserved 1056768K
  class space    used 686K, capacity 729K, committed 768K, reserved 1048576K
}
Event: 1.648 GC heap after
{Heap after GC invocations=1 (full 0):
 PSYoungGen      total 29696K, used 4064K [0x00000000eab00000, 0x00000000ecc00000, 0x0000000100000000)
  eden space 25600K, 0% used [0x00000000eab00000,0x00000000eab00000,0x00000000ec400000)
  from space 4096K, 99% used [0x00000000ec400000,0x00000000ec7f80e0,0x00000000ec800000)
  to   space 4096K, 0% used [0x00000000ec800000,0x00000000ec800000,0x00000000ecc00000)
 ParOldGen       total 68608K, used 256K [0x00000000c0000000, 0x00000000c4300000, 0x00000000eab00000)
  object space 68608K, 0% used [0x00000000c0000000,0x00000000c0040010,0x00000000c4300000)
 Metaspace       used 7029K, capacity 7419K, committed 7680K, reserved 1056768K
  class space    used 686K, capacity 729K, committed 768K, reserved 1048576K
}
Event: 3.063 GC heap before
{Heap before GC invocations=2 (full 0):
 PSYoungGen      total 29696K, used 29664K [0x00000000eab00000, 0x00000000ecc00000, 0x0000000100000000)
  eden space 25600K, 100% used [0x00000000eab00000,0x00000000ec400000,0x00000000ec400000)
  from space 4096K, 99% used [0x00000000ec400000,0x00000000ec7f80e0,0x00000000ec800000)
  to   space 4096K, 0% used [0x00000000ec800000,0x00000000ec800000,0x00000000ecc00000)
 ParOldGen       total 68608K, used 256K [0x00000000c0000000, 0x00000000c4300000, 0x00000000eab00000)
  object space 68608K, 0% used [0x00000000c0000000,0x00000000c0040010,0x00000000c4300000)
 Metaspace       used 18033K, capacity 19001K, committed 19200K, reserved 1067008K
  class space    used 1660K, capacity 2012K, committed 2048K, reserved 1048576K
}
Event: 3.078 GC heap after
{Heap after GC invocations=2 (full 0):
 PSYoungGen      total 29696K, used 4069K [0x00000000eab00000, 0x00000000ecc00000, 0x0000000100000000)
  eden space 25600K, 0% used [0x00000000eab00000,0x00000000eab00000,0x00000000ec400000)
  from space 4096K, 99% used [0x00000000ec800000,0x00000000ecbf95f0,0x00000000ecc00000)
  to   space 4096K, 0% used [0x00000000ec400000,0x00000000ec400000,0x00000000ec800000)
 ParOldGen       total 68608K, used 3047K [0x00000000c0000000, 0x00000000c4300000, 0x00000000eab00000)
  object space 68608K, 4% used [0x00000000c0000000,0x00000000c02f9c38,0x00000000c4300000)
 Metaspace       used 18033K, capacity 19001K, committed 19200K, reserved 1067008K
  class space    used 1660K, capacity 2012K, committed 2048K, reserved 1048576K
}
Event: 3.478 GC heap before
{Heap before GC invocations=3 (full 0):
 PSYoungGen      total 29696K, used 18533K [0x00000000eab00000, 0x00000000ecc00000, 0x0000000100000000)
  eden space 25600K, 56% used [0x00000000eab00000,0x00000000eb91ff70,0x00000000ec400000)
  from space 4096K, 99% used [0x00000000ec800000,0x00000000ecbf95f0,0x00000000ecc00000)
  to   space 4096K, 0% used [0x00000000ec400000,0x00000000ec400000,0x00000000ec800000)
 ParOldGen       total 68608K, used 3047K [0x00000000c0000000, 0x00000000c4300000, 0x00000000eab00000)
  object space 68608K, 4% used [0x00000000c0000000,0x00000000c02f9c38,0x00000000c4300000)
 Metaspace       used 20100K, capacity 21080K, committed 21248K, reserved 1069056K
  class space    used 1878K, capacity 2287K, committed 2304K, reserved 1048576K
}
Event: 3.486 GC heap after
{Heap after GC invocations=3 (full 0):
 PSYoungGen      total 29696K, used 4070K [0x00000000eab00000, 0x00000000ecc00000, 0x0000000100000000)
  eden space 25600K, 0% used [0x00000000eab00000,0x00000000eab00000,0x00000000ec400000)
  from space 4096K, 99% used [0x00000000ec400000,0x00000000ec7f9b78,0x00000000ec800000)
  to   space 4096K, 0% used [0x00000000ec800000,0x00000000ec800000,0x00000000ecc00000)
 ParOldGen       total 68608K, used 4888K [0x00000000c0000000, 0x00000000c4300000, 0x00000000eab00000)
  object space 68608K, 7% used [0x00000000c0000000,0x00000000c04c60b0,0x00000000c4300000)
 Metaspace       used 20100K, capacity 21080K, committed 21248K, reserved 1069056K
  class space    used 1878K, capacity 2287K, committed 2304K, reserved 1048576K
}
Event: 3.486 GC heap before
{Heap before GC invocations=4 (full 1):
 PSYoungGen      total 29696K, used 4070K [0x00000000eab00000, 0x00000000ecc00000, 0x0000000100000000)
  eden space 25600K, 0% used [0x00000000eab00000,0x00000000eab00000,0x00000000ec400000)
  from space 4096K, 99% used [0x00000000ec400000,0x00000000ec7f9b78,0x00000000ec800000)
  to   space 4096K, 0% used [0x00000000ec800000,0x00000000ec800000,0x00000000ecc00000)
 ParOldGen       total 68608K, used 4888K [0x00000000c0000000, 0x00000000c4300000, 0x00000000eab00000)
  object space 68608K, 7% used [0x00000000c0000000,0x00000000c04c60b0,0x00000000c4300000)
 Metaspace       used 20100K, capacity 21080K, committed 21248K, reserved 1069056K
  class space    used 1878K, capacity 2287K, committed 2304K, reserved 1048576K
}
Event: 3.534 GC heap after
{Heap after GC invocations=4 (full 1):
 PSYoungGen      total 29696K, used 0K [0x00000000eab00000, 0x00000000ecc00000, 0x0000000100000000)
  eden space 25600K, 0% used [0x00000000eab00000,0x00000000eab00000,0x00000000ec400000)
  from space 4096K, 0% used [0x00000000ec400000,0x00000000ec400000,0x00000000ec800000)
  to   space 4096K, 0% used [0x00000000ec800000,0x00000000ec800000,0x00000000ecc00000)
 ParOldGen       total 68608K, used 8776K [0x00000000c0000000, 0x00000000c4300000, 0x00000000eab00000)
  object space 68608K, 12% used [0x00000000c0000000,0x00000000c0892130,0x00000000c4300000)
 Metaspace       used 20100K, capacity 21080K, committed 21248K, reserved 1069056K
  class space    used 1878K, capacity 2287K, committed 2304K, reserved 1048576K
}

Deoptimization events (20 events):
Event: 3.981 Thread 0x00007f4a10461000 DEOPT PACKING pc=0x00007f49ff78d71c sp=0x00007f49ee2672d0
Event: 3.981 Thread 0x00007f4a10461000 DEOPT UNPACKING pc=0x00007f49f7cb0120 sp=0x00007f49ee267270 mode 2
Event: 3.987 Thread 0x00007f4a10461000 Uncommon trap: trap_request=0xffffffde fr.pc=0x00007f49ff78d71c relative=0x0000000000000abc
Event: 3.987 Thread 0x00007f4a10461000 Uncommon trap: reason=class_check action=maybe_recompile pc=0x00007f49ff78d71c method=java.util.HashMap.putVal(ILjava/lang/Object;Ljava/lang/Object;ZZ)Ljava/lang/Object; @ 91 c2
Event: 3.987 Thread 0x00007f4a10461000 DEOPT PACKING pc=0x00007f49ff78d71c sp=0x00007f49ee2671b0
Event: 3.987 Thread 0x00007f4a10461000 DEOPT UNPACKING pc=0x00007f49f7cb0120 sp=0x00007f49ee267150 mode 2
Event: 4.100 Thread 0x00007f4a10461000 Uncommon trap: trap_request=0xffffffc6 fr.pc=0x00007f49ff806c14 relative=0x0000000000000d34
Event: 4.100 Thread 0x00007f4a10461000 Uncommon trap: reason=bimorphic_or_optimized_type_check action=maybe_recompile pc=0x00007f49ff806c14 method=java.util.HashMap.putVal(ILjava/lang/Object;Ljava/lang/Object;ZZ)Ljava/lang/Object; @ 203 c2
Event: 4.100 Thread 0x00007f4a10461000 DEOPT PACKING pc=0x00007f49ff806c14 sp=0x00007f49ee2670e0
Event: 4.100 Thread 0x00007f4a10461000 DEOPT UNPACKING pc=0x00007f49f7cb0120 sp=0x00007f49ee267080 mode 2
Event: 4.135 Thread 0x00007f4a10461000 DEOPT PACKING pc=0x00007f49f8626baf sp=0x00007f49ee266500
Event: 4.135 Thread 0x00007f4a10461000 DEOPT UNPACKING pc=0x00007f49f7cb062c sp=0x00007f49ee265ac0 mode 0
Event: 4.183 Thread 0x00007f4a10461000 Uncommon trap: trap_request=0xffffff45 fr.pc=0x00007f49ff7d68d4 relative=0x0000000000000134
Event: 4.183 Thread 0x00007f4a10461000 Uncommon trap: reason=unstable_if action=reinterpret pc=0x00007f49ff7d68d4 method=java.util.ArrayList.indexOfRange(Ljava/lang/Object;II)I @ 7 c2
Event: 4.183 Thread 0x00007f4a10461000 DEOPT PACKING pc=0x00007f49ff7d68d4 sp=0x00007f49ee266dd0
Event: 4.183 Thread 0x00007f4a10461000 DEOPT UNPACKING pc=0x00007f49f7cb0120 sp=0x00007f49ee266cb0 mode 2
Event: 4.212 Thread 0x00007f4a10461000 Uncommon trap: trap_request=0xffffff45 fr.pc=0x00007f49ff7bf3b0 relative=0x0000000000000110
Event: 4.212 Thread 0x00007f4a10461000 Uncommon trap: reason=unstable_if action=reinterpret pc=0x00007f49ff7bf3b0 method=java.util.ArrayList.indexOfRange(Ljava/lang/Object;II)I @ 7 c2
Event: 4.212 Thread 0x00007f4a10461000 DEOPT PACKING pc=0x00007f49ff7bf3b0 sp=0x00007f49ee266d20
Event: 4.212 Thread 0x00007f4a10461000 DEOPT UNPACKING pc=0x00007f49f7cb0120 sp=0x00007f49ee266cc0 mode 2

Classes unloaded (0 events):
No events

Classes redefined (0 events):
No events

Internal exceptions (20 events):
Event: 0.915 Thread 0x00007f4a10017000 Implicit null exception at 0x00007f49ff73f4af to 0x00007f49ff73f52d
Event: 0.917 Thread 0x00007f4a10017000 Implicit null exception at 0x00007f49ff7687cb to 0x00007f49ff769304
Event: 1.082 Thread 0x00007f4a10017000 Exception <a 'java/lang/NoSuchMethodError'{0x00000000eba629e0}: 'int java.lang.invoke.DirectMethodHandle$Holder.invokeSpecialIFC(java.lang.Object, java.lang.Object, int)'> (0x00000000eba629e0) 
thrown [src/hotspot/share/interpreter/linkResolver.cpp, line 765]
Event: 1.296 Thread 0x00007f4a10017000 Exception <a 'java/lang/NoSuchMethodError'{0x00000000ebdd9e90}: 'int java.lang.invoke.DirectMethodHandle$Holder.invokeStaticInit(java.lang.Object, java.lang.Object, java.lang.Object, java.lang.Object)'> (0x00000000ebdd9e90) 
thrown [src/hotspot/share/interpreter/linkResolver.cpp, line 765]
Event: 1.300 Thread 0x00007f4a10017000 Exception <a 'java/lang/IncompatibleClassChangeError'{0x00000000ebde3150}: Found class java.lang.Object, but interface was expected> (0x00000000ebde3150) 
thrown [src/hotspot/share/interpreter/linkResolver.cpp, line 832]
Event: 1.302 Thread 0x00007f4a10017000 Exception <a 'java/lang/NoSuchMethodError'{0x00000000ebde61c0}: 'void java.lang.invoke.DirectMethodHandle$Holder.invokeStaticInit(java.lang.Object, java.lang.Object)'> (0x00000000ebde61c0) 
thrown [src/hotspot/share/interpreter/linkResolver.cpp, line 765]
Event: 1.304 Thread 0x00007f4a10017000 Exception <a 'java/lang/NoSuchMethodError'{0x00000000ebdeb230}: 'int java.lang.invoke.DirectMethodHandle$Holder.invokeStaticInit(java.lang.Object, java.lang.Object)'> (0x00000000ebdeb230) 
thrown [src/hotspot/share/interpreter/linkResolver.cpp, line 765]
Event: 1.631 Thread 0x00007f4a1045c800 Implicit null exception at 0x00007f49ff75713b to 0x00007f49ff757240
Event: 1.649 Thread 0x00007f4a10017000 Exception <a 'java/lang/UnsatisfiedLinkError'{0x00000000eab002d8}: 'void org.eclipse.equinox.launcher.JNIBridge._update_splash()'> (0x00000000eab002d8) 
thrown [src/hotspot/share/prims/nativeLookup.cpp, line 408]
Event: 1.830 Thread 0x00007f4a10461000 Exception <a 'java/io/FileNotFoundException'{0x00000000eadd7910}> (0x00000000eadd7910) 
thrown [src/hotspot/share/prims/jni.cpp, line 599]
Event: 2.214 Thread 0x00007f4a10461000 Exception <a 'java/lang/NoSuchMethodError'{0x00000000eb2aeb80}: 'void java.lang.invoke.DirectMethodHandle$Holder.invokeSpecial(java.lang.Object, java.lang.Object, java.lang.Object, java.lang.Object)'> (0x00000000eb2aeb80) 
thrown [src/hotspot/share/interpreter/linkResolver.cpp, line 765]
Event: 2.227 Thread 0x00007f4a10461000 Exception <a 'java/io/FileNotFoundException'{0x00000000eb2d7bc0}> (0x00000000eb2d7bc0) 
thrown [src/hotspot/share/prims/jni.cpp, line 599]
Event: 2.564 Thread 0x00007f4a10461000 Exception <a 'java/lang/NoSuchMethodError'{0x00000000eb696788}: 'int java.lang.invoke.DirectMethodHandle$Holder.invokeStaticInit(java.lang.Object, java.lang.Object, java.lang.Object)'> (0x00000000eb696788) 
thrown [src/hotspot/share/interpreter/linkResolver.cpp, line 765]
Event: 3.165 Thread 0x00007f4a10461000 Exception <a 'java/lang/ClassNotFoundException'{0x00000000eb29d330}: com/sun/org/apache/xerces/internal/impl/msg/spi/DOMMessagesProvider> (0x00000000eb29d330) 
thrown [src/hotspot/share/classfile/systemDictionary.cpp, line 226]
Event: 3.174 Thread 0x00007f4a10461000 Exception <a 'java/lang/ClassNotFoundException'{0x00000000eb2be210}: com/sun/org/apache/xerces/internal/impl/msg/spi/XMLSerializerMessagesProvider> (0x00000000eb2be210) 
thrown [src/hotspot/share/classfile/systemDictionary.cpp, line 226]
Event: 3.178 Thread 0x00007f4a10461000 Exception <a 'java/lang/ClassNotFoundException'{0x00000000eb2d3c98}: com/sun/org/apache/xerces/internal/impl/msg/spi/XMLMessagesProvider> (0x00000000eb2d3c98) 
thrown [src/hotspot/share/classfile/systemDictionary.cpp, line 226]
Event: 3.245 Thread 0x00007f4a10461000 Exception <a 'java/io/FileNotFoundException'{0x00000000eb4092b0}> (0x00000000eb4092b0) 
thrown [src/hotspot/share/prims/jni.cpp, line 599]
Event: 3.307 Thread 0x00007f4a10461000 Exception <a 'java/lang/ClassNotFoundException'{0x00000000eb48aa28}: com/sun/org/apache/xml/internal/serializer/spi/XMLEntitiesProvider> (0x00000000eb48aa28) 
thrown [src/hotspot/share/classfile/systemDictionary.cpp, line 226]
Event: 3.563 Thread 0x00007f4a10461000 Exception <a 'java/io/FileNotFoundException'{0x00000000eab5c180}> (0x00000000eab5c180) 
thrown [src/hotspot/share/prims/jni.cpp, line 599]
Event: 3.656 Thread 0x00007f4a10461000 Exception <a 'java/lang/NoClassDefFoundError'{0x00000000eadcccd0}: org/slf4j/impl/StaticLoggerBinder> (0x00000000eadcccd0) 
thrown [src/hotspot/share/classfile/systemDictionary.cpp, line 215]

Events (20 events):
Event: 4.077 loading class sun/reflect/generics/tree/Signature done
Event: 4.077 loading class sun/reflect/generics/tree/ClassSignature done
Event: 4.077 loading class java/lang/reflect/TypeVariable
Event: 4.077 loading class java/lang/reflect/TypeVariable done
Event: 4.077 loading class java/lang/reflect/WildcardType
Event: 4.077 loading class java/lang/reflect/WildcardType done
Event: 4.082 loading class sun/reflect/generics/tree/TypeVariableSignature
Event: 4.082 loading class sun/reflect/generics/tree/TypeVariableSignature done
Event: 4.104 loading class java/lang/annotation/IncompleteAnnotationException
Event: 4.104 loading class java/lang/annotation/IncompleteAnnotationException done
Event: 4.111 loading class java/util/TreeMap$KeySet
Event: 4.112 loading class java/util/TreeMap$KeySet done
Event: 4.112 loading class java/util/TreeMap$KeyIterator
Event: 4.112 loading class java/util/TreeMap$KeyIterator done
Event: 4.121 loading class java/io/FileReader
Event: 4.121 loading class java/io/FileReader done
Event: 4.124 loading class java/text/MessageFormat
Event: 4.124 loading class java/text/MessageFormat done
Event: 4.165 loading class jdk/internal/access/foreign/MemorySegmentProxy
Event: 4.165 loading class jdk/internal/access/foreign/MemorySegmentProxy done


Dynamic libraries:
c0000000-c4300000 rw-p 00000000 00:00 0 
c4300000-eab00000 ---p 00000000 00:00 0 
eab00000-ecc00000 rw-p 00000000 00:00 0 
ecc00000-100000000 ---p 00000000 00:00 0 
800000000-800003000 rwxp 00001000 08:12 55837995                         /usr/lib/jvm/java-14-openjdk-amd64/lib/server/classes.jsa
800003000-8003e7000 rw-p 00004000 08:12 55837995                         /usr/lib/jvm/java-14-openjdk-amd64/lib/server/classes.jsa
8003e7000-800b17000 r--p 003e8000 08:12 55837995                         /usr/lib/jvm/java-14-openjdk-amd64/lib/server/classes.jsa
800b17000-800b18000 rw-p 00b18000 08:12 55837995                         /usr/lib/jvm/java-14-openjdk-amd64/lib/server/classes.jsa
800b18000-800dd8000 rw-p 00000000 00:00 0 
800dd8000-840b18000 ---p 00000000 00:00 0 
559683b20000-559683b21000 r--p 00000000 08:12 54920498                   /usr/lib/jvm/java-14-openjdk-amd64/bin/java
559683b21000-559683b22000 r-xp 00001000 08:12 54920498                   /usr/lib/jvm/java-14-openjdk-amd64/bin/java
559683b22000-559683b23000 r--p 00002000 08:12 54920498                   /usr/lib/jvm/java-14-openjdk-amd64/bin/java
559683b23000-559683b24000 r--p 00002000 08:12 54920498                   /usr/lib/jvm/java-14-openjdk-amd64/bin/java
559683b24000-559683b25000 rw-p 00003000 08:12 54920498                   /usr/lib/jvm/java-14-openjdk-amd64/bin/java
55968596f000-559685990000 rw-p 00000000 00:00 0                          [heap]
7f4988000000-7f4988021000 rw-p 00000000 00:00 0 
7f4988021000-7f498c000000 ---p 00000000 00:00 0 
7f4990000000-7f4990021000 rw-p 00000000 00:00 0 
7f4990021000-7f4994000000 ---p 00000000 00:00 0 
7f4994000000-7f4994491000 rw-p 00000000 00:00 0 
7f4994491000-7f4998000000 ---p 00000000 00:00 0 
7f4998000000-7f4998022000 rw-p 00000000 00:00 0 
7f4998022000-7f499c000000 ---p 00000000 00:00 0 
7f499c000000-7f499c021000 rw-p 00000000 00:00 0 
7f499c021000-7f49a0000000 ---p 00000000 00:00 0 
7f49a0000000-7f49a0021000 rw-p 00000000 00:00 0 
7f49a0021000-7f49a4000000 ---p 00000000 00:00 0 
7f49a4000000-7f49a4021000 rw-p 00000000 00:00 0 
7f49a4021000-7f49a8000000 ---p 00000000 00:00 0 
7f49a8000000-7f49a887a000 rw-p 00000000 00:00 0 
7f49a887a000-7f49ac000000 ---p 00000000 00:00 0 
7f49ac000000-7f49ac021000 rw-p 00000000 00:00 0 
7f49ac021000-7f49b0000000 ---p 00000000 00:00 0 
7f49b0000000-7f49b0021000 rw-p 00000000 00:00 0 
7f49b0021000-7f49b4000000 ---p 00000000 00:00 0 
7f49b4000000-7f49b4021000 rw-p 00000000 00:00 0 
7f49b4021000-7f49b8000000 ---p 00000000 00:00 0 
7f49b8000000-7f49b8021000 rw-p 00000000 00:00 0 
7f49b8021000-7f49bc000000 ---p 00000000 00:00 0 
7f49bc000000-7f49bc33f000 rw-p 00000000 00:00 0 
7f49bc33f000-7f49c0000000 ---p 00000000 00:00 0 
7f49c0000000-7f49c0021000 rw-p 00000000 00:00 0 
7f49c0021000-7f49c4000000 ---p 00000000 00:00 0 
7f49c4000000-7f49c4021000 rw-p 00000000 00:00 0 
7f49c4021000-7f49c8000000 ---p 00000000 00:00 0 
7f49c8000000-7f49c8021000 rw-p 00000000 00:00 0 
7f49c8021000-7f49cc000000 ---p 00000000 00:00 0 
7f49cc000000-7f49cc021000 rw-p 00000000 00:00 0 
7f49cc021000-7f49d0000000 ---p 00000000 00:00 0 
7f49d0000000-7f49d05bf000 rw-p 00000000 00:00 0 
7f49d05bf000-7f49d4000000 ---p 00000000 00:00 0 
7f49d4000000-7f49d44a9000 rw-p 00000000 00:00 0 
7f49d44a9000-7f49d8000000 ---p 00000000 00:00 0 
7f49d8000000-7f49d8021000 rw-p 00000000 00:00 0 
7f49d8021000-7f49dc000000 ---p 00000000 00:00 0 
7f49dc000000-7f49dc021000 rw-p 00000000 00:00 0 
7f49dc021000-7f49e0000000 ---p 00000000 00:00 0 
7f49e0000000-7f49e0021000 rw-p 00000000 00:00 0 
7f49e0021000-7f49e4000000 ---p 00000000 00:00 0 
7f49e4000000-7f49e4021000 rw-p 00000000 00:00 0 
7f49e4021000-7f49e8000000 ---p 00000000 00:00 0 
7f49e8000000-7f49e8021000 rw-p 00000000 00:00 0 
7f49e8021000-7f49ec000000 ---p 00000000 00:00 0 
7f49ec94e000-7f49ecace000 rw-p 00000000 00:00 0 
7f49ecace000-7f49ecb4e000 ---p 00000000 00:00 0 
7f49ecb4e000-7f49ecd4e000 rw-p 00000000 00:00 0 
7f49ecd4e000-7f49ecd52000 ---p 00000000 00:00 0 
7f49ecd52000-7f49ece4f000 rw-p 00000000 00:00 0 
7f49ece4f000-7f49ece53000 ---p 00000000 00:00 0 
7f49ece53000-7f49ed150000 rw-p 00000000 00:00 0 
7f49ed150000-7f49ed154000 ---p 00000000 00:00 0 
7f49ed154000-7f49ed451000 rw-p 00000000 00:00 0 
7f49ed451000-7f49ed455000 ---p 00000000 00:00 0 
7f49ed455000-7f49ed752000 rw-p 00000000 00:00 0 
7f49ed752000-7f49ed756000 ---p 00000000 00:00 0 
7f49ed756000-7f49eda53000 rw-p 00000000 00:00 0 
7f49eda53000-7f49edc53000 rw-p 00000000 00:00 0 
7f49edc53000-7f49edc63000 r-xp 00000000 08:12 34344150                   /home/wei/.local/share/code-server/User/globalStorage/redhat.java/0.61.0/config_linux/org.eclipse.equinox.launcher/org.eclipse.equinox.launcher.gtk.linux.x86_64_1.1.1100.v20190907-0426/eclipse_1801.so
7f49edc63000-7f49ede62000 ---p 00010000 08:12 34344150                   /home/wei/.local/share/code-server/User/globalStorage/redhat.java/0.61.0/config_linux/org.eclipse.equinox.launcher/org.eclipse.equinox.launcher.gtk.linux.x86_64_1.1.1100.v20190907-0426/eclipse_1801.so
7f49ede62000-7f49ede63000 r--p 0000f000 08:12 34344150                   /home/wei/.local/share/code-server/User/globalStorage/redhat.java/0.61.0/config_linux/org.eclipse.equinox.launcher/org.eclipse.equinox.launcher.gtk.linux.x86_64_1.1.1100.v20190907-0426/eclipse_1801.so
7f49ede63000-7f49ede64000 rw-p 00010000 08:12 34344150                   /home/wei/.local/share/code-server/User/globalStorage/redhat.java/0.61.0/config_linux/org.eclipse.equinox.launcher/org.eclipse.equinox.launcher.gtk.linux.x86_64_1.1.1100.v20190907-0426/eclipse_1801.so
7f49ede64000-7f49ede65000 ---p 00000000 00:00 0 
7f49ede65000-7f49edf66000 rw-p 00000000 00:00 0 
7f49edf66000-7f49edf67000 ---p 00000000 00:00 0 
7f49edf67000-7f49ee068000 rw-p 00000000 00:00 0 
7f49ee068000-7f49ee069000 ---p 00000000 00:00 0 
7f49ee069000-7f49ee16a000 rw-p 00000000 00:00 0 
7f49ee16a000-7f49ee16e000 ---p 00000000 00:00 0 
7f49ee16e000-7f49ee26b000 rw-p 00000000 00:00 0 
7f49ee26b000-7f49ee26f000 ---p 00000000 00:00 0 
7f49ee26f000-7f49ee36c000 rw-p 00000000 00:00 0 
7f49ee36c000-7f49ee370000 ---p 00000000 00:00 0 
7f49ee370000-7f49ee46d000 rw-p 00000000 00:00 0 
7f49ee46d000-7f49ee471000 ---p 00000000 00:00 0 
7f49ee471000-7f49ee56e000 rw-p 00000000 00:00 0 
7f49ee56e000-7f49ee56f000 ---p 00000000 00:00 0 
7f49ee56f000-7f49ee670000 rw-p 00000000 00:00 0 
7f49ee670000-7f49ee674000 ---p 00000000 00:00 0 
7f49ee674000-7f49ee771000 rw-p 00000000 00:00 0 
7f49ee771000-7f49ee775000 ---p 00000000 00:00 0 
7f49ee775000-7f49ee872000 rw-p 00000000 00:00 0 
7f49ee872000-7f49ee876000 ---p 00000000 00:00 0 
7f49ee876000-7f49ee973000 rw-p 00000000 00:00 0 
7f49ee973000-7f49ee977000 ---p 00000000 00:00 0 
7f49ee977000-7f49eea74000 rw-p 00000000 00:00 0 
7f49eea74000-7f49eea78000 ---p 00000000 00:00 0 
7f49eea78000-7f49eeb75000 rw-p 00000000 00:00 0 
7f49eeb75000-7f49eeb79000 ---p 00000000 00:00 0 
7f49eeb79000-7f49eec76000 rw-p 00000000 00:00 0 
7f49eec76000-7f49eec7a000 ---p 00000000 00:00 0 
7f49eec7a000-7f49eed77000 rw-p 00000000 00:00 0 
7f49eed77000-7f49ef7f7000 r--p 00000000 08:12 53485162                   /usr/lib/locale/locale-archive
7f49ef7f7000-7f49ef7fb000 ---p 00000000 00:00 0 
7f49ef7fb000-7f49ef8f8000 rw-p 00000000 00:00 0 
7f49ef8f8000-7f49ef8fc000 ---p 00000000 00:00 0 
7f49ef8fc000-7f49ef9f9000 rw-p 00000000 00:00 0 
7f49ef9f9000-7f49ef9fa000 ---p 00000000 00:00 0 
7f49ef9fa000-7f49f0000000 rw-p 00000000 00:00 0 
7f49f0000000-7f49f0021000 rw-p 00000000 00:00 0 
7f49f0021000-7f49f4000000 ---p 00000000 00:00 0 
7f49f407d000-7f49f4081000 r--p 00000000 08:12 55446380                   /usr/lib/jvm/java-14-openjdk-amd64/lib/libverify.so
7f49f4081000-7f49f4088000 r-xp 00004000 08:12 55446380                   /usr/lib/jvm/java-14-openjdk-amd64/lib/libverify.so
7f49f4088000-7f49f408a000 r--p 0000b000 08:12 55446380                   /usr/lib/jvm/java-14-openjdk-amd64/lib/libverify.so
7f49f408a000-7f49f408c000 r--p 0000c000 08:12 55446380                   /usr/lib/jvm/java-14-openjdk-amd64/lib/libverify.so
7f49f408c000-7f49f408d000 rw-p 0000e000 08:12 55446380                   /usr/lib/jvm/java-14-openjdk-amd64/lib/libverify.so
7f49f408d000-7f49f4091000 ---p 00000000 00:00 0 
7f49f4091000-7f49f40af000 rw-p 00000000 00:00 0 
7f49f40af000-7f49f40cf000 r--p 00000000 08:12 56375839                   /usr/share/locale-langpack/zh_CN/LC_MESSAGES/libc.mo
7f49f40cf000-7f49f40d3000 r--p 00000000 08:12 55446373                   /usr/lib/jvm/java-14-openjdk-amd64/lib/libnet.so
7f49f40d3000-7f49f40e1000 r-xp 00004000 08:12 55446373                   /usr/lib/jvm/java-14-openjdk-amd64/lib/libnet.so
7f49f40e1000-7f49f40e5000 r--p 00012000 08:12 55446373                   /usr/lib/jvm/java-14-openjdk-amd64/lib/libnet.so
7f49f40e5000-7f49f40e6000 r--p 00015000 08:12 55446373                   /usr/lib/jvm/java-14-openjdk-amd64/lib/libnet.so
7f49f40e6000-7f49f40e7000 rw-p 00016000 08:12 55446373                   /usr/lib/jvm/java-14-openjdk-amd64/lib/libnet.so
7f49f40e7000-7f49f40ee000 r--p 00000000 08:12 55446374                   /usr/lib/jvm/java-14-openjdk-amd64/lib/libnio.so
7f49f40ee000-7f49f40f7000 r-xp 00007000 08:12 55446374                   /usr/lib/jvm/java-14-openjdk-amd64/lib/libnio.so
7f49f40f7000-7f49f40fb000 r--p 00010000 08:12 55446374                   /usr/lib/jvm/java-14-openjdk-amd64/lib/libnio.so
7f49f40fb000-7f49f40fc000 r--p 00013000 08:12 55446374                   /usr/lib/jvm/java-14-openjdk-amd64/lib/libnio.so
7f49f40fc000-7f49f40fd000 rw-p 00014000 08:12 55446374                   /usr/lib/jvm/java-14-openjdk-amd64/lib/libnio.so
7f49f40fd000-7f49f5424000 rw-p 00000000 00:00 0 
7f49f5424000-7f49f5425000 ---p 00000000 00:00 0 
7f49f5425000-7f49f775c000 rw-p 00000000 00:00 0 
7f49f775c000-7f49f7890000 ---p 00000000 00:00 0 
7f49f7890000-7f49f78b2000 rw-p 00000000 00:00 0 
7f49f78b2000-7f49f79e5000 ---p 00000000 00:00 0 
7f49f79e5000-7f49f79f6000 rw-p 00000000 00:00 0 
7f49f79f6000-7f49f7a90000 ---p 00000000 00:00 0 
7f49f7a90000-7f49f7a96000 rw-p 00000000 00:00 0 
7f49f7a96000-7f49f7b7c000 ---p 00000000 00:00 0 
7f49f7b7c000-7f49f7b86000 rw-p 00000000 00:00 0 
7f49f7b86000-7f49f7c67000 ---p 00000000 00:00 0 
7f49f7c67000-7f49f7ed7000 rwxp 00000000 00:00 0 
7f49f7ed7000-7f49f81f8000 ---p 00000000 00:00 0 
7f49f81f8000-7f49f86d8000 rwxp 00000000 00:00 0 
7f49f86d8000-7f49ff72f000 ---p 00000000 00:00 0 
7f49ff72f000-7f49ff99f000 rwxp 00000000 00:00 0 
7f49ff99f000-7f4a06c67000 ---p 00000000 00:00 0 
7f4a06c67000-7f4a0ffd7000 r--s 00000000 08:12 55446382                   /usr/lib/jvm/java-14-openjdk-amd64/lib/modules
7f4a0ffd7000-7f4a0ffe4000 r--p 00000000 08:12 55445452                   /usr/lib/jvm/java-14-openjdk-amd64/lib/libjava.so
7f4a0ffe4000-7f4a0fff7000 r-xp 0000d000 08:12 55445452                   /usr/lib/jvm/java-14-openjdk-amd64/lib/libjava.so
7f4a0fff7000-7f4a0fffd000 r--p 00020000 08:12 55445452                   /usr/lib/jvm/java-14-openjdk-amd64/lib/libjava.so
7f4a0fffd000-7f4a0fffe000 r--p 00025000 08:12 55445452                   /usr/lib/jvm/java-14-openjdk-amd64/lib/libjava.so
7f4a0fffe000-7f4a10000000 rw-p 00026000 08:12 55445452                   /usr/lib/jvm/java-14-openjdk-amd64/lib/libjava.so
7f4a10000000-7f4a10468000 rw-p 00000000 00:00 0 
7f4a10468000-7f4a14000000 ---p 00000000 00:00 0 
7f4a14002000-7f4a14009000 r--s 00000000 08:12 53612333                   /usr/lib/x86_64-linux-gnu/gconv/gconv-modules.cache
7f4a14009000-7f4a1400e000 rw-p 00000000 00:00 0 
7f4a1400e000-7f4a14015000 ---p 00000000 00:00 0 
7f4a14015000-7f4a14017000 r--p 00000000 08:12 55446381                   /usr/lib/jvm/java-14-openjdk-amd64/lib/libzip.so
7f4a14017000-7f4a1401b000 r-xp 00002000 08:12 55446381                   /usr/lib/jvm/java-14-openjdk-amd64/lib/libzip.so
7f4a1401b000-7f4a1401d000 r--p 00006000 08:12 55446381                   /usr/lib/jvm/java-14-openjdk-amd64/lib/libzip.so
7f4a1401d000-7f4a1401e000 r--p 00007000 08:12 55446381                   /usr/lib/jvm/java-14-openjdk-amd64/lib/libzip.so
7f4a1401e000-7f4a1401f000 rw-p 00008000 08:12 55446381                   /usr/lib/jvm/java-14-openjdk-amd64/lib/libzip.so
7f4a1401f000-7f4a14022000 r--p 00000000 08:12 53483458                   /usr/lib/x86_64-linux-gnu/libnss_files-2.31.so
7f4a14022000-7f4a14029000 r-xp 00003000 08:12 53483458                   /usr/lib/x86_64-linux-gnu/libnss_files-2.31.so
7f4a14029000-7f4a1402b000 r--p 0000a000 08:12 53483458                   /usr/lib/x86_64-linux-gnu/libnss_files-2.31.so
7f4a1402b000-7f4a1402c000 r--p 0000b000 08:12 53483458                   /usr/lib/x86_64-linux-gnu/libnss_files-2.31.so
7f4a1402c000-7f4a1402d000 rw-p 0000c000 08:12 53483458                   /usr/lib/x86_64-linux-gnu/libnss_files-2.31.so
7f4a1402d000-7f4a14033000 rw-p 00000000 00:00 0 
7f4a14037000-7f4a1403f000 rw-s 00000000 08:12 18481173                   /tmp/hsperfdata_wei/48229
7f4a1403f000-7f4a14043000 ---p 00000000 00:00 0 
7f4a14043000-7f4a14140000 rw-p 00000000 00:00 0 
7f4a14140000-7f4a14143000 r--p 00000000 08:12 53483368                   /usr/lib/x86_64-linux-gnu/libgcc_s.so.1
7f4a14143000-7f4a14155000 r-xp 00003000 08:12 53483368                   /usr/lib/x86_64-linux-gnu/libgcc_s.so.1
7f4a14155000-7f4a14159000 r--p 00015000 08:12 53483368                   /usr/lib/x86_64-linux-gnu/libgcc_s.so.1
7f4a14159000-7f4a1415a000 r--p 00018000 08:12 53483368                   /usr/lib/x86_64-linux-gnu/libgcc_s.so.1
7f4a1415a000-7f4a1415b000 rw-p 00019000 08:12 53483368                   /usr/lib/x86_64-linux-gnu/libgcc_s.so.1
7f4a1415b000-7f4a1416a000 r--p 00000000 08:12 53483432                   /usr/lib/x86_64-linux-gnu/libm-2.31.so
7f4a1416a000-7f4a14211000 r-xp 0000f000 08:12 53483432                   /usr/lib/x86_64-linux-gnu/libm-2.31.so
7f4a14211000-7f4a142a8000 r--p 000b6000 08:12 53483432                   /usr/lib/x86_64-linux-gnu/libm-2.31.so
7f4a142a8000-7f4a142a9000 r--p 0014c000 08:12 53483432                   /usr/lib/x86_64-linux-gnu/libm-2.31.so
7f4a142a9000-7f4a142aa000 rw-p 0014d000 08:12 53483432                   /usr/lib/x86_64-linux-gnu/libm-2.31.so
7f4a142aa000-7f4a14340000 r--p 00000000 08:12 53483517                   /usr/lib/x86_64-linux-gnu/libstdc++.so.6.0.28
7f4a14340000-7f4a14430000 r-xp 00096000 08:12 53483517                   /usr/lib/x86_64-linux-gnu/libstdc++.so.6.0.28
7f4a14430000-7f4a14479000 r--p 00186000 08:12 53483517                   /usr/lib/x86_64-linux-gnu/libstdc++.so.6.0.28
7f4a14479000-7f4a1447a000 ---p 001cf000 08:12 53483517                   /usr/lib/x86_64-linux-gnu/libstdc++.so.6.0.28
7f4a1447a000-7f4a14485000 r--p 001cf000 08:12 53483517                   /usr/lib/x86_64-linux-gnu/libstdc++.so.6.0.28
7f4a14485000-7f4a14488000 rw-p 001da000 08:12 53483517                   /usr/lib/x86_64-linux-gnu/libstdc++.so.6.0.28
7f4a14488000-7f4a1448b000 rw-p 00000000 00:00 0 
7f4a1448b000-7f4a146b9000 r--p 00000000 08:12 55837997                   /usr/lib/jvm/java-14-openjdk-amd64/lib/server/libjvm.so
7f4a146b9000-7f4a153d4000 r-xp 0022e000 08:12 55837997                   /usr/lib/jvm/java-14-openjdk-amd64/lib/server/libjvm.so
7f4a153d4000-7f4a15635000 r--p 00f49000 08:12 55837997                   /usr/lib/jvm/java-14-openjdk-amd64/lib/server/libjvm.so
7f4a15635000-7f4a15636000 ---p 011aa000 08:12 55837997                   /usr/lib/jvm/java-14-openjdk-amd64/lib/server/libjvm.so
7f4a15636000-7f4a156dd000 r--p 011aa000 08:12 55837997                   /usr/lib/jvm/java-14-openjdk-amd64/lib/server/libjvm.so
7f4a156dd000-7f4a15717000 rw-p 01251000 08:12 55837997                   /usr/lib/jvm/java-14-openjdk-amd64/lib/server/libjvm.so
7f4a15717000-7f4a1579a000 rw-p 00000000 00:00 0 
7f4a1579a000-7f4a157a1000 r--p 00000000 08:12 53483493                   /usr/lib/x86_64-linux-gnu/libpthread-2.31.so
7f4a157a1000-7f4a157b2000 r-xp 00007000 08:12 53483493                   /usr/lib/x86_64-linux-gnu/libpthread-2.31.so
7f4a157b2000-7f4a157b7000 r--p 00018000 08:12 53483493                   /usr/lib/x86_64-linux-gnu/libpthread-2.31.so
7f4a157b7000-7f4a157b8000 r--p 0001c000 08:12 53483493                   /usr/lib/x86_64-linux-gnu/libpthread-2.31.so
7f4a157b8000-7f4a157b9000 rw-p 0001d000 08:12 53483493                   /usr/lib/x86_64-linux-gnu/libpthread-2.31.so
7f4a157b9000-7f4a157bd000 rw-p 00000000 00:00 0 
7f4a157bd000-7f4a157be000 r--p 00000000 08:12 53483340                   /usr/lib/x86_64-linux-gnu/libdl-2.31.so
7f4a157be000-7f4a157c0000 r-xp 00001000 08:12 53483340                   /usr/lib/x86_64-linux-gnu/libdl-2.31.so
7f4a157c0000-7f4a157c1000 r--p 00003000 08:12 53483340                   /usr/lib/x86_64-linux-gnu/libdl-2.31.so
7f4a157c1000-7f4a157c2000 r--p 00003000 08:12 53483340                   /usr/lib/x86_64-linux-gnu/libdl-2.31.so
7f4a157c2000-7f4a157c3000 rw-p 00004000 08:12 53483340                   /usr/lib/x86_64-linux-gnu/libdl-2.31.so
7f4a157c3000-7f4a157c5000 r--p 00000000 08:12 53483564                   /usr/lib/x86_64-linux-gnu/libz.so.1.2.11
7f4a157c5000-7f4a157d6000 r-xp 00002000 08:12 53483564                   /usr/lib/x86_64-linux-gnu/libz.so.1.2.11
7f4a157d6000-7f4a157dc000 r--p 00013000 08:12 53483564                   /usr/lib/x86_64-linux-gnu/libz.so.1.2.11
7f4a157dc000-7f4a157dd000 ---p 00019000 08:12 53483564                   /usr/lib/x86_64-linux-gnu/libz.so.1.2.11
7f4a157dd000-7f4a157de000 r--p 00019000 08:12 53483564                   /usr/lib/x86_64-linux-gnu/libz.so.1.2.11
7f4a157de000-7f4a157df000 rw-p 0001a000 08:12 53483564                   /usr/lib/x86_64-linux-gnu/libz.so.1.2.11
7f4a157df000-7f4a15804000 r--p 00000000 08:12 53483322                   /usr/lib/x86_64-linux-gnu/libc-2.31.so
7f4a15804000-7f4a1597c000 r-xp 00025000 08:12 53483322                   /usr/lib/x86_64-linux-gnu/libc-2.31.so
7f4a1597c000-7f4a159c6000 r--p 0019d000 08:12 53483322                   /usr/lib/x86_64-linux-gnu/libc-2.31.so
7f4a159c6000-7f4a159c7000 ---p 001e7000 08:12 53483322                   /usr/lib/x86_64-linux-gnu/libc-2.31.so
7f4a159c7000-7f4a159ca000 r--p 001e7000 08:12 53483322                   /usr/lib/x86_64-linux-gnu/libc-2.31.so
7f4a159ca000-7f4a159cd000 rw-p 001ea000 08:12 53483322                   /usr/lib/x86_64-linux-gnu/libc-2.31.so
7f4a159cd000-7f4a159d1000 rw-p 00000000 00:00 0 
7f4a159d2000-7f4a159d3000 ---p 00000000 00:00 0 
7f4a159d3000-7f4a159d4000 r--p 00000000 00:00 0 
7f4a159d4000-7f4a159d6000 r--p 00000000 08:12 55446364                   /usr/lib/jvm/java-14-openjdk-amd64/lib/libjimage.so
7f4a159d6000-7f4a159d9000 r-xp 00002000 08:12 55446364                   /usr/lib/jvm/java-14-openjdk-amd64/lib/libjimage.so
7f4a159d9000-7f4a159da000 r--p 00005000 08:12 55446364                   /usr/lib/jvm/java-14-openjdk-amd64/lib/libjimage.so
7f4a159da000-7f4a159db000 ---p 00006000 08:12 55446364                   /usr/lib/jvm/java-14-openjdk-amd64/lib/libjimage.so
7f4a159db000-7f4a159dc000 r--p 00006000 08:12 55446364                   /usr/lib/jvm/java-14-openjdk-amd64/lib/libjimage.so
7f4a159dc000-7f4a159dd000 rw-p 00007000 08:12 55446364                   /usr/lib/jvm/java-14-openjdk-amd64/lib/libjimage.so
7f4a159dd000-7f4a159e0000 r--p 00000000 08:12 55446365                   /usr/lib/jvm/java-14-openjdk-amd64/lib/libjli.so
7f4a159e0000-7f4a159ea000 r-xp 00003000 08:12 55446365                   /usr/lib/jvm/java-14-openjdk-amd64/lib/libjli.so
7f4a159ea000-7f4a159ed000 r--p 0000d000 08:12 55446365                   /usr/lib/jvm/java-14-openjdk-amd64/lib/libjli.so
7f4a159ed000-7f4a159ee000 r--p 0000f000 08:12 55446365                   /usr/lib/jvm/java-14-openjdk-amd64/lib/libjli.so
7f4a159ee000-7f4a159ef000 rw-p 00010000 08:12 55446365                   /usr/lib/jvm/java-14-openjdk-amd64/lib/libjli.so
7f4a159ef000-7f4a159f1000 rw-p 00000000 00:00 0 
7f4a159f1000-7f4a159f2000 r--p 00000000 08:12 53483291                   /usr/lib/x86_64-linux-gnu/ld-2.31.so
7f4a159f2000-7f4a15a15000 r-xp 00001000 08:12 53483291                   /usr/lib/x86_64-linux-gnu/ld-2.31.so
7f4a15a15000-7f4a15a1d000 r--p 00024000 08:12 53483291                   /usr/lib/x86_64-linux-gnu/ld-2.31.so
7f4a15a1d000-7f4a15a1e000 ---p 00000000 00:00 0 
7f4a15a1e000-7f4a15a1f000 r--p 0002c000 08:12 53483291                   /usr/lib/x86_64-linux-gnu/ld-2.31.so
7f4a15a1f000-7f4a15a20000 rw-p 0002d000 08:12 53483291                   /usr/lib/x86_64-linux-gnu/ld-2.31.so
7f4a15a20000-7f4a15a21000 rw-p 00000000 00:00 0 
7ffeb1c6e000-7ffeb1c8f000 rw-p 00000000 00:00 0                          [stack]
7ffeb1cd7000-7ffeb1cda000 r--p 00000000 00:00 0                          [vvar]
7ffeb1cda000-7ffeb1cdb000 r-xp 00000000 00:00 0                          [vdso]
ffffffffff600000-ffffffffff601000 --xp 00000000 00:00 0                  [vsyscall]


VM Arguments:
jvm_args: --add-modules=ALL-SYSTEM --add-opens=java.base/java.util=ALL-UNNAMED --add-opens=java.base/java.lang=ALL-UNNAMED -Declipse.application=org.eclipse.jdt.ls.core.id1 -Dosgi.bundles.defaultStartLevel=4 -Declipse.product=org.eclipse.jdt.ls.core.product -Dfile.encoding=UTF-8 -XX:+UseParallelGC -XX:GCTimeRatio=4 -XX:AdaptiveSizePolicyWeight=90 -Dsun.zip.disableMemoryMapping=true -Xmx1G -Xms100m 
java_command: /home/wei/.local/share/code-server/extensions/redhat.java-0.61.0/server/plugins/org.eclipse.equinox.launcher_1.5.700.v20200207-2156.jar -configuration /home/wei/.local/share/code-server/User/globalStorage/redhat.java/0.61.0/config_linux -data /home/wei/.local/share/code-server/User/workspaceStorage/57d28c00/redhat.java/jdt_ws
java_class_path (initial): /home/wei/.local/share/code-server/extensions/redhat.java-0.61.0/server/plugins/org.eclipse.equinox.launcher_1.5.700.v20200207-2156.jar
Launcher Type: SUN_STANDARD

[Global flags]
    uintx AdaptiveSizePolicyWeight                 = 90                                        {product} {command line}
     intx CICompilerCount                          = 3                                         {product} {ergonomic}
    uintx GCTimeRatio                              = 4                                         {product} {command line}
   size_t InitialHeapSize                          = 104857600                                 {product} {command line}
   size_t MaxHeapSize                              = 1073741824                                {product} {command line}
   size_t MaxNewSize                               = 357564416                                 {product} {ergonomic}
   size_t MinHeapDeltaBytes                        = 524288                                    {product} {ergonomic}
   size_t MinHeapSize                              = 104857600                                 {product} {command line}
   size_t NewSize                                  = 34603008                                  {product} {ergonomic}
    uintx NonNMethodCodeHeapSize                   = 5832780                                {pd product} {ergonomic}
    uintx NonProfiledCodeHeapSize                  = 122912730                              {pd product} {ergonomic}
   size_t OldSize                                  = 70254592                                  {product} {ergonomic}
    uintx ProfiledCodeHeapSize                     = 122912730                              {pd product} {ergonomic}
    uintx ReservedCodeCacheSize                    = 251658240                              {pd product} {ergonomic}
     bool SegmentedCodeCache                       = true                                      {product} {ergonomic}
   size_t SoftMaxHeapSize                          = 1073741824                             {manageable} {ergonomic}
     bool UseCompressedClassPointers               = true                                 {lp64_product} {ergonomic}
     bool UseCompressedOops                        = true                                 {lp64_product} {ergonomic}
     bool UseParallelGC                            = true                                      {product} {command line}

Logging:
Log output configuration:
 #0: stdout all=warning uptime,level,tags
 #1: stderr all=off uptime,level,tags

Environment Variables:
PATH=/usr/local/sbin:/usr/local/bin:/usr/sbin:/usr/bin:/sbin:/bin:/usr/games:/usr/local/games:/snap/bin
SHELL=/bin/bash

Signal Handlers:
SIGSEGV: [libjvm.so+0xed87d0], sa_mask[0]=11111111011111111101111111111110, sa_flags=SA_RESTART|SA_SIGINFO
SIGBUS: [libjvm.so+0xed87d0], sa_mask[0]=11111111011111111101111111111110, sa_flags=SA_RESTART|SA_SIGINFO
SIGFPE: [libjvm.so+0xed87d0], sa_mask[0]=11111111011111111101111111111110, sa_flags=SA_RESTART|SA_SIGINFO
SIGPIPE: [libjvm.so+0xb87af0], sa_mask[0]=11111111011111111101111111111110, sa_flags=SA_RESTART|SA_SIGINFO
SIGXFSZ: [libjvm.so+0xb87af0], sa_mask[0]=11111111011111111101111111111110, sa_flags=SA_RESTART|SA_SIGINFO
SIGILL: [libjvm.so+0xed87d0], sa_mask[0]=11111111011111111101111111111110, sa_flags=SA_RESTART|SA_SIGINFO
SIGUSR2: [libjvm.so+0xb87990], sa_mask[0]=00000000000000000000000000000000, sa_flags=SA_RESTART|SA_SIGINFO
SIGHUP: [libjvm.so+0xb880d0], sa_mask[0]=11111111011111111101111111111110, sa_flags=SA_RESTART|SA_SIGINFO
SIGINT: [libjvm.so+0xb880d0], sa_mask[0]=11111111011111111101111111111110, sa_flags=SA_RESTART|SA_SIGINFO
SIGTERM: [libjvm.so+0xb880d0], sa_mask[0]=11111111011111111101111111111110, sa_flags=SA_RESTART|SA_SIGINFO
SIGQUIT: [libjvm.so+0xb880d0], sa_mask[0]=11111111011111111101111111111110, sa_flags=SA_RESTART|SA_SIGINFO


---------------  S Y S T E M  ---------------

OS:DISTRIB_ID=Ubuntu
DISTRIB_RELEASE=20.04
DISTRIB_CODENAME=focal
DISTRIB_DESCRIPTION="Ubuntu 20.04.1 LTS"
uname:Linux 5.4.0-47-generic #51-Ubuntu SMP Fri Sep 4 19:50:52 UTC 2020 x86_64
OS uptime: 0 days 14:02 hours
libc:glibc 2.31 NPTL 2.31 
rlimit: STACK 8192k, CORE 0k, NPROC 14939, NOFILE 1048576, AS infinity, DATA infinity, FSIZE infinity
load average:1.70 1.42 2.38

/proc/meminfo:
MemTotal:        3912032 kB
MemFree:          595748 kB
MemAvailable:    2232876 kB
Buffers:          144072 kB
Cached:          1633464 kB
SwapCached:            0 kB
Active:          2110716 kB
Inactive:         916836 kB
Active(anon):    1244348 kB
Inactive(anon):      472 kB
Active(file):     866368 kB
Inactive(file):   916364 kB
Unevictable:       18584 kB
Mlocked:           18568 kB
SwapTotal:       3911676 kB
SwapFree:        3911676 kB
Dirty:               756 kB
Writeback:             0 kB
AnonPages:       1268736 kB
Mapped:           318744 kB
Shmem:              1680 kB
KReclaimable:     117832 kB
Slab:             209548 kB
SReclaimable:     117832 kB
SUnreclaim:        91716 kB
KernelStack:        7136 kB
PageTables:        13100 kB
NFS_Unstable:          0 kB
Bounce:                0 kB
WritebackTmp:          0 kB
CommitLimit:     5867692 kB
Committed_AS:    3315416 kB
VmallocTotal:   34359738367 kB
VmallocUsed:       19552 kB
VmallocChunk:          0 kB
Percpu:             2752 kB
HardwareCorrupted:     0 kB
AnonHugePages:         0 kB
ShmemHugePages:        0 kB
ShmemPmdMapped:        0 kB
FileHugePages:         0 kB
FilePmdMapped:         0 kB
CmaTotal:              0 kB
CmaFree:               0 kB
HugePages_Total:       0
HugePages_Free:        0
HugePages_Rsvd:        0
HugePages_Surp:        0
Hugepagesize:       2048 kB
Hugetlb:               0 kB
DirectMap4k:      193416 kB
DirectMap2M:     3883008 kB


/proc/sys/kernel/threads-max (system-wide limit on the number of threads):
29878


/proc/sys/vm/max_map_count (maximum number of memory map areas a process may have):
65530


/proc/sys/kernel/pid_max (system-wide limit on number of process identifiers):
4194304



container (cgroup) information:
container_type: cgroupv1
cpu_cpuset_cpus: 0-3
cpu_memory_nodes: 0
active_processor_count: 4
cpu_quota: no quota
cpu_period: 100000
cpu_shares: no shares
memory_limit_in_bytes: unlimited
memory_and_swap_limit_in_bytes: not supported
memory_soft_limit_in_bytes: unlimited
memory_usage_in_bytes: 569888768
memory_max_usage_in_bytes: 979554304

Steal ticks since vm start: 0
Steal ticks percentage since vm start:  0.000

CPU:total 4 (initial active 4) (4 cores per cpu, 1 threads per core) family 6 model 55 stepping 9, cmov, cx8, fxsr, mmx, sse, sse2, sse3, ssse3, sse4.1, sse4.2, popcnt, clmul, erms, 3dnowpref, tsc, tscinvbit
CPU Model and flags from /proc/cpuinfo:
model name	: Intel(R) Celeron(R) CPU  J1900  @ 1.99GHz
flags		: fpu vme de pse tsc msr pae mce cx8 apic sep mtrr pge mca cmov pat pse36 clflush dts acpi mmx fxsr sse sse2 ss ht tm pbe syscall nx rdtscp lm constant_tsc arch_perfmon pebs bts rep_good nopl xtopology tsc_reliable nonstop_tsc cpuid aperfmperf tsc_known_freq pni pclmulqdq dtes64 monitor ds_cpl vmx est tm2 ssse3 cx16 xtpr pdcm sse4_1 sse4_2 movbe popcnt tsc_deadline_timer rdrand lahf_lm 3dnowprefetch epb pti ibrs ibpb stibp tpr_shadow vnmi flexpriority ept vpid tsc_adjust smep erms dtherm ida arat md_clear

Memory: 4k page, physical 3912032k(595748k free), swap 3911676k(3911676k free)

vm_info: OpenJDK 64-Bit Server VM (14.0.1+7-Ubuntu-1ubuntu1) for linux-amd64 JRE (14.0.1+7-Ubuntu-1ubuntu1), built on Apr 18 2020 12:25:53 by "unknown" with gcc 9.3.0

END.
