#
# A fatal error has been detected by the Java Runtime Environment:
#
#  SIGSEGV (0xb) at pc=0x00007f14eded6ac5, pid=47092, tid=47101
#
# JRE version: OpenJDK Runtime Environment (14.0.1+7) (build 14.0.1+7-Ubuntu-1ubuntu1)
# Java VM: OpenJDK 64-Bit Server VM (14.0.1+7-Ubuntu-1ubuntu1, mixed mode, sharing, tiered, compressed oops, parallel gc, linux-amd64)
# Problematic frame:
# V  [libjvm.so+0x791ac5]
#
# Core dump will be written. Default location: Core dumps may be processed with "/usr/share/apport/apport %p %s %c %d %P %E" (or dumping to /home/wei/code/java/core.47092)
#
# If you would like to submit a bug report, please visit:
#   Unknown
#

---------------  S U M M A R Y ------------

Command Line: --add-modules=ALL-SYSTEM --add-opens=java.base/java.util=ALL-UNNAMED --add-opens=java.base/java.lang=ALL-UNNAMED -Declipse.application=org.eclipse.jdt.ls.core.id1 -Dosgi.bundles.defaultStartLevel=4 -Declipse.product=org.eclipse.jdt.ls.core.product -Dfile.encoding=UTF-8 -XX:+UseParallelGC -XX:GCTimeRatio=4 -XX:AdaptiveSizePolicyWeight=90 -Dsun.zip.disableMemoryMapping=true -Xmx1G -Xms100m /home/wei/.local/share/code-server/extensions/redhat.java-0.61.0/server/plugins/org.eclipse.equinox.launcher_1.5.700.v20200207-2156.jar -configuration /home/wei/.local/share/code-server/User/globalStorage/redhat.java/0.61.0/config_linux -data /home/wei/.local/share/code-server/User/workspaceStorage/57d28c00/redhat.java/jdt_ws

Host: Intel(R) Celeron(R) CPU  J1900  @ 1.99GHz, 4 cores, 3G, Ubuntu 20.04.1 LTS
Time: Fri Sep 25 09:34:35 2020 CST elapsed time: 10 seconds (0d 0h 0m 10s)

---------------  T H R E A D  ---------------

Current thread (0x00007f14e8145800):  JavaThread "C1 CompilerThread0" daemon [_thread_in_vm, id=47101, stack(0x00007f14bfbfc000,0x00007f14bfcfd000)]


Current CompileTask:
C1:  10346 4545       3       org.eclipse.jdt.internal.compiler.parser.Parser::consumeRule (7577 bytes)

Stack: [0x00007f14bfbfc000,0x00007f14bfcfd000],  sp=0x00007f14bfcfa9b0,  free space=1018k
Native frames: (J=compiled Java code, A=aot compiled Java code, j=interpreted, Vv=VM code, C=native code)
V  [libjvm.so+0x791ac5]
V  [libjvm.so+0x791f02]
V  [libjvm.so+0xa033a0]
V  [libjvm.so+0xa04b08]
V  [libjvm.so+0xa0762e]
V  [libjvm.so+0xa078a7]
V  [libjvm.so+0x4f6ae9]
V  [libjvm.so+0x4f6cec]
V  [libjvm.so+0x5164f1]
V  [libjvm.so+0x446c3a]
V  [libjvm.so+0x44860b]
V  [libjvm.so+0x44acf1]
V  [libjvm.so+0x44b5c9]
V  [libjvm.so+0x44bca8]
V  [libjvm.so+0x4470bb]
V  [libjvm.so+0x44860b]
V  [libjvm.so+0x44acf1]
V  [libjvm.so+0x44c896]
V  [libjvm.so+0x452c02]
V  [libjvm.so+0x452cc7]
V  [libjvm.so+0x42d0e3]
V  [libjvm.so+0x42e04c]
V  [libjvm.so+0x42e1c0]
V  [libjvm.so+0x42e640]
V  [libjvm.so+0x42f1b1]
V  [libjvm.so+0x587dda]
V  [libjvm.so+0x589018]
V  [libjvm.so+0xe63f0e]
V  [libjvm.so+0xe68e9f]
V  [libjvm.so+0xb9013f]


siginfo: si_signo: 11 (SIGSEGV), si_code: 128 (SI_KERNEL), si_addr: 0x0000000000000000

Register to memory mapping:

RAX=0x0000000000000005 is an unknown value
RBX=0x0000000000000001 is an unknown value
RCX=0x0000000000000005 is an unknown value
RDX=0x00007f1488999cb0 points into unknown readable memory: 06 00 0c 00 9e 3a 53 63
RSP=0x00007f14bfcfa9b0 is pointing into the stack for thread: 0x00007f14e8145800
RBP=0x00007f14bfcfa9d0 is pointing into the stack for thread: 0x00007f14e8145800
RSI=0x00007f148804c030 points into unknown readable memory: 12 00 07 00 d6 02 73 65
RDI=0x00007f14bc395f08 is pointing into metadata
R8 =0x0000000000000005 is an unknown value
R9 =0x616a2e72656e6e61 is an unknown value
R10=0x00000008004fe590 is pointing into metadata
R11=0x0 is NULL
R12=0x00007f14bc316a90 is pointing into metadata
R13=0x0000000000008899 is an unknown value
R14=0x00007f148804c030 points into unknown readable memory: 12 00 07 00 d6 02 73 65
R15=0x00000008004fe590 is pointing into metadata


Registers:
RAX=0x0000000000000005, RBX=0x0000000000000001, RCX=0x0000000000000005, RDX=0x00007f1488999cb0
RSP=0x00007f14bfcfa9b0, RBP=0x00007f14bfcfa9d0, RSI=0x00007f148804c030, RDI=0x00007f14bc395f08
R8 =0x0000000000000005, R9 =0x616a2e72656e6e61, R10=0x00000008004fe590, R11=0x0000000000000000
R12=0x00007f14bc316a90, R13=0x0000000000008899, R14=0x00007f148804c030, R15=0x00000008004fe590
RIP=0x00007f14eded6ac5, EFLAGS=0x0000000000010206, CSGSFS=0x002b000000000033, ERR=0x0000000000000000
  TRAPNO=0x000000000000000d

Top of Stack: (sp=0x00007f14bfcfa9b0)
0x00007f14bfcfa9b0:   00007f14e8145800 0000000000000000
0x00007f14bfcfa9c0:   00000008004fe590 000000080106b400
0x00007f14bfcfa9d0:   00007f14bfcfaa00 00007f14eded6f02
0x00007f14bfcfa9e0:   0000000000007fe8 0000000000000000 

Instructions: (pc=0x00007f14eded6ac5)
0x00007f14eded69c5:   08 e8 05 d2 ec ff 49 8b 17 4c 89 e6 4c 89 ff ff
0x00007f14eded69d5:   12 4d 39 f5 75 dd e9 33 ff ff ff f3 0f 1e fa 48
0x00007f14eded69e5:   8b 87 e0 00 00 00 48 85 c0 74 10 48 8b bf e0 00
0x00007f14eded69f5:   00 00 e9 c4 13 c1 ff 0f 1f 40 00 c3 66 66 2e 0f
0x00007f14eded6a05:   1f 84 00 00 00 00 00 0f 1f 40 00 f3 0f 1e fa 8b
0x00007f14eded6a15:   07 85 c0 7e 3e 44 8d 48 ff 31 c0 eb 12 66 0f 1f
0x00007f14eded6a25:   44 00 00 48 8d 50 01 49 39 c1 74 27 48 89 d0 48
0x00007f14eded6a35:   8b 54 c7 08 41 89 c0 48 8b 52 08 0f b7 4a 2a 48
0x00007f14eded6a45:   8b 52 08 48 3b 74 ca 40 75 d9 44 89 c0 c3 0f 1f
0x00007f14eded6a55:   44 00 00 41 b8 ff ff ff ff 44 89 c0 c3 66 66 2e
0x00007f14eded6a65:   0f 1f 84 00 00 00 00 00 0f 1f 00 55 49 89 d2 45
0x00007f14eded6a75:   89 c3 48 89 e5 41 55 41 54 53 89 cb 48 83 ec 08
0x00007f14eded6a85:   80 3d 85 8e b2 00 00 75 62 8b 0f 83 e9 01 78 41
0x00007f14eded6a95:   45 31 c0 eb 0f 66 0f 1f 44 00 00 44 8d 40 01 41
0x00007f14eded6aa5:   39 c8 7f 2d 41 8d 04 08 d1 f8 48 63 d0 4c 8b 64
0x00007f14eded6ab5:   d7 08 49 8b 54 24 08 4c 8b 4a 08 44 0f b7 6a 2a
0x00007f14eded6ac5:   4b 39 74 e9 40 72 d4 74 3d 8d 48 ff 41 39 c8 7e
0x00007f14eded6ad5:   d3 41 b9 ff ff ff ff 48 83 c4 08 44 89 c8 5b 41
0x00007f14eded6ae5:   5c 41 5d 5d c3 66 0f 1f 44 00 00 e8 1b ff ff ff
0x00007f14eded6af5:   83 f8 ff 74 dc 48 63 d0 4c 8b 64 d7 08 49 8b 54
0x00007f14eded6b05:   24 08 4c 8b 4a 08 0f b7 4a 2c 4d 3b 54 c9 40 0f
0x00007f14eded6b15:   84 a6 01 00 00 89 c2 83 ea 01 0f 88 17 03 00 00
0x00007f14eded6b25:   41 83 fb 01 0f 84 e1 00 00 00 48 63 d2 83 fb 01
0x00007f14eded6b35:   0f 84 a1 00 00 00 eb 16 0f 1f 00 0f b7 49 2c 4d
0x00007f14eded6b45:   3b 54 c8 40 74 91 48 83 ea 01 85 d2 78 1c 48 8b
0x00007f14eded6b55:   4c d7 08 41 89 d1 48 8b 49 08 4c 8b 41 08 44 0f
0x00007f14eded6b65:   b7 59 2a 4b 3b 74 d8 40 74 d1 8b 17 83 c0 01 39
0x00007f14eded6b75:   d0 0f 8d 5a ff ff ff 48 98 eb 1b 0f b7 49 2c 4d
0x00007f14eded6b85:   3b 54 c8 40 0f 84 4d ff ff ff 48 83 c0 01 39 c2
0x00007f14eded6b95:   0f 8e 3b ff ff ff 48 8b 4c c7 08 41 89 c1 48 8b
0x00007f14eded6ba5:   49 08 4c 8b 41 08 44 0f b7 59 2a 4b 3b 74 d8 40
0x00007f14eded6bb5:   74 c9 e9 1a ff ff ff 0f 1f 40 00 f6 41 24 40 0f 


Stack slot to memory mapping:
stack at sp + 0 slots: 0x00007f14e8145800 is a thread
stack at sp + 1 slots: 0x0 is NULL
stack at sp + 2 slots: 0x00000008004fe590 is pointing into metadata
stack at sp + 3 slots: 0x000000080106b400 is a pointer to class: 
org.eclipse.jdt.internal.compiler.parser.RecoveredAnnotation {0x000000080106b400}
stack at sp + 4 slots: 0x00007f14bfcfaa00 is pointing into the stack for thread: 0x00007f14e8145800
stack at sp + 5 slots: 0x00007f14eded6f02: <offset 0x0000000000791f02> in /usr/lib/jvm/java-14-openjdk-amd64/lib/server/libjvm.so at 0x00007f14ed745000
stack at sp + 6 slots: 0x0000000000007fe8 is an unknown value
stack at sp + 7 slots: 0x0 is NULL


---------------  P R O C E S S  ---------------

Threads class SMR info:
_java_thread_list=0x00007f1458005da0, length=27, elements={
0x00007f14e8017000, 0x00007f14e8136000, 0x00007f14e8138000, 0x00007f14e813f800,
0x00007f14e8141800, 0x00007f14e8143800, 0x00007f14e8145800, 0x00007f14e8147000,
0x00007f14e8188000, 0x00007f14e81f7000, 0x00007f14e82c2000, 0x00007f14e840b000,
0x00007f14e8455000, 0x00007f14e8459000, 0x00007f148811d800, 0x00007f14881e6000,
0x00007f1478009800, 0x00007f147800f800, 0x00007f1488481000, 0x00007f14a42ea800,
0x00007f14e84f4000, 0x00007f14e8694800, 0x00007f146c001800, 0x00007f1454001000,
0x00007f1458001000, 0x00007f146c018000, 0x00007f1458004800
}

Java Threads: ( => current thread )
  0x00007f14e8017000 JavaThread "main" [_thread_blocked, id=47093, stack(0x00007f14ed2f9000,0x00007f14ed3fa000)]
  0x00007f14e8136000 JavaThread "Reference Handler" daemon [_thread_blocked, id=47096, stack(0x00007f14ccc7f000,0x00007f14ccd80000)]
  0x00007f14e8138000 JavaThread "Finalizer" daemon [_thread_blocked, id=47097, stack(0x00007f14ccb7e000,0x00007f14ccc7f000)]
  0x00007f14e813f800 JavaThread "Signal Dispatcher" daemon [_thread_blocked, id=47098, stack(0x00007f14bfeff000,0x00007f14c0000000)]
  0x00007f14e8141800 JavaThread "Service Thread" daemon [_thread_blocked, id=47099, stack(0x00007f14bfdfe000,0x00007f14bfeff000)]
  0x00007f14e8143800 JavaThread "C2 CompilerThread0" daemon [_thread_in_native, id=47100, stack(0x00007f14bfcfd000,0x00007f14bfdfe000)]
=>0x00007f14e8145800 JavaThread "C1 CompilerThread0" daemon [_thread_in_vm, id=47101, stack(0x00007f14bfbfc000,0x00007f14bfcfd000)]
  0x00007f14e8147000 JavaThread "Sweeper thread" daemon [_thread_blocked, id=47102, stack(0x00007f14bfafb000,0x00007f14bfbfc000)]
  0x00007f14e8188000 JavaThread "Common-Cleaner" daemon [_thread_blocked, id=47103, stack(0x00007f14bf9fa000,0x00007f14bfafb000)]
  0x00007f14e81f7000 JavaThread "Notification Thread" daemon [_thread_blocked, id=47104, stack(0x00007f14bf8f9000,0x00007f14bf9fa000)]
  0x00007f14e82c2000 JavaThread "process reaper" daemon [_thread_blocked, id=47109, stack(0x00007f14cc0bc000,0x00007f14cc0de000)]
  0x00007f14e840b000 JavaThread "Active Thread: Equinox Container: 24ed1e2c-2e17-45ef-854f-f978700a8e64" [_thread_blocked, id=47121, stack(0x00007f14bf5f5000,0x00007f14bf6f6000)]
  0x00007f14e8455000 JavaThread "Framework Event Dispatcher: Equinox Container: 24ed1e2c-2e17-45ef-854f-f978700a8e64" daemon [_thread_blocked, id=47123, stack(0x00007f14bf4f4000,0x00007f14bf5f5000)]
  0x00007f14e8459000 JavaThread "Start Level: Equinox Container: 24ed1e2c-2e17-45ef-854f-f978700a8e64" daemon [_thread_blocked, id=47124, stack(0x00007f14bf3f3000,0x00007f14bf4f4000)]
  0x00007f148811d800 JavaThread "Worker-JM" [_thread_blocked, id=47130, stack(0x00007f14bf6f6000,0x00007f14bf7f7000)]
  0x00007f14881e6000 JavaThread "Worker-0: Updating Maven Dependencies" [_thread_blocked, id=47133, stack(0x00007f14be9db000,0x00007f14beadc000)]
  0x00007f1478009800 JavaThread "Worker-1" [_thread_blocked, id=47134, stack(0x00007f14be6da000,0x00007f14be7db000)]
  0x00007f147800f800 JavaThread "Worker-2: Initialize Workspace" [_thread_in_Java, id=47135, stack(0x00007f14be3d9000,0x00007f14be4da000)]
  0x00007f1488481000 JavaThread "Java indexing" daemon [_thread_blocked, id=47136, stack(0x00007f14be0d8000,0x00007f14be1d9000)]
  0x00007f14a42ea800 JavaThread "C2 CompilerThread1" daemon [_thread_in_native, id=47137, stack(0x00007f14bddd7000,0x00007f14bded8000)]
  0x00007f14e84f4000 JavaThread "pool-2-thread-1" [_thread_blocked, id=47140, stack(0x00007f14bd8d6000,0x00007f14bd9d7000)]
  0x00007f14e8694800 JavaThread "pool-1-thread-1" [_thread_blocked, id=47143, stack(0x00007f14bcf98000,0x00007f14bd099000)]
  0x00007f146c001800 JavaThread "Worker-3" [_thread_blocked, id=47144, stack(0x00007f14bcc97000,0x00007f14bcd98000)]
  0x00007f1454001000 JavaThread "Worker-4" [_thread_blocked, id=47145, stack(0x00007f14bcb96000,0x00007f14bcc97000)]
  0x00007f1458001000 JavaThread "Worker-5" [_thread_blocked, id=47146, stack(0x00007f14bca95000,0x00007f14bcb96000)]
  0x00007f146c018000 JavaThread "Bundle File Closer" daemon [_thread_blocked, id=47147, stack(0x00007f14bc794000,0x00007f14bc895000)]
  0x00007f1458004800 JavaThread "Worker-6" [_thread_blocked, id=47150, stack(0x00007f14bc493000,0x00007f14bc594000)]

Other Threads:
  0x00007f14e8133000 VMThread "VM Thread" [stack: 0x00007f14ccd82000,0x00007f14cce82000] [id=47095]
  0x00007f14e81f9000 WatcherThread [stack: 0x00007f14bf7f9000,0x00007f14bf8f9000] [id=47105]
  0x00007f14e802e800 GCTaskThread "GC Thread#0" [stack: 0x00007f14eca59000,0x00007f14ecb59000] [id=47094]
  0x00007f14c0005000 GCTaskThread "GC Thread#1" [stack: 0x00007f14bf0e2000,0x00007f14bf1e2000] [id=47125]
  0x00007f14c0006800 GCTaskThread "GC Thread#2" [stack: 0x00007f14befe0000,0x00007f14bf0e0000] [id=47126]
  0x00007f14c0007800 GCTaskThread "GC Thread#3" [stack: 0x00007f14beede000,0x00007f14befde000] [id=47127]

Threads with active compile tasks:
C2 CompilerThread0    10368 4559       4       jdk.internal.ref.PhantomCleanable::<init> (49 bytes)
C1 CompilerThread0    10368 4545       3       org.eclipse.jdt.internal.compiler.parser.Parser::consumeRule (7577 bytes)
C2 CompilerThread1    10368 4558       4       java.util.Collections$SetFromMap::add (22 bytes)

VM state:not at safepoint (normal execution)

VM Mutex/Monitor currently owned by a thread: None

Heap address: 0x00000000c0000000, size: 1024 MB, Compressed Oops mode: 32-bit
Narrow klass base: 0x0000000800000000, Narrow klass shift: 3
Compressed class space size: 1073741824 Address: 0x0000000800b18000

Heap:
 PSYoungGen      total 24064K, used 8192K [0x00000000eab00000, 0x00000000ec700000, 0x0000000100000000)
  eden space 21504K, 26% used [0x00000000eab00000,0x00000000eb0824d8,0x00000000ec000000)
  from space 2560K, 99% used [0x00000000ec000000,0x00000000ec27dca0,0x00000000ec280000)
  to   space 3584K, 0% used [0x00000000ec380000,0x00000000ec380000,0x00000000ec700000)
 ParOldGen       total 68608K, used 31795K [0x00000000c0000000, 0x00000000c4300000, 0x00000000eab00000)
  object space 68608K, 46% used [0x00000000c0000000,0x00000000c1f0cdc8,0x00000000c4300000)
 Metaspace       used 43665K, capacity 45732K, committed 46168K, reserved 1089536K
  class space    used 4688K, capacity 5476K, committed 5504K, reserved 1048576K

Card table byte_map: [0x00007f14ecec3000,0x00007f14ed0c4000] _byte_map_base: 0x00007f14ec8c3000

Marking Bits: (ParMarkBitMap*) 0x00007f14eea1bba0
 Begin Bits: [0x00007f14cdc90000, 0x00007f14cec90000)
 End Bits:   [0x00007f14cec90000, 0x00007f14cfc90000)

Polling page: 0x00007f14eec8c000

Metaspace:

Usage:
  Non-class:     39.31 MB capacity,    38.06 MB ( 97%) used,     1.18 MB (  3%) free+waste,    74.38 KB ( <1%) overhead. 
      Class:      5.35 MB capacity,     4.58 MB ( 86%) used,   751.40 KB ( 14%) free+waste,    35.69 KB ( <1%) overhead. 
       Both:     44.66 MB capacity,    42.64 MB ( 95%) used,     1.91 MB (  4%) free+waste,   110.06 KB ( <1%) overhead. 

Virtual space:
  Non-class space:       40.00 MB reserved,      39.71 MB (>99%) committed 
      Class space:        1.00 GB reserved,       5.38 MB ( <1%) committed 
             Both:        1.04 GB reserved,      45.09 MB (  4%) committed 

Chunk freelists:
   Non-Class:  332.00 KB
       Class:  28.00 KB
        Both:  360.00 KB

MaxMetaspaceSize: unlimited
CompressedClassSpaceSize: 1.00 GB

CodeHeap 'non-profiled nmethods': size=120032Kb used=2250Kb max_used=2250Kb free=117781Kb
 bounds [0x00007f14d7758000, 0x00007f14d79c8000, 0x00007f14dec90000]
CodeHeap 'profiled nmethods': size=120028Kb used=9717Kb max_used=9717Kb free=110310Kb
 bounds [0x00007f14d0221000, 0x00007f14d0ba1000, 0x00007f14d7758000]
CodeHeap 'non-nmethods': size=5700Kb used=1314Kb max_used=1352Kb free=4386Kb
 bounds [0x00007f14cfc90000, 0x00007f14cff00000, 0x00007f14d0221000]
 total_blobs=6186 nmethods=4483 adapters=521
 compilation: enabled
              stopped_count=0, restarted_count=0
 full_count=0

Compilation events (20 events):
Event: 10.284 Thread 0x00007f14a42ea800 nmethod 4307 0x00007f14d7989210 code [0x00007f14d7989380, 0x00007f14d7989468]
Event: 10.284 Thread 0x00007f14a42ea800 4210       4       java.lang.ref.Reference::<init> (25 bytes)
Event: 10.285 Thread 0x00007f14a42ea800 nmethod 4210 0x00007f14d7989510 code [0x00007f14d7989680, 0x00007f14d7989738]
Event: 10.285 Thread 0x00007f14a42ea800 4422       4       java.util.concurrent.locks.AbstractQueuedSynchronizer::compareAndSetState (13 bytes)
Event: 10.286 Thread 0x00007f14a42ea800 nmethod 4422 0x00007f14d7989810 code [0x00007f14d7989980, 0x00007f14d79899f8]
Event: 10.286 Thread 0x00007f14a42ea800 4047       4       java.util.ArrayDeque::pollFirst (36 bytes)
Event: 10.288 Thread 0x00007f14a42ea800 nmethod 4047 0x00007f14d7989b10 code [0x00007f14d7989ca0, 0x00007f14d7989d98]
Event: 10.289 Thread 0x00007f14e8145800 4542       3       org.eclipse.jdt.internal.compiler.parser.Parser::actFromTokenOrSynthetic (9 bytes)
Event: 10.290 Thread 0x00007f14e8145800 nmethod 4542 0x00007f14d0b9d790 code [0x00007f14d0b9d940, 0x00007f14d0b9dbb0]
Event: 10.290 Thread 0x00007f14e8145800 4543       3       org.eclipse.jdt.internal.compiler.parser.Parser::tAction (35 bytes)
Event: 10.290 Thread 0x00007f14e8145800 nmethod 4543 0x00007f14d0b9dd90 code [0x00007f14d0b9df40, 0x00007f14d0b9e110]
Event: 10.290 Thread 0x00007f14e8145800 4544       3       org.eclipse.jdt.internal.compiler.parser.Parser::ntAction (8 bytes)
Event: 10.290 Thread 0x00007f14e8145800 nmethod 4544 0x00007f14d0b9e290 code [0x00007f14d0b9e420, 0x00007f14d0b9e530]
Event: 10.290 Thread 0x00007f14e8145800 4545       3       org.eclipse.jdt.internal.compiler.parser.Parser::consumeRule (7577 bytes)
Event: 10.306 Thread 0x00007f14a42ea800 4548       4       org.eclipse.jdt.internal.compiler.parser.Parser::ntAction (8 bytes)
Event: 10.308 Thread 0x00007f14a42ea800 nmethod 4548 0x00007f14d7989e90 code [0x00007f14d798a020, 0x00007f14d798a0d8]
Event: 10.311 Thread 0x00007f14a42ea800 4552       4       org.eclipse.jdt.internal.compiler.parser.Parser::tAction (35 bytes)
Event: 10.314 Thread 0x00007f14a42ea800 nmethod 4552 0x00007f14d798a190 code [0x00007f14d798a360, 0x00007f14d798a4f8]
Event: 10.314 Thread 0x00007f14a42ea800 4554       4       java.lang.Character::toLowerCase (6 bytes)
Event: 10.317 Thread 0x00007f14a42ea800 nmethod 4554 0x00007f14d798a690 code [0x00007f14d798a840, 0x00007f14d798a998]

GC Heap History (20 events):
Event: 7.077 GC heap before
{Heap before GC invocations=8 (full 1):
 PSYoungGen      total 28672K, used 19871K [0x00000000eab00000, 0x00000000ece00000, 0x0000000100000000)
  eden space 24064K, 63% used [0x00000000eab00000,0x00000000eb9e8530,0x00000000ec280000)
  from space 4608K, 99% used [0x00000000ec800000,0x00000000ecc7f790,0x00000000ecc80000)
  to   space 5632K, 0% used [0x00000000ec280000,0x00000000ec280000,0x00000000ec800000)
 ParOldGen       total 68608K, used 8543K [0x00000000c0000000, 0x00000000c4300000, 0x00000000eab00000)
  object space 68608K, 12% used [0x00000000c0000000,0x00000000c0857c78,0x00000000c4300000)
 Metaspace       used 33384K, capacity 35107K, committed 35416K, reserved 1081344K
  class space    used 3570K, capacity 4214K, committed 4224K, reserved 1048576K
}
Event: 7.088 GC heap after
{Heap after GC invocations=8 (full 1):
 PSYoungGen      total 29696K, used 5627K [0x00000000eab00000, 0x00000000ed400000, 0x0000000100000000)
  eden space 24064K, 0% used [0x00000000eab00000,0x00000000eab00000,0x00000000ec280000)
  from space 5632K, 99% used [0x00000000ec280000,0x00000000ec7fece8,0x00000000ec800000)
  to   space 8704K, 0% used [0x00000000ecb80000,0x00000000ecb80000,0x00000000ed400000)
 ParOldGen       total 68608K, used 11017K [0x00000000c0000000, 0x00000000c4300000, 0x00000000eab00000)
  object space 68608K, 16% used [0x00000000c0000000,0x00000000c0ac2428,0x00000000c4300000)
 Metaspace       used 33384K, capacity 35107K, committed 35416K, reserved 1081344K
  class space    used 3570K, capacity 4214K, committed 4224K, reserved 1048576K
}
Event: 7.088 GC heap before
{Heap before GC invocations=9 (full 2):
 PSYoungGen      total 29696K, used 5627K [0x00000000eab00000, 0x00000000ed400000, 0x0000000100000000)
  eden space 24064K, 0% used [0x00000000eab00000,0x00000000eab00000,0x00000000ec280000)
  from space 5632K, 99% used [0x00000000ec280000,0x00000000ec7fece8,0x00000000ec800000)
  to   space 8704K, 0% used [0x00000000ecb80000,0x00000000ecb80000,0x00000000ed400000)
 ParOldGen       total 68608K, used 11017K [0x00000000c0000000, 0x00000000c4300000, 0x00000000eab00000)
  object space 68608K, 16% used [0x00000000c0000000,0x00000000c0ac2428,0x00000000c4300000)
 Metaspace       used 33384K, capacity 35107K, committed 35416K, reserved 1081344K
  class space    used 3570K, capacity 4214K, committed 4224K, reserved 1048576K
}
Event: 7.178 GC heap after
{Heap after GC invocations=9 (full 2):
 PSYoungGen      total 29696K, used 0K [0x00000000eab00000, 0x00000000ed400000, 0x0000000100000000)
  eden space 24064K, 0% used [0x00000000eab00000,0x00000000eab00000,0x00000000ec280000)
  from space 5632K, 0% used [0x00000000ec280000,0x00000000ec280000,0x00000000ec800000)
  to   space 8704K, 0% used [0x00000000ecb80000,0x00000000ecb80000,0x00000000ed400000)
 ParOldGen       total 68608K, used 16352K [0x00000000c0000000, 0x00000000c4300000, 0x00000000eab00000)
  object space 68608K, 23% used [0x00000000c0000000,0x00000000c0ff8128,0x00000000c4300000)
 Metaspace       used 33384K, capacity 35107K, committed 35416K, reserved 1081344K
  class space    used 3570K, capacity 4214K, committed 4224K, reserved 1048576K
}
Event: 7.890 GC heap before
{Heap before GC invocations=10 (full 2):
 PSYoungGen      total 29696K, used 24064K [0x00000000eab00000, 0x00000000ed400000, 0x0000000100000000)
  eden space 24064K, 100% used [0x00000000eab00000,0x00000000ec280000,0x00000000ec280000)
  from space 5632K, 0% used [0x00000000ec280000,0x00000000ec280000,0x00000000ec800000)
  to   space 8704K, 0% used [0x00000000ecb80000,0x00000000ecb80000,0x00000000ed400000)
 ParOldGen       total 68608K, used 16352K [0x00000000c0000000, 0x00000000c4300000, 0x00000000eab00000)
  object space 68608K, 23% used [0x00000000c0000000,0x00000000c0ff8128,0x00000000c4300000)
 Metaspace       used 36909K, capacity 38997K, committed 39384K, reserved 1083392K
  class space    used 4013K, capacity 4767K, committed 4864K, reserved 1048576K
}
Event: 7.897 GC heap after
{Heap after GC invocations=10 (full 2):
 PSYoungGen      total 26112K, used 2069K [0x00000000eab00000, 0x00000000ece00000, 0x0000000100000000)
  eden space 23552K, 0% used [0x00000000eab00000,0x00000000eab00000,0x00000000ec200000)
  from space 2560K, 80% used [0x00000000ecb80000,0x00000000ecd85528,0x00000000ece00000)
  to   space 4608K, 0% used [0x00000000ec500000,0x00000000ec500000,0x00000000ec980000)
 ParOldGen       total 68608K, used 16360K [0x00000000c0000000, 0x00000000c4300000, 0x00000000eab00000)
  object space 68608K, 23% used [0x00000000c0000000,0x00000000c0ffa128,0x00000000c4300000)
 Metaspace       used 36909K, capacity 38997K, committed 39384K, reserved 1083392K
  class space    used 4013K, capacity 4767K, committed 4864K, reserved 1048576K
}
Event: 8.578 GC heap before
{Heap before GC invocations=11 (full 2):
 PSYoungGen      total 26112K, used 25621K [0x00000000eab00000, 0x00000000ece00000, 0x0000000100000000)
  eden space 23552K, 100% used [0x00000000eab00000,0x00000000ec200000,0x00000000ec200000)
  from space 2560K, 80% used [0x00000000ecb80000,0x00000000ecd85528,0x00000000ece00000)
  to   space 4608K, 0% used [0x00000000ec500000,0x00000000ec500000,0x00000000ec980000)
 ParOldGen       total 68608K, used 16360K [0x00000000c0000000, 0x00000000c4300000, 0x00000000eab00000)
  object space 68608K, 23% used [0x00000000c0000000,0x00000000c0ffa128,0x00000000c4300000)
 Metaspace       used 40189K, capacity 42397K, committed 42840K, reserved 1087488K
  class space    used 4369K, capacity 5176K, committed 5248K, reserved 1048576K
}
Event: 8.589 GC heap after
{Heap after GC invocations=11 (full 2):
 PSYoungGen      total 27648K, used 4353K [0x00000000eab00000, 0x00000000ecc00000, 0x0000000100000000)
  eden space 23040K, 0% used [0x00000000eab00000,0x00000000eab00000,0x00000000ec180000)
  from space 4608K, 94% used [0x00000000ec500000,0x00000000ec940560,0x00000000ec980000)
  to   space 2560K, 0% used [0x00000000ec980000,0x00000000ec980000,0x00000000ecc00000)
 ParOldGen       total 68608K, used 16368K [0x00000000c0000000, 0x00000000c4300000, 0x00000000eab00000)
  object space 68608K, 23% used [0x00000000c0000000,0x00000000c0ffc128,0x00000000c4300000)
 Metaspace       used 40189K, capacity 42397K, committed 42840K, reserved 1087488K
  class space    used 4369K, capacity 5176K, committed 5248K, reserved 1048576K
}
Event: 8.905 GC heap before
{Heap before GC invocations=12 (full 2):
 PSYoungGen      total 27648K, used 27393K [0x00000000eab00000, 0x00000000ecc00000, 0x0000000100000000)
  eden space 23040K, 100% used [0x00000000eab00000,0x00000000ec180000,0x00000000ec180000)
  from space 4608K, 94% used [0x00000000ec500000,0x00000000ec940560,0x00000000ec980000)
  to   space 2560K, 0% used [0x00000000ec980000,0x00000000ec980000,0x00000000ecc00000)
 ParOldGen       total 68608K, used 16368K [0x00000000c0000000, 0x00000000c4300000, 0x00000000eab00000)
  object space 68608K, 23% used [0x00000000c0000000,0x00000000c0ffc128,0x00000000c4300000)
 Metaspace       used 40491K, capacity 42608K, committed 43096K, reserved 1087488K
  class space    used 4401K, capacity 5182K, committed 5248K, reserved 1048576K
}
Event: 8.919 GC heap after
{Heap after GC invocations=12 (full 2):
 PSYoungGen      total 25088K, used 2528K [0x00000000eab00000, 0x00000000ecf00000, 0x0000000100000000)
  eden space 22528K, 0% used [0x00000000eab00000,0x00000000eab00000,0x00000000ec100000)
  from space 2560K, 98% used [0x00000000ec980000,0x00000000ecbf80a0,0x00000000ecc00000)
  to   space 7168K, 0% used [0x00000000ec100000,0x00000000ec100000,0x00000000ec800000)
 ParOldGen       total 68608K, used 20131K [0x00000000c0000000, 0x00000000c4300000, 0x00000000eab00000)
  object space 68608K, 29% used [0x00000000c0000000,0x00000000c13a8d88,0x00000000c4300000)
 Metaspace       used 40491K, capacity 42608K, committed 43096K, reserved 1087488K
  class space    used 4401K, capacity 5182K, committed 5248K, reserved 1048576K
}
Event: 9.100 GC heap before
{Heap before GC invocations=13 (full 2):
 PSYoungGen      total 25088K, used 25056K [0x00000000eab00000, 0x00000000ecf00000, 0x0000000100000000)
  eden space 22528K, 100% used [0x00000000eab00000,0x00000000ec100000,0x00000000ec100000)
  from space 2560K, 98% used [0x00000000ec980000,0x00000000ecbf80a0,0x00000000ecc00000)
  to   space 7168K, 0% used [0x00000000ec100000,0x00000000ec100000,0x00000000ec800000)
 ParOldGen       total 68608K, used 20131K [0x00000000c0000000, 0x00000000c4300000, 0x00000000eab00000)
  object space 68608K, 29% used [0x00000000c0000000,0x00000000c13a8d88,0x00000000c4300000)
 Metaspace       used 40531K, capacity 42608K, committed 43096K, reserved 1087488K
  class space    used 4402K, capacity 5182K, committed 5248K, reserved 1048576K
}
Event: 9.111 GC heap after
{Heap after GC invocations=13 (full 2):
 PSYoungGen      total 24576K, used 2196K [0x00000000eab00000, 0x00000000eca00000, 0x0000000100000000)
  eden space 22016K, 0% used [0x00000000eab00000,0x00000000eab00000,0x00000000ec080000)
  from space 2560K, 85% used [0x00000000ec100000,0x00000000ec325188,0x00000000ec380000)
  to   space 4096K, 0% used [0x00000000ec600000,0x00000000ec600000,0x00000000eca00000)
 ParOldGen       total 68608K, used 22604K [0x00000000c0000000, 0x00000000c4300000, 0x00000000eab00000)
  object space 68608K, 32% used [0x00000000c0000000,0x00000000c1613048,0x00000000c4300000)
 Metaspace       used 40531K, capacity 42608K, committed 43096K, reserved 1087488K
  class space    used 4402K, capacity 5182K, committed 5248K, reserved 1048576K
}
Event: 9.335 GC heap before
{Heap before GC invocations=14 (full 2):
 PSYoungGen      total 24576K, used 24212K [0x00000000eab00000, 0x00000000eca00000, 0x0000000100000000)
  eden space 22016K, 100% used [0x00000000eab00000,0x00000000ec080000,0x00000000ec080000)
  from space 2560K, 85% used [0x00000000ec100000,0x00000000ec325188,0x00000000ec380000)
  to   space 4096K, 0% used [0x00000000ec600000,0x00000000ec600000,0x00000000eca00000)
 ParOldGen       total 68608K, used 22604K [0x00000000c0000000, 0x00000000c4300000, 0x00000000eab00000)
  object space 68608K, 32% used [0x00000000c0000000,0x00000000c1613048,0x00000000c4300000)
 Metaspace       used 40653K, capacity 42768K, committed 43096K, reserved 1087488K
  class space    used 4413K, capacity 5214K, committed 5248K, reserved 1048576K
}
Event: 9.350 GC heap after
{Heap after GC invocations=14 (full 2):
 PSYoungGen      total 24576K, used 2400K [0x00000000eab00000, 0x00000000ec880000, 0x0000000100000000)
  eden space 22016K, 0% used [0x00000000eab00000,0x00000000eab00000,0x00000000ec080000)
  from space 2560K, 93% used [0x00000000ec600000,0x00000000ec858010,0x00000000ec880000)
  to   space 3072K, 0% used [0x00000000ec280000,0x00000000ec280000,0x00000000ec580000)
 ParOldGen       total 68608K, used 24768K [0x00000000c0000000, 0x00000000c4300000, 0x00000000eab00000)
  object space 68608K, 36% used [0x00000000c0000000,0x00000000c18301d0,0x00000000c4300000)
 Metaspace       used 40653K, capacity 42768K, committed 43096K, reserved 1087488K
  class space    used 4413K, capacity 5214K, committed 5248K, reserved 1048576K
}
Event: 9.502 GC heap before
{Heap before GC invocations=15 (full 2):
 PSYoungGen      total 24576K, used 24416K [0x00000000eab00000, 0x00000000ec880000, 0x0000000100000000)
  eden space 22016K, 100% used [0x00000000eab00000,0x00000000ec080000,0x00000000ec080000)
  from space 2560K, 93% used [0x00000000ec600000,0x00000000ec858010,0x00000000ec880000)
  to   space 3072K, 0% used [0x00000000ec280000,0x00000000ec280000,0x00000000ec580000)
 ParOldGen       total 68608K, used 24768K [0x00000000c0000000, 0x00000000c4300000, 0x00000000eab00000)
  object space 68608K, 36% used [0x00000000c0000000,0x00000000c18301d0,0x00000000c4300000)
 Metaspace       used 40656K, capacity 42769K, committed 43096K, reserved 1087488K
  class space    used 4413K, capacity 5214K, committed 5248K, reserved 1048576K
}
Event: 9.514 GC heap after
{Heap after GC invocations=15 (full 2):
 PSYoungGen      total 24576K, used 2464K [0x00000000eab00000, 0x00000000ec680000, 0x0000000100000000)
  eden space 22016K, 0% used [0x00000000eab00000,0x00000000eab00000,0x00000000ec080000)
  from space 2560K, 96% used [0x00000000ec280000,0x00000000ec4e8010,0x00000000ec500000)
  to   space 1536K, 0% used [0x00000000ec500000,0x00000000ec500000,0x00000000ec680000)
 ParOldGen       total 68608K, used 27109K [0x00000000c0000000, 0x00000000c4300000, 0x00000000eab00000)
  object space 68608K, 39% used [0x00000000c0000000,0x00000000c1a79538,0x00000000c4300000)
 Metaspace       used 40656K, capacity 42769K, committed 43096K, reserved 1087488K
  class space    used 4413K, capacity 5214K, committed 5248K, reserved 1048576K
}
Event: 9.652 GC heap before
{Heap before GC invocations=16 (full 2):
 PSYoungGen      total 24576K, used 24480K [0x00000000eab00000, 0x00000000ec680000, 0x0000000100000000)
  eden space 22016K, 100% used [0x00000000eab00000,0x00000000ec080000,0x00000000ec080000)
  from space 2560K, 96% used [0x00000000ec280000,0x00000000ec4e8010,0x00000000ec500000)
  to   space 1536K, 0% used [0x00000000ec500000,0x00000000ec500000,0x00000000ec680000)
 ParOldGen       total 68608K, used 27109K [0x00000000c0000000, 0x00000000c4300000, 0x00000000eab00000)
  object space 68608K, 39% used [0x00000000c0000000,0x00000000c1a79538,0x00000000c4300000)
 Metaspace       used 40657K, capacity 42769K, committed 43096K, reserved 1087488K
  class space    used 4413K, capacity 5214K, committed 5248K, reserved 1048576K
}
Event: 9.663 GC heap after
{Heap after GC invocations=16 (full 2):
 PSYoungGen      total 23040K, used 1536K [0x00000000eab00000, 0x00000000eca80000, 0x0000000100000000)
  eden space 21504K, 0% used [0x00000000eab00000,0x00000000eab00000,0x00000000ec000000)
  from space 1536K, 100% used [0x00000000ec500000,0x00000000ec680000,0x00000000ec680000)
  to   space 5120K, 0% used [0x00000000ec000000,0x00000000ec000000,0x00000000ec500000)
 ParOldGen       total 68608K, used 30237K [0x00000000c0000000, 0x00000000c4300000, 0x00000000eab00000)
  object space 68608K, 44% used [0x00000000c0000000,0x00000000c1d87548,0x00000000c4300000)
 Metaspace       used 40657K, capacity 42769K, committed 43096K, reserved 1087488K
  class space    used 4413K, capacity 5214K, committed 5248K, reserved 1048576K
}
Event: 10.064 GC heap before
{Heap before GC invocations=17 (full 2):
 PSYoungGen      total 23040K, used 23040K [0x00000000eab00000, 0x00000000eca80000, 0x0000000100000000)
  eden space 21504K, 100% used [0x00000000eab00000,0x00000000ec000000,0x00000000ec000000)
  from space 1536K, 100% used [0x00000000ec500000,0x00000000ec680000,0x00000000ec680000)
  to   space 5120K, 0% used [0x00000000ec000000,0x00000000ec000000,0x00000000ec500000)
 ParOldGen       total 68608K, used 30237K [0x00000000c0000000, 0x00000000c4300000, 0x00000000eab00000)
  object space 68608K, 44% used [0x00000000c0000000,0x00000000c1d87548,0x00000000c4300000)
 Metaspace       used 41729K, capacity 43748K, committed 44248K, reserved 1087488K
  class space    used 4501K, capacity 5284K, committed 5376K, reserved 1048576K
}
Event: 10.075 GC heap after
{Heap after GC invocations=17 (full 2):
 PSYoungGen      total 24064K, used 2551K [0x00000000eab00000, 0x00000000ec700000, 0x0000000100000000)
  eden space 21504K, 0% used [0x00000000eab00000,0x00000000eab00000,0x00000000ec000000)
  from space 2560K, 99% used [0x00000000ec000000,0x00000000ec27dca0,0x00000000ec280000)
  to   space 3584K, 0% used [0x00000000ec380000,0x00000000ec380000,0x00000000ec700000)
 ParOldGen       total 68608K, used 31795K [0x00000000c0000000, 0x00000000c4300000, 0x00000000eab00000)
  object space 68608K, 46% used [0x00000000c0000000,0x00000000c1f0cdc8,0x00000000c4300000)
 Metaspace       used 41729K, capacity 43748K, committed 44248K, reserved 1087488K
  class space    used 4501K, capacity 5284K, committed 5376K, reserved 1048576K
}

Deoptimization events (20 events):
Event: 10.169 Thread 0x00007f147800f800 DEOPT PACKING pc=0x00007f14d0b918ca sp=0x00007f14be4d7b20
Event: 10.169 Thread 0x00007f147800f800 DEOPT UNPACKING pc=0x00007f14cfcd962c sp=0x00007f14be4d6fe0 mode 0
Event: 10.169 Thread 0x00007f147800f800 DEOPT PACKING pc=0x00007f14d0b918ca sp=0x00007f14be4d7b20
Event: 10.169 Thread 0x00007f147800f800 DEOPT UNPACKING pc=0x00007f14cfcd962c sp=0x00007f14be4d6fe0 mode 0
Event: 10.169 Thread 0x00007f147800f800 DEOPT PACKING pc=0x00007f14d0b918ca sp=0x00007f14be4d7b20
Event: 10.169 Thread 0x00007f147800f800 DEOPT UNPACKING pc=0x00007f14cfcd962c sp=0x00007f14be4d6fe0 mode 0
Event: 10.170 Thread 0x00007f147800f800 DEOPT PACKING pc=0x00007f14d0b91874 sp=0x00007f14be4d7b20
Event: 10.170 Thread 0x00007f147800f800 DEOPT UNPACKING pc=0x00007f14cfcd962c sp=0x00007f14be4d6fe0 mode 0
Event: 10.170 Thread 0x00007f147800f800 DEOPT PACKING pc=0x00007f14d0b91874 sp=0x00007f14be4d7b20
Event: 10.170 Thread 0x00007f147800f800 DEOPT UNPACKING pc=0x00007f14cfcd962c sp=0x00007f14be4d6fe0 mode 0
Event: 10.170 Thread 0x00007f147800f800 DEOPT PACKING pc=0x00007f14d0b91874 sp=0x00007f14be4d7b20
Event: 10.170 Thread 0x00007f147800f800 DEOPT UNPACKING pc=0x00007f14cfcd962c sp=0x00007f14be4d6fe0 mode 0
Event: 10.170 Thread 0x00007f147800f800 DEOPT PACKING pc=0x00007f14d0b91874 sp=0x00007f14be4d7b20
Event: 10.170 Thread 0x00007f147800f800 DEOPT UNPACKING pc=0x00007f14cfcd962c sp=0x00007f14be4d6fe0 mode 0
Event: 10.199 Thread 0x00007f147800f800 DEOPT PACKING pc=0x00007f14d0b9883e sp=0x00007f14be4d7500
Event: 10.199 Thread 0x00007f147800f800 DEOPT UNPACKING pc=0x00007f14cfcd962c sp=0x00007f14be4d6a10 mode 0
Event: 10.199 Thread 0x00007f147800f800 DEOPT PACKING pc=0x00007f14d0b9883e sp=0x00007f14be4d7500
Event: 10.199 Thread 0x00007f147800f800 DEOPT UNPACKING pc=0x00007f14cfcd962c sp=0x00007f14be4d6a10 mode 0
Event: 10.200 Thread 0x00007f147800f800 DEOPT PACKING pc=0x00007f14d0b9883e sp=0x00007f14be4d7500
Event: 10.200 Thread 0x00007f147800f800 DEOPT UNPACKING pc=0x00007f14cfcd962c sp=0x00007f14be4d6a10 mode 0

Classes unloaded (0 events):
No events

Classes redefined (0 events):
No events

Internal exceptions (20 events):
Event: 3.574 Thread 0x00007f14e8459000 Exception <a 'java/io/FileNotFoundException'{0x00000000eaea78a8}> (0x00000000eaea78a8) 
thrown [src/hotspot/share/prims/jni.cpp, line 599]
Event: 3.673 Thread 0x00007f14e8459000 Exception <a 'java/lang/NoClassDefFoundError'{0x00000000eb0d9f60}: org/slf4j/impl/StaticLoggerBinder> (0x00000000eb0d9f60) 
thrown [src/hotspot/share/classfile/systemDictionary.cpp, line 215]
Event: 6.187 Thread 0x00007f14e8459000 Exception <a 'java/lang/NoClassDefFoundError'{0x00000000eab9ef58}: com/google/inject/servlet/ServletModuleTargetVisitor> (0x00000000eab9ef58) 
thrown [src/hotspot/share/classfile/systemDictionary.cpp, line 215]
Event: 6.187 Thread 0x00007f14e8459000 Exception <a 'java/lang/NoClassDefFoundError'{0x00000000eaba38f0}: javax/annotation/Priority> (0x00000000eaba38f0) 
thrown [src/hotspot/share/classfile/systemDictionary.cpp, line 215]
Event: 6.874 Thread 0x00007f14e8017000 Exception <a 'java/lang/NoSuchMethodError'{0x00000000eb755d10}: 'void java.lang.invoke.DirectMethodHandle$Holder.invokeStatic(java.lang.Object, java.lang.Object, java.lang.Object, java.lang.Object)'> (0x00000000eb755d10) 
thrown [src/hotspot/share/interpreter/linkResolver.cpp, line 765]
Event: 7.320 Thread 0x00007f14e8017000 Exception <a 'java/lang/NoSuchMethodError'{0x00000000ead58250}: 'void java.lang.invoke.DirectMethodHandle$Holder.invokeStaticInit(java.lang.Object, java.lang.Object, java.lang.Object)'> (0x00000000ead58250) 
thrown [src/hotspot/share/interpreter/linkResolver.cpp, line 765]
Event: 7.446 Thread 0x00007f14e8694800 Exception <a 'java/io/FileNotFoundException'{0x00000000eaec14b8}> (0x00000000eaec14b8) 
thrown [src/hotspot/share/prims/jni.cpp, line 599]
Event: 7.493 Thread 0x00007f14e8694800 Exception <a 'sun/nio/fs/UnixException'{0x00000000eb0c56c0}> (0x00000000eb0c56c0) 
thrown [src/hotspot/share/prims/jni.cpp, line 599]
Event: 7.533 Thread 0x00007f14e8694800 Exception <a 'java/lang/NoSuchMethodError'{0x00000000eb15e938}: 'void java.lang.invoke.DirectMethodHandle$Holder.invokeStatic(java.lang.Object, java.lang.Object, java.lang.Object, java.lang.Object, java.lang.Object, java.lang.Object)'> (0x00000000eb15e938) 
thrown [src/hotspot/share/interpreter/linkResolver.cpp, line 765]
Event: 7.635 Thread 0x00007f147800f800 Exception <a 'java/io/FileNotFoundException'{0x00000000eb2dcb78}> (0x00000000eb2dcb78) 
thrown [src/hotspot/share/prims/jni.cpp, line 599]
Event: 7.652 Thread 0x00007f147800f800 Exception <a 'java/io/FileNotFoundException'{0x00000000eb331010}> (0x00000000eb331010) 
thrown [src/hotspot/share/prims/jni.cpp, line 599]
Event: 7.668 Thread 0x00007f147800f800 Exception <a 'java/io/FileNotFoundException'{0x00000000eb383c58}> (0x00000000eb383c58) 
thrown [src/hotspot/share/prims/jni.cpp, line 599]
Event: 7.940 Thread 0x00007f147800f800 Exception <a 'java/lang/NoSuchMethodError'{0x00000000eaca3b00}: 'java.lang.Object java.lang.invoke.Invokers$Holder.invoke_MT(java.lang.Object, java.lang.Object, java.lang.Object)'> (0x00000000eaca3b00) 
thrown [src/hotspot/share/interpreter/linkResolver.cpp, line 765]
Event: 8.070 Thread 0x00007f146c018000 Implicit null exception at 0x00007f14d78bb81b to 0x00007f14d78bbc00
Event: 8.091 Thread 0x00007f14881e6000 Implicit null exception at 0x00007f14d780d9f2 to 0x00007f14d780ea5c
Event: 8.108 Thread 0x00007f1478009800 Exception <a 'java/io/FileNotFoundException'{0x00000000eb19dc90}> (0x00000000eb19dc90) 
thrown [src/hotspot/share/prims/jni.cpp, line 599]
Event: 8.590 Thread 0x00007f1478009800 Implicit null exception at 0x00007f14d7811637 to 0x00007f14d7811752
Event: 8.750 Thread 0x00007f147800f800 Exception <a 'java/io/FileNotFoundException'{0x00000000eb6be188}> (0x00000000eb6be188) 
thrown [src/hotspot/share/prims/jni.cpp, line 599]
Event: 8.751 Thread 0x00007f147800f800 Exception <a 'java/io/FileNotFoundException'{0x00000000eb6c0220}> (0x00000000eb6c0220) 
thrown [src/hotspot/share/prims/jni.cpp, line 599]
Event: 10.257 Thread 0x00007f147800f800 Exception <a 'java/lang/ArrayIndexOutOfBoundsException'{0x00000000eaea1f10}: Index 1078 out of bounds for length 1078> (0x00000000eaea1f10) 
thrown [src/hotspot/share/interpreter/interpreterRuntime.cpp, line 458]

Events (20 events):
Event: 9.844 loading class sun/nio/fs/UnixDirectoryStream$UnixDirectoryIterator done
Event: 9.844 loading class sun/nio/fs/Globs
Event: 9.844 loading class sun/nio/fs/Globs done
Event: 9.845 loading class sun/nio/fs/UnixFileSystem$3
Event: 9.845 loading class java/nio/file/PathMatcher
Event: 9.845 loading class java/nio/file/PathMatcher done
Event: 9.845 loading class sun/nio/fs/UnixFileSystem$3 done
Event: 9.950 Executing VM operation: HandshakeAllThreads
Event: 9.950 Executing VM operation: HandshakeAllThreads done
Event: 9.955 Loaded shared library /usr/lib/jvm/java-14-openjdk-amd64/lib/libnio.so
Event: 10.004 Executing VM operation: HandshakeAllThreads
Event: 10.004 Executing VM operation: HandshakeAllThreads done
Event: 10.011 Executing VM operation: HandshakeOneThread
Event: 10.011 Executing VM operation: HandshakeOneThread done
Event: 10.028 loading class java/lang/ExceptionInInitializerError
Event: 10.028 loading class java/lang/ExceptionInInitializerError done
Event: 10.064 Executing VM operation: ParallelGCFailedAllocation
Event: 10.075 Executing VM operation: ParallelGCFailedAllocation done
Event: 10.244 loading class java/lang/NegativeArraySizeException
Event: 10.244 loading class java/lang/NegativeArraySizeException done


Dynamic libraries:
c0000000-c4300000 rw-p 00000000 00:00 0 
c4300000-eab00000 ---p 00000000 00:00 0 
eab00000-ec700000 rw-p 00000000 00:00 0 
ec700000-100000000 ---p 00000000 00:00 0 
800000000-800003000 rwxp 00001000 08:12 55837995                         /usr/lib/jvm/java-14-openjdk-amd64/lib/server/classes.jsa
800003000-8003e7000 rw-p 00004000 08:12 55837995                         /usr/lib/jvm/java-14-openjdk-amd64/lib/server/classes.jsa
8003e7000-800b17000 r--p 003e8000 08:12 55837995                         /usr/lib/jvm/java-14-openjdk-amd64/lib/server/classes.jsa
800b17000-800b18000 rw-p 00b18000 08:12 55837995                         /usr/lib/jvm/java-14-openjdk-amd64/lib/server/classes.jsa
800b18000-801098000 rw-p 00000000 00:00 0 
801098000-840b18000 ---p 00000000 00:00 0 
55cb9149d000-55cb9149e000 r--p 00000000 08:12 54920498                   /usr/lib/jvm/java-14-openjdk-amd64/bin/java
55cb9149e000-55cb9149f000 r-xp 00001000 08:12 54920498                   /usr/lib/jvm/java-14-openjdk-amd64/bin/java
55cb9149f000-55cb914a0000 r--p 00002000 08:12 54920498                   /usr/lib/jvm/java-14-openjdk-amd64/bin/java
55cb914a0000-55cb914a1000 r--p 00002000 08:12 54920498                   /usr/lib/jvm/java-14-openjdk-amd64/bin/java
55cb914a1000-55cb914a2000 rw-p 00003000 08:12 54920498                   /usr/lib/jvm/java-14-openjdk-amd64/bin/java
55cb92487000-55cb924cc000 rw-p 00000000 00:00 0                          [heap]
7f1442c90000-7f144c000000 r--s 00000000 08:12 55446382                   /usr/lib/jvm/java-14-openjdk-amd64/lib/modules
7f144c000000-7f144c021000 rw-p 00000000 00:00 0 
7f144c021000-7f1450000000 ---p 00000000 00:00 0 
7f1454000000-7f1454045000 rw-p 00000000 00:00 0 
7f1454045000-7f1458000000 ---p 00000000 00:00 0 
7f1458000000-7f1458021000 rw-p 00000000 00:00 0 
7f1458021000-7f145c000000 ---p 00000000 00:00 0 
7f145c000000-7f145c021000 rw-p 00000000 00:00 0 
7f145c021000-7f1460000000 ---p 00000000 00:00 0 
7f1460000000-7f146003b000 rw-p 00000000 00:00 0 
7f146003b000-7f1464000000 ---p 00000000 00:00 0 
7f1464000000-7f1464021000 rw-p 00000000 00:00 0 
7f1464021000-7f1468000000 ---p 00000000 00:00 0 
7f1468000000-7f14695cd000 rw-p 00000000 00:00 0 
7f14695cd000-7f146c000000 ---p 00000000 00:00 0 
7f146c000000-7f146c0fe000 rw-p 00000000 00:00 0 
7f146c0fe000-7f1470000000 ---p 00000000 00:00 0 
7f1470000000-7f147025b000 rw-p 00000000 00:00 0 
7f147025b000-7f1474000000 ---p 00000000 00:00 0 
7f1474000000-7f1474021000 rw-p 00000000 00:00 0 
7f1474021000-7f1478000000 ---p 00000000 00:00 0 
7f1478000000-7f1478059000 rw-p 00000000 00:00 0 
7f1478059000-7f147c000000 ---p 00000000 00:00 0 
7f147c000000-7f147c021000 rw-p 00000000 00:00 0 
7f147c021000-7f1480000000 ---p 00000000 00:00 0 
7f1480000000-7f1480021000 rw-p 00000000 00:00 0 
7f1480021000-7f1484000000 ---p 00000000 00:00 0 
7f1484000000-7f1484021000 rw-p 00000000 00:00 0 
7f1484021000-7f1488000000 ---p 00000000 00:00 0 
7f1488000000-7f1488f38000 rw-p 00000000 00:00 0 
7f1488f38000-7f148c000000 ---p 00000000 00:00 0 
7f148c000000-7f148c3eb000 rw-p 00000000 00:00 0 
7f148c3eb000-7f1490000000 ---p 00000000 00:00 0 
7f1490000000-7f1490021000 rw-p 00000000 00:00 0 
7f1490021000-7f1494000000 ---p 00000000 00:00 0 
7f1494000000-7f1494021000 rw-p 00000000 00:00 0 
7f1494021000-7f1498000000 ---p 00000000 00:00 0 
7f1498000000-7f1498021000 rw-p 00000000 00:00 0 
7f1498021000-7f149c000000 ---p 00000000 00:00 0 
7f149c000000-7f149c021000 rw-p 00000000 00:00 0 
7f149c021000-7f14a0000000 ---p 00000000 00:00 0 
7f14a0000000-7f14a0021000 rw-p 00000000 00:00 0 
7f14a0021000-7f14a4000000 ---p 00000000 00:00 0 
7f14a4000000-7f14a47e9000 rw-p 00000000 00:00 0 
7f14a47e9000-7f14a8000000 ---p 00000000 00:00 0 
7f14a8000000-7f14a8021000 rw-p 00000000 00:00 0 
7f14a8021000-7f14ac000000 ---p 00000000 00:00 0 
7f14ac000000-7f14ac021000 rw-p 00000000 00:00 0 
7f14ac021000-7f14b0000000 ---p 00000000 00:00 0 
7f14b0000000-7f14b0f4f000 rw-p 00000000 00:00 0 
7f14b0f4f000-7f14b4000000 ---p 00000000 00:00 0 
7f14b4000000-7f14b4021000 rw-p 00000000 00:00 0 
7f14b4021000-7f14b8000000 ---p 00000000 00:00 0 
7f14b8000000-7f14b8021000 rw-p 00000000 00:00 0 
7f14b8021000-7f14bc000000 ---p 00000000 00:00 0 
7f14bc293000-7f14bc453000 rw-p 00000000 00:00 0 
7f14bc453000-7f14bc493000 ---p 00000000 00:00 0 
7f14bc493000-7f14bc497000 ---p 00000000 00:00 0 
7f14bc497000-7f14bc794000 rw-p 00000000 00:00 0 
7f14bc794000-7f14bc798000 ---p 00000000 00:00 0 
7f14bc798000-7f14bca95000 rw-p 00000000 00:00 0 
7f14bca95000-7f14bca99000 ---p 00000000 00:00 0 
7f14bca99000-7f14bcb96000 rw-p 00000000 00:00 0 
7f14bcb96000-7f14bcb9a000 ---p 00000000 00:00 0 
7f14bcb9a000-7f14bcc97000 rw-p 00000000 00:00 0 
7f14bcc97000-7f14bcc9b000 ---p 00000000 00:00 0 
7f14bcc9b000-7f14bcf98000 rw-p 00000000 00:00 0 
7f14bcf98000-7f14bcf9c000 ---p 00000000 00:00 0 
7f14bcf9c000-7f14bd28f000 rw-p 00000000 00:00 0 
7f14bd28f000-7f14bd299000 ---p 00000000 00:00 0 
7f14bd299000-7f14bd499000 rw-p 00000000 00:00 0 
7f14bd499000-7f14bd699000 rw-p 00000000 00:00 0 
7f14bd699000-7f14bd899000 rw-p 00000000 00:00 0 
7f14bd8d6000-7f14bd8da000 ---p 00000000 00:00 0 
7f14bd8da000-7f14bdbd7000 rw-p 00000000 00:00 0 
7f14bdbd7000-7f14bddd7000 rw-p 00000000 00:00 0 
7f14bddd7000-7f14bdddb000 ---p 00000000 00:00 0 
7f14bdddb000-7f14be0d8000 rw-p 00000000 00:00 0 
7f14be0d8000-7f14be0dc000 ---p 00000000 00:00 0 
7f14be0dc000-7f14be3d9000 rw-p 00000000 00:00 0 
7f14be3d9000-7f14be3dd000 ---p 00000000 00:00 0 
7f14be3dd000-7f14be6da000 rw-p 00000000 00:00 0 
7f14be6da000-7f14be6de000 ---p 00000000 00:00 0 
7f14be6de000-7f14be9db000 rw-p 00000000 00:00 0 
7f14be9db000-7f14be9df000 ---p 00000000 00:00 0 
7f14be9df000-7f14becdc000 rw-p 00000000 00:00 0 
7f14becdc000-7f14beedc000 rw-p 00000000 00:00 0 
7f14beedc000-7f14beedd000 ---p 00000000 00:00 0 
7f14beedd000-7f14befde000 rw-p 00000000 00:00 0 
7f14befde000-7f14befdf000 ---p 00000000 00:00 0 
7f14befdf000-7f14bf0e0000 rw-p 00000000 00:00 0 
7f14bf0e0000-7f14bf0e1000 ---p 00000000 00:00 0 
7f14bf0e1000-7f14bf1e2000 rw-p 00000000 00:00 0 
7f14bf1e2000-7f14bf1f2000 r-xp 00000000 08:12 34344150                   /home/wei/.local/share/code-server/User/globalStorage/redhat.java/0.61.0/config_linux/org.eclipse.equinox.launcher/org.eclipse.equinox.launcher.gtk.linux.x86_64_1.1.1100.v20190907-0426/eclipse_1801.so
7f14bf1f2000-7f14bf3f1000 ---p 00010000 08:12 34344150                   /home/wei/.local/share/code-server/User/globalStorage/redhat.java/0.61.0/config_linux/org.eclipse.equinox.launcher/org.eclipse.equinox.launcher.gtk.linux.x86_64_1.1.1100.v20190907-0426/eclipse_1801.so
7f14bf3f1000-7f14bf3f2000 r--p 0000f000 08:12 34344150                   /home/wei/.local/share/code-server/User/globalStorage/redhat.java/0.61.0/config_linux/org.eclipse.equinox.launcher/org.eclipse.equinox.launcher.gtk.linux.x86_64_1.1.1100.v20190907-0426/eclipse_1801.so
7f14bf3f2000-7f14bf3f3000 rw-p 00010000 08:12 34344150                   /home/wei/.local/share/code-server/User/globalStorage/redhat.java/0.61.0/config_linux/org.eclipse.equinox.launcher/org.eclipse.equinox.launcher.gtk.linux.x86_64_1.1.1100.v20190907-0426/eclipse_1801.so
7f14bf3f3000-7f14bf3f7000 ---p 00000000 00:00 0 
7f14bf3f7000-7f14bf4f4000 rw-p 00000000 00:00 0 
7f14bf4f4000-7f14bf4f8000 ---p 00000000 00:00 0 
7f14bf4f8000-7f14bf5f5000 rw-p 00000000 00:00 0 
7f14bf5f5000-7f14bf5f9000 ---p 00000000 00:00 0 
7f14bf5f9000-7f14bf6f6000 rw-p 00000000 00:00 0 
7f14bf6f6000-7f14bf6fa000 ---p 00000000 00:00 0 
7f14bf6fa000-7f14bf7f7000 rw-p 00000000 00:00 0 
7f14bf7f7000-7f14bf7f8000 ---p 00000000 00:00 0 
7f14bf7f8000-7f14bf8f9000 rw-p 00000000 00:00 0 
7f14bf8f9000-7f14bf8fd000 ---p 00000000 00:00 0 
7f14bf8fd000-7f14bf9fa000 rw-p 00000000 00:00 0 
7f14bf9fa000-7f14bf9fe000 ---p 00000000 00:00 0 
7f14bf9fe000-7f14bfafb000 rw-p 00000000 00:00 0 
7f14bfafb000-7f14bfaff000 ---p 00000000 00:00 0 
7f14bfaff000-7f14bfbfc000 rw-p 00000000 00:00 0 
7f14bfbfc000-7f14bfc00000 ---p 00000000 00:00 0 
7f14bfc00000-7f14bfcfd000 rw-p 00000000 00:00 0 
7f14bfcfd000-7f14bfd01000 ---p 00000000 00:00 0 
7f14bfd01000-7f14bfdfe000 rw-p 00000000 00:00 0 
7f14bfdfe000-7f14bfe02000 ---p 00000000 00:00 0 
7f14bfe02000-7f14bfeff000 rw-p 00000000 00:00 0 
7f14bfeff000-7f14bff03000 ---p 00000000 00:00 0 
7f14bff03000-7f14c0000000 rw-p 00000000 00:00 0 
7f14c0000000-7f14c005b000 rw-p 00000000 00:00 0 
7f14c005b000-7f14c4000000 ---p 00000000 00:00 0 
7f14c4000000-7f14c4021000 rw-p 00000000 00:00 0 
7f14c4021000-7f14c8000000 ---p 00000000 00:00 0 
7f14c8000000-7f14c8021000 rw-p 00000000 00:00 0 
7f14c8021000-7f14cc000000 ---p 00000000 00:00 0 
7f14cc0ac000-7f14cc0b0000 r--p 00000000 08:12 55446380                   /usr/lib/jvm/java-14-openjdk-amd64/lib/libverify.so
7f14cc0b0000-7f14cc0b7000 r-xp 00004000 08:12 55446380                   /usr/lib/jvm/java-14-openjdk-amd64/lib/libverify.so
7f14cc0b7000-7f14cc0b9000 r--p 0000b000 08:12 55446380                   /usr/lib/jvm/java-14-openjdk-amd64/lib/libverify.so
7f14cc0b9000-7f14cc0bb000 r--p 0000c000 08:12 55446380                   /usr/lib/jvm/java-14-openjdk-amd64/lib/libverify.so
7f14cc0bb000-7f14cc0bc000 rw-p 0000e000 08:12 55446380                   /usr/lib/jvm/java-14-openjdk-amd64/lib/libverify.so
7f14cc0bc000-7f14cc0c0000 ---p 00000000 00:00 0 
7f14cc0c0000-7f14cc0de000 rw-p 00000000 00:00 0 
7f14cc0de000-7f14cc0fe000 r--p 00000000 08:12 56375839                   /usr/share/locale-langpack/zh_CN/LC_MESSAGES/libc.mo
7f14cc0fe000-7f14ccb7e000 r--p 00000000 08:12 53485162                   /usr/lib/locale/locale-archive
7f14ccb7e000-7f14ccb82000 ---p 00000000 00:00 0 
7f14ccb82000-7f14ccc7f000 rw-p 00000000 00:00 0 
7f14ccc7f000-7f14ccc83000 ---p 00000000 00:00 0 
7f14ccc83000-7f14ccd80000 rw-p 00000000 00:00 0 
7f14ccd80000-7f14ccd81000 ---p 00000000 00:00 0 
7f14ccd81000-7f14cfc90000 rw-p 00000000 00:00 0 
7f14cfc90000-7f14cff00000 rwxp 00000000 00:00 0 
7f14cff00000-7f14d0221000 ---p 00000000 00:00 0 
7f14d0221000-7f14d0ba1000 rwxp 00000000 00:00 0 
7f14d0ba1000-7f14d7758000 ---p 00000000 00:00 0 
7f14d7758000-7f14d79c8000 rwxp 00000000 00:00 0 
7f14d79c8000-7f14dec90000 ---p 00000000 00:00 0 
7f14dec90000-7f14e8000000 r--s 00000000 08:12 55446382                   /usr/lib/jvm/java-14-openjdk-amd64/lib/modules
7f14e8000000-7f14e8699000 rw-p 00000000 00:00 0 
7f14e8699000-7f14ec000000 ---p 00000000 00:00 0 
7f14ec004000-7f14ec00b000 r--s 00000000 08:12 53612333                   /usr/lib/x86_64-linux-gnu/gconv/gconv-modules.cache
7f14ec00b000-7f14ec00f000 r--p 00000000 08:12 55446373                   /usr/lib/jvm/java-14-openjdk-amd64/lib/libnet.so
7f14ec00f000-7f14ec01d000 r-xp 00004000 08:12 55446373                   /usr/lib/jvm/java-14-openjdk-amd64/lib/libnet.so
7f14ec01d000-7f14ec021000 r--p 00012000 08:12 55446373                   /usr/lib/jvm/java-14-openjdk-amd64/lib/libnet.so
7f14ec021000-7f14ec022000 r--p 00015000 08:12 55446373                   /usr/lib/jvm/java-14-openjdk-amd64/lib/libnet.so
7f14ec022000-7f14ec023000 rw-p 00016000 08:12 55446373                   /usr/lib/jvm/java-14-openjdk-amd64/lib/libnet.so
7f14ec023000-7f14ec02a000 r--p 00000000 08:12 55446374                   /usr/lib/jvm/java-14-openjdk-amd64/lib/libnio.so
7f14ec02a000-7f14ec033000 r-xp 00007000 08:12 55446374                   /usr/lib/jvm/java-14-openjdk-amd64/lib/libnio.so
7f14ec033000-7f14ec037000 r--p 00010000 08:12 55446374                   /usr/lib/jvm/java-14-openjdk-amd64/lib/libnio.so
7f14ec037000-7f14ec038000 r--p 00013000 08:12 55446374                   /usr/lib/jvm/java-14-openjdk-amd64/lib/libnio.so
7f14ec038000-7f14ec039000 rw-p 00014000 08:12 55446374                   /usr/lib/jvm/java-14-openjdk-amd64/lib/libnio.so
7f14ec039000-7f14eca57000 rw-p 00000000 00:00 0 
7f14eca57000-7f14eca58000 ---p 00000000 00:00 0 
7f14eca58000-7f14ecd8f000 rw-p 00000000 00:00 0 
7f14ecd8f000-7f14ecec3000 ---p 00000000 00:00 0 
7f14ecec3000-7f14ecee5000 rw-p 00000000 00:00 0 
7f14ecee5000-7f14ed018000 ---p 00000000 00:00 0 
7f14ed018000-7f14ed027000 rw-p 00000000 00:00 0 
7f14ed027000-7f14ed0c3000 ---p 00000000 00:00 0 
7f14ed0c3000-7f14ed0c9000 rw-p 00000000 00:00 0 
7f14ed0c9000-7f14ed1af000 ---p 00000000 00:00 0 
7f14ed1af000-7f14ed1c2000 rw-p 00000000 00:00 0 
7f14ed1c2000-7f14ed29a000 ---p 00000000 00:00 0 
7f14ed29a000-7f14ed29f000 rw-p 00000000 00:00 0 
7f14ed29f000-7f14ed2a6000 ---p 00000000 00:00 0 
7f14ed2a6000-7f14ed2a8000 r--p 00000000 08:12 55446381                   /usr/lib/jvm/java-14-openjdk-amd64/lib/libzip.so
7f14ed2a8000-7f14ed2ac000 r-xp 00002000 08:12 55446381                   /usr/lib/jvm/java-14-openjdk-amd64/lib/libzip.so
7f14ed2ac000-7f14ed2ae000 r--p 00006000 08:12 55446381                   /usr/lib/jvm/java-14-openjdk-amd64/lib/libzip.so
7f14ed2ae000-7f14ed2af000 r--p 00007000 08:12 55446381                   /usr/lib/jvm/java-14-openjdk-amd64/lib/libzip.so
7f14ed2af000-7f14ed2b0000 rw-p 00008000 08:12 55446381                   /usr/lib/jvm/java-14-openjdk-amd64/lib/libzip.so
7f14ed2b0000-7f14ed2bd000 r--p 00000000 08:12 55445452                   /usr/lib/jvm/java-14-openjdk-amd64/lib/libjava.so
7f14ed2bd000-7f14ed2d0000 r-xp 0000d000 08:12 55445452                   /usr/lib/jvm/java-14-openjdk-amd64/lib/libjava.so
7f14ed2d0000-7f14ed2d6000 r--p 00020000 08:12 55445452                   /usr/lib/jvm/java-14-openjdk-amd64/lib/libjava.so
7f14ed2d6000-7f14ed2d7000 r--p 00025000 08:12 55445452                   /usr/lib/jvm/java-14-openjdk-amd64/lib/libjava.so
7f14ed2d7000-7f14ed2d9000 rw-p 00026000 08:12 55445452                   /usr/lib/jvm/java-14-openjdk-amd64/lib/libjava.so
7f14ed2d9000-7f14ed2dc000 r--p 00000000 08:12 53483458                   /usr/lib/x86_64-linux-gnu/libnss_files-2.31.so
7f14ed2dc000-7f14ed2e3000 r-xp 00003000 08:12 53483458                   /usr/lib/x86_64-linux-gnu/libnss_files-2.31.so
7f14ed2e3000-7f14ed2e5000 r--p 0000a000 08:12 53483458                   /usr/lib/x86_64-linux-gnu/libnss_files-2.31.so
7f14ed2e5000-7f14ed2e6000 r--p 0000b000 08:12 53483458                   /usr/lib/x86_64-linux-gnu/libnss_files-2.31.so
7f14ed2e6000-7f14ed2e7000 rw-p 0000c000 08:12 53483458                   /usr/lib/x86_64-linux-gnu/libnss_files-2.31.so
7f14ed2e7000-7f14ed2ed000 rw-p 00000000 00:00 0 
7f14ed2f1000-7f14ed2f9000 rw-s 00000000 08:12 18481173                   /tmp/hsperfdata_wei/47092
7f14ed2f9000-7f14ed2fd000 ---p 00000000 00:00 0 
7f14ed2fd000-7f14ed3fa000 rw-p 00000000 00:00 0 
7f14ed3fa000-7f14ed3fd000 r--p 00000000 08:12 53483368                   /usr/lib/x86_64-linux-gnu/libgcc_s.so.1
7f14ed3fd000-7f14ed40f000 r-xp 00003000 08:12 53483368                   /usr/lib/x86_64-linux-gnu/libgcc_s.so.1
7f14ed40f000-7f14ed413000 r--p 00015000 08:12 53483368                   /usr/lib/x86_64-linux-gnu/libgcc_s.so.1
7f14ed413000-7f14ed414000 r--p 00018000 08:12 53483368                   /usr/lib/x86_64-linux-gnu/libgcc_s.so.1
7f14ed414000-7f14ed415000 rw-p 00019000 08:12 53483368                   /usr/lib/x86_64-linux-gnu/libgcc_s.so.1
7f14ed415000-7f14ed424000 r--p 00000000 08:12 53483432                   /usr/lib/x86_64-linux-gnu/libm-2.31.so
7f14ed424000-7f14ed4cb000 r-xp 0000f000 08:12 53483432                   /usr/lib/x86_64-linux-gnu/libm-2.31.so
7f14ed4cb000-7f14ed562000 r--p 000b6000 08:12 53483432                   /usr/lib/x86_64-linux-gnu/libm-2.31.so
7f14ed562000-7f14ed563000 r--p 0014c000 08:12 53483432                   /usr/lib/x86_64-linux-gnu/libm-2.31.so
7f14ed563000-7f14ed564000 rw-p 0014d000 08:12 53483432                   /usr/lib/x86_64-linux-gnu/libm-2.31.so
7f14ed564000-7f14ed5fa000 r--p 00000000 08:12 53483517                   /usr/lib/x86_64-linux-gnu/libstdc++.so.6.0.28
7f14ed5fa000-7f14ed6ea000 r-xp 00096000 08:12 53483517                   /usr/lib/x86_64-linux-gnu/libstdc++.so.6.0.28
7f14ed6ea000-7f14ed733000 r--p 00186000 08:12 53483517                   /usr/lib/x86_64-linux-gnu/libstdc++.so.6.0.28
7f14ed733000-7f14ed734000 ---p 001cf000 08:12 53483517                   /usr/lib/x86_64-linux-gnu/libstdc++.so.6.0.28
7f14ed734000-7f14ed73f000 r--p 001cf000 08:12 53483517                   /usr/lib/x86_64-linux-gnu/libstdc++.so.6.0.28
7f14ed73f000-7f14ed742000 rw-p 001da000 08:12 53483517                   /usr/lib/x86_64-linux-gnu/libstdc++.so.6.0.28
7f14ed742000-7f14ed745000 rw-p 00000000 00:00 0 
7f14ed745000-7f14ed973000 r--p 00000000 08:12 55837997                   /usr/lib/jvm/java-14-openjdk-amd64/lib/server/libjvm.so
7f14ed973000-7f14ee68e000 r-xp 0022e000 08:12 55837997                   /usr/lib/jvm/java-14-openjdk-amd64/lib/server/libjvm.so
7f14ee68e000-7f14ee8ef000 r--p 00f49000 08:12 55837997                   /usr/lib/jvm/java-14-openjdk-amd64/lib/server/libjvm.so
7f14ee8ef000-7f14ee8f0000 ---p 011aa000 08:12 55837997                   /usr/lib/jvm/java-14-openjdk-amd64/lib/server/libjvm.so
7f14ee8f0000-7f14ee997000 r--p 011aa000 08:12 55837997                   /usr/lib/jvm/java-14-openjdk-amd64/lib/server/libjvm.so
7f14ee997000-7f14ee9d1000 rw-p 01251000 08:12 55837997                   /usr/lib/jvm/java-14-openjdk-amd64/lib/server/libjvm.so
7f14ee9d1000-7f14eea54000 rw-p 00000000 00:00 0 
7f14eea54000-7f14eea5b000 r--p 00000000 08:12 53483493                   /usr/lib/x86_64-linux-gnu/libpthread-2.31.so
7f14eea5b000-7f14eea6c000 r-xp 00007000 08:12 53483493                   /usr/lib/x86_64-linux-gnu/libpthread-2.31.so
7f14eea6c000-7f14eea71000 r--p 00018000 08:12 53483493                   /usr/lib/x86_64-linux-gnu/libpthread-2.31.so
7f14eea71000-7f14eea72000 r--p 0001c000 08:12 53483493                   /usr/lib/x86_64-linux-gnu/libpthread-2.31.so
7f14eea72000-7f14eea73000 rw-p 0001d000 08:12 53483493                   /usr/lib/x86_64-linux-gnu/libpthread-2.31.so
7f14eea73000-7f14eea77000 rw-p 00000000 00:00 0 
7f14eea77000-7f14eea78000 r--p 00000000 08:12 53483340                   /usr/lib/x86_64-linux-gnu/libdl-2.31.so
7f14eea78000-7f14eea7a000 r-xp 00001000 08:12 53483340                   /usr/lib/x86_64-linux-gnu/libdl-2.31.so
7f14eea7a000-7f14eea7b000 r--p 00003000 08:12 53483340                   /usr/lib/x86_64-linux-gnu/libdl-2.31.so
7f14eea7b000-7f14eea7c000 r--p 00003000 08:12 53483340                   /usr/lib/x86_64-linux-gnu/libdl-2.31.so
7f14eea7c000-7f14eea7d000 rw-p 00004000 08:12 53483340                   /usr/lib/x86_64-linux-gnu/libdl-2.31.so
7f14eea7d000-7f14eea7f000 r--p 00000000 08:12 53483564                   /usr/lib/x86_64-linux-gnu/libz.so.1.2.11
7f14eea7f000-7f14eea90000 r-xp 00002000 08:12 53483564                   /usr/lib/x86_64-linux-gnu/libz.so.1.2.11
7f14eea90000-7f14eea96000 r--p 00013000 08:12 53483564                   /usr/lib/x86_64-linux-gnu/libz.so.1.2.11
7f14eea96000-7f14eea97000 ---p 00019000 08:12 53483564                   /usr/lib/x86_64-linux-gnu/libz.so.1.2.11
7f14eea97000-7f14eea98000 r--p 00019000 08:12 53483564                   /usr/lib/x86_64-linux-gnu/libz.so.1.2.11
7f14eea98000-7f14eea99000 rw-p 0001a000 08:12 53483564                   /usr/lib/x86_64-linux-gnu/libz.so.1.2.11
7f14eea99000-7f14eeabe000 r--p 00000000 08:12 53483322                   /usr/lib/x86_64-linux-gnu/libc-2.31.so
7f14eeabe000-7f14eec36000 r-xp 00025000 08:12 53483322                   /usr/lib/x86_64-linux-gnu/libc-2.31.so
7f14eec36000-7f14eec80000 r--p 0019d000 08:12 53483322                   /usr/lib/x86_64-linux-gnu/libc-2.31.so
7f14eec80000-7f14eec81000 ---p 001e7000 08:12 53483322                   /usr/lib/x86_64-linux-gnu/libc-2.31.so
7f14eec81000-7f14eec84000 r--p 001e7000 08:12 53483322                   /usr/lib/x86_64-linux-gnu/libc-2.31.so
7f14eec84000-7f14eec87000 rw-p 001ea000 08:12 53483322                   /usr/lib/x86_64-linux-gnu/libc-2.31.so
7f14eec87000-7f14eec8b000 rw-p 00000000 00:00 0 
7f14eec8c000-7f14eec8d000 ---p 00000000 00:00 0 
7f14eec8d000-7f14eec8e000 r--p 00000000 00:00 0 
7f14eec8e000-7f14eec90000 r--p 00000000 08:12 55446364                   /usr/lib/jvm/java-14-openjdk-amd64/lib/libjimage.so
7f14eec90000-7f14eec93000 r-xp 00002000 08:12 55446364                   /usr/lib/jvm/java-14-openjdk-amd64/lib/libjimage.so
7f14eec93000-7f14eec94000 r--p 00005000 08:12 55446364                   /usr/lib/jvm/java-14-openjdk-amd64/lib/libjimage.so
7f14eec94000-7f14eec95000 ---p 00006000 08:12 55446364                   /usr/lib/jvm/java-14-openjdk-amd64/lib/libjimage.so
7f14eec95000-7f14eec96000 r--p 00006000 08:12 55446364                   /usr/lib/jvm/java-14-openjdk-amd64/lib/libjimage.so
7f14eec96000-7f14eec97000 rw-p 00007000 08:12 55446364                   /usr/lib/jvm/java-14-openjdk-amd64/lib/libjimage.so
7f14eec97000-7f14eec9a000 r--p 00000000 08:12 55446365                   /usr/lib/jvm/java-14-openjdk-amd64/lib/libjli.so
7f14eec9a000-7f14eeca4000 r-xp 00003000 08:12 55446365                   /usr/lib/jvm/java-14-openjdk-amd64/lib/libjli.so
7f14eeca4000-7f14eeca7000 r--p 0000d000 08:12 55446365                   /usr/lib/jvm/java-14-openjdk-amd64/lib/libjli.so
7f14eeca7000-7f14eeca8000 r--p 0000f000 08:12 55446365                   /usr/lib/jvm/java-14-openjdk-amd64/lib/libjli.so
7f14eeca8000-7f14eeca9000 rw-p 00010000 08:12 55446365                   /usr/lib/jvm/java-14-openjdk-amd64/lib/libjli.so
7f14eeca9000-7f14eecab000 rw-p 00000000 00:00 0 
7f14eecab000-7f14eecac000 r--p 00000000 08:12 53483291                   /usr/lib/x86_64-linux-gnu/ld-2.31.so
7f14eecac000-7f14eeccf000 r-xp 00001000 08:12 53483291                   /usr/lib/x86_64-linux-gnu/ld-2.31.so
7f14eeccf000-7f14eecd7000 r--p 00024000 08:12 53483291                   /usr/lib/x86_64-linux-gnu/ld-2.31.so
7f14eecd7000-7f14eecd8000 ---p 00000000 00:00 0 
7f14eecd8000-7f14eecd9000 r--p 0002c000 08:12 53483291                   /usr/lib/x86_64-linux-gnu/ld-2.31.so
7f14eecd9000-7f14eecda000 rw-p 0002d000 08:12 53483291                   /usr/lib/x86_64-linux-gnu/ld-2.31.so
7f14eecda000-7f14eecdb000 rw-p 00000000 00:00 0 
7fff6c781000-7fff6c7a2000 rw-p 00000000 00:00 0                          [stack]
7fff6c7ad000-7fff6c7b0000 r--p 00000000 00:00 0                          [vvar]
7fff6c7b0000-7fff6c7b1000 r-xp 00000000 00:00 0                          [vdso]
ffffffffff600000-ffffffffff601000 --xp 00000000 00:00 0                  [vsyscall]


VM Arguments:
jvm_args: --add-modules=ALL-SYSTEM --add-opens=java.base/java.util=ALL-UNNAMED --add-opens=java.base/java.lang=ALL-UNNAMED -Declipse.application=org.eclipse.jdt.ls.core.id1 -Dosgi.bundles.defaultStartLevel=4 -Declipse.product=org.eclipse.jdt.ls.core.product -Dfile.encoding=UTF-8 -XX:+UseParallelGC -XX:GCTimeRatio=4 -XX:AdaptiveSizePolicyWeight=90 -Dsun.zip.disableMemoryMapping=true -Xmx1G -Xms100m 
java_command: /home/wei/.local/share/code-server/extensions/redhat.java-0.61.0/server/plugins/org.eclipse.equinox.launcher_1.5.700.v20200207-2156.jar -configuration /home/wei/.local/share/code-server/User/globalStorage/redhat.java/0.61.0/config_linux -data /home/wei/.local/share/code-server/User/workspaceStorage/57d28c00/redhat.java/jdt_ws
java_class_path (initial): /home/wei/.local/share/code-server/extensions/redhat.java-0.61.0/server/plugins/org.eclipse.equinox.launcher_1.5.700.v20200207-2156.jar
Launcher Type: SUN_STANDARD

[Global flags]
    uintx AdaptiveSizePolicyWeight                 = 90                                        {product} {command line}
     intx CICompilerCount                          = 3                                         {product} {ergonomic}
    uintx GCTimeRatio                              = 4                                         {product} {command line}
   size_t InitialHeapSize                          = 104857600                                 {product} {command line}
   size_t MaxHeapSize                              = 1073741824                                {product} {command line}
   size_t MaxNewSize                               = 357564416                                 {product} {ergonomic}
   size_t MinHeapDeltaBytes                        = 524288                                    {product} {ergonomic}
   size_t MinHeapSize                              = 104857600                                 {product} {command line}
   size_t NewSize                                  = 34603008                                  {product} {ergonomic}
    uintx NonNMethodCodeHeapSize                   = 5832780                                {pd product} {ergonomic}
    uintx NonProfiledCodeHeapSize                  = 122912730                              {pd product} {ergonomic}
   size_t OldSize                                  = 70254592                                  {product} {ergonomic}
    uintx ProfiledCodeHeapSize                     = 122912730                              {pd product} {ergonomic}
    uintx ReservedCodeCacheSize                    = 251658240                              {pd product} {ergonomic}
     bool SegmentedCodeCache                       = true                                      {product} {ergonomic}
   size_t SoftMaxHeapSize                          = 1073741824                             {manageable} {ergonomic}
     bool UseCompressedClassPointers               = true                                 {lp64_product} {ergonomic}
     bool UseCompressedOops                        = true                                 {lp64_product} {ergonomic}
     bool UseParallelGC                            = true                                      {product} {command line}

Logging:
Log output configuration:
 #0: stdout all=warning uptime,level,tags
 #1: stderr all=off uptime,level,tags

Environment Variables:
PATH=/usr/local/sbin:/usr/local/bin:/usr/sbin:/usr/bin:/sbin:/bin:/usr/games:/usr/local/games:/snap/bin
SHELL=/bin/bash

Signal Handlers:
SIGSEGV: [libjvm.so+0xed87d0], sa_mask[0]=11111111011111111101111111111110, sa_flags=SA_RESTART|SA_SIGINFO
SIGBUS: [libjvm.so+0xed87d0], sa_mask[0]=11111111011111111101111111111110, sa_flags=SA_RESTART|SA_SIGINFO
SIGFPE: [libjvm.so+0xed87d0], sa_mask[0]=11111111011111111101111111111110, sa_flags=SA_RESTART|SA_SIGINFO
SIGPIPE: [libjvm.so+0xb87af0], sa_mask[0]=11111111011111111101111111111110, sa_flags=SA_RESTART|SA_SIGINFO
SIGXFSZ: [libjvm.so+0xb87af0], sa_mask[0]=11111111011111111101111111111110, sa_flags=SA_RESTART|SA_SIGINFO
SIGILL: [libjvm.so+0xed87d0], sa_mask[0]=11111111011111111101111111111110, sa_flags=SA_RESTART|SA_SIGINFO
SIGUSR2: [libjvm.so+0xb87990], sa_mask[0]=00000000000000000000000000000000, sa_flags=SA_RESTART|SA_SIGINFO
SIGHUP: [libjvm.so+0xb880d0], sa_mask[0]=11111111011111111101111111111110, sa_flags=SA_RESTART|SA_SIGINFO
SIGINT: [libjvm.so+0xb880d0], sa_mask[0]=11111111011111111101111111111110, sa_flags=SA_RESTART|SA_SIGINFO
SIGTERM: [libjvm.so+0xb880d0], sa_mask[0]=11111111011111111101111111111110, sa_flags=SA_RESTART|SA_SIGINFO
SIGQUIT: [libjvm.so+0xb880d0], sa_mask[0]=11111111011111111101111111111110, sa_flags=SA_RESTART|SA_SIGINFO


---------------  S Y S T E M  ---------------

OS:DISTRIB_ID=Ubuntu
DISTRIB_RELEASE=20.04
DISTRIB_CODENAME=focal
DISTRIB_DESCRIPTION="Ubuntu 20.04.1 LTS"
uname:Linux 5.4.0-47-generic #51-Ubuntu SMP Fri Sep 4 19:50:52 UTC 2020 x86_64
OS uptime: 0 days 13:55 hours
libc:glibc 2.31 NPTL 2.31 
rlimit: STACK 8192k, CORE 0k, NPROC 14939, NOFILE 1048576, AS infinity, DATA infinity, FSIZE infinity
load average:2.19 3.27 3.38

/proc/meminfo:
MemTotal:        3912032 kB
MemFree:          482308 kB
MemAvailable:    2109840 kB
Buffers:          142456 kB
Cached:          1625644 kB
SwapCached:            0 kB
Active:          2229260 kB
Inactive:         913312 kB
Active(anon):    1368800 kB
Inactive(anon):      472 kB
Active(file):     860460 kB
Inactive(file):   912840 kB
Unevictable:       18584 kB
Mlocked:           18568 kB
SwapTotal:       3911676 kB
SwapFree:        3911676 kB
Dirty:              1520 kB
Writeback:             0 kB
AnonPages:       1392980 kB
Mapped:           314440 kB
Shmem:              1680 kB
KReclaimable:     117504 kB
Slab:             208580 kB
SReclaimable:     117504 kB
SUnreclaim:        91076 kB
KernelStack:        7232 kB
PageTables:        13376 kB
NFS_Unstable:          0 kB
Bounce:                0 kB
WritebackTmp:          0 kB
CommitLimit:     5867692 kB
Committed_AS:    3364704 kB
VmallocTotal:   34359738367 kB
VmallocUsed:       19648 kB
VmallocChunk:          0 kB
Percpu:             2752 kB
HardwareCorrupted:     0 kB
AnonHugePages:         0 kB
ShmemHugePages:        0 kB
ShmemPmdMapped:        0 kB
FileHugePages:         0 kB
FilePmdMapped:         0 kB
CmaTotal:              0 kB
CmaFree:               0 kB
HugePages_Total:       0
HugePages_Free:        0
HugePages_Rsvd:        0
HugePages_Surp:        0
Hugepagesize:       2048 kB
Hugetlb:               0 kB
DirectMap4k:      193416 kB
DirectMap2M:     3883008 kB


/proc/sys/kernel/threads-max (system-wide limit on the number of threads):
29878


/proc/sys/vm/max_map_count (maximum number of memory map areas a process may have):
65530


/proc/sys/kernel/pid_max (system-wide limit on number of process identifiers):
4194304



container (cgroup) information:
container_type: cgroupv1
cpu_cpuset_cpus: 0-3
cpu_memory_nodes: 0
active_processor_count: 4
cpu_quota: no quota
cpu_period: 100000
cpu_shares: no shares
memory_limit_in_bytes: unlimited
memory_and_swap_limit_in_bytes: not supported
memory_soft_limit_in_bytes: unlimited
memory_usage_in_bytes: 694366208
memory_max_usage_in_bytes: 979554304

Steal ticks since vm start: 0
Steal ticks percentage since vm start:  0.000

CPU:total 4 (initial active 4) (4 cores per cpu, 1 threads per core) family 6 model 55 stepping 9, cmov, cx8, fxsr, mmx, sse, sse2, sse3, ssse3, sse4.1, sse4.2, popcnt, clmul, erms, 3dnowpref, tsc, tscinvbit
CPU Model and flags from /proc/cpuinfo:
model name	: Intel(R) Celeron(R) CPU  J1900  @ 1.99GHz
flags		: fpu vme de pse tsc msr pae mce cx8 apic sep mtrr pge mca cmov pat pse36 clflush dts acpi mmx fxsr sse sse2 ss ht tm pbe syscall nx rdtscp lm constant_tsc arch_perfmon pebs bts rep_good nopl xtopology tsc_reliable nonstop_tsc cpuid aperfmperf tsc_known_freq pni pclmulqdq dtes64 monitor ds_cpl vmx est tm2 ssse3 cx16 xtpr pdcm sse4_1 sse4_2 movbe popcnt tsc_deadline_timer rdrand lahf_lm 3dnowprefetch epb pti ibrs ibpb stibp tpr_shadow vnmi flexpriority ept vpid tsc_adjust smep erms dtherm ida arat md_clear

Memory: 4k page, physical 3912032k(482056k free), swap 3911676k(3911676k free)

vm_info: OpenJDK 64-Bit Server VM (14.0.1+7-Ubuntu-1ubuntu1) for linux-amd64 JRE (14.0.1+7-Ubuntu-1ubuntu1), built on Apr 18 2020 12:25:53 by "unknown" with gcc 9.3.0

END.
