#
# A fatal error has been detected by the Java Runtime Environment:
#
#  SIGSEGV (0xb) at pc=0x00007fb41bcad5e3, pid=44002, tid=44089
#
# JRE version: OpenJDK Runtime Environment (14.0.1+7) (build 14.0.1+7-Ubuntu-1ubuntu1)
# Java VM: OpenJDK 64-Bit Server VM (14.0.1+7-Ubuntu-1ubuntu1, mixed mode, sharing, tiered, compressed oops, parallel gc, linux-amd64)
# Problematic frame:
# j  org.eclipse.jdt.internal.core.JavaProjectElementInfo.getProjectCache(Lorg/eclipse/jdt/internal/core/JavaProject;Z)Lorg/eclipse/jdt/internal/core/JavaProjectElementInfo$ProjectCache;+45
#
# Core dump will be written. Default location: Core dumps may be processed with "/usr/share/apport/apport %p %s %c %d %P %E" (or dumping to /home/wei/code/java/core.44002)
#
# If you would like to submit a bug report, please visit:
#   Unknown
#

---------------  S U M M A R Y ------------

Command Line: --add-modules=ALL-SYSTEM --add-opens=java.base/java.util=ALL-UNNAMED --add-opens=java.base/java.lang=ALL-UNNAMED -Declipse.application=org.eclipse.jdt.ls.core.id1 -Dosgi.bundles.defaultStartLevel=4 -Declipse.product=org.eclipse.jdt.ls.core.product -Dfile.encoding=UTF-8 -XX:+UseParallelGC -XX:GCTimeRatio=4 -XX:AdaptiveSizePolicyWeight=90 -Dsun.zip.disableMemoryMapping=true -Xmx1G -Xms100m /home/wei/.local/share/code-server/extensions/redhat.java-0.61.0/server/plugins/org.eclipse.equinox.launcher_1.5.700.v20200207-2156.jar -configuration /home/wei/.local/share/code-server/User/globalStorage/redhat.java/0.61.0/config_linux -data /home/wei/.local/share/code-server/User/workspaceStorage/57d28c00/redhat.java/jdt_ws

Host: Intel(R) Celeron(R) CPU  J1900  @ 1.99GHz, 4 cores, 3G, Ubuntu 20.04.1 LTS
Time: Fri Sep 25 09:27:35 2020 CST elapsed time: 522 seconds (0d 0h 8m 42s)

---------------  T H R E A D  ---------------

Current thread (0x00007fb3a4001000):  JavaThread "Worker-5: Validate documents" [_thread_in_Java, id=44089, stack(0x00007fb3f10d8000,0x00007fb3f11d9000)]

Stack: [0x00007fb3f10d8000,0x00007fb3f11d9000],  sp=0x00007fb3f11d6ad8,  free space=1018k
Native frames: (J=compiled Java code, A=aot compiled Java code, j=interpreted, Vv=VM code, C=native code)
j  org.eclipse.jdt.internal.core.JavaProjectElementInfo.getProjectCache(Lorg/eclipse/jdt/internal/core/JavaProject;Z)Lorg/eclipse/jdt/internal/core/JavaProjectElementInfo$ProjectCache;+45
J 9832 c1 org.eclipse.jdt.internal.core.JavaProjectElementInfo.newNameLookup(Lorg/eclipse/jdt/internal/core/JavaProject;[Lorg/eclipse/jdt/core/ICompilationUnit;Z)Lorg/eclipse/jdt/internal/core/NameLookup; (397 bytes) @ 0x00007fb41d586a34 [0x00007fb41d586960+0x00000000000000d4]
J 11044 c1 org.eclipse.jdt.internal.core.SearchableEnvironment.<init>(Lorg/eclipse/jdt/internal/core/JavaProject;[Lorg/eclipse/jdt/core/ICompilationUnit;Z)V (220 bytes) @ 0x00007fb41d75db5c [0x00007fb41d75d400+0x000000000000075c]
J 14657 c1 org.eclipse.jdt.internal.core.CompilationUnitProblemFinder.process(Lorg/eclipse/jdt/internal/core/CompilationUnit;Lorg/eclipse/jdt/internal/compiler/SourceElementParser;Lorg/eclipse/jdt/core/WorkingCopyOwner;Ljava/util/HashMap;ZILorg/eclipse/core/runtime/IProgressMonitor;)Lorg/eclipse/jdt/internal/compiler/ast/CompilationUnitDeclaration; (612 bytes) @ 0x00007fb41dd1b444 [0x00007fb41dd1aee0+0x0000000000000564]
J 13531 c1 org.eclipse.jdt.internal.core.ReconcileWorkingCopyOperation.makeConsistent(Lorg/eclipse/jdt/internal/core/CompilationUnit;)Lorg/eclipse/jdt/core/dom/CompilationUnit; (432 bytes) @ 0x00007fb41cedc30c [0x00007fb41cedad20+0x00000000000015ec]
J 15450 c1 org.eclipse.jdt.internal.core.ReconcileWorkingCopyOperation.executeOperation()V (246 bytes) @ 0x00007fb41c273dcc [0x00007fb41c2726e0+0x00000000000016ec]
J 13834 c1 org.eclipse.jdt.internal.core.JavaModelOperation.run(Lorg/eclipse/core/runtime/IProgressMonitor;)V (631 bytes) @ 0x00007fb41dd28d64 [0x00007fb41dd28020+0x0000000000000d44]
J 13833 c1 org.eclipse.jdt.internal.core.JavaModelOperation.runOperation(Lorg/eclipse/core/runtime/IProgressMonitor;)V (118 bytes) @ 0x00007fb41dd33eb4 [0x00007fb41dd33820+0x0000000000000694]
J 15448 c1 org.eclipse.jdt.internal.core.CompilationUnit.reconcile(IILorg/eclipse/jdt/core/WorkingCopyOwner;Lorg/eclipse/core/runtime/IProgressMonitor;)Lorg/eclipse/jdt/core/dom/CompilationUnit; (119 bytes) @ 0x00007fb41cc69fa4 [0x00007fb41cc68a00+0x00000000000015a4]
j  org.eclipse.jdt.internal.core.CompilationUnit.reconcile(IZLorg/eclipse/jdt/core/WorkingCopyOwner;Lorg/eclipse/core/runtime/IProgressMonitor;)Lorg/eclipse/jdt/core/dom/CompilationUnit;+14
j  org.eclipse.jdt.ls.core.internal.handlers.BaseDocumentLifeCycleHandler.performValidation(Lorg/eclipse/core/runtime/IProgressMonitor;)Lorg/eclipse/core/runtime/IStatus;+116
j  org.eclipse.jdt.ls.core.internal.handlers.BaseDocumentLifeCycleHandler.access$0(Lorg/eclipse/jdt/ls/core/internal/handlers/BaseDocumentLifeCycleHandler;Lorg/eclipse/core/runtime/IProgressMonitor;)Lorg/eclipse/core/runtime/IStatus;+2
j  org.eclipse.jdt.ls.core.internal.handlers.BaseDocumentLifeCycleHandler$1.runInWorkspace(Lorg/eclipse/core/runtime/IProgressMonitor;)Lorg/eclipse/core/runtime/IStatus;+5
J 15689 c1 org.eclipse.core.internal.resources.InternalWorkspaceJob.run(Lorg/eclipse/core/runtime/IProgressMonitor;)Lorg/eclipse/core/runtime/IStatus; (145 bytes) @ 0x00007fb41df03d94 [0x00007fb41df03860+0x0000000000000534]
j  org.eclipse.core.internal.jobs.Worker.run()V+33
v  ~StubRoutines::call_stub
V  [libjvm.so+0x7ba45c]
V  [libjvm.so+0x7bbb6b]
V  [libjvm.so+0x872371]
V  [libjvm.so+0xe63f0e]
V  [libjvm.so+0xe68e9f]
V  [libjvm.so+0xb9013f]


siginfo: si_signo: 11 (SIGSEGV), si_code: 2 (SEGV_ACCERR), si_addr: 0x000000080dc8b1d0

Register to memory mapping:

RAX=0x0000000800ca14f8 is a pointer to class: 
org.eclipse.jdt.core.IPackageFragmentRoot {0x0000000800ca14f8}
RBX={method} {0x00007fb3f32ae730} 'getJavaProject' '()Lorg/eclipse/jdt/core/IJavaProject;' in 'org/eclipse/jdt/core/IJavaElement'
RCX={method} {0x00007fb3f32ae730} 'getJavaProject' '()Lorg/eclipse/jdt/core/IJavaProject;' in 'org/eclipse/jdt/core/IJavaElement'
RDX=0x000000080090afc8 is pointing into metadata
RSP=0x00007fb3f11d6ad8 is pointing into the stack for thread: 0x00007fb3a4001000
RBP=0x00007fb3f11d6b30 is pointing into the stack for thread: 0x00007fb3a4001000
RSI=0x00007fb3e4001520 points into unknown readable memory: 60 7f 03 98 b3 7f 00 00
RDI=0x00007fb3a4001b30 points into unknown readable memory: 02 00 00 00 00 00 00 00
R8 =0x0000000000000001 is an unknown value
R9 =0x00007fb41bc90000 points into unknown readable memory: 06 00 00 00 00 00 00 00
R10=0x00007fb43b04d440: <offset 0x00000000012fa440> in /usr/lib/jvm/java-14-openjdk-amd64/lib/server/libjvm.so at 0x00007fb439d53000
R11=0x00007fb41bcb1ce0 is at code_begin+0 in an Interpreter codelet
deoptimization entry points  [0x00007fb41bcb1ce0, 0x00007fb41bcb3e00]  8480 bytes
R12=0x0 is NULL
R13=0x00007fb3f17b7035 is pointing into metadata
R14=0x000000080dc8b1d0 is an unknown value
R15=0x00007fb3a4001000 is a thread


Registers:
RAX=0x0000000800ca14f8, RBX=0x00007fb3f32ae730, RCX=0x00007fb3f32ae730, RDX=0x000000080090afc8
RSP=0x00007fb3f11d6ad8, RBP=0x00007fb3f11d6b30, RSI=0x00007fb3e4001520, RDI=0x00007fb3a4001b30
R8 =0x0000000000000001, R9 =0x00007fb41bc90000, R10=0x00007fb43b04d440, R11=0x00007fb41bcb1ce0
R12=0x0000000000000000, R13=0x00007fb3f17b7035, R14=0x000000080dc8b1d0, R15=0x00007fb3a4001000
RIP=0x00007fb41bcad5e3, EFLAGS=0x0000000000010246, CSGSFS=0x002b000000000033, ERR=0x0000000000000004
  TRAPNO=0x000000000000000e

Top of Stack: (sp=0x00007fb3f11d6ad8)
0x00007fb3f11d6ad8:   00007fb41bc99d26 00000000c13a1e28
0x00007fb3f11d6ae8:   00007fb3f11d6ae8 00007fb3f17b7035
0x00007fb3f11d6af8:   00007fb3f11d6ba8 00007fb3f17b9418
0x00007fb3f11d6b08:   00007fb39f0dbbc8 00000000c1095058 

Instructions: (pc=0x00007fb41bcad5e3)
0x00007fb41bcad4e3:   6a 08 49 f7 c5 fc ff ff ff 74 0e 48 81 4a 08 02
0x00007fb41bcad4f3:   00 00 00 eb 04 4c 89 6a 08 48 83 c2 10 4c 8b 6a
0x00007fb41bcad503:   e8 41 83 ed 02 41 83 fd 02 0f 8c 8d 00 00 00 4c
0x00007fb41bcad513:   8b 6b 08 45 0f b7 6d 34 4c 2b 2a 41 83 ed 01 4e
0x00007fb41bcad523:   8b 6c ec 08 4d 85 ed 75 0a 48 81 4a 08 01 00 00
0x00007fb41bcad533:   00 eb 5d 45 8b 6d 08 49 c1 e5 03 49 bc 00 00 00
0x00007fb41bcad543:   00 08 00 00 00 4d 03 ec 4d 33 e4 4c 33 6a 08 49
0x00007fb41bcad553:   f7 c5 fc ff ff ff 74 38 49 f7 c5 02 00 00 00 75
0x00007fb41bcad563:   2f 48 81 7a 08 00 00 00 00 74 21 48 81 7a 08 01
0x00007fb41bcad573:   00 00 00 74 17 4c 33 6a 08 49 f7 c5 fc ff ff ff
0x00007fb41bcad583:   74 0e 48 81 4a 08 02 00 00 00 eb 04 4c 89 6a 08
0x00007fb41bcad593:   48 83 c2 10 4c 8b 6a d8 41 83 ed 04 41 c1 e5 03
0x00007fb41bcad5a3:   49 03 d5 48 89 55 d8 4c 8d 6c 24 08 4c 89 6d f0
0x00007fb41bcad5b3:   ff 63 48 4c 8b 75 c8 8b 51 08 48 c1 e2 03 49 bc
0x00007fb41bcad5c3:   00 00 00 00 08 00 00 00 49 03 d4 4d 33 e4 48 8b
0x00007fb41bcad5d3:   cb 44 8b b2 c4 00 00 00 4e 8d b4 f2 e0 01 00 00
0x00007fb41bcad5e3:   4d 8b 2e 49 3b c5 74 15 4d 85 ed 0f 84 43 03 00
0x00007fb41bcad5f3:   00 49 83 c6 10 4d 8b 2e 49 3b c5 75 eb 4c 8b 6d
0x00007fb41bcad603:   c0 4c 8b 6d d8 4d 85 ed 0f 84 97 00 00 00 4d 8b
0x00007fb41bcad613:   75 18 4c 3b f2 0f 85 0f 00 00 00 49 83 45 20 01
0x00007fb41bcad623:   49 83 5d 20 00 e9 73 00 00 00 4d 85 f6 0f 84 43
0x00007fb41bcad633:   00 00 00 4d 8b 75 28 4c 3b f2 0f 85 0f 00 00 00
0x00007fb41bcad643:   49 83 45 30 01 49 83 5d 30 00 e9 4e 00 00 00 4d
0x00007fb41bcad653:   85 f6 74 0f 49 83 45 08 01 49 83 5d 08 00 e9 3a
0x00007fb41bcad663:   00 00 00 49 89 55 28 41 be 01 00 00 00 4d 89 75
0x00007fb41bcad673:   30 e9 27 00 00 00 49 3b 55 28 0f 85 0f 00 00 00
0x00007fb41bcad683:   49 83 45 30 01 49 83 5d 30 00 e9 0e 00 00 00 49
0x00007fb41bcad693:   89 55 18 41 be 01 00 00 00 4d 89 75 20 49 83 c5
0x00007fb41bcad6a3:   38 4c 89 6d d8 48 8b 43 08 48 8b 40 08 48 8b 40
0x00007fb41bcad6b3:   18 8b 5b 24 83 eb f6 f7 db 4c 8b f2 45 8b ae c4
0x00007fb41bcad6c3:   00 00 00 4f 8d ac ee e0 01 00 00 4d 8d 34 de 49
0x00007fb41bcad6d3:   8b 5d 00 48 3b c3 74 16 48 85 db 0f 84 53 02 00 


Stack slot to memory mapping:
stack at sp + 0 slots: 0x00007fb41bc99d26 is at code_begin+1894 in an Interpreter codelet
invoke return entry points  [0x00007fb41bc995c0, 0x00007fb41bc99fe0]  2592 bytes
stack at sp + 1 slots: 0x00000000c13a1e28 points into unknown readable memory: 15 00 00 00 00 00 00 00
stack at sp + 2 slots: 0x00007fb3f11d6ae8 is pointing into the stack for thread: 0x00007fb3a4001000
stack at sp + 3 slots: 0x00007fb3f17b7035 is pointing into metadata
stack at sp + 4 slots: 0x00007fb3f11d6ba8 is pointing into the stack for thread: 0x00007fb3a4001000
stack at sp + 5 slots: 0x00007fb3f17b9418 is pointing into metadata
stack at sp + 6 slots: 0x00007fb39f0dbbc8 is pointing into metadata
stack at sp + 7 slots: 0x00000000c1095058 is an oop: java.lang.Class 
{0x00000000c1095058} - klass: 'java/lang/Class'

invokeinterface  185 invokeinterface  [0x00007fb41bcacea0, 0x00007fb41bcada00]  2912 bytes
[MachCode]
  0x00007fb41bcacea0: 50e9 3900 | 0000 4883 | ec08 f30f | 1104 24e9 | 2b00 0000 | 4883 ec10 | f20f 1104 | 24e9 1d00 
  0x00007fb41bcacec0: 0000 4883 | ec10 4889 | 0424 49ba | 0000 0000 | 0000 0000 | 4c89 5424 | 08e9 0100 | 0000 504c 
  0x00007fb41bcacee0: 896d c041 | 0fb7 5501 | 488b 4dd0 | c1e2 028b | 5cd1 28c1 | eb10 81e3 | ff00 0000 | 81fb b900 
  0x00007fb41bcacf00: 0000 0f84 | aa00 0000 | bbb9 0000 | 00e8 0500 | 0000 e98f | 0000 0048 | 8bf3 488d | 4424 084c 
  0x00007fb41bcacf20: 896d c049 | 8bff 4989 | af00 0300 | 0049 8987 | f002 0000 | f7c4 0f00 | 0000 0f84 | 1200 0000 
  0x00007fb41bcacf40: 4883 ec08 | e8f7 be85 | 1e48 83c4 | 08e9 0500 | 0000 e8e9 | be85 1e49 | ba00 0000 | 0000 0000 
  0x00007fb41bcacf60: 004d 8997 | f002 0000 | 49ba 0000 | 0000 0000 | 0000 4d89 | 9700 0300 | 0049 ba00 | 0000 0000 
  0x00007fb41bcacf80: 0000 004d | 8997 f802 | 0000 4981 | 7f08 0000 | 0000 0f84 | 0500 0000 | e9e3 38fe | ff4c 8b6d 
  0x00007fb41bcacfa0: c04c 8b75 | c8c3 410f | b755 0148 | 8b4d d0c1 | e202 488b | 44d1 3048 | 8b5c d138 | 8b54 d140 
  0x00007fb41bcacfc0: 8bca 81e1 | ff00 0000 | 488b 4ccc | f844 8bea | c1ea 1c49 | ba40 d404 | 3bb4 7f00 | 0049 8b14 
  0x00007fb41bcacfe0: d252 418b | d54c 8b6d | c044 8bf2 | 4181 e600 | 0080 000f | 84c1 0300 | 008b c281 | e000 0010 
  0x00007fb41bcad000: 000f 848a | 0100 0048 | 3b01 488b | 45d8 4885 | c00f 8412 | 0000 0048 | 8340 0801 | 4883 5808 
  0x00007fb41bcad020: 0048 83c0 | 3848 8945 | d848 8b45 | d848 85c0 | 0f84 4f01 | 0000 8078 | c80b 0f85 | 4501 0000 
  0x00007fb41bcad040: 4883 c008 | 4c8b 68f8 | 4183 ed00 | 4183 fd02 | 0f8c 2401 | 0000 4c8b | 6b08 450f | b76d 344c 
  0x00007fb41bcad060: 2b28 4183 | ed01 4e8b | 6cec 084d | 85ed 750a | 4881 4808 | 0100 0000 | eb5d 458b | 6d08 49c1 
  0x00007fb41bcad080: e503 49bc | 0000 0000 | 0800 0000 | 4d03 ec4d | 33e4 4c33 | 6808 49f7 | c5fc ffff | ff74 3849 
  0x00007fb41bcad0a0: f7c5 0200 | 0000 752f | 4881 7808 | 0000 0000 | 7421 4881 | 7808 0100 | 0000 7417 | 4c33 6808 
  0x00007fb41bcad0c0: 49f7 c5fc | ffff ff74 | 0e48 8148 | 0802 0000 | 00eb 044c | 8968 0848 | 83c0 104c | 8b68 e841 
  0x00007fb41bcad0e0: 83ed 0241 | 83fd 020f | 8c8d 0000 | 004c 8b6b | 0845 0fb7 | 6d34 4c2b | 2841 83ed | 014e 8b6c 
  0x00007fb41bcad100: ec08 4d85 | ed75 0a48 | 8148 0801 | 0000 00eb | 5d45 8b6d | 0849 c1e5 | 0349 bc00 | 0000 0008 
  0x00007fb41bcad120: 0000 004d | 03ec 4d33 | e44c 3368 | 0849 f7c5 | fcff ffff | 7438 49f7 | c502 0000 | 0075 2f48 
  0x00007fb41bcad140: 8178 0800 | 0000 0074 | 2148 8178 | 0801 0000 | 0074 174c | 3368 0849 | f7c5 fcff | ffff 740e 
  0x00007fb41bcad160: 4881 4808 | 0200 0000 | eb04 4c89 | 6808 4883 | c010 4c8b | 68d8 4183 | ed04 41c1 | e503 4903 
  0x00007fb41bcad180: c548 8945 | d84c 8d6c | 2408 4c89 | 6df0 ff63 | 488b 4108 | 48c1 e003 | 49bc 0000 | 0000 0800 
  0x00007fb41bcad1a0: 0000 4903 | c44d 33e4 | 4c8b 75d8 | 4d85 f60f | 8495 0000 | 0049 8b56 | 1848 3bd0 | 0f85 0f00 
  0x00007fb41bcad1c0: 0000 4983 | 4620 0149 | 835e 2000 | e971 0000 | 0048 85d2 | 0f84 4200 | 0000 498b | 5628 483b 
  0x00007fb41bcad1e0: d00f 850f | 0000 0049 | 8346 3001 | 4983 5e30 | 00e9 4c00 | 0000 4885 | d274 0f49 | 8346 0801 
  0x00007fb41bcad200: 4983 5e08 | 00e9 3800 | 0000 4989 | 4628 ba01 | 0000 0049 | 8956 30e9 | 2600 0000 | 493b 4628 
  0x00007fb41bcad220: 0f85 0f00 | 0000 4983 | 4630 0149 | 835e 3000 | e90d 0000 | 0049 8946 | 18ba 0100 | 0000 4989 
  0x00007fb41bcad240: 5620 4983 | c638 4c89 | 75d8 488b | 9cd8 e001 | 0000 488b | 55d8 4885 | d20f 844f | 0100 0080 
  0x00007fb41bcad260: 7ac8 0b0f | 8545 0100 | 0048 83c2 | 084c 8b6a | f841 83ed | 0041 83fd | 020f 8c24 | 0100 004c 
  0x00007fb41bcad280: 8b6b 0845 | 0fb7 6d34 | 4c2b 2a41 | 83ed 014e | 8b6c ec08 | 4d85 ed75 | 0a48 814a | 0801 0000 
  0x00007fb41bcad2a0: 00eb 5d45 | 8b6d 0849 | c1e5 0349 | bc00 0000 | 0008 0000 | 004d 03ec | 4d33 e44c | 336a 0849 
  0x00007fb41bcad2c0: f7c5 fcff | ffff 7438 | 49f7 c502 | 0000 0075 | 2f48 817a | 0800 0000 | 0074 2148 | 817a 0801 
  0x00007fb41bcad2e0: 0000 0074 | 174c 336a | 0849 f7c5 | fcff ffff | 740e 4881 | 4a08 0200 | 0000 eb04 | 4c89 6a08 
  0x00007fb41bcad300: 4883 c210 | 4c8b 6ae8 | 4183 ed02 | 4183 fd02 | 0f8c 8d00 | 0000 4c8b | 6b08 450f | b76d 344c 
  0x00007fb41bcad320: 2b2a 4183 | ed01 4e8b | 6cec 084d | 85ed 750a | 4881 4a08 | 0100 0000 | eb5d 458b | 6d08 49c1 
  0x00007fb41bcad340: e503 49bc | 0000 0000 | 0800 0000 | 4d03 ec4d | 33e4 4c33 | 6a08 49f7 | c5fc ffff | ff74 3849 
  0x00007fb41bcad360: f7c5 0200 | 0000 752f | 4881 7a08 | 0000 0000 | 7421 4881 | 7a08 0100 | 0000 7417 | 4c33 6a08 
  0x00007fb41bcad380: 49f7 c5fc | ffff ff74 | 0e48 814a | 0802 0000 | 00eb 044c | 896a 0848 | 83c2 104c | 8b6a d841 
  0x00007fb41bcad3a0: 83ed 0441 | c1e5 0349 | 03d5 4889 | 55d8 4c8d | 6c24 084c | 896d f0ff | 6348 448b | f241 81e6 
  0x00007fb41bcad3c0: 0000 1000 | 0f84 ec01 | 0000 448b | 7108 49c1 | e603 49bc | 0000 0000 | 0800 0000 | 4d03 f44d 
  0x00007fb41bcad3e0: 33e4 4c3b | f00f 8444 | 0000 0044 | 8b68 104b | 3b04 2e0f | 8436 0000 | 0041 83fd | 200f 8524 
  0x00007fb41bcad400: 0000 0050 | 488b c051 | 5749 8b7e | 288b 0f48 | 83c7 0848 | 85c0 f248 | af5f 5958 | 7509 4989 
  0x00007fb41bcad420: 4620 e908 | 0000 0049 | 8bd6 e908 | 0500 0048 | 8b55 d848 | 85d2 0f84 | 1200 0000 | 4883 4208 
  0x00007fb41bcad440: 0148 835a | 0800 4883 | c238 4889 | 55d8 488b | 55d8 4885 | d20f 844f | 0100 0080 | 7ac8 0b0f 
  0x00007fb41bcad460: 8545 0100 | 0048 83c2 | 084c 8b6a | f841 83ed | 0041 83fd | 020f 8c24 | 0100 004c | 8b6b 0845 
  0x00007fb41bcad480: 0fb7 6d34 | 4c2b 2a41 | 83ed 014e | 8b6c ec08 | 4d85 ed75 | 0a48 814a | 0801 0000 | 00eb 5d45 
  0x00007fb41bcad4a0: 8b6d 0849 | c1e5 0349 | bc00 0000 | 0008 0000 | 004d 03ec | 4d33 e44c | 336a 0849 | f7c5 fcff 
  0x00007fb41bcad4c0: ffff 7438 | 49f7 c502 | 0000 0075 | 2f48 817a | 0800 0000 | 0074 2148 | 817a 0801 | 0000 0074 
  0x00007fb41bcad4e0: 174c 336a | 0849 f7c5 | fcff ffff | 740e 4881 | 4a08 0200 | 0000 eb04 | 4c89 6a08 | 4883 c210 
  0x00007fb41bcad500: 4c8b 6ae8 | 4183 ed02 | 4183 fd02 | 0f8c 8d00 | 0000 4c8b | 6b08 450f | b76d 344c | 2b2a 4183 
  0x00007fb41bcad520: ed01 4e8b | 6cec 084d | 85ed 750a | 4881 4a08 | 0100 0000 | eb5d 458b | 6d08 49c1 | e503 49bc 
  0x00007fb41bcad540: 0000 0000 | 0800 0000 | 4d03 ec4d | 33e4 4c33 | 6a08 49f7 | c5fc ffff | ff74 3849 | f7c5 0200 
  0x00007fb41bcad560: 0000 752f | 4881 7a08 | 0000 0000 | 7421 4881 | 7a08 0100 | 0000 7417 | 4c33 6a08 | 49f7 c5fc 
  0x00007fb41bcad580: ffff ff74 | 0e48 814a | 0802 0000 | 00eb 044c | 896a 0848 | 83c2 104c | 8b6a d841 | 83ed 0441 
  0x00007fb41bcad5a0: c1e5 0349 | 03d5 4889 | 55d8 4c8d | 6c24 084c | 896d f0ff | 6348 4c8b | 75c8 8b51 | 0848 c1e2 
  0x00007fb41bcad5c0: 0349 bc00 | 0000 0008 | 0000 0049 | 03d4 4d33 | e448 8bcb | 448b b2c4 | 0000 004e | 8db4 f2e0 
  0x00007fb41bcad5e0: 0100 004d | 8b2e 493b | c574 154d | 85ed 0f84 | 4303 0000 | 4983 c610 | 4d8b 2e49 | 3bc5 75eb 
  0x00007fb41bcad600: 4c8b 6dc0 | 4c8b 6dd8 | 4d85 ed0f | 8497 0000 | 004d 8b75 | 184c 3bf2 | 0f85 0f00 | 0000 4983 
  0x00007fb41bcad620: 4520 0149 | 835d 2000 | e973 0000 | 004d 85f6 | 0f84 4300 | 0000 4d8b | 7528 4c3b | f20f 850f 
  0x00007fb41bcad640: 0000 0049 | 8345 3001 | 4983 5d30 | 00e9 4e00 | 0000 4d85 | f674 0f49 | 8345 0801 | 4983 5d08 
  0x00007fb41bcad660: 00e9 3a00 | 0000 4989 | 5528 41be | 0100 0000 | 4d89 7530 | e927 0000 | 0049 3b55 | 280f 850f 
  0x00007fb41bcad680: 0000 0049 | 8345 3001 | 4983 5d30 | 00e9 0e00 | 0000 4989 | 5518 41be | 0100 0000 | 4d89 7520 
  0x00007fb41bcad6a0: 4983 c538 | 4c89 6dd8 | 488b 4308 | 488b 4008 | 488b 4018 | 8b5b 2483 | ebf6 f7db | 4c8b f245 
  0x00007fb41bcad6c0: 8bae c400 | 0000 4f8d | acee e001 | 0000 4d8d | 34de 498b | 5d00 483b | c374 1648 | 85db 0f84 
  0x00007fb41bcad6e0: 5302 0000 | 4983 c510 | 498b 5d00 | 483b c375 | ea45 8b6d | 084b 8b1c | 2e48 85db | 0f84 7c01 
  0x00007fb41bcad700: 0000 488b | 55d8 4885 | d20f 844f | 0100 0080 | 7ac8 0b0f | 8545 0100 | 0048 83c2 | 084c 8b6a 
  0x00007fb41bcad720: f841 83ed | 0041 83fd | 020f 8c24 | 0100 004c | 8b6b 0845 | 0fb7 6d34 | 4c2b 2a41 | 83ed 014e 
  0x00007fb41bcad740: 8b6c ec08 | 4d85 ed75 | 0a48 814a | 0801 0000 | 00eb 5d45 | 8b6d 0849 | c1e5 0349 | bc00 0000 
  0x00007fb41bcad760: 0008 0000 | 004d 03ec | 4d33 e44c | 336a 0849 | f7c5 fcff | ffff 7438 | 49f7 c502 | 0000 0075 
  0x00007fb41bcad780: 2f48 817a | 0800 0000 | 0074 2148 | 817a 0801 | 0000 0074 | 174c 336a | 0849 f7c5 | fcff ffff 
  0x00007fb41bcad7a0: 740e 4881 | 4a08 0200 | 0000 eb04 | 4c89 6a08 | 4883 c210 | 4c8b 6ae8 | 4183 ed02 | 4183 fd02 
  0x00007fb41bcad7c0: 0f8c 8d00 | 0000 4c8b | 6b08 450f | b76d 344c | 2b2a 4183 | ed01 4e8b | 6cec 084d | 85ed 750a 
  0x00007fb41bcad7e0: 4881 4a08 | 0100 0000 | eb5d 458b | 6d08 49c1 | e503 49bc | 0000 0000 | 0800 0000 | 4d03 ec4d 
  0x00007fb41bcad800: 33e4 4c33 | 6a08 49f7 | c5fc ffff | ff74 3849 | f7c5 0200 | 0000 752f | 4881 7a08 | 0000 0000 
  0x00007fb41bcad820: 7421 4881 | 7a08 0100 | 0000 7417 | 4c33 6a08 | 49f7 c5fc | ffff ff74 | 0e48 814a | 0802 0000 
  0x00007fb41bcad840: 00eb 044c | 896a 0848 | 83c2 104c | 8b6a d841 | 83ed 0441 | c1e5 0349 | 03d5 4889 | 55d8 4c8d 
  0x00007fb41bcad860: 6c24 084c | 896d f0ff | 6348 48bf | 7a81 cb3a | b47f 0000 | 4883 e4f0 | e813 3db1 | 1ef4 5b4c 
  0x00007fb41bcad880: 8b6d c04c | 8b75 c848 | 8bf2 488b | d1e8 0500 | 0000 e98c | 0000 0048 | 8d44 2408 | 4c89 6dc0 
  0x00007fb41bcad8a0: 498b ff49 | 89af 0003 | 0000 4989 | 87f0 0200 | 00f7 c40f | 0000 000f | 8412 0000 | 0048 83ec 
  0x00007fb41bcad8c0: 08e8 2a89 | 851e 4883 | c408 e905 | 0000 00e8 | 1c89 851e | 49ba 0000 | 0000 0000 | 0000 4d89 
  0x00007fb41bcad8e0: 97f0 0200 | 0049 ba00 | 0000 0000 | 0000 004d | 8997 0003 | 0000 49ba | 0000 0000 | 0000 0000 
  0x00007fb41bcad900: 4d89 97f8 | 0200 0049 | 817f 0800 | 0000 000f | 8405 0000 | 00e9 662f | feff 4c8b | 6dc0 4c8b 
  0x00007fb41bcad920: 75c8 c348 | bf7a 81cb | 3ab4 7f00 | 0048 83e4 | f0e8 5a3c | b11e f45b | 4c8b 6dc0 | 4c8b 75c8 
  0x00007fb41bcad940: 488b f2e8 | 0500 0000 | e98f 0000 | 0048 8bd0 | 488d 4424 | 084c 896d | c049 8bff | 4989 af00 
  0x00007fb41bcad960: 0300 0049 | 8987 f002 | 0000 f7c4 | 0f00 0000 | 0f84 1200 | 0000 4883 | ec08 e8d1 | 5285 1e48 
  0x00007fb41bcad980: 83c4 08e9 | 0500 0000 | e8c3 5285 | 1e49 ba00 | 0000 0000 | 0000 004d | 8997 f002 | 0000 49ba 
  0x00007fb41bcad9a0: 0000 0000 | 0000 0000 | 4d89 9700 | 0300 0049 | ba00 0000 | 0000 0000 | 004d 8997 | f802 0000 
  0x00007fb41bcad9c0: 4981 7f08 | 0000 0000 | 0f84 0500 | 0000 e9ad | 2efe ff4c | 8b6d c04c | 8b75 c8c3 | 48bf 7a81 
  0x00007fb41bcad9e0: cb3a b47f | 0000 4883 | e4f0 e8a1 | 3bb1 1ef4 | 0000 0000 | 0000 0000 | 0000 0000 | 0000 0000 
[/MachCode]

---------------  P R O C E S S  ---------------

Threads class SMR info:
_java_thread_list=0x00007fb3e40bbd60, length=30, elements={
0x00007fb434017000, 0x00007fb434136000, 0x00007fb434138000, 0x00007fb43413f800,
0x00007fb434141800, 0x00007fb434143800, 0x00007fb434145800, 0x00007fb434147000,
0x00007fb434168000, 0x00007fb4341b0000, 0x00007fb434373000, 0x00007fb4343bd000,
0x00007fb4343c0800, 0x00007fb3d011e000, 0x00007fb3d01e6800, 0x00007fb3d01e9800,
0x00007fb3d047b000, 0x00007fb434414000, 0x00007fb43466c800, 0x00007fb3c4014000,
0x00007fb3a0001000, 0x00007fb3a4001000, 0x00007fb3b8012800, 0x00007fb3ac0d8800,
0x00007fb3ac0d4800, 0x00007fb3a0029000, 0x00007fb3ac1cd000, 0x00007fb3b44b9000,
0x00007fb3b41f5800, 0x00007fb3a8003800
}

Java Threads: ( => current thread )
  0x00007fb434017000 JavaThread "main" [_thread_blocked, id=44004, stack(0x00007fb439907000,0x00007fb439a08000)]
  0x00007fb434136000 JavaThread "Reference Handler" daemon [_thread_blocked, id=44015, stack(0x00007fb419285000,0x00007fb419386000)]
  0x00007fb434138000 JavaThread "Finalizer" daemon [_thread_blocked, id=44017, stack(0x00007fb419184000,0x00007fb419285000)]
  0x00007fb43413f800 JavaThread "Signal Dispatcher" daemon [_thread_blocked, id=44018, stack(0x00007fb418603000,0x00007fb418704000)]
  0x00007fb434141800 JavaThread "Service Thread" daemon [_thread_blocked, id=44019, stack(0x00007fb418502000,0x00007fb418603000)]
  0x00007fb434143800 JavaThread "C2 CompilerThread0" daemon [_thread_blocked, id=44020, stack(0x00007fb418401000,0x00007fb418502000)]
  0x00007fb434145800 JavaThread "C1 CompilerThread0" daemon [_thread_blocked, id=44021, stack(0x00007fb418300000,0x00007fb418401000)]
  0x00007fb434147000 JavaThread "Sweeper thread" daemon [_thread_blocked, id=44023, stack(0x00007fb4181ff000,0x00007fb418300000)]
  0x00007fb434168000 JavaThread "Common-Cleaner" daemon [_thread_blocked, id=44028, stack(0x00007fb4180fe000,0x00007fb4181ff000)]
  0x00007fb4341b0000 JavaThread "Notification Thread" daemon [_thread_blocked, id=44030, stack(0x00007fb3f3eff000,0x00007fb3f4000000)]
  0x00007fb434373000 JavaThread "Active Thread: Equinox Container: 4c6e4576-c846-4397-895b-d5716ae12e72" [_thread_blocked, id=44043, stack(0x00007fb3f3cfc000,0x00007fb3f3dfd000)]
  0x00007fb4343bd000 JavaThread "Framework Event Dispatcher: Equinox Container: 4c6e4576-c846-4397-895b-d5716ae12e72" daemon [_thread_blocked, id=44045, stack(0x00007fb3f3bfb000,0x00007fb3f3cfc000)]
  0x00007fb4343c0800 JavaThread "Start Level: Equinox Container: 4c6e4576-c846-4397-895b-d5716ae12e72" daemon [_thread_blocked, id=44046, stack(0x00007fb3f3afa000,0x00007fb3f3bfb000)]
  0x00007fb3d011e000 JavaThread "Worker-JM" [_thread_blocked, id=44055, stack(0x00007fb3f32e2000,0x00007fb3f33e3000)]
  0x00007fb3d01e6800 JavaThread "Worker-0" [_thread_blocked, id=44058, stack(0x00007fb3f2fe1000,0x00007fb3f30e2000)]
  0x00007fb3d01e9800 JavaThread "Worker-1" [_thread_blocked, id=44059, stack(0x00007fb3f2ee0000,0x00007fb3f2fe1000)]
  0x00007fb3d047b000 JavaThread "Java indexing" daemon [_thread_blocked, id=44067, stack(0x00007fb3f26de000,0x00007fb3f27df000)]
  0x00007fb434414000 JavaThread "pool-2-thread-1" [_thread_blocked, id=44083, stack(0x00007fb3f18dc000,0x00007fb3f19dd000)]
  0x00007fb43466c800 JavaThread "pool-1-thread-1" [_thread_blocked, id=44085, stack(0x00007fb3f15db000,0x00007fb3f16dc000)]
  0x00007fb3c4014000 JavaThread "Worker-3" [_thread_blocked, id=44087, stack(0x00007fb3f12da000,0x00007fb3f13db000)]
  0x00007fb3a0001000 JavaThread "Worker-4" [_thread_blocked, id=44088, stack(0x00007fb3f11d9000,0x00007fb3f12da000)]
=>0x00007fb3a4001000 JavaThread "Worker-5: Validate documents" [_thread_in_Java, id=44089, stack(0x00007fb3f10d8000,0x00007fb3f11d9000)]
  0x00007fb3b8012800 JavaThread "Bundle File Closer" daemon [_thread_blocked, id=44092, stack(0x00007fb3f0fd7000,0x00007fb3f10d8000)]
  0x00007fb3ac0d8800 JavaThread "ForkJoinPool.commonPool-worker-3" daemon [_thread_blocked, id=44099, stack(0x00007fb3f066d000,0x00007fb3f076e000)]
  0x00007fb3ac0d4800 JavaThread "ForkJoinPool.commonPool-worker-5" daemon [_thread_blocked, id=44100, stack(0x00007fb3f036c000,0x00007fb3f046d000)]
  0x00007fb3a0029000 JavaThread "ForkJoinPool.commonPool-worker-7" daemon [_thread_blocked, id=44101, stack(0x00007fb3f026b000,0x00007fb3f036c000)]
  0x00007fb3ac1cd000 JavaThread "Java Debug Server" daemon [_thread_in_native, id=44219, stack(0x00007fb39faff000,0x00007fb39fc00000)]
  0x00007fb3b44b9000 JavaThread "RxSchedulerPurge-1" daemon [_thread_blocked, id=44221, stack(0x00007fb39f363000,0x00007fb39f464000)]
  0x00007fb3b41f5800 JavaThread "RxCachedWorkerPoolEvictor-1" daemon [_thread_blocked, id=44222, stack(0x00007fb39f262000,0x00007fb39f363000)]
  0x00007fb3a8003800 JavaThread "pool-3-thread-4" [_thread_blocked, id=45595, stack(0x00007fb3f2bdf000,0x00007fb3f2ce0000)]

Other Threads:
  0x00007fb434133000 VMThread "VM Thread" [stack: 0x00007fb419388000,0x00007fb419488000] [id=44014]
  0x00007fb4341b2000 WatcherThread [stack: 0x00007fb3f3dff000,0x00007fb3f3eff000] [id=44031]
  0x00007fb43402e800 GCTaskThread "GC Thread#0" [stack: 0x00007fb439067000,0x00007fb439167000] [id=44007]
  0x00007fb40c005000 GCTaskThread "GC Thread#1" [stack: 0x00007fb3f37e9000,0x00007fb3f38e9000] [id=44047]
  0x00007fb40c006800 GCTaskThread "GC Thread#2" [stack: 0x00007fb3f36e7000,0x00007fb3f37e7000] [id=44048]
  0x00007fb40c007800 GCTaskThread "GC Thread#3" [stack: 0x00007fb3f35e5000,0x00007fb3f36e5000] [id=44049]

Threads with active compile tasks:

VM state:not at safepoint (normal execution)

VM Mutex/Monitor currently owned by a thread: None

Heap address: 0x00000000c0000000, size: 1024 MB, Compressed Oops mode: 32-bit
Narrow klass base: 0x0000000800000000, Narrow klass shift: 3
Compressed class space size: 1073741824 Address: 0x0000000800b18000

Heap:
 PSYoungGen      total 8192K, used 2946K [0x00000000eab00000, 0x00000000eb700000, 0x0000000100000000)
  eden space 6656K, 23% used [0x00000000eab00000,0x00000000eac888f0,0x00000000eb180000)
  from space 1536K, 89% used [0x00000000eb580000,0x00000000eb6d8000,0x00000000eb700000)
  to   space 2048K, 0% used [0x00000000eb300000,0x00000000eb300000,0x00000000eb500000)
 ParOldGen       total 100352K, used 74406K [0x00000000c0000000, 0x00000000c6200000, 0x00000000eab00000)
  object space 100352K, 74% used [0x00000000c0000000,0x00000000c48a9b50,0x00000000c6200000)
 Metaspace       used 75463K, capacity 78263K, committed 78552K, reserved 1120256K
  class space    used 7555K, capacity 8625K, committed 8704K, reserved 1048576K

Card table byte_map: [0x00007fb4394d1000,0x00007fb4396d2000] _byte_map_base: 0x00007fb438ed1000

Marking Bits: (ParMarkBitMap*) 0x00007fb43b029ba0
 Begin Bits: [0x00007fb419c90000, 0x00007fb41ac90000)
 End Bits:   [0x00007fb41ac90000, 0x00007fb41bc90000)

Polling page: 0x00007fb43b29a000

Metaspace:

Usage:
  Non-class:     68.01 MB capacity,    66.32 MB ( 98%) used,     1.53 MB (  2%) free+waste,   164.75 KB ( <1%) overhead. 
      Class:      8.42 MB capacity,     7.38 MB ( 88%) used,  1001.96 KB ( 12%) free+waste,    67.94 KB ( <1%) overhead. 
       Both:     76.43 MB capacity,    73.70 MB ( 96%) used,     2.51 MB (  3%) free+waste,   232.69 KB ( <1%) overhead. 

Virtual space:
  Non-class space:       70.00 MB reserved,      68.21 MB ( 97%) committed 
      Class space:        1.00 GB reserved,       8.50 MB ( <1%) committed 
             Both:        1.07 GB reserved,      76.71 MB (  7%) committed 

Chunk freelists:
   Non-Class:  90.00 KB
       Class:  15.00 KB
        Both:  105.00 KB

MaxMetaspaceSize: unlimited
CompressedClassSpaceSize: 1.00 GB

CodeHeap 'non-profiled nmethods': size=120032Kb used=10727Kb max_used=11269Kb free=109304Kb
 bounds [0x00007fb423758000, 0x00007fb424288000, 0x00007fb42ac90000]
CodeHeap 'profiled nmethods': size=120028Kb used=28138Kb max_used=29827Kb free=91890Kb
 bounds [0x00007fb41c221000, 0x00007fb41df51000, 0x00007fb423758000]
CodeHeap 'non-nmethods': size=5700Kb used=1423Kb max_used=1504Kb free=4276Kb
 bounds [0x00007fb41bc90000, 0x00007fb41bf00000, 0x00007fb41c221000]
 total_blobs=21933 nmethods=11764 adapters=649
 compilation: enabled
              stopped_count=0, restarted_count=0
 full_count=0

Compilation events (20 events):
Event: 519.903 Thread 0x00007fb434145800 nmethod 15846 0x00007fb42397fb10 code [0x00007fb42397fca0, 0x00007fb42397fd70]
Event: 519.903 Thread 0x00007fb434145800 15847       1       org.eclipse.lsp4j.CompletionItem::setDocumentation (6 bytes)
Event: 519.903 Thread 0x00007fb434145800 nmethod 15847 0x00007fb423e54690 code [0x00007fb423e54820, 0x00007fb423e54910]
Event: 519.916 Thread 0x00007fb434143800 nmethod 15838 0x00007fb423fe9c90 code [0x00007fb423fea100, 0x00007fb423fec090]
Event: 519.916 Thread 0x00007fb434143800 15841 %     4       org.eclipse.jdt.internal.core.util.Util::findLineSeparator @ 16 (98 bytes)
Event: 519.925 Thread 0x00007fb434143800 nmethod 15841% 0x00007fb423cc4d10 code [0x00007fb423cc4ec0, 0x00007fb423cc51d8]
Event: 519.925 Thread 0x00007fb434143800 15839       4       org.eclipse.jdt.internal.compiler.parser.Parser::consumeClassHeaderName1 (6 bytes)
Event: 519.926 Thread 0x00007fb434143800 nmethod 15839 0x00007fb423fe9790 code [0x00007fb423fe9900, 0x00007fb423fe99a8]
Event: 520.872 Thread 0x00007fb434143800 15848       4       org.eclipse.jdt.internal.compiler.lookup.ArrayBinding::problemId (8 bytes)
Event: 520.879 Thread 0x00007fb434143800 nmethod 15848 0x00007fb423cc4990 code [0x00007fb423cc4b20, 0x00007fb423cc4bf8]
Event: 520.881 Thread 0x00007fb434143800 15849       4       org.eclipse.jdt.core.dom.ASTConverter::convert (61 bytes)
Event: 521.169 Thread 0x00007fb434143800 nmethod 15849 0x00007fb423dab690 code [0x00007fb423dab980, 0x00007fb423dacca8]
Event: 521.216 Thread 0x00007fb434145800 15850       3       java.io.PrintWriter::write (11 bytes)
Event: 521.216 Thread 0x00007fb434145800 nmethod 15850 0x00007fb41cde9f90 code [0x00007fb41cdea140, 0x00007fb41cdea420]
Event: 521.216 Thread 0x00007fb434145800 15851   !   3       java.io.PrintWriter::write (58 bytes)
Event: 521.218 Thread 0x00007fb434145800 nmethod 15851 0x00007fb41d858b90 code [0x00007fb41d858d80, 0x00007fb41d859440]
Event: 521.218 Thread 0x00007fb434145800 15852   !   3       org.eclipse.core.internal.resources.Workspace::run (196 bytes)
Event: 521.223 Thread 0x00007fb434145800 nmethod 15852 0x00007fb41cea6210 code [0x00007fb41cea65c0, 0x00007fb41cea80e0]
Event: 521.777 Thread 0x00007fb434143800 15853       4       com.google.gson.stream.JsonReader::isLiteral (148 bytes)
Event: 521.779 Thread 0x00007fb434143800 nmethod 15853 0x00007fb423cc4690 code [0x00007fb423cc4800, 0x00007fb423cc48b8]

GC Heap History (20 events):
Event: 519.763 GC heap before
{Heap before GC invocations=1116 (full 23):
 PSYoungGen      total 5120K, used 5120K [0x00000000eab00000, 0x00000000eba00000, 0x0000000100000000)
  eden space 4608K, 100% used [0x00000000eab00000,0x00000000eaf80000,0x00000000eaf80000)
  from space 512K, 100% used [0x00000000eb380000,0x00000000eb400000,0x00000000eb400000)
  to   space 4096K, 0% used [0x00000000eaf80000,0x00000000eaf80000,0x00000000eb380000)
 ParOldGen       total 97280K, used 84680K [0x00000000c0000000, 0x00000000c5f00000, 0x00000000eab00000)
  object space 97280K, 87% used [0x00000000c0000000,0x00000000c52b2200,0x00000000c5f00000)
 Metaspace       used 75463K, capacity 78263K, committed 78552K, reserved 1120256K
  class space    used 7555K, capacity 8625K, committed 8704K, reserved 1048576K
}
Event: 519.771 GC heap after
{Heap after GC invocations=1116 (full 23):
 PSYoungGen      total 7168K, used 2304K [0x00000000eab00000, 0x00000000eb580000, 0x0000000100000000)
  eden space 4608K, 0% used [0x00000000eab00000,0x00000000eab00000,0x00000000eaf80000)
  from space 2560K, 90% used [0x00000000eaf80000,0x00000000eb1c0000,0x00000000eb200000)
  to   space 3072K, 0% used [0x00000000eb280000,0x00000000eb280000,0x00000000eb580000)
 ParOldGen       total 97280K, used 85199K [0x00000000c0000000, 0x00000000c5f00000, 0x00000000eab00000)
  object space 97280K, 87% used [0x00000000c0000000,0x00000000c5333f58,0x00000000c5f00000)
 Metaspace       used 75463K, capacity 78263K, committed 78552K, reserved 1120256K
  class space    used 7555K, capacity 8625K, committed 8704K, reserved 1048576K
}
Event: 519.781 GC heap before
{Heap before GC invocations=1117 (full 23):
 PSYoungGen      total 7168K, used 6912K [0x00000000eab00000, 0x00000000eb580000, 0x0000000100000000)
  eden space 4608K, 100% used [0x00000000eab00000,0x00000000eaf80000,0x00000000eaf80000)
  from space 2560K, 90% used [0x00000000eaf80000,0x00000000eb1c0000,0x00000000eb200000)
  to   space 3072K, 0% used [0x00000000eb280000,0x00000000eb280000,0x00000000eb580000)
 ParOldGen       total 97280K, used 85199K [0x00000000c0000000, 0x00000000c5f00000, 0x00000000eab00000)
  object space 97280K, 87% used [0x00000000c0000000,0x00000000c5333f58,0x00000000c5f00000)
 Metaspace       used 75463K, capacity 78263K, committed 78552K, reserved 1120256K
  class space    used 7555K, capacity 8625K, committed 8704K, reserved 1048576K
}
Event: 519.787 GC heap after
{Heap after GC invocations=1117 (full 23):
 PSYoungGen      total 7680K, used 1024K [0x00000000eab00000, 0x00000000eb480000, 0x0000000100000000)
  eden space 5632K, 0% used [0x00000000eab00000,0x00000000eab00000,0x00000000eb080000)
  from space 2048K, 50% used [0x00000000eb280000,0x00000000eb380000,0x00000000eb480000)
  to   space 2048K, 0% used [0x00000000eb080000,0x00000000eb080000,0x00000000eb280000)
 ParOldGen       total 97280K, used 87482K [0x00000000c0000000, 0x00000000c5f00000, 0x00000000eab00000)
  object space 97280K, 89% used [0x00000000c0000000,0x00000000c556e878,0x00000000c5f00000)
 Metaspace       used 75463K, capacity 78263K, committed 78552K, reserved 1120256K
  class space    used 7555K, capacity 8625K, committed 8704K, reserved 1048576K
}
Event: 519.799 GC heap before
{Heap before GC invocations=1118 (full 23):
 PSYoungGen      total 7680K, used 6656K [0x00000000eab00000, 0x00000000eb480000, 0x0000000100000000)
  eden space 5632K, 100% used [0x00000000eab00000,0x00000000eb080000,0x00000000eb080000)
  from space 2048K, 50% used [0x00000000eb280000,0x00000000eb380000,0x00000000eb480000)
  to   space 2048K, 0% used [0x00000000eb080000,0x00000000eb080000,0x00000000eb280000)
 ParOldGen       total 97280K, used 87482K [0x00000000c0000000, 0x00000000c5f00000, 0x00000000eab00000)
  object space 97280K, 89% used [0x00000000c0000000,0x00000000c556e878,0x00000000c5f00000)
 Metaspace       used 75463K, capacity 78263K, committed 78552K, reserved 1120256K
  class space    used 7555K, capacity 8625K, committed 8704K, reserved 1048576K
}
Event: 519.804 GC heap after
{Heap after GC invocations=1118 (full 23):
 PSYoungGen      total 7680K, used 1248K [0x00000000eab00000, 0x00000000eb500000, 0x0000000100000000)
  eden space 5632K, 0% used [0x00000000eab00000,0x00000000eab00000,0x00000000eb080000)
  from space 2048K, 60% used [0x00000000eb080000,0x00000000eb1b8000,0x00000000eb280000)
  to   space 1536K, 0% used [0x00000000eb380000,0x00000000eb380000,0x00000000eb500000)
 ParOldGen       total 97280K, used 88474K [0x00000000c0000000, 0x00000000c5f00000, 0x00000000eab00000)
  object space 97280K, 90% used [0x00000000c0000000,0x00000000c5666878,0x00000000c5f00000)
 Metaspace       used 75463K, capacity 78263K, committed 78552K, reserved 1120256K
  class space    used 7555K, capacity 8625K, committed 8704K, reserved 1048576K
}
Event: 519.832 GC heap before
{Heap before GC invocations=1119 (full 23):
 PSYoungGen      total 7680K, used 6880K [0x00000000eab00000, 0x00000000eb500000, 0x0000000100000000)
  eden space 5632K, 100% used [0x00000000eab00000,0x00000000eb080000,0x00000000eb080000)
  from space 2048K, 60% used [0x00000000eb080000,0x00000000eb1b8000,0x00000000eb280000)
  to   space 1536K, 0% used [0x00000000eb380000,0x00000000eb380000,0x00000000eb500000)
 ParOldGen       total 97280K, used 88474K [0x00000000c0000000, 0x00000000c5f00000, 0x00000000eab00000)
  object space 97280K, 90% used [0x00000000c0000000,0x00000000c5666878,0x00000000c5f00000)
 Metaspace       used 75463K, capacity 78263K, committed 78552K, reserved 1120256K
  class space    used 7555K, capacity 8625K, committed 8704K, reserved 1048576K
}
Event: 519.838 GC heap after
{Heap after GC invocations=1119 (full 23):
 PSYoungGen      total 8704K, used 1194K [0x00000000eab00000, 0x00000000eb500000, 0x0000000100000000)
  eden space 7168K, 0% used [0x00000000eab00000,0x00000000eab00000,0x00000000eb200000)
  from space 1536K, 77% used [0x00000000eb380000,0x00000000eb4aa800,0x00000000eb500000)
  to   space 1536K, 0% used [0x00000000eb200000,0x00000000eb200000,0x00000000eb380000)
 ParOldGen       total 97280K, used 89634K [0x00000000c0000000, 0x00000000c5f00000, 0x00000000eab00000)
  object space 97280K, 92% used [0x00000000c0000000,0x00000000c5788878,0x00000000c5f00000)
 Metaspace       used 75463K, capacity 78263K, committed 78552K, reserved 1120256K
  class space    used 7555K, capacity 8625K, committed 8704K, reserved 1048576K
}
Event: 519.886 GC heap before
{Heap before GC invocations=1120 (full 23):
 PSYoungGen      total 8704K, used 8362K [0x00000000eab00000, 0x00000000eb500000, 0x0000000100000000)
  eden space 7168K, 100% used [0x00000000eab00000,0x00000000eb200000,0x00000000eb200000)
  from space 1536K, 77% used [0x00000000eb380000,0x00000000eb4aa800,0x00000000eb500000)
  to   space 1536K, 0% used [0x00000000eb200000,0x00000000eb200000,0x00000000eb380000)
 ParOldGen       total 97280K, used 89634K [0x00000000c0000000, 0x00000000c5f00000, 0x00000000eab00000)
  object space 97280K, 92% used [0x00000000c0000000,0x00000000c5788878,0x00000000c5f00000)
 Metaspace       used 75463K, capacity 78263K, committed 78552K, reserved 1120256K
  class space    used 7555K, capacity 8625K, committed 8704K, reserved 1048576K
}
Event: 519.889 GC heap after
{Heap after GC invocations=1120 (full 23):
 PSYoungGen      total 7680K, used 128K [0x00000000eab00000, 0x00000000eb400000, 0x0000000100000000)
  eden space 7168K, 0% used [0x00000000eab00000,0x00000000eab00000,0x00000000eb200000)
  from space 512K, 25% used [0x00000000eb200000,0x00000000eb220000,0x00000000eb280000)
  to   space 1024K, 0% used [0x00000000eb300000,0x00000000eb300000,0x00000000eb400000)
 ParOldGen       total 97280K, used 90748K [0x00000000c0000000, 0x00000000c5f00000, 0x00000000eab00000)
  object space 97280K, 93% used [0x00000000c0000000,0x00000000c589f180,0x00000000c5f00000)
 Metaspace       used 75463K, capacity 78263K, committed 78552K, reserved 1120256K
  class space    used 7555K, capacity 8625K, committed 8704K, reserved 1048576K
}
Event: 520.874 GC heap before
{Heap before GC invocations=1121 (full 23):
 PSYoungGen      total 7680K, used 7296K [0x00000000eab00000, 0x00000000eb400000, 0x0000000100000000)
  eden space 7168K, 100% used [0x00000000eab00000,0x00000000eb200000,0x00000000eb200000)
  from space 512K, 25% used [0x00000000eb200000,0x00000000eb220000,0x00000000eb280000)
  to   space 1024K, 0% used [0x00000000eb300000,0x00000000eb300000,0x00000000eb400000)
 ParOldGen       total 97280K, used 90748K [0x00000000c0000000, 0x00000000c5f00000, 0x00000000eab00000)
  object space 97280K, 93% used [0x00000000c0000000,0x00000000c589f180,0x00000000c5f00000)
 Metaspace       used 75463K, capacity 78263K, committed 78552K, reserved 1120256K
  class space    used 7555K, capacity 8625K, committed 8704K, reserved 1048576K
}
Event: 520.878 GC heap after
{Heap after GC invocations=1121 (full 23):
 PSYoungGen      total 7680K, used 1008K [0x00000000eab00000, 0x00000000eb500000, 0x0000000100000000)
  eden space 6656K, 0% used [0x00000000eab00000,0x00000000eab00000,0x00000000eb180000)
  from space 1024K, 98% used [0x00000000eb300000,0x00000000eb3fc010,0x00000000eb400000)
  to   space 1536K, 0% used [0x00000000eb180000,0x00000000eb180000,0x00000000eb300000)
 ParOldGen       total 97280K, used 90788K [0x00000000c0000000, 0x00000000c5f00000, 0x00000000eab00000)
  object space 97280K, 93% used [0x00000000c0000000,0x00000000c58a9180,0x00000000c5f00000)
 Metaspace       used 75463K, capacity 78263K, committed 78552K, reserved 1120256K
  class space    used 7555K, capacity 8625K, committed 8704K, reserved 1048576K
}
Event: 520.911 GC heap before
{Heap before GC invocations=1122 (full 23):
 PSYoungGen      total 7680K, used 7664K [0x00000000eab00000, 0x00000000eb500000, 0x0000000100000000)
  eden space 6656K, 100% used [0x00000000eab00000,0x00000000eb180000,0x00000000eb180000)
  from space 1024K, 98% used [0x00000000eb300000,0x00000000eb3fc010,0x00000000eb400000)
  to   space 1536K, 0% used [0x00000000eb180000,0x00000000eb180000,0x00000000eb300000)
 ParOldGen       total 97280K, used 90788K [0x00000000c0000000, 0x00000000c5f00000, 0x00000000eab00000)
  object space 97280K, 93% used [0x00000000c0000000,0x00000000c58a9180,0x00000000c5f00000)
 Metaspace       used 75463K, capacity 78263K, committed 78552K, reserved 1120256K
  class space    used 7555K, capacity 8625K, committed 8704K, reserved 1048576K
}
Event: 520.921 GC heap after
{Heap after GC invocations=1122 (full 23):
 PSYoungGen      total 8192K, used 1516K [0x00000000eab00000, 0x00000000ebf80000, 0x0000000100000000)
  eden space 6656K, 0% used [0x00000000eab00000,0x00000000eab00000,0x00000000eb180000)
  from space 1536K, 98% used [0x00000000eb180000,0x00000000eb2fb380,0x00000000eb300000)
  to   space 7168K, 0% used [0x00000000eb880000,0x00000000eb880000,0x00000000ebf80000)
 ParOldGen       total 97280K, used 95167K [0x00000000c0000000, 0x00000000c5f00000, 0x00000000eab00000)
  object space 97280K, 97% used [0x00000000c0000000,0x00000000c5cefef0,0x00000000c5f00000)
 Metaspace       used 75463K, capacity 78263K, committed 78552K, reserved 1120256K
  class space    used 7555K, capacity 8625K, committed 8704K, reserved 1048576K
}
Event: 520.921 GC heap before
{Heap before GC invocations=1123 (full 24):
 PSYoungGen      total 8192K, used 1516K [0x00000000eab00000, 0x00000000ebf80000, 0x0000000100000000)
  eden space 6656K, 0% used [0x00000000eab00000,0x00000000eab00000,0x00000000eb180000)
  from space 1536K, 98% used [0x00000000eb180000,0x00000000eb2fb380,0x00000000eb300000)
  to   space 7168K, 0% used [0x00000000eb880000,0x00000000eb880000,0x00000000ebf80000)
 ParOldGen       total 97280K, used 95167K [0x00000000c0000000, 0x00000000c5f00000, 0x00000000eab00000)
  object space 97280K, 97% used [0x00000000c0000000,0x00000000c5cefef0,0x00000000c5f00000)
 Metaspace       used 75463K, capacity 78263K, committed 78552K, reserved 1120256K
  class space    used 7555K, capacity 8625K, committed 8704K, reserved 1048576K
}
Event: 521.164 GC heap after
{Heap after GC invocations=1123 (full 24):
 PSYoungGen      total 13824K, used 0K [0x00000000eab00000, 0x00000000ebf80000, 0x0000000100000000)
  eden space 6656K, 0% used [0x00000000eab00000,0x00000000eab00000,0x00000000eb180000)
  from space 7168K, 0% used [0x00000000eb880000,0x00000000eb880000,0x00000000ebf80000)
  to   space 7168K, 0% used [0x00000000eb180000,0x00000000eb180000,0x00000000eb880000)
 ParOldGen       total 100352K, used 72754K [0x00000000c0000000, 0x00000000c6200000, 0x00000000eab00000)
  object space 100352K, 72% used [0x00000000c0000000,0x00000000c470cad0,0x00000000c6200000)
 Metaspace       used 75463K, capacity 78263K, committed 78552K, reserved 1120256K
  class space    used 7555K, capacity 8625K, committed 8704K, reserved 1048576K
}
Event: 521.184 GC heap before
{Heap before GC invocations=1124 (full 24):
 PSYoungGen      total 13824K, used 6656K [0x00000000eab00000, 0x00000000ebf80000, 0x0000000100000000)
  eden space 6656K, 100% used [0x00000000eab00000,0x00000000eb180000,0x00000000eb180000)
  from space 7168K, 0% used [0x00000000eb880000,0x00000000eb880000,0x00000000ebf80000)
  to   space 7168K, 0% used [0x00000000eb180000,0x00000000eb180000,0x00000000eb880000)
 ParOldGen       total 100352K, used 72754K [0x00000000c0000000, 0x00000000c6200000, 0x00000000eab00000)
  object space 100352K, 72% used [0x00000000c0000000,0x00000000c470cad0,0x00000000c6200000)
 Metaspace       used 75463K, capacity 78263K, committed 78552K, reserved 1120256K
  class space    used 7555K, capacity 8625K, committed 8704K, reserved 1048576K
}
Event: 521.188 GC heap after
{Heap after GC invocations=1124 (full 24):
 PSYoungGen      total 8704K, used 1673K [0x00000000eab00000, 0x00000000eb900000, 0x0000000100000000)
  eden space 6656K, 0% used [0x00000000eab00000,0x00000000eab00000,0x00000000eb180000)
  from space 2048K, 81% used [0x00000000eb180000,0x00000000eb322400,0x00000000eb380000)
  to   space 3584K, 0% used [0x00000000eb580000,0x00000000eb580000,0x00000000eb900000)
 ParOldGen       total 100352K, used 72754K [0x00000000c0000000, 0x00000000c6200000, 0x00000000eab00000)
  object space 100352K, 72% used [0x00000000c0000000,0x00000000c470cad0,0x00000000c6200000)
 Metaspace       used 75463K, capacity 78263K, committed 78552K, reserved 1120256K
  class space    used 7555K, capacity 8625K, committed 8704K, reserved 1048576K
}
Event: 521.206 GC heap before
{Heap before GC invocations=1125 (full 24):
 PSYoungGen      total 8704K, used 8329K [0x00000000eab00000, 0x00000000eb900000, 0x0000000100000000)
  eden space 6656K, 100% used [0x00000000eab00000,0x00000000eb180000,0x00000000eb180000)
  from space 2048K, 81% used [0x00000000eb180000,0x00000000eb322400,0x00000000eb380000)
  to   space 3584K, 0% used [0x00000000eb580000,0x00000000eb580000,0x00000000eb900000)
 ParOldGen       total 100352K, used 72754K [0x00000000c0000000, 0x00000000c6200000, 0x00000000eab00000)
  object space 100352K, 72% used [0x00000000c0000000,0x00000000c470cad0,0x00000000c6200000)
 Metaspace       used 75463K, capacity 78263K, committed 78552K, reserved 1120256K
  class space    used 7555K, capacity 8625K, committed 8704K, reserved 1048576K
}
Event: 521.212 GC heap after
{Heap after GC invocations=1125 (full 24):
 PSYoungGen      total 8192K, used 1376K [0x00000000eab00000, 0x00000000eb700000, 0x0000000100000000)
  eden space 6656K, 0% used [0x00000000eab00000,0x00000000eab00000,0x00000000eb180000)
  from space 1536K, 89% used [0x00000000eb580000,0x00000000eb6d8000,0x00000000eb700000)
  to   space 2048K, 0% used [0x00000000eb300000,0x00000000eb300000,0x00000000eb500000)
 ParOldGen       total 100352K, used 74406K [0x00000000c0000000, 0x00000000c6200000, 0x00000000eab00000)
  object space 100352K, 74% used [0x00000000c0000000,0x00000000c48a9b50,0x00000000c6200000)
 Metaspace       used 75463K, capacity 78263K, committed 78552K, reserved 1120256K
  class space    used 7555K, capacity 8625K, committed 8704K, reserved 1048576K
}

Deoptimization events (20 events):
Event: 512.151 Thread 0x00007fb3d01e6800 DEOPT PACKING pc=0x00007fb41df2ff92 sp=0x00007fb3f30df850
Event: 512.151 Thread 0x00007fb3d01e6800 DEOPT UNPACKING pc=0x00007fb41bcd962c sp=0x00007fb3f30ded80 mode 0
Event: 518.976 Thread 0x00007fb3ac0d8800 DEOPT PACKING pc=0x00007fb41cb8c0c8 sp=0x00007fb3f076b650
Event: 518.976 Thread 0x00007fb3ac0d8800 DEOPT UNPACKING pc=0x00007fb41bcd962c sp=0x00007fb3f076aba8 mode 0
Event: 519.826 Thread 0x00007fb3ac0d8800 DEOPT PACKING pc=0x00007fb41d633fb8 sp=0x00007fb3f076bef0
Event: 519.826 Thread 0x00007fb3ac0d8800 DEOPT UNPACKING pc=0x00007fb41bcd962c sp=0x00007fb3f076b400 mode 0
Event: 519.885 Thread 0x00007fb3ac0d8800 DEOPT PACKING pc=0x00007fb41df01dc1 sp=0x00007fb3f076b780
Event: 519.885 Thread 0x00007fb3ac0d8800 DEOPT UNPACKING pc=0x00007fb41bcd962c sp=0x00007fb3f076ac10 mode 0
Event: 521.213 Thread 0x00007fb3ac0d4800 Uncommon trap: trap_request=0xfffffff6 fr.pc=0x00007fb4241ba410 relative=0x0000000000000850
Event: 521.213 Thread 0x00007fb3ac0d4800 Uncommon trap: reason=null_check action=maybe_recompile pc=0x00007fb4241ba410 method=java.lang.String.length()I @ 4 c2
Event: 521.213 Thread 0x00007fb3ac0d4800 DEOPT PACKING pc=0x00007fb4241ba410 sp=0x00007fb3f046a5c0
Event: 521.213 Thread 0x00007fb3ac0d4800 DEOPT UNPACKING pc=0x00007fb41bcd9120 sp=0x00007fb3f046a428 mode 2
Event: 521.214 Thread 0x00007fb3a0029000 Uncommon trap: trap_request=0xfffffff6 fr.pc=0x00007fb4241ba410 relative=0x0000000000000850
Event: 521.214 Thread 0x00007fb3a0029000 Uncommon trap: reason=null_check action=maybe_recompile pc=0x00007fb4241ba410 method=java.lang.String.length()I @ 4 c2
Event: 521.214 Thread 0x00007fb3a0029000 DEOPT PACKING pc=0x00007fb4241ba410 sp=0x00007fb3f0369570
Event: 521.214 Thread 0x00007fb3a0029000 DEOPT UNPACKING pc=0x00007fb41bcd9120 sp=0x00007fb3f03693d8 mode 2
Event: 522.232 Thread 0x00007fb3a4001000 Uncommon trap: trap_request=0xffffffc6 fr.pc=0x00007fb423eecab8 relative=0x0000000000000af8
Event: 522.232 Thread 0x00007fb3a4001000 Uncommon trap: reason=bimorphic_or_optimized_type_check action=maybe_recompile pc=0x00007fb423eecab8 method=org.eclipse.jdt.internal.core.JavaProjectElementInfo.getProjectCache(Lorg/eclipse/jdt/internal/core/JavaProject;Z)Lorg/eclipse/jdt/internal/core/Ja
Event: 522.232 Thread 0x00007fb3a4001000 DEOPT PACKING pc=0x00007fb423eecab8 sp=0x00007fb3f11d6ae0
Event: 522.232 Thread 0x00007fb3a4001000 DEOPT UNPACKING pc=0x00007fb41bcd9120 sp=0x00007fb3f11d6ad0 mode 2

Classes unloaded (20 events):
Event: 57.522 Thread 0x00007fb434133000 Unloading class 0x000000080114fc40 'org/eclipse/jdt/internal/formatter/DefaultCodeFormatterOptions$$Lambda$350'
Event: 57.522 Thread 0x00007fb434133000 Unloading class 0x000000080114f040 'org/eclipse/jdt/internal/formatter/DefaultCodeFormatterOptions$$Lambda$348'
Event: 57.522 Thread 0x00007fb434133000 Unloading class 0x000000080114e840 'org/eclipse/jdt/internal/formatter/DefaultCodeFormatterOptions$$Lambda$346'
Event: 57.522 Thread 0x00007fb434133000 Unloading class 0x000000080114e040 'org/eclipse/jdt/internal/formatter/DefaultCodeFormatterOptions$$Lambda$344'
Event: 57.522 Thread 0x00007fb434133000 Unloading class 0x000000080114d840 'org/eclipse/jdt/internal/formatter/DefaultCodeFormatterOptions$$Lambda$342'
Event: 57.522 Thread 0x00007fb434133000 Unloading class 0x000000080114d040 'org/eclipse/jdt/internal/formatter/DefaultCodeFormatterOptions$$Lambda$340'
Event: 57.522 Thread 0x00007fb434133000 Unloading class 0x000000080114c840 'org/eclipse/jdt/internal/formatter/DefaultCodeFormatterOptions$$Lambda$338'
Event: 57.522 Thread 0x00007fb434133000 Unloading class 0x000000080114c040 'org/eclipse/jdt/internal/formatter/DefaultCodeFormatterOptions$$Lambda$336'
Event: 57.522 Thread 0x00007fb434133000 Unloading class 0x000000080114b840 'org/eclipse/jdt/internal/formatter/DefaultCodeFormatterOptions$$Lambda$334'
Event: 57.522 Thread 0x00007fb434133000 Unloading class 0x000000080114b040 'org/eclipse/jdt/internal/formatter/DefaultCodeFormatterOptions$$Lambda$331'
Event: 57.522 Thread 0x00007fb434133000 Unloading class 0x000000080114a440 'org/eclipse/jdt/internal/formatter/DefaultCodeFormatterOptions$$Lambda$329'
Event: 57.522 Thread 0x00007fb434133000 Unloading class 0x0000000801149c40 'org/eclipse/jdt/internal/formatter/DefaultCodeFormatterOptions$$Lambda$327'
Event: 57.522 Thread 0x00007fb434133000 Unloading class 0x0000000801149440 'org/eclipse/jdt/internal/formatter/DefaultCodeFormatterOptions$$Lambda$325'
Event: 57.522 Thread 0x00007fb434133000 Unloading class 0x0000000801130c40 'org/eclipse/jdt/internal/formatter/DefaultCodeFormatterOptions$$Lambda$319'
Event: 57.522 Thread 0x00007fb434133000 Unloading class 0x0000000801131440 'org/eclipse/jdt/internal/formatter/DefaultCodeFormatterOptions$$Lambda$317'
Event: 57.522 Thread 0x00007fb434133000 Unloading class 0x0000000801131c40 'org/eclipse/jdt/internal/formatter/DefaultCodeFormatterOptions$$Lambda$315'
Event: 57.522 Thread 0x00007fb434133000 Unloading class 0x0000000801132440 'org/eclipse/jdt/internal/formatter/DefaultCodeFormatterOptions$$Lambda$313'
Event: 57.522 Thread 0x00007fb434133000 Unloading class 0x0000000801132840 'org/eclipse/jdt/internal/formatter/DefaultCodeFormatterOptions$$Lambda$310'
Event: 57.522 Thread 0x00007fb434133000 Unloading class 0x0000000801133440 'org/eclipse/jdt/internal/formatter/DefaultCodeFormatterOptions$$Lambda$309'
Event: 57.522 Thread 0x00007fb434133000 Unloading class 0x0000000801134c40 'java/lang/invoke/LambdaForm$DMH'

Classes redefined (0 events):
No events

Internal exceptions (20 events):
Event: 518.892 Thread 0x00007fb3ac0d8800 Exception <a 'java/lang/ArrayIndexOutOfBoundsException'{0x00000000eada4cb0}> (0x00000000eada4cb0) 
thrown [src/hotspot/share/runtime/sharedRuntime.cpp, line 584]
Event: 518.892 Thread 0x00007fb3ac0d8800 Exception <a 'java/lang/ArrayIndexOutOfBoundsException'{0x00000000eada4fd0}> (0x00000000eada4fd0) 
thrown [src/hotspot/share/runtime/sharedRuntime.cpp, line 584]
Event: 519.079 Thread 0x00007fb3ac0d8800 Exception <a 'java/lang/ArrayIndexOutOfBoundsException'{0x00000000eb0a0e80}> (0x00000000eb0a0e80) 
thrown [src/hotspot/share/runtime/sharedRuntime.cpp, line 584]
Event: 519.084 Thread 0x00007fb3ac0d8800 Exception <a 'java/lang/ArrayIndexOutOfBoundsException'{0x00000000eb172530}> (0x00000000eb172530) 
thrown [src/hotspot/share/runtime/sharedRuntime.cpp, line 584]
Event: 519.084 Thread 0x00007fb3ac0d8800 Exception <a 'java/lang/ArrayIndexOutOfBoundsException'{0x00000000eb172af8}> (0x00000000eb172af8) 
thrown [src/hotspot/share/runtime/sharedRuntime.cpp, line 584]
Event: 519.084 Thread 0x00007fb3ac0d8800 Exception <a 'java/lang/ArrayIndexOutOfBoundsException'{0x00000000eb174100}> (0x00000000eb174100) 
thrown [src/hotspot/share/runtime/sharedRuntime.cpp, line 584]
Event: 519.700 Thread 0x00007fb3ac0d8800 Exception <a 'java/lang/ArrayIndexOutOfBoundsException'{0x00000000eae4ce38}> (0x00000000eae4ce38) 
thrown [src/hotspot/share/runtime/sharedRuntime.cpp, line 584]
Event: 519.706 Thread 0x00007fb3ac0d8800 Exception <a 'java/lang/ArrayIndexOutOfBoundsException'{0x00000000eaf1e310}> (0x00000000eaf1e310) 
thrown [src/hotspot/share/runtime/sharedRuntime.cpp, line 584]
Event: 519.706 Thread 0x00007fb3ac0d8800 Exception <a 'java/lang/ArrayIndexOutOfBoundsException'{0x00000000eaf1f630}> (0x00000000eaf1f630) 
thrown [src/hotspot/share/runtime/sharedRuntime.cpp, line 584]
Event: 519.706 Thread 0x00007fb3ac0d8800 Exception <a 'java/lang/ArrayIndexOutOfBoundsException'{0x00000000eaf1f950}> (0x00000000eaf1f950) 
thrown [src/hotspot/share/runtime/sharedRuntime.cpp, line 584]
Event: 519.904 Thread 0x00007fb3ac0d8800 Exception <a 'java/lang/ArrayIndexOutOfBoundsException'{0x00000000eacad2e0}> (0x00000000eacad2e0) 
thrown [src/hotspot/share/runtime/sharedRuntime.cpp, line 584]
Event: 519.908 Thread 0x00007fb3ac0d8800 Exception <a 'java/lang/ArrayIndexOutOfBoundsException'{0x00000000ead7e9a8}> (0x00000000ead7e9a8) 
thrown [src/hotspot/share/runtime/sharedRuntime.cpp, line 584]
Event: 519.908 Thread 0x00007fb3ac0d8800 Exception <a 'java/lang/ArrayIndexOutOfBoundsException'{0x00000000ead7ef70}> (0x00000000ead7ef70) 
thrown [src/hotspot/share/runtime/sharedRuntime.cpp, line 584]
Event: 519.908 Thread 0x00007fb3ac0d8800 Exception <a 'java/lang/ArrayIndexOutOfBoundsException'{0x00000000ead80578}> (0x00000000ead80578) 
thrown [src/hotspot/share/runtime/sharedRuntime.cpp, line 584]
Event: 520.866 Thread 0x00007fb3ac0d4800 Exception <a 'java/lang/ArrayIndexOutOfBoundsException'{0x00000000eb04eba0}> (0x00000000eb04eba0) 
thrown [src/hotspot/share/runtime/sharedRuntime.cpp, line 584]
Event: 520.872 Thread 0x00007fb3ac0d4800 Exception <a 'java/lang/ArrayIndexOutOfBoundsException'{0x00000000eb1ad888}> (0x00000000eb1ad888) 
thrown [src/hotspot/share/runtime/sharedRuntime.cpp, line 584]
Event: 520.873 Thread 0x00007fb3ac0d4800 Exception <a 'java/lang/ArrayIndexOutOfBoundsException'{0x00000000eb1d1c28}> (0x00000000eb1d1c28) 
thrown [src/hotspot/share/runtime/sharedRuntime.cpp, line 584]
Event: 520.873 Thread 0x00007fb3ac0d4800 Exception <a 'java/lang/ArrayIndexOutOfBoundsException'{0x00000000eb1d1f48}> (0x00000000eb1d1f48) 
thrown [src/hotspot/share/runtime/sharedRuntime.cpp, line 584]
Event: 521.213 Thread 0x00007fb3ac0d4800 Implicit null exception at 0x00007fb4241b9e92 to 0x00007fb4241ba404
Event: 521.214 Thread 0x00007fb3a0029000 Implicit null exception at 0x00007fb4241b9e92 to 0x00007fb4241ba404

Events (20 events):
Event: 519.762 Executing VM operation: ParallelGCFailedAllocation
Event: 519.771 Executing VM operation: ParallelGCFailedAllocation done
Event: 519.781 Executing VM operation: ParallelGCFailedAllocation
Event: 519.787 Executing VM operation: ParallelGCFailedAllocation done
Event: 519.799 Executing VM operation: ParallelGCFailedAllocation
Event: 519.804 Executing VM operation: ParallelGCFailedAllocation done
Event: 519.832 Executing VM operation: ParallelGCFailedAllocation
Event: 519.838 Executing VM operation: ParallelGCFailedAllocation done
Event: 519.886 Executing VM operation: ParallelGCFailedAllocation
Event: 519.889 Executing VM operation: ParallelGCFailedAllocation done
Event: 520.874 Executing VM operation: ParallelGCFailedAllocation
Event: 520.878 Executing VM operation: ParallelGCFailedAllocation done
Event: 520.881 Executing VM operation: HandshakeOneThread
Event: 520.881 Executing VM operation: HandshakeOneThread done
Event: 520.911 Executing VM operation: ParallelGCFailedAllocation
Event: 521.164 Executing VM operation: ParallelGCFailedAllocation done
Event: 521.184 Executing VM operation: ParallelGCFailedAllocation
Event: 521.188 Executing VM operation: ParallelGCFailedAllocation done
Event: 521.205 Executing VM operation: ParallelGCFailedAllocation
Event: 521.212 Executing VM operation: ParallelGCFailedAllocation done


Dynamic libraries:
c0000000-c6200000 rw-p 00000000 00:00 0 
c6200000-eab00000 ---p 00000000 00:00 0 
eab00000-eb700000 rw-p 00000000 00:00 0 
eb700000-100000000 ---p 00000000 00:00 0 
800000000-800003000 rwxp 00001000 08:12 55837995                         /usr/lib/jvm/java-14-openjdk-amd64/lib/server/classes.jsa
800003000-8003e7000 rw-p 00004000 08:12 55837995                         /usr/lib/jvm/java-14-openjdk-amd64/lib/server/classes.jsa
8003e7000-800b17000 r--p 003e8000 08:12 55837995                         /usr/lib/jvm/java-14-openjdk-amd64/lib/server/classes.jsa
800b17000-800b18000 rw-p 00b18000 08:12 55837995                         /usr/lib/jvm/java-14-openjdk-amd64/lib/server/classes.jsa
800b18000-801398000 rw-p 00000000 00:00 0 
801398000-840b18000 ---p 00000000 00:00 0 
55957586f000-559575870000 r--p 00000000 08:12 54920498                   /usr/lib/jvm/java-14-openjdk-amd64/bin/java
559575870000-559575871000 r-xp 00001000 08:12 54920498                   /usr/lib/jvm/java-14-openjdk-amd64/bin/java
559575871000-559575872000 r--p 00002000 08:12 54920498                   /usr/lib/jvm/java-14-openjdk-amd64/bin/java
559575872000-559575873000 r--p 00002000 08:12 54920498                   /usr/lib/jvm/java-14-openjdk-amd64/bin/java
559575873000-559575874000 rw-p 00003000 08:12 54920498                   /usr/lib/jvm/java-14-openjdk-amd64/bin/java
559575baf000-559575bd0000 rw-p 00000000 00:00 0                          [heap]
7fb38ec90000-7fb398000000 r--s 00000000 08:12 55446382                   /usr/lib/jvm/java-14-openjdk-amd64/lib/modules
7fb398000000-7fb3981ec000 rw-p 00000000 00:00 0 
7fb3981ec000-7fb39c000000 ---p 00000000 00:00 0 
7fb39de5e000-7fb39de9e000 rw-p 00000000 00:00 0 
7fb39de9e000-7fb39e05e000 ---p 00000000 00:00 0 
7fb39e05e000-7fb39e25e000 rw-p 00000000 00:00 0 
7fb39e25e000-7fb39e262000 ---p 00000000 00:00 0 
7fb39e262000-7fb39e35f000 rw-p 00000000 00:00 0 
7fb39e35f000-7fb39e363000 ---p 00000000 00:00 0 
7fb39e363000-7fb39e460000 rw-p 00000000 00:00 0 
7fb39e460000-7fb39e464000 ---p 00000000 00:00 0 
7fb39e464000-7fb39e761000 rw-p 00000000 00:00 0 
7fb39e761000-7fb39e961000 rw-p 00000000 00:00 0 
7fb39e961000-7fb39eb61000 rw-p 00000000 00:00 0 
7fb39eb61000-7fb39ed61000 rw-p 00000000 00:00 0 
7fb39ed61000-7fb39ef61000 rw-p 00000000 00:00 0 
7fb39ef61000-7fb39f161000 rw-p 00000000 00:00 0 
7fb39f161000-7fb39f165000 ---p 00000000 00:00 0 
7fb39f165000-7fb39f262000 rw-p 00000000 00:00 0 
7fb39f262000-7fb39f266000 ---p 00000000 00:00 0 
7fb39f266000-7fb39f363000 rw-p 00000000 00:00 0 
7fb39f363000-7fb39f367000 ---p 00000000 00:00 0 
7fb39f367000-7fb39f464000 rw-p 00000000 00:00 0 
7fb39f4fd000-7fb39f6fd000 rw-p 00000000 00:00 0 
7fb39f6fd000-7fb39f701000 ---p 00000000 00:00 0 
7fb39f701000-7fb39f9fe000 rw-p 00000000 00:00 0 
7fb39f9fe000-7fb39fa02000 ---p 00000000 00:00 0 
7fb39fa02000-7fb39faff000 rw-p 00000000 00:00 0 
7fb39faff000-7fb39fb03000 ---p 00000000 00:00 0 
7fb39fb03000-7fb39fe00000 rw-p 00000000 00:00 0 
7fb39fe00000-7fb3a0000000 rw-p 00000000 00:00 0 
7fb3a0000000-7fb3a0fd0000 rw-p 00000000 00:00 0 
7fb3a0fd0000-7fb3a4000000 ---p 00000000 00:00 0 
7fb3a4000000-7fb3a436b000 rw-p 00000000 00:00 0 
7fb3a436b000-7fb3a8000000 ---p 00000000 00:00 0 
7fb3a8000000-7fb3a8021000 rw-p 00000000 00:00 0 
7fb3a8021000-7fb3ac000000 ---p 00000000 00:00 0 
7fb3ac000000-7fb3ac3ca000 rw-p 00000000 00:00 0 
7fb3ac3ca000-7fb3b0000000 ---p 00000000 00:00 0 
7fb3b0000000-7fb3b02cf000 rw-p 00000000 00:00 0 
7fb3b02cf000-7fb3b4000000 ---p 00000000 00:00 0 
7fb3b4000000-7fb3b605a000 rw-p 00000000 00:00 0 
7fb3b605a000-7fb3b8000000 ---p 00000000 00:00 0 
7fb3b8000000-7fb3b8110000 rw-p 00000000 00:00 0 
7fb3b8110000-7fb3bc000000 ---p 00000000 00:00 0 
7fb3bc000000-7fb3bc19e000 rw-p 00000000 00:00 0 
7fb3bc19e000-7fb3c0000000 ---p 00000000 00:00 0 
7fb3c0000000-7fb3c0021000 rw-p 00000000 00:00 0 
7fb3c0021000-7fb3c4000000 ---p 00000000 00:00 0 
7fb3c4000000-7fb3c4281000 rw-p 00000000 00:00 0 
7fb3c4281000-7fb3c8000000 ---p 00000000 00:00 0 
7fb3c8000000-7fb3c919c000 rw-p 00000000 00:00 0 
7fb3c919c000-7fb3cc000000 ---p 00000000 00:00 0 
7fb3cc000000-7fb3cca4e000 rw-p 00000000 00:00 0 
7fb3cca4e000-7fb3d0000000 ---p 00000000 00:00 0 
7fb3d0000000-7fb3d0f86000 rw-p 00000000 00:00 0 
7fb3d0f86000-7fb3d4000000 ---p 00000000 00:00 0 
7fb3d4000000-7fb3d5283000 rw-p 00000000 00:00 0 
7fb3d5283000-7fb3d8000000 ---p 00000000 00:00 0 
7fb3d8000000-7fb3d84eb000 rw-p 00000000 00:00 0 
7fb3d84eb000-7fb3dc000000 ---p 00000000 00:00 0 
7fb3dc000000-7fb3dc3b7000 rw-p 00000000 00:00 0 
7fb3dc3b7000-7fb3e0000000 ---p 00000000 00:00 0 
7fb3e0000000-7fb3e0021000 rw-p 00000000 00:00 0 
7fb3e0021000-7fb3e4000000 ---p 00000000 00:00 0 
7fb3e4000000-7fb3e652b000 rw-p 00000000 00:00 0 
7fb3e652b000-7fb3e8000000 ---p 00000000 00:00 0 
7fb3e8000000-7fb3e8021000 rw-p 00000000 00:00 0 
7fb3e8021000-7fb3ec000000 ---p 00000000 00:00 0 
7fb3ec000000-7fb3ec021000 rw-p 00000000 00:00 0 
7fb3ec021000-7fb3f0000000 ---p 00000000 00:00 0 
7fb3f006b000-7fb3f026b000 rw-p 00000000 00:00 0 
7fb3f026b000-7fb3f026f000 ---p 00000000 00:00 0 
7fb3f026f000-7fb3f036c000 rw-p 00000000 00:00 0 
7fb3f036c000-7fb3f0370000 ---p 00000000 00:00 0 
7fb3f0370000-7fb3f066d000 rw-p 00000000 00:00 0 
7fb3f066d000-7fb3f0671000 ---p 00000000 00:00 0 
7fb3f0671000-7fb3f096e000 rw-p 00000000 00:00 0 
7fb3f096e000-7fb3f0b6e000 rw-p 00000000 00:00 0 
7fb3f0bd7000-7fb3f0dd7000 rw-p 00000000 00:00 0 
7fb3f0dd7000-7fb3f0fd7000 rw-p 00000000 00:00 0 
7fb3f0fd7000-7fb3f0fdb000 ---p 00000000 00:00 0 
7fb3f0fdb000-7fb3f10d8000 rw-p 00000000 00:00 0 
7fb3f10d8000-7fb3f10dc000 ---p 00000000 00:00 0 
7fb3f10dc000-7fb3f11d9000 rw-p 00000000 00:00 0 
7fb3f11d9000-7fb3f11dd000 ---p 00000000 00:00 0 
7fb3f11dd000-7fb3f12da000 rw-p 00000000 00:00 0 
7fb3f12da000-7fb3f12de000 ---p 00000000 00:00 0 
7fb3f12de000-7fb3f15db000 rw-p 00000000 00:00 0 
7fb3f15db000-7fb3f15df000 ---p 00000000 00:00 0 
7fb3f15df000-7fb3f18d2000 rw-p 00000000 00:00 0 
7fb3f18d2000-7fb3f18dc000 ---p 00000000 00:00 0 
7fb3f18dc000-7fb3f18e0000 ---p 00000000 00:00 0 
7fb3f18e0000-7fb3f1bdd000 rw-p 00000000 00:00 0 
7fb3f1bdd000-7fb3f1ddd000 rw-p 00000000 00:00 0 
7fb3f1ddd000-7fb3f1fdd000 rw-p 00000000 00:00 0 
7fb3f1fdd000-7fb3f21dd000 rw-p 00000000 00:00 0 
7fb3f21dd000-7fb3f23dd000 rw-p 00000000 00:00 0 
7fb3f23dd000-7fb3f23e1000 ---p 00000000 00:00 0 
7fb3f23e1000-7fb3f26de000 rw-p 00000000 00:00 0 
7fb3f26de000-7fb3f26e2000 ---p 00000000 00:00 0 
7fb3f26e2000-7fb3f29df000 rw-p 00000000 00:00 0 
7fb3f29df000-7fb3f2bdf000 rw-p 00000000 00:00 0 
7fb3f2bdf000-7fb3f2be3000 ---p 00000000 00:00 0 
7fb3f2be3000-7fb3f2ee0000 rw-p 00000000 00:00 0 
7fb3f2ee0000-7fb3f2ee4000 ---p 00000000 00:00 0 
7fb3f2ee4000-7fb3f2fe1000 rw-p 00000000 00:00 0 
7fb3f2fe1000-7fb3f2fe5000 ---p 00000000 00:00 0 
7fb3f2fe5000-7fb3f32e2000 rw-p 00000000 00:00 0 
7fb3f32e2000-7fb3f32e6000 ---p 00000000 00:00 0 
7fb3f32e6000-7fb3f35e3000 rw-p 00000000 00:00 0 
7fb3f35e3000-7fb3f35e4000 ---p 00000000 00:00 0 
7fb3f35e4000-7fb3f36e5000 rw-p 00000000 00:00 0 
7fb3f36e5000-7fb3f36e6000 ---p 00000000 00:00 0 
7fb3f36e6000-7fb3f37e7000 rw-p 00000000 00:00 0 
7fb3f37e7000-7fb3f37e8000 ---p 00000000 00:00 0 
7fb3f37e8000-7fb3f38e9000 rw-p 00000000 00:00 0 
7fb3f38e9000-7fb3f38f9000 r-xp 00000000 08:12 34344150                   /home/wei/.local/share/code-server/User/globalStorage/redhat.java/0.61.0/config_linux/org.eclipse.equinox.launcher/org.eclipse.equinox.launcher.gtk.linux.x86_64_1.1.1100.v20190907-0426/eclipse_1801.so
7fb3f38f9000-7fb3f3af8000 ---p 00010000 08:12 34344150                   /home/wei/.local/share/code-server/User/globalStorage/redhat.java/0.61.0/config_linux/org.eclipse.equinox.launcher/org.eclipse.equinox.launcher.gtk.linux.x86_64_1.1.1100.v20190907-0426/eclipse_1801.so
7fb3f3af8000-7fb3f3af9000 r--p 0000f000 08:12 34344150                   /home/wei/.local/share/code-server/User/globalStorage/redhat.java/0.61.0/config_linux/org.eclipse.equinox.launcher/org.eclipse.equinox.launcher.gtk.linux.x86_64_1.1.1100.v20190907-0426/eclipse_1801.so
7fb3f3af9000-7fb3f3afa000 rw-p 00010000 08:12 34344150                   /home/wei/.local/share/code-server/User/globalStorage/redhat.java/0.61.0/config_linux/org.eclipse.equinox.launcher/org.eclipse.equinox.launcher.gtk.linux.x86_64_1.1.1100.v20190907-0426/eclipse_1801.so
7fb3f3afa000-7fb3f3afe000 ---p 00000000 00:00 0 
7fb3f3afe000-7fb3f3bfb000 rw-p 00000000 00:00 0 
7fb3f3bfb000-7fb3f3bff000 ---p 00000000 00:00 0 
7fb3f3bff000-7fb3f3cfc000 rw-p 00000000 00:00 0 
7fb3f3cfc000-7fb3f3d00000 ---p 00000000 00:00 0 
7fb3f3d00000-7fb3f3dfd000 rw-p 00000000 00:00 0 
7fb3f3dfd000-7fb3f3dfe000 ---p 00000000 00:00 0 
7fb3f3dfe000-7fb3f3eff000 rw-p 00000000 00:00 0 
7fb3f3eff000-7fb3f3f03000 ---p 00000000 00:00 0 
7fb3f3f03000-7fb3f4000000 rw-p 00000000 00:00 0 
7fb3f4000000-7fb3f4b3b000 rw-p 00000000 00:00 0 
7fb3f4b3b000-7fb3f8000000 ---p 00000000 00:00 0 
7fb3f8000000-7fb3f816b000 rw-p 00000000 00:00 0 
7fb3f816b000-7fb3fc000000 ---p 00000000 00:00 0 
7fb3fc000000-7fb3fc050000 rw-p 00000000 00:00 0 
7fb3fc050000-7fb400000000 ---p 00000000 00:00 0 
7fb400000000-7fb403a34000 rw-p 00000000 00:00 0 
7fb403a34000-7fb404000000 ---p 00000000 00:00 0 
7fb404000000-7fb404021000 rw-p 00000000 00:00 0 
7fb404021000-7fb408000000 ---p 00000000 00:00 0 
7fb408000000-7fb408021000 rw-p 00000000 00:00 0 
7fb408021000-7fb40c000000 ---p 00000000 00:00 0 
7fb40c000000-7fb40c357000 rw-p 00000000 00:00 0 
7fb40c357000-7fb410000000 ---p 00000000 00:00 0 
7fb410000000-7fb410021000 rw-p 00000000 00:00 0 
7fb410021000-7fb414000000 ---p 00000000 00:00 0 
7fb414000000-7fb414193000 rw-p 00000000 00:00 0 
7fb414193000-7fb418000000 ---p 00000000 00:00 0 
7fb418049000-7fb41804d000 r--p 00000000 08:12 53483497                   /usr/lib/x86_64-linux-gnu/libresolv-2.31.so
7fb41804d000-7fb41805d000 r-xp 00004000 08:12 53483497                   /usr/lib/x86_64-linux-gnu/libresolv-2.31.so
7fb41805d000-7fb418060000 r--p 00014000 08:12 53483497                   /usr/lib/x86_64-linux-gnu/libresolv-2.31.so
7fb418060000-7fb418061000 ---p 00017000 08:12 53483497                   /usr/lib/x86_64-linux-gnu/libresolv-2.31.so
7fb418061000-7fb418062000 r--p 00017000 08:12 53483497                   /usr/lib/x86_64-linux-gnu/libresolv-2.31.so
7fb418062000-7fb418063000 rw-p 00018000 08:12 53483497                   /usr/lib/x86_64-linux-gnu/libresolv-2.31.so
7fb418063000-7fb418065000 rw-p 00000000 00:00 0 
7fb418065000-7fb418067000 r--p 00000000 08:12 53483457                   /usr/lib/x86_64-linux-gnu/libnss_dns-2.31.so
7fb418067000-7fb41806b000 r-xp 00002000 08:12 53483457                   /usr/lib/x86_64-linux-gnu/libnss_dns-2.31.so
7fb41806b000-7fb41806c000 r--p 00006000 08:12 53483457                   /usr/lib/x86_64-linux-gnu/libnss_dns-2.31.so
7fb41806c000-7fb41806d000 r--p 00006000 08:12 53483457                   /usr/lib/x86_64-linux-gnu/libnss_dns-2.31.so
7fb41806d000-7fb41806e000 rw-p 00007000 08:12 53483457                   /usr/lib/x86_64-linux-gnu/libnss_dns-2.31.so
7fb41807a000-7fb418082000 r--p 00000000 08:12 55446379                   /usr/lib/jvm/java-14-openjdk-amd64/lib/libsunec.so
7fb418082000-7fb41809b000 r-xp 00008000 08:12 55446379                   /usr/lib/jvm/java-14-openjdk-amd64/lib/libsunec.so
7fb41809b000-7fb4180a5000 r--p 00021000 08:12 55446379                   /usr/lib/jvm/java-14-openjdk-amd64/lib/libsunec.so
7fb4180a5000-7fb4180a6000 ---p 0002b000 08:12 55446379                   /usr/lib/jvm/java-14-openjdk-amd64/lib/libsunec.so
7fb4180a6000-7fb4180aa000 r--p 0002b000 08:12 55446379                   /usr/lib/jvm/java-14-openjdk-amd64/lib/libsunec.so
7fb4180aa000-7fb4180ac000 rw-p 0002f000 08:12 55446379                   /usr/lib/jvm/java-14-openjdk-amd64/lib/libsunec.so
7fb4180ac000-7fb4180b0000 r--p 00000000 08:12 55446380                   /usr/lib/jvm/java-14-openjdk-amd64/lib/libverify.so
7fb4180b0000-7fb4180b7000 r-xp 00004000 08:12 55446380                   /usr/lib/jvm/java-14-openjdk-amd64/lib/libverify.so
7fb4180b7000-7fb4180b9000 r--p 0000b000 08:12 55446380                   /usr/lib/jvm/java-14-openjdk-amd64/lib/libverify.so
7fb4180b9000-7fb4180bb000 r--p 0000c000 08:12 55446380                   /usr/lib/jvm/java-14-openjdk-amd64/lib/libverify.so
7fb4180bb000-7fb4180bc000 rw-p 0000e000 08:12 55446380                   /usr/lib/jvm/java-14-openjdk-amd64/lib/libverify.so
7fb4180bc000-7fb4180c0000 ---p 00000000 00:00 0 
7fb4180c0000-7fb4180de000 rw-p 00000000 00:00 0 
7fb4180de000-7fb4180fe000 r--p 00000000 08:12 56375839                   /usr/share/locale-langpack/zh_CN/LC_MESSAGES/libc.mo
7fb4180fe000-7fb418102000 ---p 00000000 00:00 0 
7fb418102000-7fb4181ff000 rw-p 00000000 00:00 0 
7fb4181ff000-7fb418203000 ---p 00000000 00:00 0 
7fb418203000-7fb418300000 rw-p 00000000 00:00 0 
7fb418300000-7fb418304000 ---p 00000000 00:00 0 
7fb418304000-7fb418401000 rw-p 00000000 00:00 0 
7fb418401000-7fb418405000 ---p 00000000 00:00 0 
7fb418405000-7fb418502000 rw-p 00000000 00:00 0 
7fb418502000-7fb418506000 ---p 00000000 00:00 0 
7fb418506000-7fb418603000 rw-p 00000000 00:00 0 
7fb418603000-7fb418607000 ---p 00000000 00:00 0 
7fb418607000-7fb418704000 rw-p 00000000 00:00 0 
7fb418704000-7fb419184000 r--p 00000000 08:12 53485162                   /usr/lib/locale/locale-archive
7fb419184000-7fb419188000 ---p 00000000 00:00 0 
7fb419188000-7fb419285000 rw-p 00000000 00:00 0 
7fb419285000-7fb419289000 ---p 00000000 00:00 0 
7fb419289000-7fb419386000 rw-p 00000000 00:00 0 
7fb419386000-7fb419387000 ---p 00000000 00:00 0 
7fb419387000-7fb41bc90000 rw-p 00000000 00:00 0 
7fb41bc90000-7fb41bf00000 rwxp 00000000 00:00 0 
7fb41bf00000-7fb41c221000 ---p 00000000 00:00 0 
7fb41c221000-7fb41df51000 rwxp 00000000 00:00 0 
7fb41df51000-7fb423758000 ---p 00000000 00:00 0 
7fb423758000-7fb424288000 rwxp 00000000 00:00 0 
7fb424288000-7fb42ac90000 ---p 00000000 00:00 0 
7fb42ac90000-7fb434000000 r--s 00000000 08:12 55446382                   /usr/lib/jvm/java-14-openjdk-amd64/lib/modules
7fb434000000-7fb434671000 rw-p 00000000 00:00 0 
7fb434671000-7fb438000000 ---p 00000000 00:00 0 
7fb438007000-7fb438008000 r--p 00000000 08:12 55445445                   /usr/lib/jvm/java-14-openjdk-amd64/lib/libextnet.so
7fb438008000-7fb438009000 r-xp 00001000 08:12 55445445                   /usr/lib/jvm/java-14-openjdk-amd64/lib/libextnet.so
7fb438009000-7fb43800a000 r--p 00002000 08:12 55445445                   /usr/lib/jvm/java-14-openjdk-amd64/lib/libextnet.so
7fb43800a000-7fb43800b000 r--p 00002000 08:12 55445445                   /usr/lib/jvm/java-14-openjdk-amd64/lib/libextnet.so
7fb43800b000-7fb43800c000 rw-p 00003000 08:12 55445445                   /usr/lib/jvm/java-14-openjdk-amd64/lib/libextnet.so
7fb43800c000-7fb438013000 r--s 00000000 08:12 53612333                   /usr/lib/x86_64-linux-gnu/gconv/gconv-modules.cache
7fb438013000-7fb438017000 r--p 00000000 08:12 55446373                   /usr/lib/jvm/java-14-openjdk-amd64/lib/libnet.so
7fb438017000-7fb438025000 r-xp 00004000 08:12 55446373                   /usr/lib/jvm/java-14-openjdk-amd64/lib/libnet.so
7fb438025000-7fb438029000 r--p 00012000 08:12 55446373                   /usr/lib/jvm/java-14-openjdk-amd64/lib/libnet.so
7fb438029000-7fb43802a000 r--p 00015000 08:12 55446373                   /usr/lib/jvm/java-14-openjdk-amd64/lib/libnet.so
7fb43802a000-7fb43802b000 rw-p 00016000 08:12 55446373                   /usr/lib/jvm/java-14-openjdk-amd64/lib/libnet.so
7fb43802b000-7fb438032000 r--p 00000000 08:12 55446374                   /usr/lib/jvm/java-14-openjdk-amd64/lib/libnio.so
7fb438032000-7fb43803b000 r-xp 00007000 08:12 55446374                   /usr/lib/jvm/java-14-openjdk-amd64/lib/libnio.so
7fb43803b000-7fb43803f000 r--p 00010000 08:12 55446374                   /usr/lib/jvm/java-14-openjdk-amd64/lib/libnio.so
7fb43803f000-7fb438040000 r--p 00013000 08:12 55446374                   /usr/lib/jvm/java-14-openjdk-amd64/lib/libnio.so
7fb438040000-7fb438041000 rw-p 00014000 08:12 55446374                   /usr/lib/jvm/java-14-openjdk-amd64/lib/libnio.so
7fb438041000-7fb439065000 rw-p 00000000 00:00 0 
7fb439065000-7fb439066000 ---p 00000000 00:00 0 
7fb439066000-7fb4393ac000 rw-p 00000000 00:00 0 
7fb4393ac000-7fb4394d1000 ---p 00000000 00:00 0 
7fb4394d1000-7fb439502000 rw-p 00000000 00:00 0 
7fb439502000-7fb439626000 ---p 00000000 00:00 0 
7fb439626000-7fb43962d000 rw-p 00000000 00:00 0 
7fb43962d000-7fb4396d1000 ---p 00000000 00:00 0 
7fb4396d1000-7fb4396e9000 rw-p 00000000 00:00 0 
7fb4396e9000-7fb4397bd000 ---p 00000000 00:00 0 
7fb4397bd000-7fb4397f8000 rw-p 00000000 00:00 0 
7fb4397f8000-7fb4398a8000 ---p 00000000 00:00 0 
7fb4398a8000-7fb4398ad000 rw-p 00000000 00:00 0 
7fb4398ad000-7fb4398b4000 ---p 00000000 00:00 0 
7fb4398b4000-7fb4398b6000 r--p 00000000 08:12 55446381                   /usr/lib/jvm/java-14-openjdk-amd64/lib/libzip.so
7fb4398b6000-7fb4398ba000 r-xp 00002000 08:12 55446381                   /usr/lib/jvm/java-14-openjdk-amd64/lib/libzip.so
7fb4398ba000-7fb4398bc000 r--p 00006000 08:12 55446381                   /usr/lib/jvm/java-14-openjdk-amd64/lib/libzip.so
7fb4398bc000-7fb4398bd000 r--p 00007000 08:12 55446381                   /usr/lib/jvm/java-14-openjdk-amd64/lib/libzip.so
7fb4398bd000-7fb4398be000 rw-p 00008000 08:12 55446381                   /usr/lib/jvm/java-14-openjdk-amd64/lib/libzip.so
7fb4398be000-7fb4398cb000 r--p 00000000 08:12 55445452                   /usr/lib/jvm/java-14-openjdk-amd64/lib/libjava.so
7fb4398cb000-7fb4398de000 r-xp 0000d000 08:12 55445452                   /usr/lib/jvm/java-14-openjdk-amd64/lib/libjava.so
7fb4398de000-7fb4398e4000 r--p 00020000 08:12 55445452                   /usr/lib/jvm/java-14-openjdk-amd64/lib/libjava.so
7fb4398e4000-7fb4398e5000 r--p 00025000 08:12 55445452                   /usr/lib/jvm/java-14-openjdk-amd64/lib/libjava.so
7fb4398e5000-7fb4398e7000 rw-p 00026000 08:12 55445452                   /usr/lib/jvm/java-14-openjdk-amd64/lib/libjava.so
7fb4398e7000-7fb4398ea000 r--p 00000000 08:12 53483458                   /usr/lib/x86_64-linux-gnu/libnss_files-2.31.so
7fb4398ea000-7fb4398f1000 r-xp 00003000 08:12 53483458                   /usr/lib/x86_64-linux-gnu/libnss_files-2.31.so
7fb4398f1000-7fb4398f3000 r--p 0000a000 08:12 53483458                   /usr/lib/x86_64-linux-gnu/libnss_files-2.31.so
7fb4398f3000-7fb4398f4000 r--p 0000b000 08:12 53483458                   /usr/lib/x86_64-linux-gnu/libnss_files-2.31.so
7fb4398f4000-7fb4398f5000 rw-p 0000c000 08:12 53483458                   /usr/lib/x86_64-linux-gnu/libnss_files-2.31.so
7fb4398f5000-7fb4398fb000 rw-p 00000000 00:00 0 
7fb4398ff000-7fb439907000 rw-s 00000000 08:12 18481172                   /tmp/hsperfdata_wei/44002
7fb439907000-7fb43990b000 ---p 00000000 00:00 0 
7fb43990b000-7fb439a08000 rw-p 00000000 00:00 0 
7fb439a08000-7fb439a0b000 r--p 00000000 08:12 53483368                   /usr/lib/x86_64-linux-gnu/libgcc_s.so.1
7fb439a0b000-7fb439a1d000 r-xp 00003000 08:12 53483368                   /usr/lib/x86_64-linux-gnu/libgcc_s.so.1
7fb439a1d000-7fb439a21000 r--p 00015000 08:12 53483368                   /usr/lib/x86_64-linux-gnu/libgcc_s.so.1
7fb439a21000-7fb439a22000 r--p 00018000 08:12 53483368                   /usr/lib/x86_64-linux-gnu/libgcc_s.so.1
7fb439a22000-7fb439a23000 rw-p 00019000 08:12 53483368                   /usr/lib/x86_64-linux-gnu/libgcc_s.so.1
7fb439a23000-7fb439a32000 r--p 00000000 08:12 53483432                   /usr/lib/x86_64-linux-gnu/libm-2.31.so
7fb439a32000-7fb439ad9000 r-xp 0000f000 08:12 53483432                   /usr/lib/x86_64-linux-gnu/libm-2.31.so
7fb439ad9000-7fb439b70000 r--p 000b6000 08:12 53483432                   /usr/lib/x86_64-linux-gnu/libm-2.31.so
7fb439b70000-7fb439b71000 r--p 0014c000 08:12 53483432                   /usr/lib/x86_64-linux-gnu/libm-2.31.so
7fb439b71000-7fb439b72000 rw-p 0014d000 08:12 53483432                   /usr/lib/x86_64-linux-gnu/libm-2.31.so
7fb439b72000-7fb439c08000 r--p 00000000 08:12 53483517                   /usr/lib/x86_64-linux-gnu/libstdc++.so.6.0.28
7fb439c08000-7fb439cf8000 r-xp 00096000 08:12 53483517                   /usr/lib/x86_64-linux-gnu/libstdc++.so.6.0.28
7fb439cf8000-7fb439d41000 r--p 00186000 08:12 53483517                   /usr/lib/x86_64-linux-gnu/libstdc++.so.6.0.28
7fb439d41000-7fb439d42000 ---p 001cf000 08:12 53483517                   /usr/lib/x86_64-linux-gnu/libstdc++.so.6.0.28
7fb439d42000-7fb439d4d000 r--p 001cf000 08:12 53483517                   /usr/lib/x86_64-linux-gnu/libstdc++.so.6.0.28
7fb439d4d000-7fb439d50000 rw-p 001da000 08:12 53483517                   /usr/lib/x86_64-linux-gnu/libstdc++.so.6.0.28
7fb439d50000-7fb439d53000 rw-p 00000000 00:00 0 
7fb439d53000-7fb439f81000 r--p 00000000 08:12 55837997                   /usr/lib/jvm/java-14-openjdk-amd64/lib/server/libjvm.so
7fb439f81000-7fb43ac9c000 r-xp 0022e000 08:12 55837997                   /usr/lib/jvm/java-14-openjdk-amd64/lib/server/libjvm.so
7fb43ac9c000-7fb43aefd000 r--p 00f49000 08:12 55837997                   /usr/lib/jvm/java-14-openjdk-amd64/lib/server/libjvm.so
7fb43aefd000-7fb43aefe000 ---p 011aa000 08:12 55837997                   /usr/lib/jvm/java-14-openjdk-amd64/lib/server/libjvm.so
7fb43aefe000-7fb43afa5000 r--p 011aa000 08:12 55837997                   /usr/lib/jvm/java-14-openjdk-amd64/lib/server/libjvm.so
7fb43afa5000-7fb43afdf000 rw-p 01251000 08:12 55837997                   /usr/lib/jvm/java-14-openjdk-amd64/lib/server/libjvm.so
7fb43afdf000-7fb43b062000 rw-p 00000000 00:00 0 
7fb43b062000-7fb43b069000 r--p 00000000 08:12 53483493                   /usr/lib/x86_64-linux-gnu/libpthread-2.31.so
7fb43b069000-7fb43b07a000 r-xp 00007000 08:12 53483493                   /usr/lib/x86_64-linux-gnu/libpthread-2.31.so
7fb43b07a000-7fb43b07f000 r--p 00018000 08:12 53483493                   /usr/lib/x86_64-linux-gnu/libpthread-2.31.so
7fb43b07f000-7fb43b080000 r--p 0001c000 08:12 53483493                   /usr/lib/x86_64-linux-gnu/libpthread-2.31.so
7fb43b080000-7fb43b081000 rw-p 0001d000 08:12 53483493                   /usr/lib/x86_64-linux-gnu/libpthread-2.31.so
7fb43b081000-7fb43b085000 rw-p 00000000 00:00 0 
7fb43b085000-7fb43b086000 r--p 00000000 08:12 53483340                   /usr/lib/x86_64-linux-gnu/libdl-2.31.so
7fb43b086000-7fb43b088000 r-xp 00001000 08:12 53483340                   /usr/lib/x86_64-linux-gnu/libdl-2.31.so
7fb43b088000-7fb43b089000 r--p 00003000 08:12 53483340                   /usr/lib/x86_64-linux-gnu/libdl-2.31.so
7fb43b089000-7fb43b08a000 r--p 00003000 08:12 53483340                   /usr/lib/x86_64-linux-gnu/libdl-2.31.so
7fb43b08a000-7fb43b08b000 rw-p 00004000 08:12 53483340                   /usr/lib/x86_64-linux-gnu/libdl-2.31.so
7fb43b08b000-7fb43b08d000 r--p 00000000 08:12 53483564                   /usr/lib/x86_64-linux-gnu/libz.so.1.2.11
7fb43b08d000-7fb43b09e000 r-xp 00002000 08:12 53483564                   /usr/lib/x86_64-linux-gnu/libz.so.1.2.11
7fb43b09e000-7fb43b0a4000 r--p 00013000 08:12 53483564                   /usr/lib/x86_64-linux-gnu/libz.so.1.2.11
7fb43b0a4000-7fb43b0a5000 ---p 00019000 08:12 53483564                   /usr/lib/x86_64-linux-gnu/libz.so.1.2.11
7fb43b0a5000-7fb43b0a6000 r--p 00019000 08:12 53483564                   /usr/lib/x86_64-linux-gnu/libz.so.1.2.11
7fb43b0a6000-7fb43b0a7000 rw-p 0001a000 08:12 53483564                   /usr/lib/x86_64-linux-gnu/libz.so.1.2.11
7fb43b0a7000-7fb43b0cc000 r--p 00000000 08:12 53483322                   /usr/lib/x86_64-linux-gnu/libc-2.31.so
7fb43b0cc000-7fb43b244000 r-xp 00025000 08:12 53483322                   /usr/lib/x86_64-linux-gnu/libc-2.31.so
7fb43b244000-7fb43b28e000 r--p 0019d000 08:12 53483322                   /usr/lib/x86_64-linux-gnu/libc-2.31.so
7fb43b28e000-7fb43b28f000 ---p 001e7000 08:12 53483322                   /usr/lib/x86_64-linux-gnu/libc-2.31.so
7fb43b28f000-7fb43b292000 r--p 001e7000 08:12 53483322                   /usr/lib/x86_64-linux-gnu/libc-2.31.so
7fb43b292000-7fb43b295000 rw-p 001ea000 08:12 53483322                   /usr/lib/x86_64-linux-gnu/libc-2.31.so
7fb43b295000-7fb43b299000 rw-p 00000000 00:00 0 
7fb43b29a000-7fb43b29b000 ---p 00000000 00:00 0 
7fb43b29b000-7fb43b29c000 r--p 00000000 00:00 0 
7fb43b29c000-7fb43b29e000 r--p 00000000 08:12 55446364                   /usr/lib/jvm/java-14-openjdk-amd64/lib/libjimage.so
7fb43b29e000-7fb43b2a1000 r-xp 00002000 08:12 55446364                   /usr/lib/jvm/java-14-openjdk-amd64/lib/libjimage.so
7fb43b2a1000-7fb43b2a2000 r--p 00005000 08:12 55446364                   /usr/lib/jvm/java-14-openjdk-amd64/lib/libjimage.so
7fb43b2a2000-7fb43b2a3000 ---p 00006000 08:12 55446364                   /usr/lib/jvm/java-14-openjdk-amd64/lib/libjimage.so
7fb43b2a3000-7fb43b2a4000 r--p 00006000 08:12 55446364                   /usr/lib/jvm/java-14-openjdk-amd64/lib/libjimage.so
7fb43b2a4000-7fb43b2a5000 rw-p 00007000 08:12 55446364                   /usr/lib/jvm/java-14-openjdk-amd64/lib/libjimage.so
7fb43b2a5000-7fb43b2a8000 r--p 00000000 08:12 55446365                   /usr/lib/jvm/java-14-openjdk-amd64/lib/libjli.so
7fb43b2a8000-7fb43b2b2000 r-xp 00003000 08:12 55446365                   /usr/lib/jvm/java-14-openjdk-amd64/lib/libjli.so
7fb43b2b2000-7fb43b2b5000 r--p 0000d000 08:12 55446365                   /usr/lib/jvm/java-14-openjdk-amd64/lib/libjli.so
7fb43b2b5000-7fb43b2b6000 r--p 0000f000 08:12 55446365                   /usr/lib/jvm/java-14-openjdk-amd64/lib/libjli.so
7fb43b2b6000-7fb43b2b7000 rw-p 00010000 08:12 55446365                   /usr/lib/jvm/java-14-openjdk-amd64/lib/libjli.so
7fb43b2b7000-7fb43b2b9000 rw-p 00000000 00:00 0 
7fb43b2b9000-7fb43b2ba000 r--p 00000000 08:12 53483291                   /usr/lib/x86_64-linux-gnu/ld-2.31.so
7fb43b2ba000-7fb43b2dd000 r-xp 00001000 08:12 53483291                   /usr/lib/x86_64-linux-gnu/ld-2.31.so
7fb43b2dd000-7fb43b2e5000 r--p 00024000 08:12 53483291                   /usr/lib/x86_64-linux-gnu/ld-2.31.so
7fb43b2e5000-7fb43b2e6000 ---p 00000000 00:00 0 
7fb43b2e6000-7fb43b2e7000 r--p 0002c000 08:12 53483291                   /usr/lib/x86_64-linux-gnu/ld-2.31.so
7fb43b2e7000-7fb43b2e8000 rw-p 0002d000 08:12 53483291                   /usr/lib/x86_64-linux-gnu/ld-2.31.so
7fb43b2e8000-7fb43b2e9000 rw-p 00000000 00:00 0 
7fffbd8fc000-7fffbd91d000 rw-p 00000000 00:00 0                          [stack]
7fffbd960000-7fffbd963000 r--p 00000000 00:00 0                          [vvar]
7fffbd963000-7fffbd964000 r-xp 00000000 00:00 0                          [vdso]
ffffffffff600000-ffffffffff601000 --xp 00000000 00:00 0                  [vsyscall]


VM Arguments:
jvm_args: --add-modules=ALL-SYSTEM --add-opens=java.base/java.util=ALL-UNNAMED --add-opens=java.base/java.lang=ALL-UNNAMED -Declipse.application=org.eclipse.jdt.ls.core.id1 -Dosgi.bundles.defaultStartLevel=4 -Declipse.product=org.eclipse.jdt.ls.core.product -Dfile.encoding=UTF-8 -XX:+UseParallelGC -XX:GCTimeRatio=4 -XX:AdaptiveSizePolicyWeight=90 -Dsun.zip.disableMemoryMapping=true -Xmx1G -Xms100m 
java_command: /home/wei/.local/share/code-server/extensions/redhat.java-0.61.0/server/plugins/org.eclipse.equinox.launcher_1.5.700.v20200207-2156.jar -configuration /home/wei/.local/share/code-server/User/globalStorage/redhat.java/0.61.0/config_linux -data /home/wei/.local/share/code-server/User/workspaceStorage/57d28c00/redhat.java/jdt_ws
java_class_path (initial): /home/wei/.local/share/code-server/extensions/redhat.java-0.61.0/server/plugins/org.eclipse.equinox.launcher_1.5.700.v20200207-2156.jar
Launcher Type: SUN_STANDARD

[Global flags]
    uintx AdaptiveSizePolicyWeight                 = 90                                        {product} {command line}
     intx CICompilerCount                          = 3                                         {product} {ergonomic}
    uintx GCTimeRatio                              = 4                                         {product} {command line}
   size_t InitialHeapSize                          = 104857600                                 {product} {command line}
   size_t MaxHeapSize                              = 1073741824                                {product} {command line}
   size_t MaxNewSize                               = 357564416                                 {product} {ergonomic}
   size_t MinHeapDeltaBytes                        = 524288                                    {product} {ergonomic}
   size_t MinHeapSize                              = 104857600                                 {product} {command line}
   size_t NewSize                                  = 34603008                                  {product} {ergonomic}
    uintx NonNMethodCodeHeapSize                   = 5832780                                {pd product} {ergonomic}
    uintx NonProfiledCodeHeapSize                  = 122912730                              {pd product} {ergonomic}
   size_t OldSize                                  = 70254592                                  {product} {ergonomic}
    uintx ProfiledCodeHeapSize                     = 122912730                              {pd product} {ergonomic}
    uintx ReservedCodeCacheSize                    = 251658240                              {pd product} {ergonomic}
     bool SegmentedCodeCache                       = true                                      {product} {ergonomic}
   size_t SoftMaxHeapSize                          = 1073741824                             {manageable} {ergonomic}
     bool UseCompressedClassPointers               = true                                 {lp64_product} {ergonomic}
     bool UseCompressedOops                        = true                                 {lp64_product} {ergonomic}
     bool UseParallelGC                            = true                                      {product} {command line}

Logging:
Log output configuration:
 #0: stdout all=warning uptime,level,tags
 #1: stderr all=off uptime,level,tags

Environment Variables:
PATH=/usr/local/sbin:/usr/local/bin:/usr/sbin:/usr/bin:/sbin:/bin:/usr/games:/usr/local/games:/snap/bin
SHELL=/bin/bash

Signal Handlers:
SIGSEGV: [libjvm.so+0xed87d0], sa_mask[0]=11111111011111111101111111111110, sa_flags=SA_RESTART|SA_SIGINFO
SIGBUS: [libjvm.so+0xed87d0], sa_mask[0]=11111111011111111101111111111110, sa_flags=SA_RESTART|SA_SIGINFO
SIGFPE: [libjvm.so+0xed87d0], sa_mask[0]=11111111011111111101111111111110, sa_flags=SA_RESTART|SA_SIGINFO
SIGPIPE: [libjvm.so+0xb87af0], sa_mask[0]=11111111011111111101111111111110, sa_flags=SA_RESTART|SA_SIGINFO
SIGXFSZ: [libjvm.so+0xb87af0], sa_mask[0]=11111111011111111101111111111110, sa_flags=SA_RESTART|SA_SIGINFO
SIGILL: [libjvm.so+0xed87d0], sa_mask[0]=11111111011111111101111111111110, sa_flags=SA_RESTART|SA_SIGINFO
SIGUSR2: [libjvm.so+0xb87990], sa_mask[0]=00000000000000000000000000000000, sa_flags=SA_RESTART|SA_SIGINFO
SIGHUP: [libjvm.so+0xb880d0], sa_mask[0]=11111111011111111101111111111110, sa_flags=SA_RESTART|SA_SIGINFO
SIGINT: [libjvm.so+0xb880d0], sa_mask[0]=11111111011111111101111111111110, sa_flags=SA_RESTART|SA_SIGINFO
SIGTERM: [libjvm.so+0xb880d0], sa_mask[0]=11111111011111111101111111111110, sa_flags=SA_RESTART|SA_SIGINFO
SIGQUIT: [libjvm.so+0xb880d0], sa_mask[0]=11111111011111111101111111111110, sa_flags=SA_RESTART|SA_SIGINFO


---------------  S Y S T E M  ---------------

OS:DISTRIB_ID=Ubuntu
DISTRIB_RELEASE=20.04
DISTRIB_CODENAME=focal
DISTRIB_DESCRIPTION="Ubuntu 20.04.1 LTS"
uname:Linux 5.4.0-47-generic #51-Ubuntu SMP Fri Sep 4 19:50:52 UTC 2020 x86_64
OS uptime: 0 days 13:48 hours
libc:glibc 2.31 NPTL 2.31 
rlimit: STACK 8192k, CORE 0k, NPROC 14939, NOFILE 1048576, AS infinity, DATA infinity, FSIZE infinity
load average:0.50 1.07 2.07

/proc/meminfo:
MemTotal:        3912032 kB
MemFree:          626184 kB
MemAvailable:    1897940 kB
Buffers:          141256 kB
Cached:          1274048 kB
SwapCached:            0 kB
Active:          2314392 kB
Inactive:         692232 kB
Active(anon):    1584628 kB
Inactive(anon):      464 kB
Active(file):     729764 kB
Inactive(file):   691768 kB
Unevictable:       18584 kB
Mlocked:           18568 kB
SwapTotal:       3911676 kB
SwapFree:        3911676 kB
Dirty:               300 kB
Writeback:             0 kB
AnonPages:       1610052 kB
Mapped:           373188 kB
Shmem:              1668 kB
KReclaimable:     109488 kB
Slab:             199560 kB
SReclaimable:     109488 kB
SUnreclaim:        90072 kB
KernelStack:        7296 kB
PageTables:        14788 kB
NFS_Unstable:          0 kB
Bounce:                0 kB
WritebackTmp:          0 kB
CommitLimit:     5867692 kB
Committed_AS:    3326416 kB
VmallocTotal:   34359738367 kB
VmallocUsed:       19776 kB
VmallocChunk:          0 kB
Percpu:             2704 kB
HardwareCorrupted:     0 kB
AnonHugePages:         0 kB
ShmemHugePages:        0 kB
ShmemPmdMapped:        0 kB
FileHugePages:         0 kB
FilePmdMapped:         0 kB
CmaTotal:              0 kB
CmaFree:               0 kB
HugePages_Total:       0
HugePages_Free:        0
HugePages_Rsvd:        0
HugePages_Surp:        0
Hugepagesize:       2048 kB
Hugetlb:               0 kB
DirectMap4k:      193416 kB
DirectMap2M:     3883008 kB


/proc/sys/kernel/threads-max (system-wide limit on the number of threads):
29878


/proc/sys/vm/max_map_count (maximum number of memory map areas a process may have):
65530


/proc/sys/kernel/pid_max (system-wide limit on number of process identifiers):
4194304



container (cgroup) information:
container_type: cgroupv1
cpu_cpuset_cpus: 0-3
cpu_memory_nodes: 0
active_processor_count: 4
cpu_quota: no quota
cpu_period: 100000
cpu_shares: no shares
memory_limit_in_bytes: unlimited
memory_and_swap_limit_in_bytes: not supported
memory_soft_limit_in_bytes: unlimited
memory_usage_in_bytes: 834179072
memory_max_usage_in_bytes: 876306432

Steal ticks since vm start: 0
Steal ticks percentage since vm start:  0.000

CPU:total 4 (initial active 4) (4 cores per cpu, 1 threads per core) family 6 model 55 stepping 9, cmov, cx8, fxsr, mmx, sse, sse2, sse3, ssse3, sse4.1, sse4.2, popcnt, clmul, erms, 3dnowpref, tsc, tscinvbit
CPU Model and flags from /proc/cpuinfo:
model name	: Intel(R) Celeron(R) CPU  J1900  @ 1.99GHz
flags		: fpu vme de pse tsc msr pae mce cx8 apic sep mtrr pge mca cmov pat pse36 clflush dts acpi mmx fxsr sse sse2 ss ht tm pbe syscall nx rdtscp lm constant_tsc arch_perfmon pebs bts rep_good nopl xtopology tsc_reliable nonstop_tsc cpuid aperfmperf tsc_known_freq pni pclmulqdq dtes64 monitor ds_cpl vmx est tm2 ssse3 cx16 xtpr pdcm sse4_1 sse4_2 movbe popcnt tsc_deadline_timer rdrand lahf_lm 3dnowprefetch epb pti ibrs ibpb stibp tpr_shadow vnmi flexpriority ept vpid tsc_adjust smep erms dtherm ida arat md_clear

Memory: 4k page, physical 3912032k(626184k free), swap 3911676k(3911676k free)

vm_info: OpenJDK 64-Bit Server VM (14.0.1+7-Ubuntu-1ubuntu1) for linux-amd64 JRE (14.0.1+7-Ubuntu-1ubuntu1), built on Apr 18 2020 12:25:53 by "unknown" with gcc 9.3.0

END.
