#
# A fatal error has been detected by the Java Runtime Environment:
#
#  SIGSEGV (0xb) at pc=0x00007f95acb18c95, pid=48140, tid=48177
#
# JRE version: OpenJDK Runtime Environment (14.0.1+7) (build 14.0.1+7-Ubuntu-1ubuntu1)
# Java VM: OpenJDK 64-Bit Server VM (14.0.1+7-Ubuntu-1ubuntu1, mixed mode, sharing, tiered, compressed oops, parallel gc, linux-amd64)
# Problematic frame:
# J 4205 c1 jdk.internal.jrtfs.JrtDirectoryStream$1.next()Ljava/nio/file/Path; (48 bytes) @ 0x00007f95acb18c95 [0x00007f95acb18ae0+0x00000000000001b5]
#
# Core dump will be written. Default location: Core dumps may be processed with "/usr/share/apport/apport %p %s %c %d %P %E" (or dumping to /home/wei/code/java/core.48140)
#
# If you would like to submit a bug report, please visit:
#   Unknown
#

---------------  S U M M A R Y ------------

Command Line: --add-modules=ALL-SYSTEM --add-opens=java.base/java.util=ALL-UNNAMED --add-opens=java.base/java.lang=ALL-UNNAMED -Declipse.application=org.eclipse.jdt.ls.core.id1 -Dosgi.bundles.defaultStartLevel=4 -Declipse.product=org.eclipse.jdt.ls.core.product -Dfile.encoding=UTF-8 -XX:+UseParallelGC -XX:GCTimeRatio=4 -XX:AdaptiveSizePolicyWeight=90 -Dsun.zip.disableMemoryMapping=true -Xmx1G -Xms100m /home/wei/.local/share/code-server/extensions/redhat.java-0.61.0/server/plugins/org.eclipse.equinox.launcher_1.5.700.v20200207-2156.jar -configuration /home/wei/.local/share/code-server/User/globalStorage/redhat.java/0.61.0/config_linux -data /home/wei/.local/share/code-server/User/workspaceStorage/57d28c00/redhat.java/jdt_ws

Host: Intel(R) Celeron(R) CPU  J1900  @ 1.99GHz, 4 cores, 3G, Ubuntu 20.04.1 LTS
Time: Fri Sep 25 09:41:39 2020 CST elapsed time: 8 seconds (0d 0h 0m 8s)

---------------  T H R E A D  ---------------

Current thread (0x00007f95681e6000):  JavaThread "Worker-0: Initialize Workspace" [_thread_in_Java, id=48177, stack(0x00007f95a8ab0000,0x00007f95a8bb1000)]

Stack: [0x00007f95a8ab0000,0x00007f95a8bb1000],  sp=0x00007f95a8bae680,  free space=1017k
Native frames: (J=compiled Java code, A=aot compiled Java code, j=interpreted, Vv=VM code, C=native code)
J 4205 c1 jdk.internal.jrtfs.JrtDirectoryStream$1.next()Ljava/nio/file/Path; (48 bytes) @ 0x00007f95acb18c95 [0x00007f95acb18ae0+0x00000000000001b5]
J 4199 c1 jdk.internal.jrtfs.JrtDirectoryStream$1.next()Ljava/lang/Object; (5 bytes) @ 0x00007f95acb09044 [0x00007f95acb08fa0+0x00000000000000a4]
J 4013 c1 java.nio.file.FileTreeWalker.next()Ljava/nio/file/FileTreeWalker$Event; java.base@14.0.1 (144 bytes) @ 0x00007f95acab44a4 [0x00007f95acab4340+0x0000000000000164]
j  java.nio.file.Files.walkFileTree(Ljava/nio/file/Path;Ljava/util/Set;ILjava/nio/file/FileVisitor;)Ljava/nio/file/Path;+253 java.base@14.0.1
j  java.nio.file.Files.walkFileTree(Ljava/nio/file/Path;Ljava/nio/file/FileVisitor;)Ljava/nio/file/Path;+11 java.base@14.0.1
j  org.eclipse.jdt.internal.compiler.util.JrtFileSystem.walkModuleImage(Lorg/eclipse/jdt/internal/compiler/util/JRTUtil$JrtFileVisitor;I)V+14
j  org.eclipse.jdt.internal.compiler.util.JRTUtil.walkModuleImage(Ljava/io/File;Lorg/eclipse/jdt/internal/compiler/util/JRTUtil$JrtFileVisitor;I)V+7
j  org.eclipse.jdt.internal.core.JrtPackageFragmentRoot.computeChildren(Lorg/eclipse/jdt/internal/core/OpenableElementInfo;Lorg/eclipse/core/resources/IResource;)Z+53
j  org.eclipse.jdt.internal.core.PackageFragmentRoot.buildStructure(Lorg/eclipse/jdt/internal/core/OpenableElementInfo;Lorg/eclipse/core/runtime/IProgressMonitor;Ljava/util/Map;Lorg/eclipse/core/resources/IResource;)Z+17
j  org.eclipse.jdt.internal.core.Openable.generateInfos(Ljava/lang/Object;Ljava/util/HashMap;Lorg/eclipse/core/runtime/IProgressMonitor;)V+222
j  org.eclipse.jdt.internal.core.JavaElement.openWhenClosed(Ljava/lang/Object;ZLorg/eclipse/core/runtime/IProgressMonitor;)Ljava/lang/Object;+24
j  org.eclipse.jdt.internal.core.JavaElement.getElementInfo(Lorg/eclipse/core/runtime/IProgressMonitor;)Ljava/lang/Object;+23
j  org.eclipse.jdt.internal.core.JavaElement.getElementInfo()Ljava/lang/Object;+2
j  org.eclipse.jdt.internal.core.JavaElement.getChildren()[Lorg/eclipse/jdt/core/IJavaElement;+1
j  org.eclipse.jdt.internal.core.PackageFragmentRoot.getSourceModuleDescription()Lorg/eclipse/jdt/core/IModuleDescription;+1
j  org.eclipse.jdt.internal.core.PackageFragmentRoot.getModuleDescription()Lorg/eclipse/jdt/core/IModuleDescription;+8
j  org.eclipse.jdt.internal.core.JarPackageFragmentRoot.getModuleDescription()Lorg/eclipse/jdt/core/IModuleDescription;+10
j  org.eclipse.jdt.internal.core.JrtPackageFragmentRoot.getModule()Lorg/eclipse/jdt/internal/compiler/env/IModule;+1
j  org.eclipse.jdt.internal.core.JavaProject.lambda$1(Lorg/eclipse/jdt/core/IPackageFragmentRoot;)Lorg/eclipse/jdt/internal/compiler/env/IModule;+11
j  org.eclipse.jdt.internal.core.JavaProject$$Lambda$184.apply(Ljava/lang/Object;)Ljava/lang/Object;+4
j  org.eclipse.jdt.internal.core.JavaProject.internalDefaultRootModules(Ljava/lang/Iterable;Ljava/util/function/Function;Ljava/util/function/Function;)Ljava/util/List;+161
j  org.eclipse.jdt.internal.core.JavaProject.defaultRootModules(Ljava/lang/Iterable;)Ljava/util/List;+11
j  org.eclipse.jdt.internal.core.JavaProject.computePackageFragmentRoots(Lorg/eclipse/jdt/core/IClasspathEntry;Lorg/eclipse/jdt/internal/compiler/util/ObjectVector;Ljava/util/HashSet;Lorg/eclipse/jdt/core/IClasspathEntry;ZZLjava/util/Map;Z)V+376
j  org.eclipse.jdt.internal.core.JavaProject.computePackageFragmentRoots([Lorg/eclipse/jdt/core/IClasspathEntry;Lorg/eclipse/jdt/internal/compiler/util/ObjectVector;Ljava/util/HashSet;Lorg/eclipse/jdt/core/IClasspathEntry;ZZLjava/util/Map;Z)V+41
j  org.eclipse.jdt.internal.core.JavaProject.computePackageFragmentRoots([Lorg/eclipse/jdt/core/IClasspathEntry;ZZLjava/util/Map;Z)[Lorg/eclipse/jdt/core/IPackageFragmentRoot;+28
j  org.eclipse.jdt.internal.core.JavaProject.computePackageFragmentRoots([Lorg/eclipse/jdt/core/IClasspathEntry;ZZLjava/util/Map;)[Lorg/eclipse/jdt/core/IPackageFragmentRoot;+7
j  org.eclipse.jdt.internal.core.JavaProject.buildStructure(Lorg/eclipse/jdt/internal/core/OpenableElementInfo;Lorg/eclipse/core/runtime/IProgressMonitor;Ljava/util/Map;Lorg/eclipse/core/resources/IResource;)Z+12
j  org.eclipse.jdt.internal.core.Openable.generateInfos(Ljava/lang/Object;Ljava/util/HashMap;Lorg/eclipse/core/runtime/IProgressMonitor;)V+222
j  org.eclipse.jdt.internal.core.JavaElement.openWhenClosed(Ljava/lang/Object;ZLorg/eclipse/core/runtime/IProgressMonitor;)Ljava/lang/Object;+24
j  org.eclipse.jdt.internal.core.JavaElement.getElementInfo(Lorg/eclipse/core/runtime/IProgressMonitor;)Ljava/lang/Object;+23
j  org.eclipse.jdt.internal.core.JavaElement.getElementInfo()Ljava/lang/Object;+2
j  org.eclipse.jdt.internal.core.JavaElement.getChildren()[Lorg/eclipse/jdt/core/IJavaElement;+1
j  org.eclipse.jdt.internal.core.JavaProject.getPackageFragmentRoots()[Lorg/eclipse/jdt/core/IPackageFragmentRoot;+1
j  org.eclipse.jdt.internal.core.JavaProject.getPackageFragments()[Lorg/eclipse/jdt/core/IPackageFragment;+1
j  org.eclipse.jdt.ls.core.internal.managers.ProjectsManager.cleanupResources(Lorg/eclipse/core/resources/IProject;)V+11
j  org.eclipse.jdt.ls.core.internal.managers.ProjectsManager.initializeProjects(Ljava/util/Collection;Lorg/eclipse/core/runtime/IProgressMonitor;)V+35
j  org.eclipse.jdt.ls.core.internal.handlers.InitHandler$1.runInWorkspace(Lorg/eclipse/core/runtime/IProgressMonitor;)Lorg/eclipse/core/runtime/IStatus;+45
j  org.eclipse.core.internal.resources.InternalWorkspaceJob.run(Lorg/eclipse/core/runtime/IProgressMonitor;)Lorg/eclipse/core/runtime/IStatus;+37
j  org.eclipse.core.internal.jobs.Worker.run()V+33
v  ~StubRoutines::call_stub
V  [libjvm.so+0x7ba45c]
V  [libjvm.so+0x7bbb6b]
V  [libjvm.so+0x872371]
V  [libjvm.so+0xe63f0e]
V  [libjvm.so+0xe68e9f]
V  [libjvm.so+0xb9013f]


siginfo: si_signo: 11 (SIGSEGV), si_code: 128 (SI_KERNEL), si_addr: 0x0000000000000000

Register to memory mapping:

RAX=0x0000080000000180 is an unknown value
RBX=0x00000000eaf66ea8 is an oop: jdk.internal.jrtfs.JrtDirectoryStream 
{0x00000000eaf66ea8} - klass: 'jdk/internal/jrtfs/JrtDirectoryStream'
RCX=0x00000000000002ce is an unknown value
RDX=0x0 is NULL
RSP=0x00007f95a8bae680 is pointing into the stack for thread: 0x00007f95681e6000
RBP=0x00007f95a8bae860 is pointing into the stack for thread: 0x00007f95681e6000
RSI=0x00007f954a4d2f78 is pointing into metadata
RDI=0x00000000eaf66ea8 is an oop: jdk.internal.jrtfs.JrtDirectoryStream 
{0x00000000eaf66ea8} - klass: 'jdk/internal/jrtfs/JrtDirectoryStream'
R8 =0x00000000eaf682d8 is an oop: jdk.internal.jrtfs.JrtPath 
{0x00000000eaf682d8} - klass: 'jdk/internal/jrtfs/JrtPath'
R9 =0x000000000000000c is an unknown value
R10=0x0000000800fb9cd0 is a pointer to class: 
jdk.internal.jrtfs.JrtDirectoryStream$1 {0x0000000800fb9cd0}
R11=0x00007f95ca8dd000 points into unknown readable memory: 00 00 00 00 00 00 00 00
R12=0x0 is NULL
R13=0x00000000eaf68228 is an oop: java.lang.String 
{0x00000000eaf68228} - klass: 'java/lang/String'
R14=0x00007f95ca8dd000 points into unknown readable memory: 00 00 00 00 00 00 00 00
R15=0x00007f95681e6000 is a thread


Registers:
RAX=0x0000080000000180, RBX=0x00000000eaf66ea8, RCX=0x00000000000002ce, RDX=0x0000000000000000
RSP=0x00007f95a8bae680, RBP=0x00007f95a8bae860, RSI=0x00007f954a4d2f78, RDI=0x00000000eaf66ea8
R8 =0x00000000eaf682d8, R9 =0x000000000000000c, R10=0x0000000800fb9cd0, R11=0x00007f95ca8dd000
R12=0x0000000000000000, R13=0x00000000eaf68228, R14=0x00007f95ca8dd000, R15=0x00007f95681e6000
RIP=0x00007f95acb18c95, EFLAGS=0x0000000000010246, CSGSFS=0x002b000000000033, ERR=0x0000000000000000
  TRAPNO=0x000000000000000d

Top of Stack: (sp=0x00007f95a8bae680)
0x00007f95a8bae680:   00000000eaf67058 00000000eaf67058
0x00007f95a8bae690:   00007f95a8bae6d0 00007f95a8bae6c0
0x00007f95a8bae6a0:   00007f954aeaa350 00000000eaf66ea8
0x00007f95a8bae6b0:   00000000000002ce 00007f95acb18b20 

Instructions: (pc=0x00007f95acb18c95)
0x00007f95acb18b95:   00 00 49 0b d7 48 33 d0 48 83 e2 87 0f 84 ab 00
0x00007f95acb18ba5:   00 00 48 f7 c2 07 00 00 00 75 57 48 f7 c2 00 03
0x00007f95acb18bb5:   00 00 75 1d 48 81 e0 7f 03 00 00 48 8b d0 49 0b
0x00007f95acb18bc5:   d7 f0 48 0f b1 17 0f 85 2d 04 00 00 e9 7c 00 00
0x00007f95acb18bd5:   00 8b 57 08 48 c1 e2 03 49 bc 00 00 00 00 08 00
0x00007f95acb18be5:   00 00 49 03 d4 4d 33 e4 48 8b 92 b8 00 00 00 49
0x00007f95acb18bf5:   0b d7 f0 48 0f b1 17 0f 85 fc 03 00 00 e9 4b 00
0x00007f95acb18c05:   00 00 8b 57 08 48 c1 e2 03 49 bc 00 00 00 00 08
0x00007f95acb18c15:   00 00 00 49 03 d4 4d 33 e4 48 8b 92 b8 00 00 00
0x00007f95acb18c25:   f0 48 0f b1 17 48 8b 07 48 83 c8 01 48 89 03 f0
0x00007f95acb18c35:   48 0f b1 1f 0f 84 13 00 00 00 48 2b c4 48 81 e0
0x00007f95acb18c45:   07 f0 ff ff 48 89 03 0f 85 ac 03 00 00 8b 5e 0c
0x00007f95acb18c55:   48 b8 78 2f 4d 4a 95 7f 00 00 48 83 80 70 01 00
0x00007f95acb18c65:   00 01 0f be 43 0c 83 e0 01 83 f8 00 48 be 78 2f
0x00007f95acb18c75:   4d 4a 95 7f 00 00 48 b8 90 01 00 00 00 00 00 00
0x00007f95acb18c85:   0f 85 0a 00 00 08 48 b8 80 01 00 00 00 08 00 00
0x00007f95acb18c95:   48 8b 14 06 48 85 52 01 48 89 14 06 0f 85 2c 02
0x00007f95acb18ca5:   00 00 48 be 78 2f 4d 4a 95 7f 00 00 48 8b 86 b0
0x00007f95acb18cb5:   01 00 00 01 8b 7b 18 48 3b 06 48 8b de 48 b8 78
0x00007f95acb18cc5:   2f 4d 4a 95 7f 00 00 8b 5b 08 48 c1 e3 03 49 bc
0x00007f95acb18cd5:   00 00 00 00 08 00 00 00 49 03 dc 4d 33 e4 48 3b
0x00007f95acb18ce5:   98 d0 01 00 00 75 0d 48 83 80 d8 01 00 00 01 e9
0x00007f95acb18cf5:   66 00 00 00 48 3b 98 e0 01 00 00 75 0d 48 83 80
0x00007f95acb18d05:   e8 01 00 00 01 e9 50 00 00 00 48 81 b8 d0 01 00
0x00007f95acb18d15:   00 00 00 00 00 75 17 48 89 98 d0 01 00 00 48 c7
0x00007f95acb18d25:   80 d8 01 00 00 01 00 00 00 e9 2c 00 00 00 48 81
0x00007f95acb18d35:   b8 e0 01 00 00 00 00 00 00 75 17 48 89 98 e0 01
0x00007f95acb18d45:   00 00 48 c7 80 e8 01 00 00 01 00 00 00 e9 08 00
0x00007f95acb18d55:   00 00 48 83 80 c0 01 00 00 01 66 0f 1f 44 00 00
0x00007f95acb18d65:   48 b8 ff ff ff ff ff ff ff ff e8 8c 19 1c ff 48
0x00007f95acb18d75:   83 f8 00 75 16 48 be 78 2f 4d 4a 95 7f 00 00 80
0x00007f95acb18d85:   8e f1 01 00 00 01 e9 fc 00 00 00 48 bf 60 1b 26 


Stack slot to memory mapping:
stack at sp + 0 slots: 0x00000000eaf67058 is an oop: jdk.internal.jrtfs.JrtDirectoryStream$1 
{0x00000000eaf67058} - klass: 'jdk/internal/jrtfs/JrtDirectoryStream$1'
stack at sp + 1 slots: 0x00000000eaf67058 is an oop: jdk.internal.jrtfs.JrtDirectoryStream$1 
{0x00000000eaf67058} - klass: 'jdk/internal/jrtfs/JrtDirectoryStream$1'
stack at sp + 2 slots: 0x00007f95a8bae6d0 is pointing into the stack for thread: 0x00007f95681e6000
stack at sp + 3 slots: 0x00007f95a8bae6c0 is pointing into the stack for thread: 0x00007f95681e6000
stack at sp + 4 slots: {method} {0x00007f954aeaa350} 'next' '()Ljava/nio/file/Path;' in 'jdk/internal/jrtfs/JrtDirectoryStream$1'
stack at sp + 5 slots: 0x00000000eaf66ea8 is an oop: jdk.internal.jrtfs.JrtDirectoryStream 
{0x00000000eaf66ea8} - klass: 'jdk/internal/jrtfs/JrtDirectoryStream'
stack at sp + 6 slots: 0x00000000000002ce is an unknown value
stack at sp + 7 slots: 0x00007f95acb18b20 is at entry_point+64 in (nmethod*)0x00007f95acb18910

--------------------------------------------------------------------------------
[Constant Pool (empty)]

--------------------------------------------------------------------------------

[MachCode]
  0x00007f95acb18ae0: 448b 5608 | 49c1 e203 | 49bc 0000 | 0000 0800 | 0000 4d03 | d44d 33e4 | 4c3b d00f | 85ff 211c 
  0x00007f95acb18b00: ff66 6666 | 0f1f 8400 | 0000 0000 | 6666 6690 | 6666 660f | 1f84 0000 | 0000 0066 | 6666 9090 
  0x00007f95acb18b20: 8984 2400 | c0fe ff55 | 4883 ec50 | 48b8 782f | 4d4a 957f | 0000 8bb8 | 2c01 0000 | 83c7 0889 
  0x00007f95acb18b40: b82c 0100 | 0081 e7f8 | 1f00 0083 | ff00 0f84 | 8404 0000 | 8b7e 0c48 | 897c 2428 | 488d 5c24 
  0x00007f95acb18b60: 3848 897b | 0848 8b07 | 488b d048 | 83e2 0748 | 83fa 050f | 85b1 0000 | 008b 5708 | 48c1 e203 
  0x00007f95acb18b80: 49bc 0000 | 0000 0800 | 0000 4903 | d44d 33e4 | 488b 92b8 | 0000 0049 | 0bd7 4833 | d048 83e2 
  0x00007f95acb18ba0: 870f 84ab | 0000 0048 | f7c2 0700 | 0000 7557 | 48f7 c200 | 0300 0075 | 1d48 81e0 | 7f03 0000 
  0x00007f95acb18bc0: 488b d049 | 0bd7 f048 | 0fb1 170f | 852d 0400 | 00e9 7c00 | 0000 8b57 | 0848 c1e2 | 0349 bc00 
  0x00007f95acb18be0: 0000 0008 | 0000 0049 | 03d4 4d33 | e448 8b92 | b800 0000 | 490b d7f0 | 480f b117 | 0f85 fc03 
  0x00007f95acb18c00: 0000 e94b | 0000 008b | 5708 48c1 | e203 49bc | 0000 0000 | 0800 0000 | 4903 d44d | 33e4 488b 
  0x00007f95acb18c20: 92b8 0000 | 00f0 480f | b117 488b | 0748 83c8 | 0148 8903 | f048 0fb1 | 1f0f 8413 | 0000 0048 
  0x00007f95acb18c40: 2bc4 4881 | e007 f0ff | ff48 8903 | 0f85 ac03 | 0000 8b5e | 0c48 b878 | 2f4d 4a95 | 7f00 0048 
  0x00007f95acb18c60: 8380 7001 | 0000 010f | be43 0c83 | e001 83f8 | 0048 be78 | 2f4d 4a95 | 7f00 0048 | b890 0100 
  0x00007f95acb18c80: 0000 0000 | 000f 850a | 0000 0848 | b880 0100 | 0000 0800 | 0048 8b14 | 0648 8552 | 0148 8914 
  0x00007f95acb18ca0: 060f 8d2c | 0200 0048 | be78 2f4d | 4a95 7f00 | 0048 8b86 | b001 0000 | 018b 7b18 | 483b 0648 
  0x00007f95acb18cc0: 8bde 48b8 | 782f 4d4a | 957f 0000 | 8b5b 0848 | c1e3 0349 | bc00 0000 | 0008 0000 | 0049 03dc 
  0x00007f95acb18ce0: 4d33 e448 | 3b98 d001 | 0000 750d | 4883 80d8 | 0100 0001 | e966 0000 | 0048 3b98 | e001 0000 
  0x00007f95acb18d00: 750d 4883 | 80e8 0100 | 0001 e950 | 0000 0048 | 81b8 d001 | 0000 0000 | 0000 7517 | 4889 98d0 
  0x00007f95acb18d20: 0100 0048 | c780 d801 | 0000 0100 | 0000 e92c | 0000 0048 | 81b8 e001 | 0000 0000 | 0000 7517 
  0x00007f95acb18d40: 4889 98e0 | 0100 0048 | c780 e801 | 0000 0100 | 0000 e908 | 0000 0048 | 8380 c001 | 0000 0166 
  0x00007f95acb18d60: 0f1f 4400 | 0048 b8ff | ffff ffff | ffff ffe8 | 8c19 1cff | 4883 f800 | 7516 48be | 782f 4d4a 
  0x00007f95acb18d80: 957f 0000 | 808e f101 | 0000 01e9 | fc00 0000 | 48bf 601b | 2600 0800 | 0000 8b70 | 0848 c1e6 
  0x00007f95acb18da0: 0349 bc00 | 0000 0008 | 0000 0049 | 03f4 4d33 | e448 3b7e | 200f 841b | 0000 0048 | 3bf7 0f84 
  0x00007f95acb18dc0: 1200 0000 | 5657 e835 | e126 ff5e | 5e83 fe00 | 0f84 9a00 | 0000 48be | 782f 4d4a | 957f 0000 
  0x00007f95acb18de0: 8b78 0848 | c1e7 0349 | bc00 0000 | 0008 0000 | 0049 03fc | 4d33 e448 | 3bbe 0802 | 0000 750d 
  0x00007f95acb18e00: 4883 8610 | 0200 0001 | e97f 0000 | 0048 3bbe | 1802 0000 | 750d 4883 | 8620 0200 | 0001 e969 
  0x00007f95acb18e20: 0000 0048 | 81be 0802 | 0000 0000 | 0000 7517 | 4889 be08 | 0200 0048 | c786 1002 | 0000 0100 
  0x00007f95acb18e40: 0000 e945 | 0000 0048 | 81be 1802 | 0000 0000 | 0000 7517 | 4889 be18 | 0200 0048 | c786 2002 
  0x00007f95acb18e60: 0000 0100 | 0000 e921 | 0000 00e9 | 1c00 0000 | 48be 782f | 4d4a 957f | 0000 4883 | aef8 0100 
  0x00007f95acb18e80: 0001 e994 | 0100 00e9 | 0000 0000 | 488b d048 | 8d44 2438 | 488b 7808 | 488b 3748 | 83e6 0748 
  0x00007f95acb18ea0: 83fe 050f | 8417 0000 | 0048 8b30 | 4885 f60f | 840b 0000 | 00f0 480f | b137 0f85 | 6401 0000 
  0x00007f95acb18ec0: 488b c248 | 83c4 505d | 4d8b 9710 | 0100 0041 | 8502 c30f | 1f44 0000 | e969 0100 | 0000 0000 
  0x00007f95acb18ee0: 0000 80ba | 9a01 0000 | 040f 8566 | 0100 0049 | 8b87 2001 | 0000 488d | 7828 493b | bf30 0100 
  0x00007f95acb18f00: 000f 874e | 0100 0049 | 89bf 2001 | 0000 488b | 8ab8 0000 | 0048 8908 | 488b ca49 | bc00 0000 
  0x00007f95acb18f20: 0008 0000 | 0049 2bcc | 48c1 e903 | 4d33 e489 | 4808 4833 | c989 480c | 4833 c948 | 8948 1048 
  0x00007f95acb18f40: 8948 1848 | 8948 2048 | 8bf0 48bf | 782f 4d4a | 957f 0000 | 4883 87a0 | 0100 0001 | 488b f048 
  0x00007f95acb18f60: 8944 2430 | 6666 90e8 | 941a 1cff | 488b 4424 | 3048 ba71 | 8fb1 ac95 | 7f00 00e8 | 80cd 26ff 
  0x00007f95acb18f80: 9049 8b87 | e803 0000 | 4d33 d24d | 8997 e803 | 0000 4d33 | d24d 8997 | f003 0000 | 488b f048 
  0x00007f95acb18fa0: 8d44 2438 | 488b 5808 | 488b 3b48 | 83e7 0748 | 83ff 050f | 8417 0000 | 0048 8b38 | 4885 ff0f 
  0x00007f95acb18fc0: 840b 0000 | 00f0 480f | b13b 0f85 | 9200 0000 | 488b c6e9 | c800 0000 | 49ba 50a3 | ea4a 957f 
  0x00007f95acb18fe0: 0000 4c89 | 5424 0848 | c704 24ff | ffff ffe8 | 0c06 27ff | e95b fbff | ffe8 22b5 | 26ff 4889 
  0x00007f95acb19000: 7c24 0848 | 891c 24e8 | f4e4 26ff | e941 fcff | ffe8 02b5 | 26ff e805 | b526 ff48 | 8904 24e8 
  0x00007f95acb19020: fcd8 26ff | 488d 4424 | 3848 8904 | 24e8 ceea | 26ff e189 | feff ff48 | ba00 0800 | 0000 0000 
  0x00007f95acb19040: 00b8 080f | 050a e835 | f526 ffe9 | 88fe ffff | e8cb bc26 | ff48 8bd2 | e8a3 c826 | ffe9 e5fe 
  0x00007f95acb19060: ffff 488d | 4424 3848 | 8904 2ce8 | 90ea 26ff | e95b ffff | ff90 9049 | 8b87 e803 | 0000 49ba 
  0x00007f95acb19080: 0000 0800 | 0000 0000 | 4d89 97e8 | 0300 0049 | ba00 0800 | 0000 0000 | 004d 8997 | f003 0000 
  0x00007f95acb190a0: 4883 cc50 | 5de9 d6d4 | 1dff f4f4 | f4f4 f4f4 | f4f4 f4f4 | f4f4 f4f4 | f4f4 fcf4 | f4f4 f4f4 
  0x00007f95acb190c0: 0f1f 4400 | 0048 bb00 | 0000 0800 | 0000 00e9 | fbff ffff | 9048 bb00 | 0000 0000 | 0000 00e9 
  0x00007f95acb190e0: fbff ffff | e817 d226 | ff48 b77a | 416c cc95 | 7f00 0048 | 83e4 f0e8 | 9444 6b1f | f449 bafd 
  0x00007f95acb19100: 90b1 a495 | 7f00 0041 | 52e9 9a02 | 1cff f4f4 
[/MachCode]
--------------------------------------------------------------------------------


---------------  P R O C E S S  ---------------

Threads class SMR info:
_java_thread_list=0x00007f95300dd0f0, length=25, elements={
0x00007f95c4017000, 0x00007f95c4136000, 0x00007f95c4138000, 0x00007f95c413f800,
0x00007f95c4141800, 0x00007f95c4143800, 0x00007f95c4145800, 0x00007f95c4147000,
0x00007f95c4170000, 0x00007f95c41c7800, 0x00007f95c42a2000, 0x00007f95c43e3000,
0x00007f95c442c000, 0x00007f95c4430800, 0x00007f956811e000, 0x00007f95681e6000,
0x00007f95681e9000, 0x00007f955800e000, 0x00007f9568482800, 0x00007f95842ed000,
0x00007f95c4523800, 0x00007f95c4764000, 0x00007f9550002000, 0x00007f9558075000,
0x00007f9530011800
}
_to_delete_list=0x00007f9558074cc0, length=24, elements={
0x00007f95c4017000, 0x00007f95c4136000, 0x00007f95c4138000, 0x00007f95c413f800,
0x00007f95c4141800, 0x00007f95c4143800, 0x00007f95c4145800, 0x00007f95c4147000,
0x00007f95c4170000, 0x00007f95c41c7800, 0x00007f95c42a2000, 0x00007f95c43e3000,
0x00007f95c442c000, 0x00007f95c4430800, 0x00007f956811e000, 0x00007f95681e6000,
0x00007f95681e9000, 0x00007f955800e000, 0x00007f9568482800, 0x00007f95842ed000,
0x00007f95c4523800, 0x00007f95c4764000, 0x00007f9550002000, 0x00007f9558075000
}

Java Threads: ( => current thread )
  0x00007f95c4017000 JavaThread "main" [_thread_blocked, id=48141, stack(0x00007f95cb313000,0x00007f95cb414000)]
  0x00007f95c4136000 JavaThread "Reference Handler" daemon [_thread_blocked, id=48144, stack(0x00007f95aac7f000,0x00007f95aad80000)]
  0x00007f95c4138000 JavaThread "Finalizer" daemon [_thread_blocked, id=48145, stack(0x00007f95aab7e000,0x00007f95aac7f000)]
  0x00007f95c413f800 JavaThread "Signal Dispatcher" daemon [_thread_blocked, id=48146, stack(0x00007f95a9ffd000,0x00007f95aa0fe000)]
  0x00007f95c4141800 JavaThread "Service Thread" daemon [_thread_blocked, id=48147, stack(0x00007f95a9efc000,0x00007f95a9ffd000)]
  0x00007f95c4143800 JavaThread "C2 CompilerThread0" daemon [_thread_in_native, id=48148, stack(0x00007f95a9dfb000,0x00007f95a9efc000)]
  0x00007f95c4145800 JavaThread "C1 CompilerThread0" daemon [_thread_blocked, id=48149, stack(0x00007f95a9cfa000,0x00007f95a9dfb000)]
  0x00007f95c4147000 JavaThread "Sweeper thread" daemon [_thread_blocked, id=48150, stack(0x00007f95a9bf9000,0x00007f95a9cfa000)]
  0x00007f95c4170000 JavaThread "Common-Cleaner" daemon [_thread_blocked, id=48151, stack(0x00007f95a9af8000,0x00007f95a9bf9000)]
  0x00007f95c41c7800 JavaThread "Notification Thread" daemon [_thread_blocked, id=48152, stack(0x00007f95a99f7000,0x00007f95a9af8000)]
  0x00007f95c42a2000 JavaThread "process reaper" daemon [_thread_blocked, id=48156, stack(0x00007f95a97cb000,0x00007f95a97ed000)]
  0x00007f95c43e3000 JavaThread "Active Thread: Equinox Container: ff35500d-4242-4234-9b51-3064ac164101" [_thread_blocked, id=48158, stack(0x00007f95a96ca000,0x00007f95a97cb000)]
  0x00007f95c442c000 JavaThread "Framework Event Dispatcher: Equinox Container: ff35500d-4242-4234-9b51-3064ac164101" daemon [_thread_blocked, id=48161, stack(0x00007f95a95c9000,0x00007f95a96ca000)]
  0x00007f95c4430800 JavaThread "Start Level: Equinox Container: ff35500d-4242-4234-9b51-3064ac164101" daemon [_thread_blocked, id=48162, stack(0x00007f95a94c8000,0x00007f95a95c9000)]
  0x00007f956811e000 JavaThread "Worker-JM" [_thread_blocked, id=48174, stack(0x00007f95a97f4000,0x00007f95a98f5000)]
=>0x00007f95681e6000 JavaThread "Worker-0: Initialize Workspace" [_thread_in_Java, id=48177, stack(0x00007f95a8ab0000,0x00007f95a8bb1000)]
  0x00007f95681e9000 JavaThread "Worker-1" [_thread_blocked, id=48178, stack(0x00007f95a89af000,0x00007f95a8ab0000)]
  0x00007f955800e000 JavaThread "Worker-2" [_thread_blocked, id=48179, stack(0x00007f95a84ae000,0x00007f95a85af000)]
  0x00007f9568482800 JavaThread "Java indexing" daemon [_thread_blocked, id=48180, stack(0x00007f95a81ad000,0x00007f95a82ae000)]
  0x00007f95842ed000 JavaThread "C2 CompilerThread1" daemon [_thread_in_native, id=48181, stack(0x00007f95a80ac000,0x00007f95a81ad000)]
  0x00007f95c4523800 JavaThread "pool-2-thread-1" [_thread_blocked, id=48186, stack(0x00007f954b8ff000,0x00007f954ba00000)]
  0x00007f95c4764000 JavaThread "pool-1-thread-1" [_thread_blocked, id=48187, stack(0x00007f954b1de000,0x00007f954b2df000)]
  0x00007f9550002000 JavaThread "Worker-3: Updating Maven Dependencies" [_thread_blocked, id=48188, stack(0x00007f954ac0b000,0x00007f954ad0c000)]
  0x00007f9558075000 JavaThread "Worker-4: Repository registry initialization" [_thread_blocked, id=48189, stack(0x00007f954ab0a000,0x00007f954ac0b000)]
  0x00007f9530011800 JavaThread "Bundle File Closer" daemon [_thread_blocked, id=48193, stack(0x00007f954a7ad000,0x00007f954a8ae000)]

Other Threads:
  0x00007f95c4133000 VMThread "VM Thread" [stack: 0x00007f95aad82000,0x00007f95aae82000] [id=48143]
  0x00007f95c41c9800 WatcherThread [stack: 0x00007f95a98f7000,0x00007f95a99f7000] [id=48153]
  0x00007f95c402e800 GCTaskThread "GC Thread#0" [stack: 0x00007f95c8a73000,0x00007f95c8b73000] [id=48142]
  0x00007f959c005000 GCTaskThread "GC Thread#1" [stack: 0x00007f95a91b7000,0x00007f95a92b7000] [id=48163]
  0x00007f959c006800 GCTaskThread "GC Thread#2" [stack: 0x00007f95a90b5000,0x00007f95a91b5000] [id=48164]
  0x00007f959c007800 GCTaskThread "GC Thread#3" [stack: 0x00007f95a8fb3000,0x00007f95a90b3000] [id=48165]

Threads with active compile tasks:
C2 CompilerThread0     8966 4239       4       java.util.concurrent.ConcurrentHashMap$Traverser::advance (188 bytes)
C1 CompilerThread0     8966 4247       3       java.util.LinkedHashMap::newNode (23 bytes)
C2 CompilerThread1     8967 4230       4       jdk.internal.jimage.BasicImageReader::getString (49 bytes)

VM state:not at safepoint (normal execution)

VM Mutex/Monitor currently owned by a thread:  ([mutex/lock_event])
[0x00007f95c4011310] CodeCache_lock - owner thread: 0x00007f95c4143800
[0x00007f95c4013360] Compile_lock - owner thread: 0x00007f95c4145800
[0x00007f95c4013570] MethodCompileQueue_lock - owner thread: 0x00007f95c4145800

Heap address: 0x00000000c0000000, size: 1024 MB, Compressed Oops mode: 32-bit
Narrow klass base: 0x0000000800000000, Narrow klass shift: 3
Compressed class space size: 1073741824 Address: 0x0000000800b18000

Heap:
 PSYoungGen      total 27136K, used 9153K [0x00000000eab00000, 0x00000000ecb80000, 0x0000000100000000)
  eden space 23040K, 22% used [0x00000000eab00000,0x00000000eaff7f18,0x00000000ec180000)
  from space 4096K, 99% used [0x00000000ec580000,0x00000000ec9784f0,0x00000000ec980000)
  to   space 2048K, 0% used [0x00000000ec980000,0x00000000ec980000,0x00000000ecb80000)
 ParOldGen       total 68608K, used 16375K [0x00000000c0000000, 0x00000000c4300000, 0x00000000eab00000)
  object space 68608K, 23% used [0x00000000c0000000,0x00000000c0ffdfe8,0x00000000c4300000)
 Metaspace       used 40267K, capacity 42463K, committed 42840K, reserved 1087488K
  class space    used 4369K, capacity 5176K, committed 5248K, reserved 1048576K

Card table byte_map: [0x00007f95caedd000,0x00007f95cb0de000] _byte_map_base: 0x00007f95ca8dd000

Marking Bits: (ParMarkBitMap*) 0x00007f95cca35ba0
 Begin Bits: [0x00007f95c8d87000, 0x00007f95c9d87000)
 End Bits:   [0x00007f95c9d87000, 0x00007f95cad87000)

Polling page: 0x00007f95ccca6000

Metaspace:

Usage:
  Non-class:     36.41 MB capacity,    35.06 MB ( 96%) used,     1.29 MB (  4%) free+waste,    69.94 KB ( <1%) overhead. 
      Class:      5.05 MB capacity,     4.27 MB ( 84%) used,   771.70 KB ( 15%) free+waste,    34.38 KB ( <1%) overhead. 
       Both:     41.47 MB capacity,    39.32 MB ( 95%) used,     2.04 MB (  5%) free+waste,   104.31 KB ( <1%) overhead. 

Virtual space:
  Non-class space:       38.00 MB reserved,      36.71 MB ( 97%) committed 
      Class space:        1.00 GB reserved,       5.12 MB ( <1%) committed 
             Both:        1.04 GB reserved,      41.84 MB (  4%) committed 

Chunk freelists:
   Non-Class:  73.00 KB
       Class:  8.00 KB
        Both:  81.00 KB

MaxMetaspaceSize: unlimited
CompressedClassSpaceSize: 1.00 GB

CodeHeap 'non-profiled nmethods': size=120032Kb used=1832Kb max_used=1832Kb free=118199Kb
 bounds [0x00007f95b3758000, 0x00007f95b39c8000, 0x00007f95bac90000]
CodeHeap 'profiled nmethods': size=120028Kb used=9249Kb max_used=9249Kb free=110778Kb
 bounds [0x00007f95ac221000, 0x00007f95acb31000, 0x00007f95b3758000]
CodeHeap 'non-nmethods': size=5700Kb used=1292Kb max_used=1388Kb free=4407Kb
 bounds [0x00007f95abc90000, 0x00007f95abf00000, 0x00007f95ac221000]
 total_blobs=5743 nmethods=4225 adapters=498
 compilation: enabled
              stopped_count=0, restarted_count=0
 full_count=0

Compilation events (20 events):
Event: 8.847 Thread 0x00007f95c4145800 4225       3       java.nio.ByteBufferAsIntBufferL::get (31 bytes)
Event: 8.848 Thread 0x00007f95c4145800 nmethod 4225 0x00007f95acb10290 code [0x00007f95acb10460, 0x00007f95acb108c0]
Event: 8.848 Thread 0x00007f95c4145800 4218  s    3       jdk.internal.jimage.ImageReader$SharedImageReader::buildRootDirectory (71 bytes)
Event: 8.851 Thread 0x00007f95c4145800 nmethod 4218 0x00007f95acb10b10 code [0x00007f95acb10ec0, 0x00007f95acb12b30]
Event: 8.851 Thread 0x00007f95c4145800 4231       3       org.eclipse.jdt.internal.core.util.HashtableOfArrayToObject::hashCode (35 bytes)
Event: 8.852 Thread 0x00007f95c4145800 nmethod 4231 0x00007f95acb13590 code [0x00007f95acb13740, 0x00007f95acb13ac0]
Event: 8.852 Thread 0x00007f95c4145800 4219  s    3       jdk.internal.jimage.ImageReader$SharedImageReader::findNode (36 bytes)
Event: 8.853 Thread 0x00007f95c4145800 nmethod 4219 0x00007f95acb13c90 code [0x00007f95acb13e60, 0x00007f95acb144b0]
Event: 8.853 Thread 0x00007f95c4145800 4217       3       jdk.internal.jrtfs.JrtPath::getFileSystem (5 bytes)
Event: 8.853 Thread 0x00007f95c4145800 nmethod 4217 0x00007f95acb14610 code [0x00007f95acb147a0, 0x00007f95acb148d0]
Event: 8.853 Thread 0x00007f95c4145800 4228       3       java.util.Spliterators$1Adapter::hasNext (23 bytes)
Event: 8.854 Thread 0x00007f95c4145800 nmethod 4228 0x00007f95acb14990 code [0x00007f95acb14b20, 0x00007f95acb14d60]
Event: 8.854 Thread 0x00007f95c4145800 4227       3       jdk.internal.jrtfs.JrtPath::checkPath (47 bytes)
Event: 8.856 Thread 0x00007f95c4145800 nmethod 4227 0x00007f95acb14e10 code [0x00007f95acb150a0, 0x00007f95acb15e90]
Event: 8.856 Thread 0x00007f95c4145800 4208       3       jdk.internal.jrtfs.JrtPath::getResolved (50 bytes)
Event: 8.857 Thread 0x00007f95c4145800 nmethod 4208 0x00007f95acb16310 code [0x00007f95acb16540, 0x00007f95acb16d90]
Event: 8.857 Thread 0x00007f95c4145800 4209   !   3       java.nio.file.FileTreeWalker::getAttributes (94 bytes)
Event: 8.859 Thread 0x00007f95c4145800 nmethod 4209 0x00007f95acb17110 code [0x00007f95acb173a0, 0x00007f95acb18470]
Event: 8.859 Thread 0x00007f95c4145800 4205   !   3       jdk.internal.jrtfs.JrtDirectoryStream$1::next (48 bytes)
Event: 8.860 Thread 0x00007f95c4145800 nmethod 4205 0x00007f95acb18910 code [0x00007f95acb18ae0, 0x00007f95acb19110]

GC Heap History (20 events):
Event: 3.074 GC heap before
{Heap before GC invocations=2 (full 0):
 PSYoungGen      total 29696K, used 29686K [0x00000000eab00000, 0x00000000ecc00000, 0x0000000100000000)
  eden space 25600K, 100% used [0x00000000eab00000,0x00000000ec400000,0x00000000ec400000)
  from space 4096K, 99% used [0x00000000ec400000,0x00000000ec7fdbb8,0x00000000ec800000)
  to   space 4096K, 0% used [0x00000000ec800000,0x00000000ec800000,0x00000000ecc00000)
 ParOldGen       total 68608K, used 312K [0x00000000c0000000, 0x00000000c4300000, 0x00000000eab00000)
  object space 68608K, 0% used [0x00000000c0000000,0x00000000c004e000,0x00000000c4300000)
 Metaspace       used 18039K, capacity 19001K, committed 19456K, reserved 1067008K
  class space    used 1660K, capacity 2012K, committed 2048K, reserved 1048576K
}
Event: 3.088 GC heap after
{Heap after GC invocations=2 (full 0):
 PSYoungGen      total 29696K, used 4082K [0x00000000eab00000, 0x00000000ecc00000, 0x0000000100000000)
  eden space 25600K, 0% used [0x00000000eab00000,0x00000000eab00000,0x00000000ec400000)
  from space 4096K, 99% used [0x00000000ec800000,0x00000000ecbfc830,0x00000000ecc00000)
  to   space 4096K, 0% used [0x00000000ec400000,0x00000000ec400000,0x00000000ec800000)
 ParOldGen       total 68608K, used 3054K [0x00000000c0000000, 0x00000000c4300000, 0x00000000eab00000)
  object space 68608K, 4% used [0x00000000c0000000,0x00000000c02fb978,0x00000000c4300000)
 Metaspace       used 18039K, capacity 19001K, committed 19456K, reserved 1067008K
  class space    used 1660K, capacity 2012K, committed 2048K, reserved 1048576K
}
Event: 3.489 GC heap before
{Heap before GC invocations=3 (full 0):
 PSYoungGen      total 29696K, used 18398K [0x00000000eab00000, 0x00000000ecc00000, 0x0000000100000000)
  eden space 25600K, 55% used [0x00000000eab00000,0x00000000eb8fb178,0x00000000ec400000)
  from space 4096K, 99% used [0x00000000ec800000,0x00000000ecbfc830,0x00000000ecc00000)
  to   space 4096K, 0% used [0x00000000ec400000,0x00000000ec400000,0x00000000ec800000)
 ParOldGen       total 68608K, used 3054K [0x00000000c0000000, 0x00000000c4300000, 0x00000000eab00000)
  object space 68608K, 4% used [0x00000000c0000000,0x00000000c02fb978,0x00000000c4300000)
 Metaspace       used 20091K, capacity 21080K, committed 21248K, reserved 1069056K
  class space    used 1879K, capacity 2287K, committed 2304K, reserved 1048576K
}
Event: 3.498 GC heap after
{Heap after GC invocations=3 (full 0):
 PSYoungGen      total 29696K, used 4083K [0x00000000eab00000, 0x00000000ecc00000, 0x0000000100000000)
  eden space 25600K, 0% used [0x00000000eab00000,0x00000000eab00000,0x00000000ec400000)
  from space 4096K, 99% used [0x00000000ec400000,0x00000000ec7fcda0,0x00000000ec800000)
  to   space 4096K, 0% used [0x00000000ec800000,0x00000000ec800000,0x00000000ecc00000)
 ParOldGen       total 68608K, used 4871K [0x00000000c0000000, 0x00000000c4300000, 0x00000000eab00000)
  object space 68608K, 7% used [0x00000000c0000000,0x00000000c04c1c38,0x00000000c4300000)
 Metaspace       used 20091K, capacity 21080K, committed 21248K, reserved 1069056K
  class space    used 1879K, capacity 2287K, committed 2304K, reserved 1048576K
}
Event: 3.498 GC heap before
{Heap before GC invocations=4 (full 1):
 PSYoungGen      total 29696K, used 4083K [0x00000000eab00000, 0x00000000ecc00000, 0x0000000100000000)
  eden space 25600K, 0% used [0x00000000eab00000,0x00000000eab00000,0x00000000ec400000)
  from space 4096K, 99% used [0x00000000ec400000,0x00000000ec7fcda0,0x00000000ec800000)
  to   space 4096K, 0% used [0x00000000ec800000,0x00000000ec800000,0x00000000ecc00000)
 ParOldGen       total 68608K, used 4871K [0x00000000c0000000, 0x00000000c4300000, 0x00000000eab00000)
  object space 68608K, 7% used [0x00000000c0000000,0x00000000c04c1c38,0x00000000c4300000)
 Metaspace       used 20091K, capacity 21080K, committed 21248K, reserved 1069056K
  class space    used 1879K, capacity 2287K, committed 2304K, reserved 1048576K
}
Event: 3.554 GC heap after
{Heap after GC invocations=4 (full 1):
 PSYoungGen      total 29696K, used 0K [0x00000000eab00000, 0x00000000ecc00000, 0x0000000100000000)
  eden space 25600K, 0% used [0x00000000eab00000,0x00000000eab00000,0x00000000ec400000)
  from space 4096K, 0% used [0x00000000ec400000,0x00000000ec400000,0x00000000ec800000)
  to   space 4096K, 0% used [0x00000000ec800000,0x00000000ec800000,0x00000000ecc00000)
 ParOldGen       total 68608K, used 8776K [0x00000000c0000000, 0x00000000c4300000, 0x00000000eab00000)
  object space 68608K, 12% used [0x00000000c0000000,0x00000000c0892028,0x00000000c4300000)
 Metaspace       used 20091K, capacity 21080K, committed 21248K, reserved 1069056K
  class space    used 1879K, capacity 2287K, committed 2304K, reserved 1048576K
}
Event: 4.598 GC heap before
{Heap before GC invocations=5 (full 1):
 PSYoungGen      total 29696K, used 25600K [0x00000000eab00000, 0x00000000ecc00000, 0x0000000100000000)
  eden space 25600K, 100% used [0x00000000eab00000,0x00000000ec400000,0x00000000ec400000)
  from space 4096K, 0% used [0x00000000ec400000,0x00000000ec400000,0x00000000ec800000)
  to   space 4096K, 0% used [0x00000000ec800000,0x00000000ec800000,0x00000000ecc00000)
 ParOldGen       total 68608K, used 8776K [0x00000000c0000000, 0x00000000c4300000, 0x00000000eab00000)
  object space 68608K, 12% used [0x00000000c0000000,0x00000000c0892028,0x00000000c4300000)
 Metaspace       used 24165K, capacity 25363K, committed 25472K, reserved 1071104K
  class space    used 2449K, capacity 2909K, committed 2944K, reserved 1048576K
}
Event: 4.602 GC heap after
{Heap after GC invocations=5 (full 1):
 PSYoungGen      total 29696K, used 1822K [0x00000000eab00000, 0x00000000ecc00000, 0x0000000100000000)
  eden space 25600K, 0% used [0x00000000eab00000,0x00000000eab00000,0x00000000ec400000)
  from space 4096K, 44% used [0x00000000ec800000,0x00000000ec9c7a80,0x00000000ecc00000)
  to   space 4096K, 0% used [0x00000000ec400000,0x00000000ec400000,0x00000000ec800000)
 ParOldGen       total 68608K, used 8784K [0x00000000c0000000, 0x00000000c4300000, 0x00000000eab00000)
  object space 68608K, 12% used [0x00000000c0000000,0x00000000c0894028,0x00000000c4300000)
 Metaspace       used 24165K, capacity 25363K, committed 25472K, reserved 1071104K
  class space    used 2449K, capacity 2909K, committed 2944K, reserved 1048576K
}
Event: 5.544 GC heap before
{Heap before GC invocations=6 (full 1):
 PSYoungGen      total 29696K, used 27422K [0x00000000eab00000, 0x00000000ecc00000, 0x0000000100000000)
  eden space 25600K, 100% used [0x00000000eab00000,0x00000000ec400000,0x00000000ec400000)
  from space 4096K, 44% used [0x00000000ec800000,0x00000000ec9c7a80,0x00000000ecc00000)
  to   space 4096K, 0% used [0x00000000ec400000,0x00000000ec400000,0x00000000ec800000)
 ParOldGen       total 68608K, used 8784K [0x00000000c0000000, 0x00000000c4300000, 0x00000000eab00000)
  object space 68608K, 12% used [0x00000000c0000000,0x00000000c0894028,0x00000000c4300000)
 Metaspace       used 27952K, capacity 29423K, committed 29696K, reserved 1075200K
  class space    used 2958K, capacity 3514K, committed 3584K, reserved 1048576K
}
Event: 5.550 GC heap after
{Heap after GC invocations=6 (full 1):
 PSYoungGen      total 28672K, used 3434K [0x00000000eab00000, 0x00000000ecb80000, 0x0000000100000000)
  eden space 25088K, 0% used [0x00000000eab00000,0x00000000eab00000,0x00000000ec380000)
  from space 3584K, 95% used [0x00000000ec400000,0x00000000ec75ab28,0x00000000ec780000)
  to   space 4096K, 0% used [0x00000000ec780000,0x00000000ec780000,0x00000000ecb80000)
 ParOldGen       total 68608K, used 8792K [0x00000000c0000000, 0x00000000c4300000, 0x00000000eab00000)
  object space 68608K, 12% used [0x00000000c0000000,0x00000000c0896028,0x00000000c4300000)
 Metaspace       used 27952K, capacity 29423K, committed 29696K, reserved 1075200K
  class space    used 2958K, capacity 3514K, committed 3584K, reserved 1048576K
}
Event: 6.452 GC heap before
{Heap before GC invocations=7 (full 1):
 PSYoungGen      total 28672K, used 28522K [0x00000000eab00000, 0x00000000ecb80000, 0x0000000100000000)
  eden space 25088K, 100% used [0x00000000eab00000,0x00000000ec380000,0x00000000ec380000)
  from space 3584K, 95% used [0x00000000ec400000,0x00000000ec75ab28,0x00000000ec780000)
  to   space 4096K, 0% used [0x00000000ec780000,0x00000000ec780000,0x00000000ecb80000)
 ParOldGen       total 68608K, used 8792K [0x00000000c0000000, 0x00000000c4300000, 0x00000000eab00000)
  object space 68608K, 12% used [0x00000000c0000000,0x00000000c0896028,0x00000000c4300000)
 Metaspace       used 30015K, capacity 31388K, committed 31744K, reserved 1077248K
  class space    used 3164K, capacity 3734K, committed 3840K, reserved 1048576K
}
Event: 6.462 GC heap after
{Heap after GC invocations=7 (full 1):
 PSYoungGen      total 28160K, used 4074K [0x00000000eab00000, 0x00000000ecd00000, 0x0000000100000000)
  eden space 24064K, 0% used [0x00000000eab00000,0x00000000eab00000,0x00000000ec280000)
  from space 4096K, 99% used [0x00000000ec780000,0x00000000ecb7ab28,0x00000000ecb80000)
  to   space 5120K, 0% used [0x00000000ec280000,0x00000000ec280000,0x00000000ec780000)
 ParOldGen       total 68608K, used 9354K [0x00000000c0000000, 0x00000000c4300000, 0x00000000eab00000)
  object space 68608K, 13% used [0x00000000c0000000,0x00000000c0922838,0x00000000c4300000)
 Metaspace       used 30015K, capacity 31388K, committed 31744K, reserved 1077248K
  class space    used 3164K, capacity 3734K, committed 3840K, reserved 1048576K
}
Event: 7.026 GC heap before
{Heap before GC invocations=8 (full 1):
 PSYoungGen      total 28160K, used 16228K [0x00000000eab00000, 0x00000000ecd00000, 0x0000000100000000)
  eden space 24064K, 50% used [0x00000000eab00000,0x00000000eb6de6d0,0x00000000ec280000)
  from space 4096K, 99% used [0x00000000ec780000,0x00000000ecb7ab28,0x00000000ecb80000)
  to   space 5120K, 0% used [0x00000000ec280000,0x00000000ec280000,0x00000000ec780000)
 ParOldGen       total 68608K, used 9354K [0x00000000c0000000, 0x00000000c4300000, 0x00000000eab00000)
  object space 68608K, 13% used [0x00000000c0000000,0x00000000c0922838,0x00000000c4300000)
 Metaspace       used 33426K, capacity 35107K, committed 35416K, reserved 1081344K
  class space    used 3570K, capacity 4214K, committed 4224K, reserved 1048576K
}
Event: 7.035 GC heap after
{Heap after GC invocations=8 (full 1):
 PSYoungGen      total 29184K, used 5104K [0x00000000eab00000, 0x00000000ed300000, 0x0000000100000000)
  eden space 24064K, 0% used [0x00000000eab00000,0x00000000eab00000,0x00000000ec280000)
  from space 5120K, 99% used [0x00000000ec280000,0x00000000ec77c038,0x00000000ec780000)
  to   space 8192K, 0% used [0x00000000ecb00000,0x00000000ecb00000,0x00000000ed300000)
 ParOldGen       total 68608K, used 11563K [0x00000000c0000000, 0x00000000c4300000, 0x00000000eab00000)
  object space 68608K, 16% used [0x00000000c0000000,0x00000000c0b4ae98,0x00000000c4300000)
 Metaspace       used 33426K, capacity 35107K, committed 35416K, reserved 1081344K
  class space    used 3570K, capacity 4214K, committed 4224K, reserved 1048576K
}
Event: 7.035 GC heap before
{Heap before GC invocations=9 (full 2):
 PSYoungGen      total 29184K, used 5104K [0x00000000eab00000, 0x00000000ed300000, 0x0000000100000000)
  eden space 24064K, 0% used [0x00000000eab00000,0x00000000eab00000,0x00000000ec280000)
  from space 5120K, 99% used [0x00000000ec280000,0x00000000ec77c038,0x00000000ec780000)
  to   space 8192K, 0% used [0x00000000ecb00000,0x00000000ecb00000,0x00000000ed300000)
 ParOldGen       total 68608K, used 11563K [0x00000000c0000000, 0x00000000c4300000, 0x00000000eab00000)
  object space 68608K, 16% used [0x00000000c0000000,0x00000000c0b4ae98,0x00000000c4300000)
 Metaspace       used 33426K, capacity 35107K, committed 35416K, reserved 1081344K
  class space    used 3570K, capacity 4214K, committed 4224K, reserved 1048576K
}
Event: 7.123 GC heap after
{Heap after GC invocations=9 (full 2):
 PSYoungGen      total 29184K, used 0K [0x00000000eab00000, 0x00000000ed300000, 0x0000000100000000)
  eden space 24064K, 0% used [0x00000000eab00000,0x00000000eab00000,0x00000000ec280000)
  from space 5120K, 0% used [0x00000000ec280000,0x00000000ec280000,0x00000000ec780000)
  to   space 8192K, 0% used [0x00000000ecb00000,0x00000000ecb00000,0x00000000ed300000)
 ParOldGen       total 68608K, used 16359K [0x00000000c0000000, 0x00000000c4300000, 0x00000000eab00000)
  object space 68608K, 23% used [0x00000000c0000000,0x00000000c0ff9fe8,0x00000000c4300000)
 Metaspace       used 33426K, capacity 35107K, committed 35416K, reserved 1081344K
  class space    used 3570K, capacity 4214K, committed 4224K, reserved 1048576K
}
Event: 7.909 GC heap before
{Heap before GC invocations=10 (full 2):
 PSYoungGen      total 29184K, used 24064K [0x00000000eab00000, 0x00000000ed300000, 0x0000000100000000)
  eden space 24064K, 100% used [0x00000000eab00000,0x00000000ec280000,0x00000000ec280000)
  from space 5120K, 0% used [0x00000000ec280000,0x00000000ec280000,0x00000000ec780000)
  to   space 8192K, 0% used [0x00000000ecb00000,0x00000000ecb00000,0x00000000ed300000)
 ParOldGen       total 68608K, used 16359K [0x00000000c0000000, 0x00000000c4300000, 0x00000000eab00000)
  object space 68608K, 23% used [0x00000000c0000000,0x00000000c0ff9fe8,0x00000000c4300000)
 Metaspace       used 37285K, capacity 39341K, committed 39640K, reserved 1083392K
  class space    used 4046K, capacity 4843K, committed 4864K, reserved 1048576K
}
Event: 7.915 GC heap after
{Heap after GC invocations=10 (full 2):
 PSYoungGen      total 26112K, used 2085K [0x00000000eab00000, 0x00000000ecd80000, 0x0000000100000000)
  eden space 23552K, 0% used [0x00000000eab00000,0x00000000eab00000,0x00000000ec200000)
  from space 2560K, 81% used [0x00000000ecb00000,0x00000000ecd09518,0x00000000ecd80000)
  to   space 4096K, 0% used [0x00000000ec580000,0x00000000ec580000,0x00000000ec980000)
 ParOldGen       total 68608K, used 16367K [0x00000000c0000000, 0x00000000c4300000, 0x00000000eab00000)
  object space 68608K, 23% used [0x00000000c0000000,0x00000000c0ffbfe8,0x00000000c4300000)
 Metaspace       used 37285K, capacity 39341K, committed 39640K, reserved 1083392K
  class space    used 4046K, capacity 4843K, committed 4864K, reserved 1048576K
}
Event: 8.799 GC heap before
{Heap before GC invocations=11 (full 2):
 PSYoungGen      total 26112K, used 25637K [0x00000000eab00000, 0x00000000ecd80000, 0x0000000100000000)
  eden space 23552K, 100% used [0x00000000eab00000,0x00000000ec200000,0x00000000ec200000)
  from space 2560K, 81% used [0x00000000ecb00000,0x00000000ecd09518,0x00000000ecd80000)
  to   space 4096K, 0% used [0x00000000ec580000,0x00000000ec580000,0x00000000ec980000)
 ParOldGen       total 68608K, used 16367K [0x00000000c0000000, 0x00000000c4300000, 0x00000000eab00000)
  object space 68608K, 23% used [0x00000000c0000000,0x00000000c0ffbfe8,0x00000000c4300000)
 Metaspace       used 40234K, capacity 42394K, committed 42584K, reserved 1087488K
  class space    used 4367K, capacity 5174K, committed 5248K, reserved 1048576K
}
Event: 8.810 GC heap after
{Heap after GC invocations=11 (full 2):
 PSYoungGen      total 27136K, used 4065K [0x00000000eab00000, 0x00000000ecb80000, 0x0000000100000000)
  eden space 23040K, 0% used [0x00000000eab00000,0x00000000eab00000,0x00000000ec180000)
  from space 4096K, 99% used [0x00000000ec580000,0x00000000ec9784f0,0x00000000ec980000)
  to   space 2048K, 0% used [0x00000000ec980000,0x00000000ec980000,0x00000000ecb80000)
 ParOldGen       total 68608K, used 16375K [0x00000000c0000000, 0x00000000c4300000, 0x00000000eab00000)
  object space 68608K, 23% used [0x00000000c0000000,0x00000000c0ffdfe8,0x00000000c4300000)
 Metaspace       used 40234K, capacity 42394K, committed 42584K, reserved 1087488K
  class space    used 4367K, capacity 5174K, committed 5248K, reserved 1048576K
}

Deoptimization events (20 events):
Event: 8.785 Thread 0x00007f95681e6000 DEOPT PACKING pc=0x00007f95acaf93d8 sp=0x00007f95a8bae3b0
Event: 8.785 Thread 0x00007f95681e6000 DEOPT UNPACKING pc=0x00007f95abcd962c sp=0x00007f95a8bad8d8 mode 0
Event: 8.788 Thread 0x00007f95681e6000 DEOPT PACKING pc=0x00007f95acaf7434 sp=0x00007f95a8bae5f0
Event: 8.788 Thread 0x00007f95681e6000 DEOPT UNPACKING pc=0x00007f95abcd962c sp=0x00007f95a8badb38 mode 0
Event: 8.790 Thread 0x00007f95681e6000 DEOPT PACKING pc=0x00007f95aca971d0 sp=0x00007f95a8baded0
Event: 8.790 Thread 0x00007f95681e6000 DEOPT UNPACKING pc=0x00007f95abcd962c sp=0x00007f95a8bad428 mode 0
Event: 8.793 Thread 0x00007f95681e6000 DEOPT PACKING pc=0x00007f95acaf93d8 sp=0x00007f95a8bae3b0
Event: 8.793 Thread 0x00007f95681e6000 DEOPT UNPACKING pc=0x00007f95abcd962c sp=0x00007f95a8bad8d8 mode 0
Event: 8.814 Thread 0x00007f95681e6000 DEOPT PACKING pc=0x00007f95acaf93d8 sp=0x00007f95a8bae3b0
Event: 8.814 Thread 0x00007f95681e6000 DEOPT UNPACKING pc=0x00007f95abcd962c sp=0x00007f95a8bad8d8 mode 0
Event: 8.826 Thread 0x00007f95681e6000 DEOPT PACKING pc=0x00007f95acaf7434 sp=0x00007f95a8bae610
Event: 8.826 Thread 0x00007f95681e6000 DEOPT UNPACKING pc=0x00007f95abcd962c sp=0x00007f95a8badb58 mode 0
Event: 8.833 Thread 0x00007f9558075000 Uncommon trap: trap_request=0xffffff45 fr.pc=0x00007f95b38a0010 relative=0x0000000000000370
Event: 8.833 Thread 0x00007f9558075000 Uncommon trap: reason=unstable_if action=reinterpret pc=0x00007f95b38a0010 method=java.lang.ThreadLocal$ThreadLocalMap.set(Ljava/lang/ThreadLocal;Ljava/lang/Object;)V @ 119 c2
Event: 8.833 Thread 0x00007f9558075000 DEOPT PACKING pc=0x00007f95b38a0010 sp=0x00007f954ac08b50
Event: 8.833 Thread 0x00007f9558075000 DEOPT UNPACKING pc=0x00007f95abcd9120 sp=0x00007f954ac08b08 mode 2
Event: 8.836 Thread 0x00007f95681e6000 DEOPT PACKING pc=0x00007f95aca88478 sp=0x00007f95a8bae0b0
Event: 8.836 Thread 0x00007f95681e6000 DEOPT UNPACKING pc=0x00007f95abcd962c sp=0x00007f95a8bad5d0 mode 0
Event: 8.845 Thread 0x00007f95681e6000 DEOPT PACKING pc=0x00007f95acaf93d8 sp=0x00007f95a8bae3b0
Event: 8.845 Thread 0x00007f95681e6000 DEOPT UNPACKING pc=0x00007f95abcd962c sp=0x00007f95a8bad8d8 mode 0

Classes unloaded (0 events):
No events

Classes redefined (0 events):
No events

Internal exceptions (20 events):
Event: 3.187 Thread 0x00007f95c4430800 Exception <a 'java/lang/ClassNotFoundException'{0x00000000eb297b98}: com/sun/org/apache/xerces/internal/impl/msg/spi/XMLMessagesProvider> (0x00000000eb297b98) 
thrown [src/hotspot/share/classfile/systemDictionary.cpp, line 226]
Event: 3.249 Thread 0x00007f95c4430800 Exception <a 'java/io/FileNotFoundException'{0x00000000eb3cdf00}> (0x00000000eb3cdf00) 
thrown [src/hotspot/share/prims/jni.cpp, line 599]
Event: 3.305 Thread 0x00007f95c4430800 Exception <a 'java/lang/ClassNotFoundException'{0x00000000eb44f8d8}: com/sun/org/apache/xml/internal/serializer/spi/XMLEntitiesProvider> (0x00000000eb44f8d8) 
thrown [src/hotspot/share/classfile/systemDictionary.cpp, line 226]
Event: 3.588 Thread 0x00007f95c4430800 Exception <a 'java/io/FileNotFoundException'{0x00000000eab8f768}> (0x00000000eab8f768) 
thrown [src/hotspot/share/prims/jni.cpp, line 599]
Event: 3.699 Thread 0x00007f95c4430800 Exception <a 'java/lang/NoClassDefFoundError'{0x00000000eadcc358}: org/slf4j/impl/StaticLoggerBinder> (0x00000000eadcc358) 
thrown [src/hotspot/share/classfile/systemDictionary.cpp, line 215]
Event: 6.189 Thread 0x00007f95c4430800 Exception <a 'java/lang/NoClassDefFoundError'{0x00000000ec0c66d8}: com/google/inject/servlet/ServletModuleTargetVisitor> (0x00000000ec0c66d8) 
thrown [src/hotspot/share/classfile/systemDictionary.cpp, line 215]
Event: 6.190 Thread 0x00007f95c4430800 Exception <a 'java/lang/NoClassDefFoundError'{0x00000000ec0cb070}: javax/annotation/Priority> (0x00000000ec0cb070) 
thrown [src/hotspot/share/classfile/systemDictionary.cpp, line 215]
Event: 6.880 Thread 0x00007f95c4017000 Exception <a 'java/lang/NoSuchMethodError'{0x00000000eb445598}: 'void java.lang.invoke.DirectMethodHandle$Holder.invokeStatic(java.lang.Object, java.lang.Object, java.lang.Object, java.lang.Object)'> (0x00000000eb445598) 
thrown [src/hotspot/share/interpreter/linkResolver.cpp, line 765]
Event: 7.283 Thread 0x00007f95c4017000 Exception <a 'java/lang/NoSuchMethodError'{0x00000000ead5cdc0}: 'void java.lang.invoke.DirectMethodHandle$Holder.invokeStaticInit(java.lang.Object, java.lang.Object, java.lang.Object)'> (0x00000000ead5cdc0) 
thrown [src/hotspot/share/interpreter/linkResolver.cpp, line 765]
Event: 7.416 Thread 0x00007f95c4764000 Exception <a 'java/io/FileNotFoundException'{0x00000000eaecaba0}> (0x00000000eaecaba0) 
thrown [src/hotspot/share/prims/jni.cpp, line 599]
Event: 7.465 Thread 0x00007f95c4764000 Exception <a 'sun/nio/fs/UnixException'{0x00000000eb0cd7c0}> (0x00000000eb0cd7c0) 
thrown [src/hotspot/share/prims/jni.cpp, line 599]
Event: 7.507 Thread 0x00007f95c4764000 Exception <a 'java/lang/NoSuchMethodError'{0x00000000eb165fa0}: 'void java.lang.invoke.DirectMethodHandle$Holder.invokeStatic(java.lang.Object, java.lang.Object, java.lang.Object, java.lang.Object, java.lang.Object, java.lang.Object)'> (0x00000000eb165fa0) 
thrown [src/hotspot/share/interpreter/linkResolver.cpp, line 765]
Event: 7.580 Thread 0x00007f95681e6000 Exception <a 'java/io/FileNotFoundException'{0x00000000eb2b65d0}> (0x00000000eb2b65d0) 
thrown [src/hotspot/share/prims/jni.cpp, line 599]
Event: 7.598 Thread 0x00007f95681e6000 Exception <a 'java/io/FileNotFoundException'{0x00000000eb2e8e00}> (0x00000000eb2e8e00) 
thrown [src/hotspot/share/prims/jni.cpp, line 599]
Event: 7.614 Thread 0x00007f95681e6000 Exception <a 'java/io/FileNotFoundException'{0x00000000eb320f28}> (0x00000000eb320f28) 
thrown [src/hotspot/share/prims/jni.cpp, line 599]
Event: 7.881 Thread 0x00007f95681e6000 Exception <a 'java/lang/NoSuchMethodError'{0x00000000ec17ddc8}: 'java.lang.Object java.lang.invoke.Invokers$Holder.invoke_MT(java.lang.Object, java.lang.Object, java.lang.Object)'> (0x00000000ec17ddc8) 
thrown [src/hotspot/share/interpreter/linkResolver.cpp, line 765]
Event: 8.306 Thread 0x00007f9530011800 Implicit null exception at 0x00007f95b38a061b to 0x00007f95b38a09dc
Event: 8.361 Thread 0x00007f9558075000 Exception <a 'java/io/FileNotFoundException'{0x00000000eb3ba830}> (0x00000000eb3ba830) 
thrown [src/hotspot/share/prims/jni.cpp, line 599]
Event: 8.363 Thread 0x00007f9550002000 Implicit null exception at 0x00007f95b3808172 to 0x00007f95b38091e0
Event: 8.860 Thread 0x00007f95681e6000 Implicit null exception at 0x00007f95acb18c95 to 0x0000000000000000

Events (20 events):
Event: 8.609 loading class java/util/regex/Pattern$GroupCurly
Event: 8.609 loading class java/util/regex/Pattern$GroupCurly done
Event: 8.622 Executing VM operation: HandshakeAllThreads
Event: 8.623 Executing VM operation: HandshakeAllThreads done
Event: 8.660 loading class java/lang/StrictMath
Event: 8.661 loading class java/lang/StrictMath done
Event: 8.693 Executing VM operation: HandshakeAllThreads
Event: 8.693 Executing VM operation: HandshakeAllThreads done
Event: 8.712 loading class java/nio/channels/Channels
Event: 8.712 loading class java/nio/channels/Channels done
Event: 8.712 loading class java/nio/channels/Channels$ReadableByteChannelImpl
Event: 8.712 loading class java/nio/channels/Channels$ReadableByteChannelImpl done
Event: 8.713 loading class java/nio/channels/NonWritableChannelException
Event: 8.713 loading class java/nio/channels/NonWritableChannelException done
Event: 8.713 loading class sun/nio/ch/ChannelInputStream
Event: 8.713 loading class sun/nio/ch/ChannelInputStream done
Event: 8.713 loading class java/nio/channels/SelectableChannel
Event: 8.714 loading class java/nio/channels/SelectableChannel done
Event: 8.798 Executing VM operation: ParallelGCFailedAllocation
Event: 8.810 Executing VM operation: ParallelGCFailedAllocation done


Dynamic libraries:
c0000000-c4300000 rw-p 00000000 00:00 0 
c4300000-eab00000 ---p 00000000 00:00 0 
eab00000-ecb80000 rw-p 00000000 00:00 0 
ecb80000-100000000 ---p 00000000 00:00 0 
800000000-800003000 rwxp 00001000 08:12 55837995                         /usr/lib/jvm/java-14-openjdk-amd64/lib/server/classes.jsa
800003000-8003e7000 rw-p 00004000 08:12 55837995                         /usr/lib/jvm/java-14-openjdk-amd64/lib/server/classes.jsa
8003e7000-800b17000 r--p 003e8000 08:12 55837995                         /usr/lib/jvm/java-14-openjdk-amd64/lib/server/classes.jsa
800b17000-800b18000 rw-p 00b18000 08:12 55837995                         /usr/lib/jvm/java-14-openjdk-amd64/lib/server/classes.jsa
800b18000-801038000 rw-p 00000000 00:00 0 
801038000-840b18000 ---p 00000000 00:00 0 
559ce8234000-559ce8235000 r--p 00000000 08:12 54920498                   /usr/lib/jvm/java-14-openjdk-amd64/bin/java
559ce8235000-559ce8236000 r-xp 00001000 08:12 54920498                   /usr/lib/jvm/java-14-openjdk-amd64/bin/java
559ce8236000-559ce8237000 r--p 00002000 08:12 54920498                   /usr/lib/jvm/java-14-openjdk-amd64/bin/java
559ce8237000-559ce8238000 r--p 00002000 08:12 54920498                   /usr/lib/jvm/java-14-openjdk-amd64/bin/java
559ce8238000-559ce8239000 rw-p 00003000 08:12 54920498                   /usr/lib/jvm/java-14-openjdk-amd64/bin/java
559ce9e28000-559ce9e49000 rw-p 00000000 00:00 0                          [heap]
7f9520000000-7f9520021000 rw-p 00000000 00:00 0 
7f9520021000-7f9524000000 ---p 00000000 00:00 0 
7f9526c90000-7f9530000000 r--s 00000000 08:12 55446382                   /usr/lib/jvm/java-14-openjdk-amd64/lib/modules
7f9530000000-7f95301bb000 rw-p 00000000 00:00 0 
7f95301bb000-7f9534000000 ---p 00000000 00:00 0 
7f9534000000-7f953415a000 rw-p 00000000 00:00 0 
7f953415a000-7f9538000000 ---p 00000000 00:00 0 
7f9538000000-7f9538021000 rw-p 00000000 00:00 0 
7f9538021000-7f953c000000 ---p 00000000 00:00 0 
7f953c000000-7f953c03b000 rw-p 00000000 00:00 0 
7f953c03b000-7f9540000000 ---p 00000000 00:00 0 
7f9540000000-7f954137e000 rw-p 00000000 00:00 0 
7f954137e000-7f9544000000 ---p 00000000 00:00 0 
7f9544000000-7f9544021000 rw-p 00000000 00:00 0 
7f9544021000-7f9548000000 ---p 00000000 00:00 0 
7f954a490000-7f954a690000 rw-p 00000000 00:00 0 
7f954a7ad000-7f954a7b1000 ---p 00000000 00:00 0 
7f954a7b1000-7f954a8ae000 rw-p 00000000 00:00 0 
7f954a90a000-7f954a9ca000 rw-p 00000000 00:00 0 
7f954a9ca000-7f954ab0a000 ---p 00000000 00:00 0 
7f954ab0a000-7f954ab0e000 ---p 00000000 00:00 0 
7f954ab0e000-7f954ac0b000 rw-p 00000000 00:00 0 
7f954ac0b000-7f954ac0f000 ---p 00000000 00:00 0 
7f954ac0f000-7f954af0c000 rw-p 00000000 00:00 0 
7f954af0c000-7f954b102000 rw-p 00000000 00:00 0 
7f954b102000-7f954b10c000 ---p 00000000 00:00 0 
7f954b1de000-7f954b1e2000 ---p 00000000 00:00 0 
7f954b1e2000-7f954b4df000 rw-p 00000000 00:00 0 
7f954b4df000-7f954b6df000 rw-p 00000000 00:00 0 
7f954b6df000-7f954b8df000 rw-p 00000000 00:00 0 
7f954b8ff000-7f954b903000 ---p 00000000 00:00 0 
7f954b903000-7f954bc00000 rw-p 00000000 00:00 0 
7f954bc00000-7f954be00000 rw-p 00000000 00:00 0 
7f954be00000-7f954c000000 rw-p 00000000 00:00 0 
7f954c000000-7f954c044000 rw-p 00000000 00:00 0 
7f954c044000-7f9550000000 ---p 00000000 00:00 0 
7f9550000000-7f9550021000 rw-p 00000000 00:00 0 
7f9550021000-7f9554000000 ---p 00000000 00:00 0 
7f9554000000-7f9554021000 rw-p 00000000 00:00 0 
7f9554021000-7f9558000000 ---p 00000000 00:00 0 
7f9558000000-7f955811e000 rw-p 00000000 00:00 0 
7f955811e000-7f955c000000 ---p 00000000 00:00 0 
7f955c000000-7f955c021000 rw-p 00000000 00:00 0 
7f955c021000-7f9560000000 ---p 00000000 00:00 0 
7f9560000000-7f9560021000 rw-p 00000000 00:00 0 
7f9560021000-7f9564000000 ---p 00000000 00:00 0 
7f9564000000-7f9564021000 rw-p 00000000 00:00 0 
7f9564021000-7f9568000000 ---p 00000000 00:00 0 
7f9568000000-7f9568d8b000 rw-p 00000000 00:00 0 
7f9568d8b000-7f956c000000 ---p 00000000 00:00 0 
7f956c000000-7f956c021000 rw-p 00000000 00:00 0 
7f956c021000-7f9570000000 ---p 00000000 00:00 0 
7f9570000000-7f9570021000 rw-p 00000000 00:00 0 
7f9570021000-7f9574000000 ---p 00000000 00:00 0 
7f9574000000-7f9574021000 rw-p 00000000 00:00 0 
7f9574021000-7f9578000000 ---p 00000000 00:00 0 
7f9578000000-7f957823a000 rw-p 00000000 00:00 0 
7f957823a000-7f957c000000 ---p 00000000 00:00 0 
7f957c000000-7f957c021000 rw-p 00000000 00:00 0 
7f957c021000-7f9580000000 ---p 00000000 00:00 0 
7f9580000000-7f9580021000 rw-p 00000000 00:00 0 
7f9580021000-7f9584000000 ---p 00000000 00:00 0 
7f9584000000-7f9584d93000 rw-p 00000000 00:00 0 
7f9584d93000-7f9588000000 ---p 00000000 00:00 0 
7f9588000000-7f9588021000 rw-p 00000000 00:00 0 
7f9588021000-7f958c000000 ---p 00000000 00:00 0 
7f958c000000-7f958c021000 rw-p 00000000 00:00 0 
7f958c021000-7f9590000000 ---p 00000000 00:00 0 
7f9590000000-7f95918ec000 rw-p 00000000 00:00 0 
7f95918ec000-7f9594000000 ---p 00000000 00:00 0 
7f9594000000-7f9594021000 rw-p 00000000 00:00 0 
7f9594021000-7f9598000000 ---p 00000000 00:00 0 
7f9598000000-7f9598021000 rw-p 00000000 00:00 0 
7f9598021000-7f959c000000 ---p 00000000 00:00 0 
7f959c000000-7f959c3a3000 rw-p 00000000 00:00 0 
7f959c3a3000-7f95a0000000 ---p 00000000 00:00 0 
7f95a0000000-7f95a0021000 rw-p 00000000 00:00 0 
7f95a0021000-7f95a4000000 ---p 00000000 00:00 0 
7f95a4000000-7f95a4021000 rw-p 00000000 00:00 0 
7f95a4021000-7f95a8000000 ---p 00000000 00:00 0 
7f95a809c000-7f95a80a0000 r--p 00000000 08:12 55446380                   /usr/lib/jvm/java-14-openjdk-amd64/lib/libverify.so
7f95a80a0000-7f95a80a7000 r-xp 00004000 08:12 55446380                   /usr/lib/jvm/java-14-openjdk-amd64/lib/libverify.so
7f95a80a7000-7f95a80a9000 r--p 0000b000 08:12 55446380                   /usr/lib/jvm/java-14-openjdk-amd64/lib/libverify.so
7f95a80a9000-7f95a80ab000 r--p 0000c000 08:12 55446380                   /usr/lib/jvm/java-14-openjdk-amd64/lib/libverify.so
7f95a80ab000-7f95a80ac000 rw-p 0000e000 08:12 55446380                   /usr/lib/jvm/java-14-openjdk-amd64/lib/libverify.so
7f95a80ac000-7f95a80b0000 ---p 00000000 00:00 0 
7f95a80b0000-7f95a81ad000 rw-p 00000000 00:00 0 
7f95a81ad000-7f95a81b1000 ---p 00000000 00:00 0 
7f95a81b1000-7f95a84ae000 rw-p 00000000 00:00 0 
7f95a84ae000-7f95a84b2000 ---p 00000000 00:00 0 
7f95a84b2000-7f95a87af000 rw-p 00000000 00:00 0 
7f95a87af000-7f95a89af000 rw-p 00000000 00:00 0 
7f95a89af000-7f95a89b3000 ---p 00000000 00:00 0 
7f95a89b3000-7f95a8ab0000 rw-p 00000000 00:00 0 
7f95a8ab0000-7f95a8ab4000 ---p 00000000 00:00 0 
7f95a8ab4000-7f95a8db1000 rw-p 00000000 00:00 0 
7f95a8db1000-7f95a8fb1000 rw-p 00000000 00:00 0 
7f95a8fb1000-7f95a8fb2000 ---p 00000000 00:00 0 
7f95a8fb2000-7f95a90b3000 rw-p 00000000 00:00 0 
7f95a90b3000-7f95a90b4000 ---p 00000000 00:00 0 
7f95a90b4000-7f95a91b5000 rw-p 00000000 00:00 0 
7f95a91b5000-7f95a91b6000 ---p 00000000 00:00 0 
7f95a91b6000-7f95a92b7000 rw-p 00000000 00:00 0 
7f95a92b7000-7f95a92c7000 r-xp 00000000 08:12 34344150                   /home/wei/.local/share/code-server/User/globalStorage/redhat.java/0.61.0/config_linux/org.eclipse.equinox.launcher/org.eclipse.equinox.launcher.gtk.linux.x86_64_1.1.1100.v20190907-0426/eclipse_1801.so
7f95a92c7000-7f95a94c6000 ---p 00010000 08:12 34344150                   /home/wei/.local/share/code-server/User/globalStorage/redhat.java/0.61.0/config_linux/org.eclipse.equinox.launcher/org.eclipse.equinox.launcher.gtk.linux.x86_64_1.1.1100.v20190907-0426/eclipse_1801.so
7f95a94c6000-7f95a94c7000 r--p 0000f000 08:12 34344150                   /home/wei/.local/share/code-server/User/globalStorage/redhat.java/0.61.0/config_linux/org.eclipse.equinox.launcher/org.eclipse.equinox.launcher.gtk.linux.x86_64_1.1.1100.v20190907-0426/eclipse_1801.so
7f95a94c7000-7f95a94c8000 rw-p 00010000 08:12 34344150                   /home/wei/.local/share/code-server/User/globalStorage/redhat.java/0.61.0/config_linux/org.eclipse.equinox.launcher/org.eclipse.equinox.launcher.gtk.linux.x86_64_1.1.1100.v20190907-0426/eclipse_1801.so
7f95a94c8000-7f95a94cc000 ---p 00000000 00:00 0 
7f95a94cc000-7f95a95c9000 rw-p 00000000 00:00 0 
7f95a95c9000-7f95a95cd000 ---p 00000000 00:00 0 
7f95a95cd000-7f95a96ca000 rw-p 00000000 00:00 0 
7f95a96ca000-7f95a96ce000 ---p 00000000 00:00 0 
7f95a96ce000-7f95a97cb000 rw-p 00000000 00:00 0 
7f95a97cb000-7f95a97cf000 ---p 00000000 00:00 0 
7f95a97cf000-7f95a97ed000 rw-p 00000000 00:00 0 
7f95a97ed000-7f95a97f4000 r--s 00000000 08:12 53612333                   /usr/lib/x86_64-linux-gnu/gconv/gconv-modules.cache
7f95a97f4000-7f95a97f8000 ---p 00000000 00:00 0 
7f95a97f8000-7f95a98f5000 rw-p 00000000 00:00 0 
7f95a98f5000-7f95a98f6000 ---p 00000000 00:00 0 
7f95a98f6000-7f95a99f7000 rw-p 00000000 00:00 0 
7f95a99f7000-7f95a99fb000 ---p 00000000 00:00 0 
7f95a99fb000-7f95a9af8000 rw-p 00000000 00:00 0 
7f95a9af8000-7f95a9afc000 ---p 00000000 00:00 0 
7f95a9afc000-7f95a9bf9000 rw-p 00000000 00:00 0 
7f95a9bf9000-7f95a9bfd000 ---p 00000000 00:00 0 
7f95a9bfd000-7f95a9cfa000 rw-p 00000000 00:00 0 
7f95a9cfa000-7f95a9cfe000 ---p 00000000 00:00 0 
7f95a9cfe000-7f95a9dfb000 rw-p 00000000 00:00 0 
7f95a9dfb000-7f95a9dff000 ---p 00000000 00:00 0 
7f95a9dff000-7f95a9efc000 rw-p 00000000 00:00 0 
7f95a9efc000-7f95a9f00000 ---p 00000000 00:00 0 
7f95a9f00000-7f95a9ffd000 rw-p 00000000 00:00 0 
7f95a9ffd000-7f95aa001000 ---p 00000000 00:00 0 
7f95aa001000-7f95aa0fe000 rw-p 00000000 00:00 0 
7f95aa0fe000-7f95aab7e000 r--p 00000000 08:12 53485162                   /usr/lib/locale/locale-archive
7f95aab7e000-7f95aab82000 ---p 00000000 00:00 0 
7f95aab82000-7f95aac7f000 rw-p 00000000 00:00 0 
7f95aac7f000-7f95aac83000 ---p 00000000 00:00 0 
7f95aac83000-7f95aad80000 rw-p 00000000 00:00 0 
7f95aad80000-7f95aad81000 ---p 00000000 00:00 0 
7f95aad81000-7f95abc90000 rw-p 00000000 00:00 0 
7f95abc90000-7f95abf00000 rwxp 00000000 00:00 0 
7f95abf00000-7f95ac221000 ---p 00000000 00:00 0 
7f95ac221000-7f95acb31000 rwxp 00000000 00:00 0 
7f95acb31000-7f95b3758000 ---p 00000000 00:00 0 
7f95b3758000-7f95b39c8000 rwxp 00000000 00:00 0 
7f95b39c8000-7f95bac90000 ---p 00000000 00:00 0 
7f95bac90000-7f95c4000000 r--s 00000000 08:12 55446382                   /usr/lib/jvm/java-14-openjdk-amd64/lib/modules
7f95c4000000-7f95c4769000 rw-p 00000000 00:00 0 
7f95c4769000-7f95c8000000 ---p 00000000 00:00 0 
7f95c8005000-7f95c8025000 r--p 00000000 08:12 56375839                   /usr/share/locale-langpack/zh_CN/LC_MESSAGES/libc.mo
7f95c8025000-7f95c8029000 r--p 00000000 08:12 55446373                   /usr/lib/jvm/java-14-openjdk-amd64/lib/libnet.so
7f95c8029000-7f95c8037000 r-xp 00004000 08:12 55446373                   /usr/lib/jvm/java-14-openjdk-amd64/lib/libnet.so
7f95c8037000-7f95c803b000 r--p 00012000 08:12 55446373                   /usr/lib/jvm/java-14-openjdk-amd64/lib/libnet.so
7f95c803b000-7f95c803c000 r--p 00015000 08:12 55446373                   /usr/lib/jvm/java-14-openjdk-amd64/lib/libnet.so
7f95c803c000-7f95c803d000 rw-p 00016000 08:12 55446373                   /usr/lib/jvm/java-14-openjdk-amd64/lib/libnet.so
7f95c803d000-7f95c8044000 r--p 00000000 08:12 55446374                   /usr/lib/jvm/java-14-openjdk-amd64/lib/libnio.so
7f95c8044000-7f95c804d000 r-xp 00007000 08:12 55446374                   /usr/lib/jvm/java-14-openjdk-amd64/lib/libnio.so
7f95c804d000-7f95c8051000 r--p 00010000 08:12 55446374                   /usr/lib/jvm/java-14-openjdk-amd64/lib/libnio.so
7f95c8051000-7f95c8052000 r--p 00013000 08:12 55446374                   /usr/lib/jvm/java-14-openjdk-amd64/lib/libnio.so
7f95c8052000-7f95c8053000 rw-p 00014000 08:12 55446374                   /usr/lib/jvm/java-14-openjdk-amd64/lib/libnio.so
7f95c8053000-7f95c8a71000 rw-p 00000000 00:00 0 
7f95c8a71000-7f95c8a72000 ---p 00000000 00:00 0 
7f95c8a72000-7f95cada9000 rw-p 00000000 00:00 0 
7f95cada9000-7f95caedd000 ---p 00000000 00:00 0 
7f95caedd000-7f95caeff000 rw-p 00000000 00:00 0 
7f95caeff000-7f95cb032000 ---p 00000000 00:00 0 
7f95cb032000-7f95cb043000 rw-p 00000000 00:00 0 
7f95cb043000-7f95cb0dd000 ---p 00000000 00:00 0 
7f95cb0dd000-7f95cb0e3000 rw-p 00000000 00:00 0 
7f95cb0e3000-7f95cb1c9000 ---p 00000000 00:00 0 
7f95cb1c9000-7f95cb1dc000 rw-p 00000000 00:00 0 
7f95cb1dc000-7f95cb2b4000 ---p 00000000 00:00 0 
7f95cb2b4000-7f95cb2b9000 rw-p 00000000 00:00 0 
7f95cb2b9000-7f95cb2c0000 ---p 00000000 00:00 0 
7f95cb2c0000-7f95cb2c2000 r--p 00000000 08:12 55446381                   /usr/lib/jvm/java-14-openjdk-amd64/lib/libzip.so
7f95cb2c2000-7f95cb2c6000 r-xp 00002000 08:12 55446381                   /usr/lib/jvm/java-14-openjdk-amd64/lib/libzip.so
7f95cb2c6000-7f95cb2c8000 r--p 00006000 08:12 55446381                   /usr/lib/jvm/java-14-openjdk-amd64/lib/libzip.so
7f95cb2c8000-7f95cb2c9000 r--p 00007000 08:12 55446381                   /usr/lib/jvm/java-14-openjdk-amd64/lib/libzip.so
7f95cb2c9000-7f95cb2ca000 rw-p 00008000 08:12 55446381                   /usr/lib/jvm/java-14-openjdk-amd64/lib/libzip.so
7f95cb2ca000-7f95cb2d7000 r--p 00000000 08:12 55445452                   /usr/lib/jvm/java-14-openjdk-amd64/lib/libjava.so
7f95cb2d7000-7f95cb2ea000 r-xp 0000d000 08:12 55445452                   /usr/lib/jvm/java-14-openjdk-amd64/lib/libjava.so
7f95cb2ea000-7f95cb2f0000 r--p 00020000 08:12 55445452                   /usr/lib/jvm/java-14-openjdk-amd64/lib/libjava.so
7f95cb2f0000-7f95cb2f1000 r--p 00025000 08:12 55445452                   /usr/lib/jvm/java-14-openjdk-amd64/lib/libjava.so
7f95cb2f1000-7f95cb2f3000 rw-p 00026000 08:12 55445452                   /usr/lib/jvm/java-14-openjdk-amd64/lib/libjava.so
7f95cb2f3000-7f95cb2f6000 r--p 00000000 08:12 53483458                   /usr/lib/x86_64-linux-gnu/libnss_files-2.31.so
7f95cb2f6000-7f95cb2fd000 r-xp 00003000 08:12 53483458                   /usr/lib/x86_64-linux-gnu/libnss_files-2.31.so
7f95cb2fd000-7f95cb2ff000 r--p 0000a000 08:12 53483458                   /usr/lib/x86_64-linux-gnu/libnss_files-2.31.so
7f95cb2ff000-7f95cb300000 r--p 0000b000 08:12 53483458                   /usr/lib/x86_64-linux-gnu/libnss_files-2.31.so
7f95cb300000-7f95cb301000 rw-p 0000c000 08:12 53483458                   /usr/lib/x86_64-linux-gnu/libnss_files-2.31.so
7f95cb301000-7f95cb307000 rw-p 00000000 00:00 0 
7f95cb30b000-7f95cb313000 rw-s 00000000 08:12 18481173                   /tmp/hsperfdata_wei/48140
7f95cb313000-7f95cb317000 ---p 00000000 00:00 0 
7f95cb317000-7f95cb414000 rw-p 00000000 00:00 0 
7f95cb414000-7f95cb417000 r--p 00000000 08:12 53483368                   /usr/lib/x86_64-linux-gnu/libgcc_s.so.1
7f95cb417000-7f95cb429000 r-xp 00003000 08:12 53483368                   /usr/lib/x86_64-linux-gnu/libgcc_s.so.1
7f95cb429000-7f95cb42d000 r--p 00015000 08:12 53483368                   /usr/lib/x86_64-linux-gnu/libgcc_s.so.1
7f95cb42d000-7f95cb42e000 r--p 00018000 08:12 53483368                   /usr/lib/x86_64-linux-gnu/libgcc_s.so.1
7f95cb42e000-7f95cb42f000 rw-p 00019000 08:12 53483368                   /usr/lib/x86_64-linux-gnu/libgcc_s.so.1
7f95cb42f000-7f95cb43e000 r--p 00000000 08:12 53483432                   /usr/lib/x86_64-linux-gnu/libm-2.31.so
7f95cb43e000-7f95cb4e5000 r-xp 0000f000 08:12 53483432                   /usr/lib/x86_64-linux-gnu/libm-2.31.so
7f95cb4e5000-7f95cb57c000 r--p 000b6000 08:12 53483432                   /usr/lib/x86_64-linux-gnu/libm-2.31.so
7f95cb57c000-7f95cb57d000 r--p 0014c000 08:12 53483432                   /usr/lib/x86_64-linux-gnu/libm-2.31.so
7f95cb57d000-7f95cb57e000 rw-p 0014d000 08:12 53483432                   /usr/lib/x86_64-linux-gnu/libm-2.31.so
7f95cb57e000-7f95cb614000 r--p 00000000 08:12 53483517                   /usr/lib/x86_64-linux-gnu/libstdc++.so.6.0.28
7f95cb614000-7f95cb704000 r-xp 00096000 08:12 53483517                   /usr/lib/x86_64-linux-gnu/libstdc++.so.6.0.28
7f95cb704000-7f95cb74d000 r--p 00186000 08:12 53483517                   /usr/lib/x86_64-linux-gnu/libstdc++.so.6.0.28
7f95cb74d000-7f95cb74e000 ---p 001cf000 08:12 53483517                   /usr/lib/x86_64-linux-gnu/libstdc++.so.6.0.28
7f95cb74e000-7f95cb759000 r--p 001cf000 08:12 53483517                   /usr/lib/x86_64-linux-gnu/libstdc++.so.6.0.28
7f95cb759000-7f95cb75c000 rw-p 001da000 08:12 53483517                   /usr/lib/x86_64-linux-gnu/libstdc++.so.6.0.28
7f95cb75c000-7f95cb75f000 rw-p 00000000 00:00 0 
7f95cb75f000-7f95cb98d000 r--p 00000000 08:12 55837997                   /usr/lib/jvm/java-14-openjdk-amd64/lib/server/libjvm.so
7f95cb98d000-7f95cc6a8000 r-xp 0022e000 08:12 55837997                   /usr/lib/jvm/java-14-openjdk-amd64/lib/server/libjvm.so
7f95cc6a8000-7f95cc909000 r--p 00f49000 08:12 55837997                   /usr/lib/jvm/java-14-openjdk-amd64/lib/server/libjvm.so
7f95cc909000-7f95cc90a000 ---p 011aa000 08:12 55837997                   /usr/lib/jvm/java-14-openjdk-amd64/lib/server/libjvm.so
7f95cc90a000-7f95cc9b1000 r--p 011aa000 08:12 55837997                   /usr/lib/jvm/java-14-openjdk-amd64/lib/server/libjvm.so
7f95cc9b1000-7f95cc9eb000 rw-p 01251000 08:12 55837997                   /usr/lib/jvm/java-14-openjdk-amd64/lib/server/libjvm.so
7f95cc9eb000-7f95cca6e000 rw-p 00000000 00:00 0 
7f95cca6e000-7f95cca75000 r--p 00000000 08:12 53483493                   /usr/lib/x86_64-linux-gnu/libpthread-2.31.so
7f95cca75000-7f95cca86000 r-xp 00007000 08:12 53483493                   /usr/lib/x86_64-linux-gnu/libpthread-2.31.so
7f95cca86000-7f95cca8b000 r--p 00018000 08:12 53483493                   /usr/lib/x86_64-linux-gnu/libpthread-2.31.so
7f95cca8b000-7f95cca8c000 r--p 0001c000 08:12 53483493                   /usr/lib/x86_64-linux-gnu/libpthread-2.31.so
7f95cca8c000-7f95cca8d000 rw-p 0001d000 08:12 53483493                   /usr/lib/x86_64-linux-gnu/libpthread-2.31.so
7f95cca8d000-7f95cca91000 rw-p 00000000 00:00 0 
7f95cca91000-7f95cca92000 r--p 00000000 08:12 53483340                   /usr/lib/x86_64-linux-gnu/libdl-2.31.so
7f95cca92000-7f95cca94000 r-xp 00001000 08:12 53483340                   /usr/lib/x86_64-linux-gnu/libdl-2.31.so
7f95cca94000-7f95cca95000 r--p 00003000 08:12 53483340                   /usr/lib/x86_64-linux-gnu/libdl-2.31.so
7f95cca95000-7f95cca96000 r--p 00003000 08:12 53483340                   /usr/lib/x86_64-linux-gnu/libdl-2.31.so
7f95cca96000-7f95cca97000 rw-p 00004000 08:12 53483340                   /usr/lib/x86_64-linux-gnu/libdl-2.31.so
7f95cca97000-7f95cca99000 r--p 00000000 08:12 53483564                   /usr/lib/x86_64-linux-gnu/libz.so.1.2.11
7f95cca99000-7f95ccaaa000 r-xp 00002000 08:12 53483564                   /usr/lib/x86_64-linux-gnu/libz.so.1.2.11
7f95ccaaa000-7f95ccab0000 r--p 00013000 08:12 53483564                   /usr/lib/x86_64-linux-gnu/libz.so.1.2.11
7f95ccab0000-7f95ccab1000 ---p 00019000 08:12 53483564                   /usr/lib/x86_64-linux-gnu/libz.so.1.2.11
7f95ccab1000-7f95ccab2000 r--p 00019000 08:12 53483564                   /usr/lib/x86_64-linux-gnu/libz.so.1.2.11
7f95ccab2000-7f95ccab3000 rw-p 0001a000 08:12 53483564                   /usr/lib/x86_64-linux-gnu/libz.so.1.2.11
7f95ccab3000-7f95ccad8000 r--p 00000000 08:12 53483322                   /usr/lib/x86_64-linux-gnu/libc-2.31.so
7f95ccad8000-7f95ccc50000 r-xp 00025000 08:12 53483322                   /usr/lib/x86_64-linux-gnu/libc-2.31.so
7f95ccc50000-7f95ccc9a000 r--p 0019d000 08:12 53483322                   /usr/lib/x86_64-linux-gnu/libc-2.31.so
7f95ccc9a000-7f95ccc9b000 ---p 001e7000 08:12 53483322                   /usr/lib/x86_64-linux-gnu/libc-2.31.so
7f95ccc9b000-7f95ccc9e000 r--p 001e7000 08:12 53483322                   /usr/lib/x86_64-linux-gnu/libc-2.31.so
7f95ccc9e000-7f95ccca1000 rw-p 001ea000 08:12 53483322                   /usr/lib/x86_64-linux-gnu/libc-2.31.so
7f95ccca1000-7f95ccca5000 rw-p 00000000 00:00 0 
7f95ccca6000-7f95ccca7000 ---p 00000000 00:00 0 
7f95ccca7000-7f95ccca8000 r--p 00000000 00:00 0 
7f95ccca8000-7f95cccaa000 r--p 00000000 08:12 55446364                   /usr/lib/jvm/java-14-openjdk-amd64/lib/libjimage.so
7f95cccaa000-7f95cccad000 r-xp 00002000 08:12 55446364                   /usr/lib/jvm/java-14-openjdk-amd64/lib/libjimage.so
7f95cccad000-7f95cccae000 r--p 00005000 08:12 55446364                   /usr/lib/jvm/java-14-openjdk-amd64/lib/libjimage.so
7f95cccae000-7f95cccaf000 ---p 00006000 08:12 55446364                   /usr/lib/jvm/java-14-openjdk-amd64/lib/libjimage.so
7f95cccaf000-7f95cccb0000 r--p 00006000 08:12 55446364                   /usr/lib/jvm/java-14-openjdk-amd64/lib/libjimage.so
7f95cccb0000-7f95cccb1000 rw-p 00007000 08:12 55446364                   /usr/lib/jvm/java-14-openjdk-amd64/lib/libjimage.so
7f95cccb1000-7f95cccb4000 r--p 00000000 08:12 55446365                   /usr/lib/jvm/java-14-openjdk-amd64/lib/libjli.so
7f95cccb4000-7f95cccbe000 r-xp 00003000 08:12 55446365                   /usr/lib/jvm/java-14-openjdk-amd64/lib/libjli.so
7f95cccbe000-7f95cccc1000 r--p 0000d000 08:12 55446365                   /usr/lib/jvm/java-14-openjdk-amd64/lib/libjli.so
7f95cccc1000-7f95cccc2000 r--p 0000f000 08:12 55446365                   /usr/lib/jvm/java-14-openjdk-amd64/lib/libjli.so
7f95cccc2000-7f95cccc3000 rw-p 00010000 08:12 55446365                   /usr/lib/jvm/java-14-openjdk-amd64/lib/libjli.so
7f95cccc3000-7f95cccc5000 rw-p 00000000 00:00 0 
7f95cccc5000-7f95cccc6000 r--p 00000000 08:12 53483291                   /usr/lib/x86_64-linux-gnu/ld-2.31.so
7f95cccc6000-7f95ccce9000 r-xp 00001000 08:12 53483291                   /usr/lib/x86_64-linux-gnu/ld-2.31.so
7f95ccce9000-7f95cccf1000 r--p 00024000 08:12 53483291                   /usr/lib/x86_64-linux-gnu/ld-2.31.so
7f95cccf1000-7f95cccf2000 ---p 00000000 00:00 0 
7f95cccf2000-7f95cccf3000 r--p 0002c000 08:12 53483291                   /usr/lib/x86_64-linux-gnu/ld-2.31.so
7f95cccf3000-7f95cccf4000 rw-p 0002d000 08:12 53483291                   /usr/lib/x86_64-linux-gnu/ld-2.31.so
7f95cccf4000-7f95cccf5000 rw-p 00000000 00:00 0 
7ffe6e926000-7ffe6e947000 rw-p 00000000 00:00 0                          [stack]
7ffe6e9fc000-7ffe6e9ff000 r--p 00000000 00:00 0                          [vvar]
7ffe6e9ff000-7ffe6ea00000 r-xp 00000000 00:00 0                          [vdso]
ffffffffff600000-ffffffffff601000 --xp 00000000 00:00 0                  [vsyscall]


VM Arguments:
jvm_args: --add-modules=ALL-SYSTEM --add-opens=java.base/java.util=ALL-UNNAMED --add-opens=java.base/java.lang=ALL-UNNAMED -Declipse.application=org.eclipse.jdt.ls.core.id1 -Dosgi.bundles.defaultStartLevel=4 -Declipse.product=org.eclipse.jdt.ls.core.product -Dfile.encoding=UTF-8 -XX:+UseParallelGC -XX:GCTimeRatio=4 -XX:AdaptiveSizePolicyWeight=90 -Dsun.zip.disableMemoryMapping=true -Xmx1G -Xms100m 
java_command: /home/wei/.local/share/code-server/extensions/redhat.java-0.61.0/server/plugins/org.eclipse.equinox.launcher_1.5.700.v20200207-2156.jar -configuration /home/wei/.local/share/code-server/User/globalStorage/redhat.java/0.61.0/config_linux -data /home/wei/.local/share/code-server/User/workspaceStorage/57d28c00/redhat.java/jdt_ws
java_class_path (initial): /home/wei/.local/share/code-server/extensions/redhat.java-0.61.0/server/plugins/org.eclipse.equinox.launcher_1.5.700.v20200207-2156.jar
Launcher Type: SUN_STANDARD

[Global flags]
    uintx AdaptiveSizePolicyWeight                 = 90                                        {product} {command line}
     intx CICompilerCount                          = 3                                         {product} {ergonomic}
    uintx GCTimeRatio                              = 4                                         {product} {command line}
   size_t InitialHeapSize                          = 104857600                                 {product} {command line}
   size_t MaxHeapSize                              = 1073741824                                {product} {command line}
   size_t MaxNewSize                               = 357564416                                 {product} {ergonomic}
   size_t MinHeapDeltaBytes                        = 524288                                    {product} {ergonomic}
   size_t MinHeapSize                              = 104857600                                 {product} {command line}
   size_t NewSize                                  = 34603008                                  {product} {ergonomic}
    uintx NonNMethodCodeHeapSize                   = 5832780                                {pd product} {ergonomic}
    uintx NonProfiledCodeHeapSize                  = 122912730                              {pd product} {ergonomic}
   size_t OldSize                                  = 70254592                                  {product} {ergonomic}
    uintx ProfiledCodeHeapSize                     = 122912730                              {pd product} {ergonomic}
    uintx ReservedCodeCacheSize                    = 251658240                              {pd product} {ergonomic}
     bool SegmentedCodeCache                       = true                                      {product} {ergonomic}
   size_t SoftMaxHeapSize                          = 1073741824                             {manageable} {ergonomic}
     bool UseCompressedClassPointers               = true                                 {lp64_product} {ergonomic}
     bool UseCompressedOops                        = true                                 {lp64_product} {ergonomic}
     bool UseParallelGC                            = true                                      {product} {command line}

Logging:
Log output configuration:
 #0: stdout all=warning uptime,level,tags
 #1: stderr all=off uptime,level,tags

Environment Variables:
PATH=/usr/local/sbin:/usr/local/bin:/usr/sbin:/usr/bin:/sbin:/bin:/usr/games:/usr/local/games:/snap/bin
SHELL=/bin/bash

Signal Handlers:
SIGSEGV: [libjvm.so+0xed87d0], sa_mask[0]=11111111011111111101111111111110, sa_flags=SA_RESTART|SA_SIGINFO
SIGBUS: [libjvm.so+0xed87d0], sa_mask[0]=11111111011111111101111111111110, sa_flags=SA_RESTART|SA_SIGINFO
SIGFPE: [libjvm.so+0xed87d0], sa_mask[0]=11111111011111111101111111111110, sa_flags=SA_RESTART|SA_SIGINFO
SIGPIPE: [libjvm.so+0xb87af0], sa_mask[0]=11111111011111111101111111111110, sa_flags=SA_RESTART|SA_SIGINFO
SIGXFSZ: [libjvm.so+0xb87af0], sa_mask[0]=11111111011111111101111111111110, sa_flags=SA_RESTART|SA_SIGINFO
SIGILL: [libjvm.so+0xed87d0], sa_mask[0]=11111111011111111101111111111110, sa_flags=SA_RESTART|SA_SIGINFO
SIGUSR2: [libjvm.so+0xb87990], sa_mask[0]=00000000000000000000000000000000, sa_flags=SA_RESTART|SA_SIGINFO
SIGHUP: [libjvm.so+0xb880d0], sa_mask[0]=11111111011111111101111111111110, sa_flags=SA_RESTART|SA_SIGINFO
SIGINT: [libjvm.so+0xb880d0], sa_mask[0]=11111111011111111101111111111110, sa_flags=SA_RESTART|SA_SIGINFO
SIGTERM: [libjvm.so+0xb880d0], sa_mask[0]=11111111011111111101111111111110, sa_flags=SA_RESTART|SA_SIGINFO
SIGQUIT: [libjvm.so+0xb880d0], sa_mask[0]=11111111011111111101111111111110, sa_flags=SA_RESTART|SA_SIGINFO


---------------  S Y S T E M  ---------------

OS:DISTRIB_ID=Ubuntu
DISTRIB_RELEASE=20.04
DISTRIB_CODENAME=focal
DISTRIB_DESCRIPTION="Ubuntu 20.04.1 LTS"
uname:Linux 5.4.0-47-generic #51-Ubuntu SMP Fri Sep 4 19:50:52 UTC 2020 x86_64
OS uptime: 0 days 14:02 hours
libc:glibc 2.31 NPTL 2.31 
rlimit: STACK 8192k, CORE 0k, NPROC 14939, NOFILE 1048576, AS infinity, DATA infinity, FSIZE infinity
load average:1.45 1.36 2.38

/proc/meminfo:
MemTotal:        3912032 kB
MemFree:          505908 kB
MemAvailable:    2142816 kB
Buffers:          144056 kB
Cached:          1633260 kB
SwapCached:            0 kB
Active:          2200872 kB
Inactive:         916712 kB
Active(anon):    1334600 kB
Inactive(anon):      472 kB
Active(file):     866272 kB
Inactive(file):   916240 kB
Unevictable:       18584 kB
Mlocked:           18568 kB
SwapTotal:       3911676 kB
SwapFree:        3911676 kB
Dirty:               684 kB
Writeback:             0 kB
AnonPages:       1358936 kB
Mapped:           317812 kB
Shmem:              1680 kB
KReclaimable:     117828 kB
Slab:             209252 kB
SReclaimable:     117828 kB
SUnreclaim:        91424 kB
KernelStack:        7232 kB
PageTables:        13316 kB
NFS_Unstable:          0 kB
Bounce:                0 kB
WritebackTmp:          0 kB
CommitLimit:     5867692 kB
Committed_AS:    3343952 kB
VmallocTotal:   34359738367 kB
VmallocUsed:       19696 kB
VmallocChunk:          0 kB
Percpu:             2752 kB
HardwareCorrupted:     0 kB
AnonHugePages:         0 kB
ShmemHugePages:        0 kB
ShmemPmdMapped:        0 kB
FileHugePages:         0 kB
FilePmdMapped:         0 kB
CmaTotal:              0 kB
CmaFree:               0 kB
HugePages_Total:       0
HugePages_Free:        0
HugePages_Rsvd:        0
HugePages_Surp:        0
Hugepagesize:       2048 kB
Hugetlb:               0 kB
DirectMap4k:      193416 kB
DirectMap2M:     3883008 kB


/proc/sys/kernel/threads-max (system-wide limit on the number of threads):
29878


/proc/sys/vm/max_map_count (maximum number of memory map areas a process may have):
65530


/proc/sys/kernel/pid_max (system-wide limit on number of process identifiers):
4194304



container (cgroup) information:
container_type: cgroupv1
cpu_cpuset_cpus: 0-3
cpu_memory_nodes: 0
active_processor_count: 4
cpu_quota: no quota
cpu_period: 100000
cpu_shares: no shares
memory_limit_in_bytes: unlimited
memory_and_swap_limit_in_bytes: not supported
memory_soft_limit_in_bytes: unlimited
memory_usage_in_bytes: 662192128
memory_max_usage_in_bytes: 979554304

Steal ticks since vm start: 0
Steal ticks percentage since vm start:  0.000

CPU:total 4 (initial active 4) (4 cores per cpu, 1 threads per core) family 6 model 55 stepping 9, cmov, cx8, fxsr, mmx, sse, sse2, sse3, ssse3, sse4.1, sse4.2, popcnt, clmul, erms, 3dnowpref, tsc, tscinvbit
CPU Model and flags from /proc/cpuinfo:
model name	: Intel(R) Celeron(R) CPU  J1900  @ 1.99GHz
flags		: fpu vme de pse tsc msr pae mce cx8 apic sep mtrr pge mca cmov pat pse36 clflush dts acpi mmx fxsr sse sse2 ss ht tm pbe syscall nx rdtscp lm constant_tsc arch_perfmon pebs bts rep_good nopl xtopology tsc_reliable nonstop_tsc cpuid aperfmperf tsc_known_freq pni pclmulqdq dtes64 monitor ds_cpl vmx est tm2 ssse3 cx16 xtpr pdcm sse4_1 sse4_2 movbe popcnt tsc_deadline_timer rdrand lahf_lm 3dnowprefetch epb pti ibrs ibpb stibp tpr_shadow vnmi flexpriority ept vpid tsc_adjust smep erms dtherm ida arat md_clear

Memory: 4k page, physical 3912032k(505656k free), swap 3911676k(3911676k free)

vm_info: OpenJDK 64-Bit Server VM (14.0.1+7-Ubuntu-1ubuntu1) for linux-amd64 JRE (14.0.1+7-Ubuntu-1ubuntu1), built on Apr 18 2020 12:25:53 by "unknown" with gcc 9.3.0

END.
